2025-01-18 10:48:45.622 | INFO     | __main__:check_phone_numbers:199 - Checking 1 / 2000: 916291126150
2025-01-18 10:48:45.622 | INFO     | __main__:check_core:148 - waiting for 11 seconds before import contacts
2025-01-18 10:48:57.063 | INFO     | __main__:check_core:153 - ImportedContacts(imported=[], popular_invites=[PopularContact(client_id=0, importers=195)], retry_contacts=[], users=[])
2025-01-18 10:48:57.063 | ERROR    | __main__:check_core:169 - 号码 916291126150 未注册 Telegram。
2025-01-18 10:48:57.063 | INFO     | __main__:check_core:148 - waiting for 5 seconds before import contacts
2025-01-18 10:49:02.397 | INFO     | __main__:check_core:153 - ImportedContacts(imported=[ImportedContact(user_id=5391177824, client_id=0)], popular_invites=[], retry_contacts=[], users=[User(id=5391177824, is_self=False, contact=True, mutual_contact=False, deleted=False, bot=False, bot_chat_history=False, bot_nochats=False, verified=False, restricted=False, min=False, bot_inline_geo=False, support=False, scam=False, apply_min_photo=True, fake=False, bot_attach_menu=False, premium=False, attach_menu_enabled=False, bot_can_edit=False, close_friend=False, stories_hidden=False, stories_unavailable=True, contact_require_premium=False, bot_business=False, bot_has_main_app=False, access_hash=-162887677278523765, first_name='Grace', last_name='Johnson', username=None, phone='919903308121', photo=None, status=UserStatusOffline(was_online=datetime.datetime(2025, 1, 4, 12, 27, 45, tzinfo=datetime.timezone.utc)), bot_info_version=None, restriction_reason=[], bot_inline_placeholder=None, lang_code=None, emoji_status=None, usernames=[], stories_max_id=None, color=None, profile_color=None, bot_active_users=None)])
2025-01-18 10:49:02.398 | INFO     | __main__:check_core:157 - 号码 919903308121 是有效的 Telegram 用户。
2025-01-18 10:49:02.398 | INFO     | __main__:check_core:161 - waiting for 11 seconds before delete contacts
2025-01-18 10:49:13.717 | INFO     | __main__:check_phone_numbers:199 - Checking 2 / 2000: 916290153788
2025-01-18 10:49:13.718 | INFO     | __main__:check_core:148 - waiting for 13 seconds before import contacts
2025-01-18 10:49:27.221 | INFO     | __main__:check_core:153 - ImportedContacts(imported=[], popular_invites=[PopularContact(client_id=0, importers=26)], retry_contacts=[], users=[])
2025-01-18 10:49:27.222 | ERROR    | __main__:check_core:169 - 号码 916290153788 未注册 Telegram。
2025-01-18 10:49:27.222 | INFO     | __main__:check_phone_numbers:199 - Checking 3 / 2000: 918583099593
2025-01-18 10:49:27.222 | INFO     | __main__:check_core:148 - waiting for 6 seconds before import contacts
2025-01-18 10:49:33.653 | INFO     | __main__:check_core:153 - ImportedContacts(imported=[], popular_invites=[PopularContact(client_id=0, importers=41)], retry_contacts=[], users=[])
2025-01-18 10:49:33.653 | ERROR    | __main__:check_core:169 - 号码 918583099593 未注册 Telegram。
2025-01-18 10:49:33.654 | INFO     | __main__:check_phone_numbers:199 - Checking 4 / 2000: 918910046075
2025-01-18 10:49:33.654 | INFO     | __main__:check_core:148 - waiting for 9 seconds before import contacts
2025-01-18 10:49:42.985 | INFO     | __main__:check_core:153 - ImportedContacts(imported=[ImportedContact(user_id=6550776117, client_id=0)], popular_invites=[], retry_contacts=[], users=[User(id=6550776117, is_self=False, contact=True, mutual_contact=False, deleted=False, bot=False, bot_chat_history=False, bot_nochats=False, verified=False, restricted=False, min=False, bot_inline_geo=False, support=False, scam=False, apply_min_photo=True, fake=False, bot_attach_menu=False, premium=False, attach_menu_enabled=False, bot_can_edit=False, close_friend=False, stories_hidden=False, stories_unavailable=True, contact_require_premium=False, bot_business=False, bot_has_main_app=False, access_hash=-4091746728118794250, first_name='Alice', last_name='Miller', username=None, phone='918910046075', photo=None, status=UserStatusOffline(was_online=datetime.datetime(2024, 4, 12, 3, 32, 11, tzinfo=datetime.timezone.utc)), bot_info_version=None, restriction_reason=[], bot_inline_placeholder=None, lang_code=None, emoji_status=None, usernames=[], stories_max_id=None, color=None, profile_color=None, bot_active_users=None)])
2025-01-18 10:49:42.986 | INFO     | __main__:check_core:157 - 号码 918910046075 是有效的 Telegram 用户。
2025-01-18 10:49:42.986 | INFO     | __main__:check_core:161 - waiting for 10 seconds before delete contacts
2025-01-18 10:49:53.310 | INFO     | __main__:check_phone_numbers:199 - Checking 5 / 2000: 918697809422
2025-01-18 10:49:53.311 | INFO     | __main__:check_core:148 - waiting for 8 seconds before import contacts
2025-01-18 10:50:01.734 | INFO     | __main__:check_core:153 - ImportedContacts(imported=[], popular_invites=[PopularContact(client_id=0, importers=89)], retry_contacts=[], users=[])
2025-01-18 10:50:01.735 | ERROR    | __main__:check_core:169 - 号码 918697809422 未注册 Telegram。
2025-01-18 10:50:01.735 | INFO     | __main__:check_phone_numbers:199 - Checking 6 / 2000: 916291712347
2025-01-18 10:50:01.735 | INFO     | __main__:check_core:148 - waiting for 6 seconds before import contacts
2025-01-18 10:50:08.161 | INFO     | __main__:check_core:153 - ImportedContacts(imported=[], popular_invites=[PopularContact(client_id=0, importers=25)], retry_contacts=[], users=[])
2025-01-18 10:50:08.165 | ERROR    | __main__:check_core:169 - 号码 916291712347 未注册 Telegram。
2025-01-18 10:50:08.165 | INFO     | __main__:check_phone_numbers:199 - Checking 7 / 2000: 919836169933
2025-01-18 10:50:08.165 | INFO     | __main__:check_core:148 - waiting for 12 seconds before import contacts
2025-01-18 10:50:20.604 | INFO     | __main__:check_core:153 - ImportedContacts(imported=[], popular_invites=[PopularContact(client_id=0, importers=94)], retry_contacts=[], users=[])
2025-01-18 10:50:20.604 | ERROR    | __main__:check_core:169 - 号码 919836169933 未注册 Telegram。
2025-01-18 10:50:20.604 | INFO     | __main__:check_phone_numbers:199 - Checking 8 / 2000: 919831703593
2025-01-18 10:50:20.604 | INFO     | __main__:check_core:148 - waiting for 11 seconds before import contacts
2025-01-18 10:50:32.030 | INFO     | __main__:check_core:153 - ImportedContacts(imported=[], popular_invites=[PopularContact(client_id=0, importers=161)], retry_contacts=[], users=[])
2025-01-18 10:50:32.030 | ERROR    | __main__:check_core:169 - 号码 919831703593 未注册 Telegram。
2025-01-18 10:50:32.030 | INFO     | __main__:check_phone_numbers:199 - Checking 9 / 2000: 919875251492
2025-01-18 10:50:32.031 | INFO     | __main__:check_core:148 - waiting for 7 seconds before import contacts
2025-01-18 10:50:39.363 | INFO     | __main__:check_core:153 - ImportedContacts(imported=[ImportedContact(user_id=1867098860, client_id=0)], popular_invites=[], retry_contacts=[], users=[User(id=1867098860, is_self=False, contact=True, mutual_contact=False, deleted=False, bot=False, bot_chat_history=False, bot_nochats=False, verified=False, restricted=False, min=False, bot_inline_geo=False, support=False, scam=False, apply_min_photo=True, fake=False, bot_attach_menu=False, premium=False, attach_menu_enabled=False, bot_can_edit=False, close_friend=False, stories_hidden=False, stories_unavailable=True, contact_require_premium=False, bot_business=False, bot_has_main_app=False, access_hash=5514427886719909853, first_name='Eve', last_name='Miller', username=None, phone='919875251492', photo=None, status=UserStatusOffline(was_online=datetime.datetime(2024, 12, 28, 14, 21, tzinfo=datetime.timezone.utc)), bot_info_version=None, restriction_reason=[], bot_inline_placeholder=None, lang_code=None, emoji_status=None, usernames=[], stories_max_id=None, color=None, profile_color=None, bot_active_users=None)])
2025-01-18 10:50:39.364 | INFO     | __main__:check_core:157 - 号码 919875251492 是有效的 Telegram 用户。
2025-01-18 10:50:39.364 | INFO     | __main__:check_core:161 - waiting for 10 seconds before delete contacts
2025-01-18 10:50:49.683 | INFO     | __main__:check_phone_numbers:199 - Checking 10 / 2000: 919874686556
2025-01-18 10:50:49.684 | INFO     | __main__:check_core:148 - waiting for 9 seconds before import contacts
2025-01-18 10:50:59.123 | INFO     | __main__:check_core:153 - ImportedContacts(imported=[], popular_invites=[PopularContact(client_id=0, importers=388)], retry_contacts=[], users=[])
2025-01-18 10:50:59.124 | ERROR    | __main__:check_core:169 - 号码 919874686556 未注册 Telegram。
2025-01-18 10:50:59.124 | INFO     | __main__:check_phone_numbers:199 - Checking 11 / 2000: 919836596281
2025-01-18 10:50:59.124 | INFO     | __main__:check_core:148 - waiting for 6 seconds before import contacts
2025-01-18 10:51:05.564 | INFO     | __main__:check_core:153 - ImportedContacts(imported=[], popular_invites=[PopularContact(client_id=0, importers=26)], retry_contacts=[], users=[])
2025-01-18 10:51:05.565 | ERROR    | __main__:check_core:169 - 号码 919836596281 未注册 Telegram。
2025-01-18 10:51:05.565 | INFO     | __main__:check_core:148 - waiting for 13 seconds before import contacts
2025-01-18 10:51:18.894 | INFO     | __main__:check_core:153 - ImportedContacts(imported=[ImportedContact(user_id=5118349660, client_id=0)], popular_invites=[], retry_contacts=[], users=[User(id=5118349660, is_self=False, contact=True, mutual_contact=False, deleted=False, bot=False, bot_chat_history=False, bot_nochats=False, verified=False, restricted=False, min=False, bot_inline_geo=False, support=False, scam=False, apply_min_photo=True, fake=False, bot_attach_menu=False, premium=False, attach_menu_enabled=False, bot_can_edit=False, close_friend=False, stories_hidden=False, stories_unavailable=True, contact_require_premium=False, bot_business=False, bot_has_main_app=False, access_hash=-2490287832398852891, first_name='Eve', last_name='Miller', username=None, phone='916290476009', photo=None, status=UserStatusOffline(was_online=datetime.datetime(2023, 6, 25, 4, 19, 48, tzinfo=datetime.timezone.utc)), bot_info_version=None, restriction_reason=[], bot_inline_placeholder=None, lang_code=None, emoji_status=None, usernames=[], stories_max_id=None, color=None, profile_color=None, bot_active_users=None)])
2025-01-18 10:51:18.897 | INFO     | __main__:check_core:157 - 号码 916290476009 是有效的 Telegram 用户。
2025-01-18 10:51:18.898 | INFO     | __main__:check_core:161 - waiting for 12 seconds before delete contacts
2025-01-18 10:51:31.261 | INFO     | __main__:check_phone_numbers:199 - Checking 12 / 2000: 917003858682
2025-01-18 10:51:31.262 | INFO     | __main__:check_core:148 - waiting for 11 seconds before import contacts
2025-01-18 10:51:42.586 | INFO     | __main__:check_core:153 - ImportedContacts(imported=[ImportedContact(user_id=752878281, client_id=0)], popular_invites=[], retry_contacts=[], users=[User(id=752878281, is_self=False, contact=True, mutual_contact=False, deleted=False, bot=False, bot_chat_history=False, bot_nochats=False, verified=False, restricted=False, min=False, bot_inline_geo=False, support=False, scam=False, apply_min_photo=True, fake=False, bot_attach_menu=False, premium=False, attach_menu_enabled=False, bot_can_edit=False, close_friend=False, stories_hidden=False, stories_unavailable=True, contact_require_premium=False, bot_business=False, bot_has_main_app=False, access_hash=6227647999499001100, first_name='Eve', last_name='Martinez', username=None, phone='917003858682', photo=None, status=UserStatusOffline(was_online=datetime.datetime(2025, 1, 18, 8, 6, 50, tzinfo=datetime.timezone.utc)), bot_info_version=None, restriction_reason=[], bot_inline_placeholder=None, lang_code=None, emoji_status=None, usernames=[], stories_max_id=None, color=None, profile_color=None, bot_active_users=None)])
2025-01-18 10:51:42.587 | INFO     | __main__:check_core:157 - 号码 917003858682 是有效的 Telegram 用户。
2025-01-18 10:51:42.590 | INFO     | __main__:check_core:161 - waiting for 6 seconds before delete contacts
2025-01-18 10:51:48.910 | INFO     | __main__:check_phone_numbers:199 - Checking 13 / 2000: 919123637540
2025-01-18 10:51:48.910 | INFO     | __main__:check_core:148 - waiting for 12 seconds before import contacts
2025-01-18 10:52:01.352 | INFO     | __main__:check_core:153 - ImportedContacts(imported=[], popular_invites=[PopularContact(client_id=0, importers=62)], retry_contacts=[], users=[])
2025-01-18 10:52:01.359 | ERROR    | __main__:check_core:169 - 号码 919123637540 未注册 Telegram。
2025-01-18 10:52:01.359 | INFO     | __main__:check_phone_numbers:199 - Checking 14 / 2000: 918348613450
2025-01-18 10:52:01.360 | INFO     | __main__:check_core:148 - waiting for 6 seconds before import contacts
2025-01-18 10:52:07.696 | INFO     | __main__:check_core:153 - ImportedContacts(imported=[ImportedContact(user_id=939647344, client_id=0)], popular_invites=[], retry_contacts=[], users=[User(id=939647344, is_self=False, contact=True, mutual_contact=False, deleted=False, bot=False, bot_chat_history=False, bot_nochats=False, verified=False, restricted=False, min=False, bot_inline_geo=False, support=False, scam=False, apply_min_photo=True, fake=False, bot_attach_menu=False, premium=False, attach_menu_enabled=False, bot_can_edit=False, close_friend=False, stories_hidden=False, stories_unavailable=True, contact_require_premium=False, bot_business=False, bot_has_main_app=False, access_hash=-135211904291967071, first_name='Bob', last_name='Brown', username=None, phone='918348613450', photo=UserProfilePhoto(photo_id=4035754612709500842, dc_id=5, has_video=False, personal=False, stripped_thumb=b'\x01\x08\x08\x9a\x18\x8c\xc8\x1b8\xe7\x83\xd6\x8a(\xa9l\xbb\x1f'), status=UserStatusOffline(was_online=datetime.datetime(2025, 1, 15, 13, 9, 29, tzinfo=datetime.timezone.utc)), bot_info_version=None, restriction_reason=[], bot_inline_placeholder=None, lang_code=None, emoji_status=None, usernames=[], stories_max_id=None, color=None, profile_color=None, bot_active_users=None)])
2025-01-18 10:52:07.700 | INFO     | __main__:check_core:157 - 号码 918348613450 是有效的 Telegram 用户。
2025-01-18 10:52:07.700 | INFO     | __main__:check_core:161 - waiting for 13 seconds before delete contacts
2025-01-18 10:52:21.019 | INFO     | __main__:check_phone_numbers:199 - Checking 15 / 2000: 919123725677
2025-01-18 10:52:21.020 | INFO     | __main__:check_core:148 - waiting for 12 seconds before import contacts
2025-01-18 10:52:33.470 | INFO     | __main__:check_core:153 - ImportedContacts(imported=[], popular_invites=[PopularContact(client_id=0, importers=299)], retry_contacts=[], users=[])
2025-01-18 10:52:33.471 | ERROR    | __main__:check_core:169 - 号码 919123725677 未注册 Telegram。
2025-01-18 10:52:33.471 | INFO     | __main__:check_phone_numbers:199 - Checking 16 / 2000: 917003082133
2025-01-18 10:52:33.472 | INFO     | __main__:check_core:148 - waiting for 8 seconds before import contacts
2025-01-18 10:52:41.803 | INFO     | __main__:check_core:153 - ImportedContacts(imported=[ImportedContact(user_id=6545677475, client_id=0)], popular_invites=[], retry_contacts=[], users=[User(id=6545677475, is_self=False, contact=True, mutual_contact=False, deleted=False, bot=False, bot_chat_history=False, bot_nochats=False, verified=False, restricted=False, min=False, bot_inline_geo=False, support=False, scam=False, apply_min_photo=True, fake=False, bot_attach_menu=False, premium=False, attach_menu_enabled=False, bot_can_edit=False, close_friend=False, stories_hidden=False, stories_unavailable=True, contact_require_premium=False, bot_business=False, bot_has_main_app=False, access_hash=-5147297869051617493, first_name='Frank', last_name='Williams', username=None, phone='917003082133', photo=None, status=UserStatusOffline(was_online=datetime.datetime(2025, 1, 13, 14, 27, 5, tzinfo=datetime.timezone.utc)), bot_info_version=None, restriction_reason=[], bot_inline_placeholder=None, lang_code=None, emoji_status=None, usernames=[], stories_max_id=None, color=None, profile_color=None, bot_active_users=None)])
2025-01-18 10:52:41.803 | INFO     | __main__:check_core:157 - 号码 917003082133 是有效的 Telegram 用户。
2025-01-18 10:52:41.803 | INFO     | __main__:check_core:161 - waiting for 13 seconds before delete contacts
2025-01-18 10:52:55.145 | INFO     | __main__:check_phone_numbers:199 - Checking 17 / 2000: 919674571833
2025-01-18 10:52:55.145 | INFO     | __main__:check_core:148 - waiting for 8 seconds before import contacts
2025-01-18 10:53:03.651 | INFO     | __main__:check_core:153 - ImportedContacts(imported=[], popular_invites=[PopularContact(client_id=0, importers=24)], retry_contacts=[], users=[])
2025-01-18 10:53:03.651 | ERROR    | __main__:check_core:169 - 号码 919674571833 未注册 Telegram。
2025-01-18 10:53:03.652 | INFO     | __main__:check_phone_numbers:199 - Checking 18 / 2000: 918617581309
2025-01-18 10:53:03.652 | INFO     | __main__:check_core:148 - waiting for 13 seconds before import contacts
2025-01-18 10:53:17.087 | INFO     | __main__:check_core:153 - ImportedContacts(imported=[], popular_invites=[PopularContact(client_id=0, importers=9)], retry_contacts=[], users=[])
2025-01-18 10:53:17.090 | ERROR    | __main__:check_core:169 - 号码 918617581309 未注册 Telegram。
2025-01-18 10:53:17.091 | INFO     | __main__:check_phone_numbers:199 - Checking 19 / 2000: 919038674576
2025-01-18 10:53:17.091 | INFO     | __main__:check_core:148 - waiting for 7 seconds before import contacts
2025-01-18 10:53:24.536 | INFO     | __main__:check_core:153 - ImportedContacts(imported=[], popular_invites=[PopularContact(client_id=0, importers=29)], retry_contacts=[], users=[])
2025-01-18 10:53:24.537 | ERROR    | __main__:check_core:169 - 号码 919038674576 未注册 Telegram。
2025-01-18 10:53:24.537 | INFO     | __main__:check_phone_numbers:199 - Checking 20 / 2000: 916290307872
2025-01-18 10:53:24.537 | INFO     | __main__:check_core:148 - waiting for 11 seconds before import contacts
2025-01-18 10:53:35.967 | INFO     | __main__:check_core:153 - ImportedContacts(imported=[], popular_invites=[PopularContact(client_id=0, importers=47)], retry_contacts=[], users=[])
2025-01-18 10:53:35.967 | ERROR    | __main__:check_core:169 - 号码 916290307872 未注册 Telegram。
2025-01-18 10:53:35.967 | INFO     | __main__:check_phone_numbers:199 - Checking 21 / 2000: 918617375342
2025-01-18 10:53:35.968 | INFO     | __main__:check_core:148 - waiting for 11 seconds before import contacts
2025-01-18 10:53:47.391 | INFO     | __main__:check_core:153 - ImportedContacts(imported=[], popular_invites=[PopularContact(client_id=0, importers=21)], retry_contacts=[], users=[])
2025-01-18 10:53:47.392 | ERROR    | __main__:check_core:169 - 号码 918617375342 未注册 Telegram。
2025-01-18 10:53:47.392 | INFO     | __main__:check_core:148 - waiting for 6 seconds before import contacts
2025-01-18 10:53:53.732 | INFO     | __main__:check_core:153 - ImportedContacts(imported=[ImportedContact(user_id=1234770027, client_id=0)], popular_invites=[], retry_contacts=[], users=[User(id=1234770027, is_self=False, contact=True, mutual_contact=False, deleted=False, bot=False, bot_chat_history=False, bot_nochats=False, verified=False, restricted=False, min=False, bot_inline_geo=False, support=False, scam=False, apply_min_photo=True, fake=False, bot_attach_menu=False, premium=False, attach_menu_enabled=False, bot_can_edit=False, close_friend=False, stories_hidden=False, stories_unavailable=True, contact_require_premium=False, bot_business=False, bot_has_main_app=False, access_hash=-2969511323680894612, first_name='Eve', last_name='Smith', username=None, phone='919874472267', photo=UserProfilePhoto(photo_id=6136655504978586501, dc_id=5, has_video=False, personal=False, stripped_thumb=b'\x01\x08\x08`\x99X`\xe7\xa78\xa2\x8a*\r\xac\x8f'), status=UserStatusOffline(was_online=datetime.datetime(2025, 1, 16, 5, 44, 6, tzinfo=datetime.timezone.utc)), bot_info_version=None, restriction_reason=[], bot_inline_placeholder=None, lang_code=None, emoji_status=None, usernames=[], stories_max_id=None, color=None, profile_color=None, bot_active_users=None)])
2025-01-18 10:53:53.732 | INFO     | __main__:check_core:157 - 号码 919874472267 是有效的 Telegram 用户。
2025-01-18 10:53:53.732 | INFO     | __main__:check_core:161 - waiting for 11 seconds before delete contacts
2025-01-18 10:54:05.051 | INFO     | __main__:check_phone_numbers:199 - Checking 22 / 2000: 919433811413
2025-01-18 10:54:05.051 | INFO     | __main__:check_core:148 - waiting for 13 seconds before import contacts
2025-01-18 10:54:18.473 | INFO     | __main__:check_core:153 - ImportedContacts(imported=[], popular_invites=[PopularContact(client_id=0, importers=34)], retry_contacts=[], users=[])
2025-01-18 10:54:18.474 | ERROR    | __main__:check_core:169 - 号码 919433811413 未注册 Telegram。
2025-01-18 10:54:18.474 | INFO     | __main__:check_phone_numbers:199 - Checking 23 / 2000: 918910384630
2025-01-18 10:54:18.474 | INFO     | __main__:check_core:148 - waiting for 12 seconds before import contacts
2025-01-18 10:54:30.786 | INFO     | __main__:check_core:153 - ImportedContacts(imported=[ImportedContact(user_id=7616240925, client_id=0)], popular_invites=[], retry_contacts=[], users=[User(id=7616240925, is_self=False, contact=True, mutual_contact=False, deleted=False, bot=False, bot_chat_history=False, bot_nochats=False, verified=False, restricted=False, min=False, bot_inline_geo=False, support=False, scam=False, apply_min_photo=True, fake=False, bot_attach_menu=False, premium=False, attach_menu_enabled=False, bot_can_edit=False, close_friend=False, stories_hidden=False, stories_unavailable=True, contact_require_premium=False, bot_business=False, bot_has_main_app=False, access_hash=7670352738379741416, first_name='Charlie', last_name='Martinez', username=None, phone='918910384630', photo=None, status=UserStatusOffline(was_online=datetime.datetime(2025, 1, 14, 10, 23, 20, tzinfo=datetime.timezone.utc)), bot_info_version=None, restriction_reason=[], bot_inline_placeholder=None, lang_code=None, emoji_status=None, usernames=[], stories_max_id=None, color=None, profile_color=None, bot_active_users=None)])
2025-01-18 10:54:30.786 | INFO     | __main__:check_core:157 - 号码 918910384630 是有效的 Telegram 用户。
2025-01-18 10:54:30.786 | INFO     | __main__:check_core:161 - waiting for 13 seconds before delete contacts
2025-01-18 10:54:44.098 | INFO     | __main__:check_phone_numbers:199 - Checking 24 / 2000: 918910294752
2025-01-18 10:54:44.098 | INFO     | __main__:check_core:148 - waiting for 8 seconds before import contacts
2025-01-18 10:54:52.422 | INFO     | __main__:check_core:153 - ImportedContacts(imported=[ImportedContact(user_id=1197576134, client_id=0)], popular_invites=[], retry_contacts=[], users=[User(id=1197576134, is_self=False, contact=True, mutual_contact=False, deleted=False, bot=False, bot_chat_history=False, bot_nochats=False, verified=False, restricted=False, min=False, bot_inline_geo=False, support=False, scam=False, apply_min_photo=True, fake=False, bot_attach_menu=False, premium=False, attach_menu_enabled=False, bot_can_edit=False, close_friend=False, stories_hidden=False, stories_unavailable=True, contact_require_premium=False, bot_business=False, bot_has_main_app=False, access_hash=-7615483861358474805, first_name='David', last_name='Jones', username=None, phone='918910294752', photo=UserProfilePhoto(photo_id=6107193566926319954, dc_id=5, has_video=False, personal=False, stripped_thumb=b'\x01\x08\x08\xd6 \xef\x04\x13\x8a(\xa2\x80?'), status=UserStatusOffline(was_online=datetime.datetime(2025, 1, 17, 6, 50, 19, tzinfo=datetime.timezone.utc)), bot_info_version=None, restriction_reason=[], bot_inline_placeholder=None, lang_code=None, emoji_status=None, usernames=[], stories_max_id=None, color=None, profile_color=None, bot_active_users=None)])
2025-01-18 10:54:52.422 | INFO     | __main__:check_core:157 - 号码 918910294752 是有效的 Telegram 用户。
2025-01-18 10:54:52.422 | INFO     | __main__:check_core:161 - waiting for 6 seconds before delete contacts
2025-01-18 10:54:58.737 | ERROR    | __main__:check_phone_numbers:216 - 检测失败: Could not find a matching Constructor ID for the TLObject that was supposed to be read with ID a518110d. See the FAQ for more details. Remaining bytes: b'\r\x11\x18\xa5\x02\x00\x00\x00\x15\xc4\xb5\x1c\x01\x00\x00\x00(\xc6\x97\x8fw\x00\x00\x02\x00\x00\x00\x00\xc6\x8faG\x00\x00\x00\x00\xcb\t\x02\xd3\xc6]P\x96\x07Binayak\x0bChakraborty\x0c918910294752\x00\x00\x00\x06\xf7\xd1\x82\x02\x00\x00\x00R\xb11\x1b1\x1c\xc1T\r\x01\x08\x08\xd6 \xef\x04\x13\x8a(\xa2\x80?\x00\x00\x05\x00\x00\x00?p\x8c\x00\xab\xfd\x89g\x15\xc4\xb5\x1c\x00\x00\x00\x00\x81\x88\x8bg\x00\x00\x00\x00\x86,Q\x92\xd1\x07\xdfw\xbe\xf6\xb0\xb6'
