2025-01-18 11:46:34.806 | INFO     | __main__:<module>:58 - using proxy: {'proxy_type': 'http', 'addr': 'zproxy-as.lum-superproxy.com', 'port': 32223, 'username': 'lum-customer-c_7dcc6b25-zone-10018772-dns-remote-country-TR-session-42312248', 'password': '0GD3GjHj9tlLO'}
2025-01-18 11:46:40.238 | INFO     | __main__:check_phone_numbers:190 - Checking 1 / 934: 919748440722
2025-01-18 11:46:40.239 | INFO     | __main__:check_core:139 - waiting for 12.854661333485794 seconds before import contacts
2025-01-18 11:46:54.461 | INFO     | __main__:check_core:144 - ImportedContacts(imported=[], popular_invites=[PopularContact(client_id=72184552, importers=155)], retry_contacts=[], users=[])
2025-01-18 11:46:54.462 | ERROR    | __main__:check_core:160 - 号码 919748440722 未注册 Telegram。
2025-01-18 11:46:54.462 | INFO     | __main__:check_phone_numbers:190 - Checking 2 / 934: 919123434885
2025-01-18 11:46:54.462 | INFO     | __main__:check_core:139 - waiting for 12.30201331297726 seconds before import contacts
2025-01-18 11:47:08.088 | INFO     | __main__:check_core:144 - ImportedContacts(imported=[ImportedContact(user_id=5953382793, client_id=12334052)], popular_invites=[], retry_contacts=[], users=[User(id=5953382793, is_self=False, contact=True, mutual_contact=False, deleted=False, bot=False, bot_chat_history=False, bot_nochats=False, verified=False, restricted=False, min=False, bot_inline_geo=False, support=False, scam=False, apply_min_photo=True, fake=False, bot_attach_menu=False, premium=False, attach_menu_enabled=False, bot_can_edit=False, close_friend=False, stories_hidden=False, stories_unavailable=True, contact_require_premium=False, bot_business=False, bot_has_main_app=False, access_hash=2555812765015025652, first_name='bfEvUDRm', last_name='zaVWbD', username=None, phone='919123434885', photo=UserProfilePhoto(photo_id=6224313970718783897, dc_id=5, has_video=False, personal=False, stripped_thumb=b'\x01\x08\x08\xb7\xe4\x91\x96\xcf/\x83\xb7\x1d(\xa2\x8av\x0b\xb3'), status=UserStatusOffline(was_online=datetime.datetime(2025, 1, 18, 11, 25, 30, tzinfo=datetime.timezone.utc)), bot_info_version=None, restriction_reason=[], bot_inline_placeholder=None, lang_code=None, emoji_status=None, usernames=[], stories_max_id=None, color=None, profile_color=None, bot_active_users=None)])
2025-01-18 11:47:08.089 | INFO     | __main__:check_core:148 - 号码 919123434885 是有效的 Telegram 用户。
2025-01-18 11:47:08.089 | INFO     | __main__:check_core:152 - waiting for 6.935108788036908 seconds before delete contacts
2025-01-18 11:47:16.329 | INFO     | __main__:check_phone_numbers:190 - Checking 3 / 934: 919674186925
2025-01-18 11:47:16.330 | INFO     | __main__:check_core:139 - waiting for 18.844440768403377 seconds before import contacts
2025-01-18 11:47:36.534 | INFO     | __main__:check_core:144 - ImportedContacts(imported=[ImportedContact(user_id=6118207423, client_id=82132196)], popular_invites=[], retry_contacts=[], users=[User(id=6118207423, is_self=False, contact=True, mutual_contact=False, deleted=False, bot=False, bot_chat_history=False, bot_nochats=False, verified=False, restricted=False, min=False, bot_inline_geo=False, support=False, scam=False, apply_min_photo=True, fake=False, bot_attach_menu=False, premium=False, attach_menu_enabled=False, bot_can_edit=False, close_friend=False, stories_hidden=False, stories_unavailable=True, contact_require_premium=False, bot_business=False, bot_has_main_app=False, access_hash=-9019542533025768987, first_name='EZruBG', last_name='oWt', username=None, phone='919674186925', photo=UserProfilePhoto(photo_id=6206446790803305422, dc_id=5, has_video=False, personal=False, stripped_thumb=b'\x01\x08\x08y\x8f|\xd8\xdcq\x80I\xcfJ(\xa2\x96\xc53'), status=UserStatusOffline(was_online=datetime.datetime(2025, 1, 3, 13, 9, 22, tzinfo=datetime.timezone.utc)), bot_info_version=None, restriction_reason=[], bot_inline_placeholder=None, lang_code=None, emoji_status=None, usernames=[], stories_max_id=None, color=None, profile_color=None, bot_active_users=None)])
2025-01-18 11:47:36.534 | INFO     | __main__:check_core:148 - 号码 919674186925 是有效的 Telegram 用户。
2025-01-18 11:47:36.534 | INFO     | __main__:check_core:152 - waiting for 12.344114103650695 seconds before delete contacts
2025-01-18 11:47:50.186 | INFO     | __main__:check_phone_numbers:190 - Checking 4 / 934: 919830724373
2025-01-18 11:47:50.187 | INFO     | __main__:check_core:139 - waiting for 14.538440583148542 seconds before import contacts
2025-01-18 11:48:06.040 | INFO     | __main__:check_core:144 - ImportedContacts(imported=[], popular_invites=[PopularContact(client_id=56296848, importers=27)], retry_contacts=[], users=[])
2025-01-18 11:48:06.040 | ERROR    | __main__:check_core:160 - 号码 919830724373 未注册 Telegram。
2025-01-18 11:48:06.040 | INFO     | __main__:check_phone_numbers:190 - Checking 5 / 934: 919123035242
2025-01-18 11:48:06.041 | INFO     | __main__:check_core:139 - waiting for 19.24982084442233 seconds before import contacts
2025-01-18 11:48:26.820 | INFO     | __main__:check_core:144 - ImportedContacts(imported=[ImportedContact(user_id=7049424434, client_id=44504722)], popular_invites=[], retry_contacts=[], users=[User(id=7049424434, is_self=False, contact=True, mutual_contact=False, deleted=False, bot=False, bot_chat_history=False, bot_nochats=False, verified=False, restricted=False, min=False, bot_inline_geo=False, support=False, scam=False, apply_min_photo=True, fake=False, bot_attach_menu=False, premium=False, attach_menu_enabled=False, bot_can_edit=False, close_friend=False, stories_hidden=False, stories_unavailable=True, contact_require_premium=False, bot_business=False, bot_has_main_app=False, access_hash=7534448039563101109, first_name='fMgDT', last_name='sYEJI', username=None, phone='919123035242', photo=None, status=UserStatusOffline(was_online=datetime.datetime(2024, 10, 26, 18, 37, 15, tzinfo=datetime.timezone.utc)), bot_info_version=None, restriction_reason=[], bot_inline_placeholder=None, lang_code=None, emoji_status=None, usernames=[], stories_max_id=None, color=None, profile_color=None, bot_active_users=None)])
2025-01-18 11:48:26.821 | INFO     | __main__:check_core:148 - 号码 919123035242 是有效的 Telegram 用户。
2025-01-18 11:48:26.821 | INFO     | __main__:check_core:152 - waiting for 12.362554273869577 seconds before delete contacts
2025-01-18 11:48:40.481 | INFO     | __main__:check_phone_numbers:190 - Checking 6 / 934: 918617444073
2025-01-18 11:48:40.484 | INFO     | __main__:check_core:139 - waiting for 10.956130431469491 seconds before import contacts
2025-01-18 11:48:52.599 | INFO     | __main__:check_core:144 - ImportedContacts(imported=[ImportedContact(user_id=5757572557, client_id=75525808)], popular_invites=[], retry_contacts=[], users=[User(id=5757572557, is_self=False, contact=True, mutual_contact=False, deleted=False, bot=False, bot_chat_history=False, bot_nochats=False, verified=False, restricted=False, min=False, bot_inline_geo=False, support=False, scam=False, apply_min_photo=True, fake=False, bot_attach_menu=False, premium=False, attach_menu_enabled=False, bot_can_edit=False, close_friend=False, stories_hidden=False, stories_unavailable=True, contact_require_premium=False, bot_business=False, bot_has_main_app=False, access_hash=2309190142967773583, first_name='yhQASWZ', last_name='LtKhX', username=None, phone='918617444073', photo=None, status=UserStatusRecently(by_me=False), bot_info_version=None, restriction_reason=[], bot_inline_placeholder=None, lang_code=None, emoji_status=None, usernames=[], stories_max_id=None, color=None, profile_color=None, bot_active_users=None)])
2025-01-18 11:48:52.603 | INFO     | __main__:check_core:148 - 号码 918617444073 是有效的 Telegram 用户。
2025-01-18 11:48:52.603 | INFO     | __main__:check_core:152 - waiting for 12.73622760146829 seconds before delete contacts
2025-01-18 11:49:06.716 | INFO     | __main__:check_phone_numbers:190 - Checking 7 / 934: 918617461417
2025-01-18 11:49:06.716 | INFO     | __main__:check_core:139 - waiting for 15.210046631705405 seconds before import contacts
2025-01-18 11:49:23.535 | INFO     | __main__:check_core:144 - ImportedContacts(imported=[], popular_invites=[PopularContact(client_id=37749658, importers=311)], retry_contacts=[], users=[])
2025-01-18 11:49:23.535 | ERROR    | __main__:check_core:160 - 号码 918617461417 未注册 Telegram。
2025-01-18 11:49:23.535 | INFO     | __main__:check_phone_numbers:190 - Checking 8 / 934: 919123255915
2025-01-18 11:49:23.535 | INFO     | __main__:check_core:139 - waiting for 17.96011670672807 seconds before import contacts
2025-01-18 11:49:42.887 | INFO     | __main__:check_core:144 - ImportedContacts(imported=[ImportedContact(user_id=6853740792, client_id=44768121)], popular_invites=[], retry_contacts=[], users=[User(id=6853740792, is_self=False, contact=True, mutual_contact=False, deleted=False, bot=False, bot_chat_history=False, bot_nochats=False, verified=False, restricted=False, min=False, bot_inline_geo=False, support=False, scam=False, apply_min_photo=True, fake=False, bot_attach_menu=False, premium=False, attach_menu_enabled=False, bot_can_edit=False, close_friend=False, stories_hidden=False, stories_unavailable=True, contact_require_premium=False, bot_business=False, bot_has_main_app=False, access_hash=-9000989610099927394, first_name='HhaUGQ', last_name='thoGGu', username=None, phone='919123255915', photo=None, status=UserStatusOffline(was_online=datetime.datetime(2025, 1, 17, 10, 29, 51, tzinfo=datetime.timezone.utc)), bot_info_version=None, restriction_reason=[], bot_inline_placeholder=None, lang_code=None, emoji_status=None, usernames=[], stories_max_id=None, color=None, profile_color=None, bot_active_users=None)])
2025-01-18 11:49:42.887 | INFO     | __main__:check_core:148 - 号码 919123255915 是有效的 Telegram 用户。
2025-01-18 11:49:42.887 | INFO     | __main__:check_core:152 - waiting for 5.038523120670411 seconds before delete contacts
2025-01-18 11:49:49.364 | INFO     | __main__:check_phone_numbers:190 - Checking 9 / 934: 919088770701
2025-01-18 11:49:49.365 | INFO     | __main__:check_core:139 - waiting for 11.347568266716543 seconds before import contacts
2025-01-18 11:50:01.949 | INFO     | __main__:check_core:144 - ImportedContacts(imported=[], popular_invites=[PopularContact(client_id=48668754, importers=38)], retry_contacts=[], users=[])
2025-01-18 11:50:01.951 | ERROR    | __main__:check_core:160 - 号码 919088770701 未注册 Telegram。
2025-01-18 11:50:01.952 | INFO     | __main__:check_phone_numbers:190 - Checking 10 / 934: 919875483398
2025-01-18 11:50:01.956 | INFO     | __main__:check_core:139 - waiting for 13.167774331789792 seconds before import contacts
2025-01-18 11:50:16.314 | INFO     | __main__:check_core:144 - ImportedContacts(imported=[], popular_invites=[PopularContact(client_id=38007503, importers=87)], retry_contacts=[], users=[])
2025-01-18 11:50:16.314 | ERROR    | __main__:check_core:160 - 号码 919875483398 未注册 Telegram。
2025-01-18 11:50:16.314 | INFO     | __main__:check_phone_numbers:190 - Checking 11 / 934: 919836049901
2025-01-18 11:50:16.315 | INFO     | __main__:check_core:139 - waiting for 10.037548212130211 seconds before import contacts
2025-01-18 11:50:28.257 | INFO     | __main__:check_core:144 - ImportedContacts(imported=[], popular_invites=[PopularContact(client_id=53213727, importers=404)], retry_contacts=[], users=[])
2025-01-18 11:50:28.257 | ERROR    | __main__:check_core:160 - 号码 919836049901 未注册 Telegram。
2025-01-18 11:50:28.257 | INFO     | __main__:check_phone_numbers:190 - Checking 12 / 934: 919163172907
2025-01-18 11:50:28.257 | INFO     | __main__:check_core:139 - waiting for 13.292191720602888 seconds before import contacts
2025-01-18 11:50:42.898 | INFO     | __main__:check_core:144 - ImportedContacts(imported=[], popular_invites=[PopularContact(client_id=90827607, importers=116)], retry_contacts=[], users=[])
2025-01-18 11:50:42.898 | ERROR    | __main__:check_core:160 - 号码 919163172907 未注册 Telegram。
2025-01-18 11:50:42.898 | INFO     | __main__:check_phone_numbers:190 - Checking 13 / 934: 919674941887
2025-01-18 11:50:42.902 | INFO     | __main__:check_core:139 - waiting for 15.553252123980384 seconds before import contacts
2025-01-18 11:50:59.825 | INFO     | __main__:check_core:144 - ImportedContacts(imported=[], popular_invites=[PopularContact(client_id=86860429, importers=404)], retry_contacts=[], users=[])
2025-01-18 11:50:59.826 | ERROR    | __main__:check_core:160 - 号码 919674941887 未注册 Telegram。
2025-01-18 11:50:59.826 | INFO     | __main__:check_phone_numbers:190 - Checking 14 / 934: 917044945848
2025-01-18 11:50:59.826 | INFO     | __main__:check_core:139 - waiting for 12.150144974183299 seconds before import contacts
2025-01-18 11:51:13.161 | INFO     | __main__:check_core:144 - ImportedContacts(imported=[], popular_invites=[PopularContact(client_id=59239708, importers=41)], retry_contacts=[], users=[])
2025-01-18 11:51:13.161 | ERROR    | __main__:check_core:160 - 号码 917044945848 未注册 Telegram。
2025-01-18 11:51:13.161 | INFO     | __main__:check_phone_numbers:190 - Checking 15 / 934: 919836834025
2025-01-18 11:51:13.162 | INFO     | __main__:check_core:139 - waiting for 10.37331142015088 seconds before import contacts
2025-01-18 11:51:25.095 | INFO     | __main__:check_core:144 - ImportedContacts(imported=[ImportedContact(user_id=6216331711, client_id=18521376)], popular_invites=[], retry_contacts=[], users=[User(id=6216331711, is_self=False, contact=True, mutual_contact=False, deleted=False, bot=False, bot_chat_history=False, bot_nochats=False, verified=False, restricted=False, min=False, bot_inline_geo=False, support=False, scam=False, apply_min_photo=True, fake=False, bot_attach_menu=False, premium=False, attach_menu_enabled=False, bot_can_edit=False, close_friend=False, stories_hidden=False, stories_unavailable=True, contact_require_premium=False, bot_business=False, bot_has_main_app=False, access_hash=-4446421569342374291, first_name='ryNXXaJ', last_name='NJq', username=None, phone='919836834025', photo=UserProfilePhoto(photo_id=6125280163836053619, dc_id=5, has_video=False, personal=False, stripped_thumb=b'\x01\x08\x08\xd2\xde\xa1\xc9,\x06x\xe0\xd1E\x15(\xa3'), status=UserStatusOffline(was_online=datetime.datetime(2024, 11, 17, 0, 32, 10, tzinfo=datetime.timezone.utc)), bot_info_version=None, restriction_reason=[], bot_inline_placeholder=None, lang_code=None, emoji_status=None, usernames=[], stories_max_id=None, color=None, profile_color=None, bot_active_users=None)])
2025-01-18 11:51:25.095 | INFO     | __main__:check_core:148 - 号码 919836834025 是有效的 Telegram 用户。
2025-01-18 11:51:25.095 | INFO     | __main__:check_core:152 - waiting for 11.660629435922926 seconds before delete contacts
2025-01-18 11:51:38.060 | INFO     | __main__:check_phone_numbers:190 - Checking 16 / 934: 919433459223
2025-01-18 11:51:38.061 | INFO     | __main__:check_core:139 - waiting for 19.28012012519863 seconds before import contacts
2025-01-18 11:51:58.685 | INFO     | __main__:check_core:144 - ImportedContacts(imported=[], popular_invites=[PopularContact(client_id=51285563, importers=15)], retry_contacts=[], users=[])
2025-01-18 11:51:58.686 | ERROR    | __main__:check_core:160 - 号码 919433459223 未注册 Telegram。
2025-01-18 11:51:58.689 | INFO     | __main__:check_phone_numbers:190 - Checking 17 / 934: 919007569868
2025-01-18 11:51:58.689 | INFO     | __main__:check_core:139 - waiting for 18.6914131592501 seconds before import contacts
2025-01-18 11:52:18.597 | INFO     | __main__:check_core:144 - ImportedContacts(imported=[ImportedContact(user_id=5246380121, client_id=15537438)], popular_invites=[], retry_contacts=[], users=[User(id=5246380121, is_self=False, contact=True, mutual_contact=False, deleted=False, bot=False, bot_chat_history=False, bot_nochats=False, verified=False, restricted=False, min=False, bot_inline_geo=False, support=False, scam=False, apply_min_photo=True, fake=False, bot_attach_menu=False, premium=False, attach_menu_enabled=False, bot_can_edit=False, close_friend=False, stories_hidden=False, stories_unavailable=True, contact_require_premium=False, bot_business=False, bot_has_main_app=False, access_hash=9207830882830979041, first_name='ZmFzd', last_name='dhU', username=None, phone='919007569868', photo=None, status=UserStatusOffline(was_online=datetime.datetime(2024, 6, 29, 10, 43, 17, tzinfo=datetime.timezone.utc)), bot_info_version=None, restriction_reason=[], bot_inline_placeholder=None, lang_code=None, emoji_status=None, usernames=[], stories_max_id=None, color=None, profile_color=None, bot_active_users=None)])
2025-01-18 11:52:18.597 | INFO     | __main__:check_core:148 - 号码 919007569868 是有效的 Telegram 用户。
2025-01-18 11:52:18.597 | INFO     | __main__:check_core:152 - waiting for 11.041781733891636 seconds before delete contacts
2025-01-18 11:52:32.188 | INFO     | __main__:check_phone_numbers:190 - Checking 18 / 934: 919875550527
2025-01-18 11:52:32.188 | INFO     | __main__:check_core:139 - waiting for 10.101060222930736 seconds before import contacts
2025-01-18 11:52:43.447 | INFO     | __main__:check_core:144 - ImportedContacts(imported=[ImportedContact(user_id=6363390154, client_id=25793040)], popular_invites=[], retry_contacts=[], users=[User(id=6363390154, is_self=False, contact=True, mutual_contact=False, deleted=False, bot=False, bot_chat_history=False, bot_nochats=False, verified=False, restricted=False, min=False, bot_inline_geo=False, support=False, scam=False, apply_min_photo=True, fake=False, bot_attach_menu=False, premium=False, attach_menu_enabled=False, bot_can_edit=False, close_friend=False, stories_hidden=False, stories_unavailable=True, contact_require_premium=False, bot_business=False, bot_has_main_app=False, access_hash=-5822463656115473933, first_name='DobFrt', last_name='QEQI', username=None, phone='919875550527', photo=UserProfilePhoto(photo_id=6082292476120512867, dc_id=5, has_video=False, personal=False, stripped_thumb=b'\x01\x08\x08LG\xe4\xe3\t\xf6lgw\x1e\x9f\xcf4QE!\x9f'), status=UserStatusOffline(was_online=datetime.datetime(2025, 1, 1, 9, 40, 53, tzinfo=datetime.timezone.utc)), bot_info_version=None, restriction_reason=[], bot_inline_placeholder=None, lang_code=None, emoji_status=None, usernames=[], stories_max_id=None, color=None, profile_color=None, bot_active_users=None)])
2025-01-18 11:52:43.448 | INFO     | __main__:check_core:148 - 号码 919875550527 是有效的 Telegram 用户。
2025-01-18 11:52:43.448 | INFO     | __main__:check_core:152 - waiting for 9.23162104430168 seconds before delete contacts
2025-01-18 11:52:53.814 | INFO     | __main__:check_phone_numbers:190 - Checking 19 / 934: 918240444023
2025-01-18 11:52:53.814 | INFO     | __main__:check_core:139 - waiting for 13.925732383445565 seconds before import contacts
2025-01-18 11:53:08.863 | INFO     | __main__:check_core:144 - ImportedContacts(imported=[ImportedContact(user_id=6338304810, client_id=86975661)], popular_invites=[], retry_contacts=[], users=[User(id=6338304810, is_self=False, contact=True, mutual_contact=False, deleted=False, bot=False, bot_chat_history=False, bot_nochats=False, verified=False, restricted=False, min=False, bot_inline_geo=False, support=False, scam=False, apply_min_photo=True, fake=False, bot_attach_menu=False, premium=False, attach_menu_enabled=False, bot_can_edit=False, close_friend=False, stories_hidden=False, stories_unavailable=True, contact_require_premium=False, bot_business=False, bot_has_main_app=False, access_hash=970045839617449571, first_name='bwtnWxjd', last_name='zaw', username=None, phone='918240444023', photo=None, status=UserStatusOffline(was_online=datetime.datetime(2025, 1, 8, 14, 3, 31, tzinfo=datetime.timezone.utc)), bot_info_version=None, restriction_reason=[], bot_inline_placeholder=None, lang_code=None, emoji_status=None, usernames=[], stories_max_id=None, color=None, profile_color=None, bot_active_users=None)])
2025-01-18 11:53:08.864 | INFO     | __main__:check_core:148 - 号码 918240444023 是有效的 Telegram 用户。
2025-01-18 11:53:08.864 | INFO     | __main__:check_core:152 - waiting for 9.759594998980848 seconds before delete contacts
2025-01-18 11:53:19.938 | INFO     | __main__:check_phone_numbers:190 - Checking 20 / 934: 916291905539
2025-01-18 11:53:19.939 | INFO     | __main__:check_core:139 - waiting for 10.411465872720925 seconds before import contacts
2025-01-18 11:53:31.955 | INFO     | __main__:check_core:144 - ImportedContacts(imported=[], popular_invites=[PopularContact(client_id=89261086, importers=3)], retry_contacts=[], users=[])
2025-01-18 11:53:31.955 | ERROR    | __main__:check_core:160 - 号码 916291905539 未注册 Telegram。
2025-01-18 11:53:31.955 | INFO     | __main__:check_phone_numbers:190 - Checking 21 / 934: 919007812954
2025-01-18 11:53:31.955 | INFO     | __main__:check_core:139 - waiting for 14.388009540911206 seconds before import contacts
2025-01-18 11:53:47.684 | INFO     | __main__:check_core:144 - ImportedContacts(imported=[], popular_invites=[PopularContact(client_id=75546785, importers=23)], retry_contacts=[], users=[])
2025-01-18 11:53:47.684 | ERROR    | __main__:check_core:160 - 号码 919007812954 未注册 Telegram。
2025-01-18 11:53:47.684 | INFO     | __main__:check_phone_numbers:190 - Checking 22 / 934: 917003298530
2025-01-18 11:53:47.685 | INFO     | __main__:check_core:139 - waiting for 11.35790678420262 seconds before import contacts
2025-01-18 11:54:00.593 | INFO     | __main__:check_core:144 - ImportedContacts(imported=[ImportedContact(user_id=5802685534, client_id=71791064)], popular_invites=[], retry_contacts=[], users=[User(id=5802685534, is_self=False, contact=True, mutual_contact=False, deleted=False, bot=False, bot_chat_history=False, bot_nochats=False, verified=False, restricted=False, min=False, bot_inline_geo=False, support=False, scam=False, apply_min_photo=True, fake=False, bot_attach_menu=False, premium=False, attach_menu_enabled=False, bot_can_edit=False, close_friend=False, stories_hidden=False, stories_unavailable=True, contact_require_premium=False, bot_business=False, bot_has_main_app=False, access_hash=5526290230644353340, first_name='TGicGc', last_name='tPTus', username=None, phone='917003298530', photo=None, status=None, bot_info_version=None, restriction_reason=[], bot_inline_placeholder=None, lang_code=None, emoji_status=None, usernames=[], stories_max_id=None, color=None, profile_color=None, bot_active_users=None)])
2025-01-18 11:54:00.593 | INFO     | __main__:check_core:148 - 号码 917003298530 是有效的 Telegram 用户。
2025-01-18 11:54:00.593 | INFO     | __main__:check_core:152 - waiting for 7.051967046447483 seconds before delete contacts
2025-01-18 11:54:08.957 | INFO     | __main__:check_phone_numbers:190 - Checking 23 / 934: 919674473610
2025-01-18 11:54:08.958 | INFO     | __main__:check_core:139 - waiting for 14.5679835849478 seconds before import contacts
2025-01-18 11:54:24.932 | INFO     | __main__:check_core:144 - ImportedContacts(imported=[], popular_invites=[PopularContact(client_id=16362233, importers=62)], retry_contacts=[], users=[])
2025-01-18 11:54:24.933 | ERROR    | __main__:check_core:160 - 号码 919674473610 未注册 Telegram。
2025-01-18 11:54:24.933 | INFO     | __main__:check_phone_numbers:190 - Checking 24 / 934: 919330732491
2025-01-18 11:54:24.933 | INFO     | __main__:check_core:139 - waiting for 17.599690867922845 seconds before import contacts
2025-01-18 11:54:44.147 | INFO     | __main__:check_core:144 - ImportedContacts(imported=[], popular_invites=[PopularContact(client_id=17359670, importers=280)], retry_contacts=[], users=[])
2025-01-18 11:54:44.147 | ERROR    | __main__:check_core:160 - 号码 919330732491 未注册 Telegram。
2025-01-18 11:54:44.147 | INFO     | __main__:check_phone_numbers:190 - Checking 25 / 934: 917980087624
2025-01-18 11:54:44.147 | INFO     | __main__:check_core:139 - waiting for 17.655176450089513 seconds before import contacts
2025-01-18 11:55:03.423 | INFO     | __main__:check_core:144 - ImportedContacts(imported=[], popular_invites=[PopularContact(client_id=31961117, importers=5)], retry_contacts=[], users=[])
2025-01-18 11:55:03.424 | ERROR    | __main__:check_core:160 - 号码 917980087624 未注册 Telegram。
2025-01-18 11:55:03.424 | INFO     | __main__:check_phone_numbers:190 - Checking 26 / 934: 919830313190
2025-01-18 11:55:03.424 | INFO     | __main__:check_core:139 - waiting for 14.36570881598087 seconds before import contacts
2025-01-18 11:55:19.169 | INFO     | __main__:check_core:144 - ImportedContacts(imported=[], popular_invites=[PopularContact(client_id=36597039, importers=221)], retry_contacts=[], users=[])
2025-01-18 11:55:19.169 | ERROR    | __main__:check_core:160 - 号码 919830313190 未注册 Telegram。
2025-01-18 11:55:19.169 | INFO     | __main__:check_phone_numbers:190 - Checking 27 / 934: 919903083124
2025-01-18 11:55:19.169 | INFO     | __main__:check_core:139 - waiting for 15.819903424234424 seconds before import contacts
2025-01-18 11:55:36.524 | ERROR    | __main__:check_phone_numbers:207 - 检测失败: The authorization has been invalidated, because of the user terminating all sessions (caused by ImportContactsRequest)
