2025-01-18 10:31:58.483 | INFO     | __main__:check_phone_numbers:238 - Checking 1 / 2000: 919073508087
2025-01-18 10:31:59.059 | INFO     | __main__:check_core:193 - ImportedContacts(imported=[ImportedContact(user_id=6358775300, client_id=0)], popular_invites=[], retry_contacts=[], users=[User(id=6358775300, is_self=False, contact=True, mutual_contact=False, deleted=False, bot=False, bot_chat_history=False, bot_nochats=False, verified=False, restricted=False, min=False, bot_inline_geo=False, support=False, scam=False, apply_min_photo=True, fake=False, bot_attach_menu=False, premium=False, attach_menu_enabled=False, bot_can_edit=False, close_friend=False, stories_hidden=False, stories_unavailable=True, contact_require_premium=False, bot_business=False, bot_has_main_app=False, access_hash=824930822933022732, first_name='Frank', last_name='Smith', username=None, phone='919073508087', photo=UserProfilePhoto(photo_id=6246705503543607679, dc_id=5, has_video=False, personal=False, stripped_thumb=b'\x01\x08\x08c\xa6\x02\xa8Fd\xcf9\xa2\x8a)\\v?'), status=UserStatusOffline(was_online=datetime.datetime(2024, 12, 14, 15, 31, 10, tzinfo=datetime.timezone.utc)), bot_info_version=None, restriction_reason=[], bot_inline_placeholder=None, lang_code=None, emoji_status=None, usernames=[], stories_max_id=None, color=None, profile_color=None, bot_active_users=None)])
2025-01-18 10:32:02.067 | INFO     | __main__:check_core:197 - waiting for 3 seconds
2025-01-18 10:32:02.067 | INFO     | __main__:check_core:199 - 号码 919073508087 是有效的 Telegram 用户。
2025-01-18 10:32:02.871 | INFO     | __main__:check_core:193 - ImportedContacts(imported=[ImportedContact(user_id=5118349660, client_id=0)], popular_invites=[], retry_contacts=[], users=[User(id=5118349660, is_self=False, contact=True, mutual_contact=False, deleted=False, bot=False, bot_chat_history=False, bot_nochats=False, verified=False, restricted=False, min=False, bot_inline_geo=False, support=False, scam=False, apply_min_photo=True, fake=False, bot_attach_menu=False, premium=False, attach_menu_enabled=False, bot_can_edit=False, close_friend=False, stories_hidden=False, stories_unavailable=True, contact_require_premium=False, bot_business=False, bot_has_main_app=False, access_hash=1969968848346966906, first_name='Frank', last_name='Johnson', username=None, phone='916290476009', photo=None, status=UserStatusOffline(was_online=datetime.datetime(2023, 6, 25, 4, 19, 48, tzinfo=datetime.timezone.utc)), bot_info_version=None, restriction_reason=[], bot_inline_placeholder=None, lang_code=None, emoji_status=None, usernames=[], stories_max_id=None, color=None, profile_color=None, bot_active_users=None)])
2025-01-18 10:32:05.871 | INFO     | __main__:check_core:197 - waiting for 3 seconds
2025-01-18 10:32:05.872 | INFO     | __main__:check_core:199 - 号码 916290476009 是有效的 Telegram 用户。
2025-01-18 10:32:06.150 | INFO     | __main__:check_phone_numbers:238 - Checking 2 / 2000: 919163495380
2025-01-18 10:32:06.789 | INFO     | __main__:check_core:193 - ImportedContacts(imported=[], popular_invites=[PopularContact(client_id=0, importers=75)], retry_contacts=[], users=[])
2025-01-18 10:32:08.790 | INFO     | __main__:check_core:197 - waiting for 2 seconds
2025-01-18 10:32:08.794 | ERROR    | __main__:check_core:208 - 号码 919163495380 未注册 Telegram。
2025-01-18 10:32:08.794 | INFO     | __main__:check_phone_numbers:238 - Checking 3 / 2000: 918617542874
2025-01-18 10:32:09.178 | INFO     | __main__:check_core:193 - ImportedContacts(imported=[], popular_invites=[PopularContact(client_id=0, importers=104)], retry_contacts=[], users=[])
2025-01-18 10:32:10.178 | INFO     | __main__:check_core:197 - waiting for 1 seconds
2025-01-18 10:32:10.178 | ERROR    | __main__:check_core:208 - 号码 918617542874 未注册 Telegram。
2025-01-18 10:32:10.179 | INFO     | __main__:check_phone_numbers:238 - Checking 4 / 2000: 919903642312
2025-01-18 10:32:10.571 | INFO     | __main__:check_core:193 - ImportedContacts(imported=[], popular_invites=[PopularContact(client_id=0, importers=59)], retry_contacts=[], users=[])
2025-01-18 10:32:12.571 | INFO     | __main__:check_core:197 - waiting for 2 seconds
2025-01-18 10:32:12.572 | ERROR    | __main__:check_core:208 - 号码 919903642312 未注册 Telegram。
2025-01-18 10:32:12.576 | INFO     | __main__:check_phone_numbers:238 - Checking 5 / 2000: 917550061570
2025-01-18 10:32:12.885 | INFO     | __main__:check_core:193 - ImportedContacts(imported=[ImportedContact(user_id=6919270548, client_id=0)], popular_invites=[], retry_contacts=[], users=[User(id=6919270548, is_self=False, contact=True, mutual_contact=False, deleted=False, bot=False, bot_chat_history=False, bot_nochats=False, verified=False, restricted=False, min=False, bot_inline_geo=False, support=False, scam=False, apply_min_photo=True, fake=False, bot_attach_menu=False, premium=False, attach_menu_enabled=False, bot_can_edit=False, close_friend=False, stories_hidden=False, stories_unavailable=True, contact_require_premium=False, bot_business=False, bot_has_main_app=False, access_hash=1159585317541815104, first_name='Frank', last_name='Davis', username=None, phone='917550061570', photo=None, status=UserStatusOffline(was_online=datetime.datetime(2024, 5, 26, 19, 36, 9, tzinfo=datetime.timezone.utc)), bot_info_version=None, restriction_reason=[], bot_inline_placeholder=None, lang_code=None, emoji_status=None, usernames=[], stories_max_id=None, color=None, profile_color=None, bot_active_users=None)])
2025-01-18 10:32:15.891 | INFO     | __main__:check_core:197 - waiting for 3 seconds
2025-01-18 10:32:15.891 | INFO     | __main__:check_core:199 - 号码 917550061570 是有效的 Telegram 用户。
2025-01-18 10:32:16.169 | INFO     | __main__:check_phone_numbers:238 - Checking 6 / 2000: 919330601239
2025-01-18 10:32:16.689 | INFO     | __main__:check_core:193 - ImportedContacts(imported=[ImportedContact(user_id=6340486644, client_id=0)], popular_invites=[], retry_contacts=[], users=[User(id=6340486644, is_self=False, contact=True, mutual_contact=False, deleted=False, bot=False, bot_chat_history=False, bot_nochats=False, verified=False, restricted=False, min=False, bot_inline_geo=False, support=False, scam=False, apply_min_photo=True, fake=False, bot_attach_menu=False, premium=False, attach_menu_enabled=False, bot_can_edit=False, close_friend=False, stories_hidden=False, stories_unavailable=True, contact_require_premium=False, bot_business=False, bot_has_main_app=False, access_hash=-2068522915755652978, first_name='John', last_name='Williams', username=None, phone='919330601239', photo=None, status=UserStatusOffline(was_online=datetime.datetime(2024, 10, 22, 13, 29, 12, tzinfo=datetime.timezone.utc)), bot_info_version=None, restriction_reason=[], bot_inline_placeholder=None, lang_code=None, emoji_status=None, usernames=[], stories_max_id=None, color=None, profile_color=None, bot_active_users=None)])
2025-01-18 10:32:17.689 | INFO     | __main__:check_core:197 - waiting for 1 seconds
2025-01-18 10:32:17.690 | INFO     | __main__:check_core:199 - 号码 919330601239 是有效的 Telegram 用户。
2025-01-18 10:32:17.976 | INFO     | __main__:check_phone_numbers:238 - Checking 7 / 2000: 919433573851
2025-01-18 10:32:18.623 | INFO     | __main__:check_core:193 - ImportedContacts(imported=[], popular_invites=[PopularContact(client_id=0, importers=64)], retry_contacts=[], users=[])
2025-01-18 10:32:20.624 | INFO     | __main__:check_core:197 - waiting for 2 seconds
2025-01-18 10:32:20.625 | ERROR    | __main__:check_core:208 - 号码 919433573851 未注册 Telegram。
2025-01-18 10:32:20.625 | INFO     | __main__:check_phone_numbers:238 - Checking 8 / 2000: 918017015152
2025-01-18 10:32:20.912 | INFO     | __main__:check_core:193 - ImportedContacts(imported=[ImportedContact(user_id=6138514222, client_id=0)], popular_invites=[], retry_contacts=[], users=[User(id=6138514222, is_self=False, contact=True, mutual_contact=False, deleted=False, bot=False, bot_chat_history=False, bot_nochats=False, verified=False, restricted=False, min=False, bot_inline_geo=False, support=False, scam=False, apply_min_photo=True, fake=False, bot_attach_menu=False, premium=False, attach_menu_enabled=False, bot_can_edit=False, close_friend=False, stories_hidden=False, stories_unavailable=True, contact_require_premium=False, bot_business=False, bot_has_main_app=False, access_hash=-4743536420337180709, first_name='John', last_name='Johnson', username=None, phone='918017015152', photo=None, status=UserStatusOffline(was_online=datetime.datetime(2025, 1, 18, 6, 40, 49, tzinfo=datetime.timezone.utc)), bot_info_version=None, restriction_reason=[], bot_inline_placeholder=None, lang_code=None, emoji_status=None, usernames=[], stories_max_id=None, color=None, profile_color=None, bot_active_users=None)])
2025-01-18 10:32:22.914 | INFO     | __main__:check_core:197 - waiting for 2 seconds
2025-01-18 10:32:22.914 | INFO     | __main__:check_core:199 - 号码 918017015152 是有效的 Telegram 用户。
2025-01-18 10:32:23.200 | INFO     | __main__:check_phone_numbers:238 - Checking 9 / 2000: 918910692748
2025-01-18 10:32:23.711 | INFO     | __main__:check_core:193 - ImportedContacts(imported=[ImportedContact(user_id=788443871, client_id=0)], popular_invites=[], retry_contacts=[], users=[User(id=788443871, is_self=False, contact=True, mutual_contact=False, deleted=False, bot=False, bot_chat_history=False, bot_nochats=False, verified=False, restricted=False, min=False, bot_inline_geo=False, support=False, scam=False, apply_min_photo=True, fake=False, bot_attach_menu=False, premium=False, attach_menu_enabled=False, bot_can_edit=False, close_friend=False, stories_hidden=False, stories_unavailable=True, contact_require_premium=False, bot_business=False, bot_has_main_app=False, access_hash=6074787053773575788, first_name='Eve', last_name='Johnson', username='Sid_Shankar', phone='918910692748', photo=UserProfilePhoto(photo_id=3386340641132881834, dc_id=5, has_video=False, personal=False, stripped_thumb=b'\x01\x08\x08\xa6&\n\xdd\x07=h\xa2\x8a`\x7f'), status=UserStatusOffline(was_online=datetime.datetime(2025, 1, 18, 9, 54, 31, tzinfo=datetime.timezone.utc)), bot_info_version=None, restriction_reason=[], bot_inline_placeholder=None, lang_code=None, emoji_status=None, usernames=[], stories_max_id=None, color=None, profile_color=None, bot_active_users=None)])
2025-01-18 10:32:25.712 | INFO     | __main__:check_core:197 - waiting for 2 seconds
2025-01-18 10:32:25.712 | INFO     | __main__:check_core:199 - 号码 918910692748 是有效的 Telegram 用户。
2025-01-18 10:32:25.990 | INFO     | __main__:check_phone_numbers:238 - Checking 10 / 2000: 919051552442
2025-01-18 10:32:26.523 | INFO     | __main__:check_core:193 - ImportedContacts(imported=[ImportedContact(user_id=6047756110, client_id=0)], popular_invites=[], retry_contacts=[], users=[User(id=6047756110, is_self=False, contact=True, mutual_contact=False, deleted=False, bot=False, bot_chat_history=False, bot_nochats=False, verified=False, restricted=False, min=False, bot_inline_geo=False, support=False, scam=False, apply_min_photo=True, fake=False, bot_attach_menu=False, premium=False, attach_menu_enabled=False, bot_can_edit=False, close_friend=False, stories_hidden=False, stories_unavailable=True, contact_require_premium=False, bot_business=False, bot_has_main_app=False, access_hash=-1273273922789877536, first_name='Alice', last_name='Martinez', username=None, phone='919051552442', photo=UserProfilePhoto(photo_id=6102884297389226537, dc_id=5, has_video=False, personal=False, stripped_thumb=b'\x01\x08\x08\xa8\xcd\x16\x01\x11\x80\x0f\xbd\x14QQb\x8f'), status=UserStatusOffline(was_online=datetime.datetime(2024, 11, 21, 22, 59, 42, tzinfo=datetime.timezone.utc)), bot_info_version=None, restriction_reason=[], bot_inline_placeholder=None, lang_code=None, emoji_status=None, usernames=[], stories_max_id=None, color=None, profile_color=None, bot_active_users=None)])
2025-01-18 10:32:29.523 | INFO     | __main__:check_core:197 - waiting for 3 seconds
2025-01-18 10:32:29.524 | INFO     | __main__:check_core:199 - 号码 919051552442 是有效的 Telegram 用户。
2025-01-18 10:32:29.801 | INFO     | __main__:check_phone_numbers:238 - Checking 11 / 2000: 917980864168
2025-01-18 10:32:30.372 | INFO     | __main__:check_core:193 - ImportedContacts(imported=[ImportedContact(user_id=7737132207, client_id=0)], popular_invites=[], retry_contacts=[], users=[User(id=7737132207, is_self=False, contact=True, mutual_contact=False, deleted=False, bot=False, bot_chat_history=False, bot_nochats=False, verified=False, restricted=False, min=False, bot_inline_geo=False, support=False, scam=False, apply_min_photo=True, fake=False, bot_attach_menu=False, premium=False, attach_menu_enabled=False, bot_can_edit=False, close_friend=False, stories_hidden=False, stories_unavailable=True, contact_require_premium=False, bot_business=False, bot_has_main_app=False, access_hash=-6610175942630844162, first_name='Hank', last_name='Rodriguez', username=None, phone='917980864168', photo=None, status=UserStatusOffline(was_online=datetime.datetime(2024, 11, 10, 17, 30, 32, tzinfo=datetime.timezone.utc)), bot_info_version=None, restriction_reason=[], bot_inline_placeholder=None, lang_code=None, emoji_status=None, usernames=[], stories_max_id=None, color=None, profile_color=None, bot_active_users=None)])
2025-01-18 10:32:33.372 | INFO     | __main__:check_core:197 - waiting for 3 seconds
2025-01-18 10:32:33.373 | INFO     | __main__:check_core:199 - 号码 917980864168 是有效的 Telegram 用户。
2025-01-18 10:32:34.177 | INFO     | __main__:check_core:193 - ImportedContacts(imported=[ImportedContact(user_id=5889421107, client_id=0)], popular_invites=[], retry_contacts=[], users=[User(id=5889421107, is_self=False, contact=True, mutual_contact=False, deleted=False, bot=False, bot_chat_history=False, bot_nochats=False, verified=False, restricted=False, min=False, bot_inline_geo=False, support=False, scam=False, apply_min_photo=True, fake=False, bot_attach_menu=False, premium=False, attach_menu_enabled=False, bot_can_edit=False, close_friend=False, stories_hidden=False, stories_unavailable=True, contact_require_premium=False, bot_business=False, bot_has_main_app=False, access_hash=-7978061938428593663, first_name='Grace', last_name='Miller', username=None, phone='919830648745', photo=UserProfilePhoto(photo_id=6102597805890714297, dc_id=5, has_video=False, personal=False, stripped_thumb=b'\x01\x08\x08K\xa9\xb8\xf9\x86\x18\x9e\x99\xce\x05\x14QRR?'), status=UserStatusOffline(was_online=datetime.datetime(2024, 9, 6, 13, 0, 7, tzinfo=datetime.timezone.utc)), bot_info_version=None, restriction_reason=[], bot_inline_placeholder=None, lang_code=None, emoji_status=None, usernames=[], stories_max_id=None, color=None, profile_color=None, bot_active_users=None)])
2025-01-18 10:32:35.181 | INFO     | __main__:check_core:197 - waiting for 1 seconds
2025-01-18 10:32:35.181 | INFO     | __main__:check_core:199 - 号码 919830648745 是有效的 Telegram 用户。
2025-01-18 10:32:35.460 | INFO     | __main__:check_phone_numbers:238 - Checking 12 / 2000: 919433578043
2025-01-18 10:32:36.130 | INFO     | __main__:check_core:193 - ImportedContacts(imported=[], popular_invites=[PopularContact(client_id=0, importers=70)], retry_contacts=[], users=[])
2025-01-18 10:32:38.135 | INFO     | __main__:check_core:197 - waiting for 2 seconds
2025-01-18 10:32:38.135 | ERROR    | __main__:check_core:208 - 号码 919433578043 未注册 Telegram。
2025-01-18 10:32:38.135 | INFO     | __main__:check_phone_numbers:238 - Checking 13 / 2000: 919433421012
2025-01-18 10:32:38.422 | INFO     | __main__:check_core:193 - ImportedContacts(imported=[ImportedContact(user_id=6809133234, client_id=0)], popular_invites=[], retry_contacts=[], users=[User(id=6809133234, is_self=False, contact=True, mutual_contact=False, deleted=False, bot=False, bot_chat_history=False, bot_nochats=False, verified=False, restricted=False, min=False, bot_inline_geo=False, support=False, scam=False, apply_min_photo=True, fake=False, bot_attach_menu=False, premium=False, attach_menu_enabled=False, bot_can_edit=False, close_friend=False, stories_hidden=False, stories_unavailable=True, contact_require_premium=False, bot_business=False, bot_has_main_app=False, access_hash=4524374600172778079, first_name='Jane', last_name='Smith', username=None, phone='919433421012', photo=None, status=UserStatusOffline(was_online=datetime.datetime(2024, 7, 5, 17, 21, 37, tzinfo=datetime.timezone.utc)), bot_info_version=None, restriction_reason=[], bot_inline_placeholder=None, lang_code=None, emoji_status=None, usernames=[], stories_max_id=None, color=None, profile_color=None, bot_active_users=None)])
2025-01-18 10:32:41.423 | INFO     | __main__:check_core:197 - waiting for 3 seconds
2025-01-18 10:32:41.423 | INFO     | __main__:check_core:199 - 号码 919433421012 是有效的 Telegram 用户。
2025-01-18 10:32:41.700 | INFO     | __main__:check_phone_numbers:238 - Checking 14 / 2000: 919123248937
2025-01-18 10:32:42.216 | INFO     | __main__:check_core:193 - ImportedContacts(imported=[ImportedContact(user_id=6970696918, client_id=0)], popular_invites=[], retry_contacts=[], users=[User(id=6970696918, is_self=False, contact=True, mutual_contact=False, deleted=False, bot=False, bot_chat_history=False, bot_nochats=False, verified=False, restricted=False, min=False, bot_inline_geo=False, support=False, scam=False, apply_min_photo=True, fake=False, bot_attach_menu=False, premium=False, attach_menu_enabled=False, bot_can_edit=False, close_friend=False, stories_hidden=False, stories_unavailable=True, contact_require_premium=False, bot_business=False, bot_has_main_app=False, access_hash=-449293723986485226, first_name='Grace', last_name='Johnson', username=None, phone='919123248937', photo=None, status=UserStatusOffline(was_online=datetime.datetime(2025, 1, 6, 2, 6, 8, tzinfo=datetime.timezone.utc)), bot_info_version=None, restriction_reason=[], bot_inline_placeholder=None, lang_code=None, emoji_status=None, usernames=[], stories_max_id=None, color=None, profile_color=None, bot_active_users=None)])
2025-01-18 10:32:44.218 | INFO     | __main__:check_core:197 - waiting for 2 seconds
2025-01-18 10:32:44.218 | INFO     | __main__:check_core:199 - 号码 919123248937 是有效的 Telegram 用户。
2025-01-18 10:32:44.495 | INFO     | __main__:check_phone_numbers:238 - Checking 15 / 2000: 919123059465
2025-01-18 10:32:45.163 | INFO     | __main__:check_core:193 - ImportedContacts(imported=[], popular_invites=[PopularContact(client_id=0, importers=199)], retry_contacts=[], users=[])
2025-01-18 10:32:48.169 | INFO     | __main__:check_core:197 - waiting for 3 seconds
2025-01-18 10:32:48.169 | ERROR    | __main__:check_core:208 - 号码 919123059465 未注册 Telegram。
2025-01-18 10:32:48.169 | INFO     | __main__:check_phone_numbers:238 - Checking 16 / 2000: 917003105391
2025-01-18 10:32:48.455 | INFO     | __main__:check_core:193 - ImportedContacts(imported=[ImportedContact(user_id=1089786397, client_id=0)], popular_invites=[], retry_contacts=[], users=[User(id=1089786397, is_self=False, contact=True, mutual_contact=False, deleted=False, bot=False, bot_chat_history=False, bot_nochats=False, verified=False, restricted=False, min=False, bot_inline_geo=False, support=False, scam=False, apply_min_photo=True, fake=False, bot_attach_menu=False, premium=False, attach_menu_enabled=False, bot_can_edit=False, close_friend=False, stories_hidden=False, stories_unavailable=True, contact_require_premium=False, bot_business=False, bot_has_main_app=False, access_hash=4352112874113848224, first_name='Frank', last_name='Smith', username='adityagiri23', phone='917003105391', photo=UserProfilePhoto(photo_id=6305347402160258357, dc_id=5, has_video=False, personal=False, stripped_thumb=b'\x01\x08\x08\xa6\xcaLK\xd7hL\xd1E\x15%\\'), status=UserStatusOffline(was_online=datetime.datetime(2024, 7, 4, 15, 11, 50, tzinfo=datetime.timezone.utc)), bot_info_version=None, restriction_reason=[], bot_inline_placeholder=None, lang_code=None, emoji_status=None, usernames=[], stories_max_id=None, color=None, profile_color=None, bot_active_users=None)])
2025-01-18 10:32:51.456 | INFO     | __main__:check_core:197 - waiting for 3 seconds
2025-01-18 10:32:51.457 | INFO     | __main__:check_core:199 - 号码 917003105391 是有效的 Telegram 用户。
2025-01-18 10:32:51.736 | INFO     | __main__:check_phone_numbers:238 - Checking 17 / 2000: 919903911857
2025-01-18 10:32:52.119 | INFO     | __main__:check_core:193 - ImportedContacts(imported=[], popular_invites=[PopularContact(client_id=0, importers=254)], retry_contacts=[], users=[])
2025-01-18 10:32:54.120 | INFO     | __main__:check_core:197 - waiting for 2 seconds
2025-01-18 10:32:54.120 | ERROR    | __main__:check_core:208 - 号码 919903911857 未注册 Telegram。
2025-01-18 10:32:54.120 | INFO     | __main__:check_phone_numbers:238 - Checking 18 / 2000: 919831012333
2025-01-18 10:32:54.503 | INFO     | __main__:check_core:193 - ImportedContacts(imported=[], popular_invites=[PopularContact(client_id=0, importers=1000)], retry_contacts=[], users=[])
2025-01-18 10:32:57.505 | INFO     | __main__:check_core:197 - waiting for 3 seconds
2025-01-18 10:32:57.506 | ERROR    | __main__:check_core:208 - 号码 919831012333 未注册 Telegram。
2025-01-18 10:32:57.506 | INFO     | __main__:check_phone_numbers:238 - Checking 19 / 2000: 919836465275
2025-01-18 10:32:57.894 | INFO     | __main__:check_core:193 - ImportedContacts(imported=[], popular_invites=[PopularContact(client_id=0, importers=1000)], retry_contacts=[], users=[])
2025-01-18 10:32:58.896 | INFO     | __main__:check_core:197 - waiting for 1 seconds
2025-01-18 10:32:58.896 | ERROR    | __main__:check_core:208 - 号码 919836465275 未注册 Telegram。
2025-01-18 10:32:58.896 | INFO     | __main__:check_phone_numbers:238 - Checking 20 / 2000: 919836058533
2025-01-18 10:32:59.536 | INFO     | __main__:check_core:193 - ImportedContacts(imported=[], popular_invites=[PopularContact(client_id=0, importers=414)], retry_contacts=[], users=[])
2025-01-18 10:33:02.537 | INFO     | __main__:check_core:197 - waiting for 3 seconds
2025-01-18 10:33:02.537 | ERROR    | __main__:check_core:208 - 号码 919836058533 未注册 Telegram。
2025-01-18 10:33:02.537 | INFO     | __main__:check_phone_numbers:238 - Checking 21 / 2000: 919007473033
2025-01-18 10:33:02.821 | INFO     | __main__:check_core:193 - ImportedContacts(imported=[ImportedContact(user_id=6273373135, client_id=0)], popular_invites=[], retry_contacts=[], users=[User(id=6273373135, is_self=False, contact=True, mutual_contact=False, deleted=False, bot=False, bot_chat_history=False, bot_nochats=False, verified=False, restricted=False, min=False, bot_inline_geo=False, support=False, scam=False, apply_min_photo=True, fake=False, bot_attach_menu=False, premium=False, attach_menu_enabled=False, bot_can_edit=False, close_friend=False, stories_hidden=False, stories_unavailable=True, contact_require_premium=False, bot_business=False, bot_has_main_app=False, access_hash=-7358151796077394977, first_name='Frank', last_name='Jones', username=None, phone='919007473033', photo=None, status=UserStatusOffline(was_online=datetime.datetime(2023, 10, 6, 15, 43, 11, tzinfo=datetime.timezone.utc)), bot_info_version=None, restriction_reason=[], bot_inline_placeholder=None, lang_code=None, emoji_status=None, usernames=[], stories_max_id=None, color=None, profile_color=None, bot_active_users=None)])
2025-01-18 10:33:03.821 | INFO     | __main__:check_core:197 - waiting for 1 seconds
2025-01-18 10:33:03.822 | INFO     | __main__:check_core:199 - 号码 919007473033 是有效的 Telegram 用户。
2025-01-18 10:33:04.618 | INFO     | __main__:check_core:193 - ImportedContacts(imported=[ImportedContact(user_id=6959344174, client_id=0)], popular_invites=[], retry_contacts=[], users=[User(id=6959344174, is_self=False, contact=True, mutual_contact=False, deleted=False, bot=False, bot_chat_history=False, bot_nochats=False, verified=False, restricted=False, min=False, bot_inline_geo=False, support=False, scam=False, apply_min_photo=True, fake=False, bot_attach_menu=False, premium=False, attach_menu_enabled=False, bot_can_edit=False, close_friend=False, stories_hidden=False, stories_unavailable=True, contact_require_premium=False, bot_business=False, bot_has_main_app=False, access_hash=3997910477560877042, first_name='John', last_name='Brown', username=None, phone='919123517291', photo=None, status=UserStatusOffline(was_online=datetime.datetime(2024, 12, 14, 18, 8, 15, tzinfo=datetime.timezone.utc)), bot_info_version=None, restriction_reason=[], bot_inline_placeholder=None, lang_code=None, emoji_status=None, usernames=[], stories_max_id=None, color=None, profile_color=None, bot_active_users=None)])
2025-01-18 10:33:06.618 | INFO     | __main__:check_core:197 - waiting for 2 seconds
2025-01-18 10:33:06.619 | INFO     | __main__:check_core:199 - 号码 919123517291 是有效的 Telegram 用户。
2025-01-18 10:33:06.897 | INFO     | __main__:check_phone_numbers:238 - Checking 22 / 2000: 919830148412
