2025-01-18 10:59:24.350 | INFO     | __main__:check_phone_numbers:199 - Checking 1 / 1976: 918902557232
2025-01-18 10:59:24.353 | INFO     | __main__:check_core:148 - waiting for 9 seconds before import contacts
2025-01-18 10:59:33.786 | INFO     | __main__:check_core:153 - ImportedContacts(imported=[], popular_invites=[PopularContact(client_id=0, importers=72)], retry_contacts=[], users=[])
2025-01-18 10:59:33.786 | ERROR    | __main__:check_core:169 - 号码 918902557232 未注册 Telegram。
2025-01-18 10:59:33.787 | INFO     | __main__:check_core:148 - waiting for 12 seconds before import contacts
2025-01-18 10:59:46.248 | INFO     | __main__:check_core:153 - ImportedContacts(imported=[ImportedContact(user_id=7055102026, client_id=0)], popular_invites=[], retry_contacts=[], users=[User(id=7055102026, is_self=False, contact=True, mutual_contact=False, deleted=False, bot=False, bot_chat_history=False, bot_nochats=False, verified=False, restricted=False, min=False, bot_inline_geo=False, support=False, scam=False, apply_min_photo=True, fake=False, bot_attach_menu=False, premium=False, attach_menu_enabled=False, bot_can_edit=False, close_friend=False, stories_hidden=False, stories_unavailable=True, contact_require_premium=False, bot_business=False, bot_has_main_app=False, access_hash=7501140137840819178, first_name='Charlie', last_name='Williams', username=None, phone='918348412132', photo=UserProfilePhoto(photo_id=6100265161907616478, dc_id=5, has_video=False, personal=False, stripped_thumb=b'\x01\x08\x08V\xb3\x03r\xa8\xe4\x9d\xc5\x8f\x7fj(\xa2\x90\x1f'), status=UserStatusOffline(was_online=datetime.datetime(2024, 11, 8, 2, 16, 10, tzinfo=datetime.timezone.utc)), bot_info_version=None, restriction_reason=[], bot_inline_placeholder=None, lang_code=None, emoji_status=None, usernames=[], stories_max_id=None, color=None, profile_color=None, bot_active_users=None)])
2025-01-18 10:59:46.249 | INFO     | __main__:check_core:157 - 号码 918348412132 是有效的 Telegram 用户。
2025-01-18 10:59:46.249 | INFO     | __main__:check_core:161 - waiting for 9 seconds before delete contacts
2025-01-18 10:59:55.616 | INFO     | __main__:check_phone_numbers:199 - Checking 2 / 1976: 916290346913
2025-01-18 10:59:55.616 | INFO     | __main__:check_core:148 - waiting for 7 seconds before import contacts
2025-01-18 11:00:02.999 | INFO     | __main__:check_core:153 - ImportedContacts(imported=[ImportedContact(user_id=6348349429, client_id=0)], popular_invites=[], retry_contacts=[], users=[User(id=6348349429, is_self=False, contact=True, mutual_contact=False, deleted=False, bot=False, bot_chat_history=False, bot_nochats=False, verified=False, restricted=False, min=False, bot_inline_geo=False, support=False, scam=False, apply_min_photo=True, fake=False, bot_attach_menu=False, premium=False, attach_menu_enabled=False, bot_can_edit=False, close_friend=False, stories_hidden=False, stories_unavailable=True, contact_require_premium=False, bot_business=False, bot_has_main_app=False, access_hash=251466194210546488, first_name='John', last_name='Jones', username=None, phone='916290346913', photo=None, status=UserStatusOffline(was_online=datetime.datetime(2024, 12, 21, 18, 34, 15, tzinfo=datetime.timezone.utc)), bot_info_version=None, restriction_reason=[], bot_inline_placeholder=None, lang_code=None, emoji_status=None, usernames=[], stories_max_id=None, color=None, profile_color=None, bot_active_users=None)])
2025-01-18 11:00:02.999 | INFO     | __main__:check_core:157 - 号码 916290346913 是有效的 Telegram 用户。
2025-01-18 11:00:02.999 | INFO     | __main__:check_core:161 - waiting for 8 seconds before delete contacts
2025-01-18 11:00:11.394 | INFO     | __main__:check_phone_numbers:199 - Checking 3 / 1976: 918017226388
2025-01-18 11:00:11.394 | INFO     | __main__:check_core:148 - waiting for 11 seconds before import contacts
2025-01-18 11:00:22.861 | INFO     | __main__:check_core:153 - ImportedContacts(imported=[], popular_invites=[PopularContact(client_id=0, importers=22)], retry_contacts=[], users=[])
2025-01-18 11:00:22.861 | ERROR    | __main__:check_core:169 - 号码 918017226388 未注册 Telegram。
2025-01-18 11:00:22.861 | INFO     | __main__:check_phone_numbers:199 - Checking 4 / 1976: 919836241730
2025-01-18 11:00:22.870 | INFO     | __main__:check_core:148 - waiting for 13 seconds before import contacts
2025-01-18 11:00:36.373 | INFO     | __main__:check_core:153 - ImportedContacts(imported=[], popular_invites=[PopularContact(client_id=0, importers=110)], retry_contacts=[], users=[])
2025-01-18 11:00:36.373 | ERROR    | __main__:check_core:169 - 号码 919836241730 未注册 Telegram。
2025-01-18 11:00:36.373 | INFO     | __main__:check_phone_numbers:199 - Checking 5 / 1976: 918910940098
2025-01-18 11:00:36.373 | INFO     | __main__:check_core:148 - waiting for 9 seconds before import contacts
2025-01-18 11:00:45.706 | INFO     | __main__:check_core:153 - ImportedContacts(imported=[ImportedContact(user_id=7695777590, client_id=0)], popular_invites=[], retry_contacts=[], users=[User(id=7695777590, is_self=False, contact=True, mutual_contact=False, deleted=False, bot=False, bot_chat_history=False, bot_nochats=False, verified=False, restricted=False, min=False, bot_inline_geo=False, support=False, scam=False, apply_min_photo=True, fake=False, bot_attach_menu=False, premium=False, attach_menu_enabled=False, bot_can_edit=False, close_friend=False, stories_hidden=False, stories_unavailable=True, contact_require_premium=False, bot_business=False, bot_has_main_app=False, access_hash=6131944573118741686, first_name='Alice', last_name='Miller', username=None, phone='918910940098', photo=None, status=UserStatusOffline(was_online=datetime.datetime(2025, 1, 10, 17, 39, 52, tzinfo=datetime.timezone.utc)), bot_info_version=None, restriction_reason=[], bot_inline_placeholder=None, lang_code=None, emoji_status=None, usernames=[], stories_max_id=None, color=None, profile_color=None, bot_active_users=None)])
2025-01-18 11:00:45.706 | INFO     | __main__:check_core:157 - 号码 918910940098 是有效的 Telegram 用户。
2025-01-18 11:00:45.706 | INFO     | __main__:check_core:161 - waiting for 11 seconds before delete contacts
2025-01-18 11:00:57.076 | INFO     | __main__:check_phone_numbers:199 - Checking 6 / 1976: 919433587862
2025-01-18 11:00:57.077 | INFO     | __main__:check_core:148 - waiting for 6 seconds before import contacts
2025-01-18 11:01:03.614 | INFO     | __main__:check_core:153 - ImportedContacts(imported=[], popular_invites=[PopularContact(client_id=0, importers=53)], retry_contacts=[], users=[])
2025-01-18 11:01:03.614 | ERROR    | __main__:check_core:169 - 号码 919433587862 未注册 Telegram。
2025-01-18 11:01:03.614 | INFO     | __main__:check_phone_numbers:199 - Checking 7 / 1976: 919836777110
2025-01-18 11:01:03.614 | INFO     | __main__:check_core:148 - waiting for 10 seconds before import contacts
2025-01-18 11:01:14.048 | INFO     | __main__:check_core:153 - ImportedContacts(imported=[], popular_invites=[PopularContact(client_id=0, importers=19)], retry_contacts=[], users=[])
2025-01-18 11:01:14.048 | ERROR    | __main__:check_core:169 - 号码 919836777110 未注册 Telegram。
2025-01-18 11:01:14.049 | INFO     | __main__:check_phone_numbers:199 - Checking 8 / 1976: 919831082536
2025-01-18 11:01:14.051 | INFO     | __main__:check_core:148 - waiting for 11 seconds before import contacts
2025-01-18 11:01:25.478 | INFO     | __main__:check_core:153 - ImportedContacts(imported=[], popular_invites=[PopularContact(client_id=0, importers=120)], retry_contacts=[], users=[])
2025-01-18 11:01:25.478 | ERROR    | __main__:check_core:169 - 号码 919831082536 未注册 Telegram。
2025-01-18 11:01:25.478 | INFO     | __main__:check_phone_numbers:199 - Checking 9 / 1976: 919007293256
2025-01-18 11:01:25.478 | INFO     | __main__:check_core:148 - waiting for 9 seconds before import contacts
2025-01-18 11:01:34.828 | INFO     | __main__:check_core:153 - ImportedContacts(imported=[ImportedContact(user_id=6912721066, client_id=0)], popular_invites=[], retry_contacts=[], users=[User(id=6912721066, is_self=False, contact=True, mutual_contact=False, deleted=False, bot=False, bot_chat_history=False, bot_nochats=False, verified=False, restricted=False, min=False, bot_inline_geo=False, support=False, scam=False, apply_min_photo=True, fake=False, bot_attach_menu=False, premium=False, attach_menu_enabled=False, bot_can_edit=False, close_friend=False, stories_hidden=False, stories_unavailable=True, contact_require_premium=False, bot_business=False, bot_has_main_app=False, access_hash=-8742234221578830094, first_name='Eve', last_name='Jones', username=None, phone='919007293256', photo=UserProfilePhoto(photo_id=6316423792104159550, dc_id=5, has_video=False, personal=False, stripped_thumb=b'\x01\x08\x08\xbe\x1c}\xa3v\xe1\xf6s\x17\x07\xf8z\xd1E\x14\x01'), status=UserStatusOffline(was_online=datetime.datetime(2024, 10, 15, 11, 18, 4, tzinfo=datetime.timezone.utc)), bot_info_version=None, restriction_reason=[], bot_inline_placeholder=None, lang_code=None, emoji_status=None, usernames=[], stories_max_id=None, color=None, profile_color=None, bot_active_users=None)])
2025-01-18 11:01:34.829 | INFO     | __main__:check_core:157 - 号码 919007293256 是有效的 Telegram 用户。
2025-01-18 11:01:34.829 | INFO     | __main__:check_core:161 - waiting for 5 seconds before delete contacts
2025-01-18 11:01:40.160 | INFO     | __main__:check_phone_numbers:199 - Checking 10 / 1976: 918017186926
2025-01-18 11:01:40.160 | INFO     | __main__:check_core:148 - waiting for 10 seconds before import contacts
2025-01-18 11:01:50.488 | INFO     | __main__:check_core:153 - ImportedContacts(imported=[ImportedContact(user_id=1012903256, client_id=0)], popular_invites=[], retry_contacts=[], users=[User(id=1012903256, is_self=False, contact=True, mutual_contact=False, deleted=False, bot=False, bot_chat_history=False, bot_nochats=False, verified=False, restricted=False, min=False, bot_inline_geo=False, support=False, scam=False, apply_min_photo=True, fake=False, bot_attach_menu=False, premium=False, attach_menu_enabled=False, bot_can_edit=False, close_friend=False, stories_hidden=False, stories_unavailable=True, contact_require_premium=False, bot_business=False, bot_has_main_app=False, access_hash=-6422484229722083567, first_name='Alice', last_name='Martinez', username=None, phone='918017186926', photo=None, status=UserStatusLastMonth(by_me=False), bot_info_version=None, restriction_reason=[], bot_inline_placeholder=None, lang_code=None, emoji_status=None, usernames=[], stories_max_id=None, color=None, profile_color=None, bot_active_users=None)])
2025-01-18 11:01:50.488 | INFO     | __main__:check_core:157 - 号码 918017186926 是有效的 Telegram 用户。
2025-01-18 11:01:50.488 | INFO     | __main__:check_core:161 - waiting for 5 seconds before delete contacts
2025-01-18 11:01:55.807 | INFO     | __main__:check_phone_numbers:199 - Checking 11 / 1976: 919038118542
2025-01-18 11:01:55.808 | INFO     | __main__:check_core:148 - waiting for 6 seconds before import contacts
2025-01-18 11:02:02.154 | INFO     | __main__:check_core:153 - ImportedContacts(imported=[ImportedContact(user_id=6006010046, client_id=0)], popular_invites=[], retry_contacts=[], users=[User(id=6006010046, is_self=False, contact=True, mutual_contact=False, deleted=False, bot=False, bot_chat_history=False, bot_nochats=False, verified=False, restricted=False, min=False, bot_inline_geo=False, support=False, scam=False, apply_min_photo=True, fake=False, bot_attach_menu=False, premium=False, attach_menu_enabled=False, bot_can_edit=False, close_friend=False, stories_hidden=False, stories_unavailable=True, contact_require_premium=False, bot_business=False, bot_has_main_app=False, access_hash=8676654800129279578, first_name='Charlie', last_name='Miller', username=None, phone='919038118542', photo=None, status=UserStatusOffline(was_online=datetime.datetime(2024, 6, 22, 10, 40, 47, tzinfo=datetime.timezone.utc)), bot_info_version=None, restriction_reason=[], bot_inline_placeholder=None, lang_code=None, emoji_status=None, usernames=[], stories_max_id=None, color=None, profile_color=None, bot_active_users=None)])
2025-01-18 11:02:02.155 | INFO     | __main__:check_core:157 - 号码 919038118542 是有效的 Telegram 用户。
2025-01-18 11:02:02.160 | INFO     | __main__:check_core:161 - waiting for 9 seconds before delete contacts
2025-01-18 11:02:11.615 | INFO     | __main__:check_core:148 - waiting for 10 seconds before import contacts
2025-01-18 11:02:21.952 | INFO     | __main__:check_core:153 - ImportedContacts(imported=[ImportedContact(user_id=2039879727, client_id=0)], popular_invites=[], retry_contacts=[], users=[User(id=2039879727, is_self=False, contact=True, mutual_contact=False, deleted=False, bot=False, bot_chat_history=False, bot_nochats=False, verified=False, restricted=False, min=False, bot_inline_geo=False, support=False, scam=False, apply_min_photo=True, fake=False, bot_attach_menu=False, premium=False, attach_menu_enabled=False, bot_can_edit=False, close_friend=False, stories_hidden=False, stories_unavailable=True, contact_require_premium=False, bot_business=False, bot_has_main_app=False, access_hash=-2232853078201897507, first_name='Bob', last_name='Miller', username=None, phone='919163253738', photo=UserProfilePhoto(photo_id=6289497461009526274, dc_id=5, has_video=False, personal=False, stripped_thumb=b'\x01\x08\x08d,Z\xe8\x04bpA\xc9\xed\xebE\x14P3'), status=UserStatusOffline(was_online=datetime.datetime(2024, 5, 17, 12, 18, 8, tzinfo=datetime.timezone.utc)), bot_info_version=None, restriction_reason=[], bot_inline_placeholder=None, lang_code=None, emoji_status=None, usernames=[], stories_max_id=None, color=None, profile_color=None, bot_active_users=None)])
2025-01-18 11:02:21.955 | INFO     | __main__:check_core:157 - 号码 919163253738 是有效的 Telegram 用户。
2025-01-18 11:02:21.955 | INFO     | __main__:check_core:161 - waiting for 7 seconds before delete contacts
2025-01-18 11:02:29.314 | INFO     | __main__:check_phone_numbers:199 - Checking 12 / 1976: 919748045687
2025-01-18 11:02:29.315 | INFO     | __main__:check_core:148 - waiting for 7 seconds before import contacts
2025-01-18 11:02:36.751 | INFO     | __main__:check_core:153 - ImportedContacts(imported=[], popular_invites=[PopularContact(client_id=0, importers=14)], retry_contacts=[], users=[])
2025-01-18 11:02:36.751 | ERROR    | __main__:check_core:169 - 号码 919748045687 未注册 Telegram。
2025-01-18 11:02:36.752 | INFO     | __main__:check_phone_numbers:199 - Checking 13 / 1976: 918017410955
2025-01-18 11:02:36.753 | INFO     | __main__:check_core:148 - waiting for 7 seconds before import contacts
2025-01-18 11:02:44.195 | INFO     | __main__:check_core:153 - ImportedContacts(imported=[], popular_invites=[PopularContact(client_id=0, importers=75)], retry_contacts=[], users=[])
2025-01-18 11:02:44.195 | ERROR    | __main__:check_core:169 - 号码 918017410955 未注册 Telegram。
2025-01-18 11:02:44.195 | INFO     | __main__:check_phone_numbers:199 - Checking 14 / 1976: 917003991710
2025-01-18 11:02:44.196 | INFO     | __main__:check_core:148 - waiting for 9 seconds before import contacts
2025-01-18 11:02:53.536 | INFO     | __main__:check_core:153 - ImportedContacts(imported=[ImportedContact(user_id=7267876584, client_id=0)], popular_invites=[], retry_contacts=[], users=[User(id=7267876584, is_self=False, contact=True, mutual_contact=False, deleted=False, bot=False, bot_chat_history=False, bot_nochats=False, verified=False, restricted=False, min=False, bot_inline_geo=False, support=False, scam=False, apply_min_photo=True, fake=False, bot_attach_menu=False, premium=False, attach_menu_enabled=False, bot_can_edit=False, close_friend=False, stories_hidden=False, stories_unavailable=True, contact_require_premium=False, bot_business=False, bot_has_main_app=False, access_hash=5314737731163192538, first_name='Grace', last_name='Williams', username=None, phone='917003991710', photo=None, status=UserStatusOffline(was_online=datetime.datetime(2025, 1, 17, 12, 25, 57, tzinfo=datetime.timezone.utc)), bot_info_version=None, restriction_reason=[], bot_inline_placeholder=None, lang_code=None, emoji_status=None, usernames=[], stories_max_id=None, color=None, profile_color=None, bot_active_users=None)])
2025-01-18 11:02:53.537 | INFO     | __main__:check_core:157 - 号码 917003991710 是有效的 Telegram 用户。
2025-01-18 11:02:53.537 | INFO     | __main__:check_core:161 - waiting for 10 seconds before delete contacts
2025-01-18 11:03:03.860 | INFO     | __main__:check_phone_numbers:199 - Checking 15 / 1976: 919038848934
2025-01-18 11:03:03.860 | INFO     | __main__:check_core:148 - waiting for 13 seconds before import contacts
2025-01-18 11:03:17.274 | INFO     | __main__:check_core:153 - ImportedContacts(imported=[ImportedContact(user_id=7310301378, client_id=0)], popular_invites=[], retry_contacts=[], users=[User(id=7310301378, is_self=False, contact=True, mutual_contact=False, deleted=False, bot=False, bot_chat_history=False, bot_nochats=False, verified=False, restricted=False, min=False, bot_inline_geo=False, support=False, scam=False, apply_min_photo=True, fake=False, bot_attach_menu=False, premium=False, attach_menu_enabled=False, bot_can_edit=False, close_friend=False, stories_hidden=False, stories_unavailable=True, contact_require_premium=False, bot_business=False, bot_has_main_app=False, access_hash=-8203436831590805314, first_name='Frank', last_name='Davis', username=None, phone='919038848934', photo=None, status=UserStatusOffline(was_online=datetime.datetime(2024, 6, 25, 8, 33, 56, tzinfo=datetime.timezone.utc)), bot_info_version=None, restriction_reason=[], bot_inline_placeholder=None, lang_code=None, emoji_status=None, usernames=[], stories_max_id=None, color=None, profile_color=None, bot_active_users=None)])
2025-01-18 11:03:17.275 | INFO     | __main__:check_core:157 - 号码 919038848934 是有效的 Telegram 用户。
2025-01-18 11:03:17.275 | INFO     | __main__:check_core:161 - waiting for 11 seconds before delete contacts
2025-01-18 11:03:28.616 | INFO     | __main__:check_phone_numbers:199 - Checking 16 / 1976: 919330335042
2025-01-18 11:03:28.617 | INFO     | __main__:check_core:148 - waiting for 8 seconds before import contacts
2025-01-18 11:03:37.021 | INFO     | __main__:check_core:153 - ImportedContacts(imported=[ImportedContact(user_id=5492263362, client_id=0)], popular_invites=[], retry_contacts=[], users=[User(id=5492263362, is_self=False, contact=True, mutual_contact=False, deleted=False, bot=False, bot_chat_history=False, bot_nochats=False, verified=False, restricted=False, min=False, bot_inline_geo=False, support=False, scam=False, apply_min_photo=True, fake=False, bot_attach_menu=False, premium=False, attach_menu_enabled=False, bot_can_edit=False, close_friend=False, stories_hidden=False, stories_unavailable=True, contact_require_premium=False, bot_business=False, bot_has_main_app=False, access_hash=1742897513074791718, first_name='Grace', last_name='Davis', username=None, phone='919330335042', photo=UserProfilePhoto(photo_id=6124898165149775961, dc_id=5, has_video=False, personal=False, stripped_thumb=b'\x01\x08\x08\x8auw\xe7vOOj(\xa2\x93\x1a?'), status=UserStatusOffline(was_online=datetime.datetime(2025, 1, 15, 14, 33, 21, tzinfo=datetime.timezone.utc)), bot_info_version=None, restriction_reason=[], bot_inline_placeholder=None, lang_code=None, emoji_status=None, usernames=[], stories_max_id=None, color=None, profile_color=None, bot_active_users=None)])
2025-01-18 11:03:37.021 | INFO     | __main__:check_core:157 - 号码 919330335042 是有效的 Telegram 用户。
2025-01-18 11:03:37.021 | INFO     | __main__:check_core:161 - waiting for 9 seconds before delete contacts
2025-01-18 11:03:46.441 | INFO     | __main__:check_phone_numbers:199 - Checking 17 / 1976: 918348625149
2025-01-18 11:03:46.442 | INFO     | __main__:check_core:148 - waiting for 11 seconds before import contacts
2025-01-18 11:03:57.867 | INFO     | __main__:check_core:153 - ImportedContacts(imported=[], popular_invites=[PopularContact(client_id=0, importers=11)], retry_contacts=[], users=[])
2025-01-18 11:03:57.867 | ERROR    | __main__:check_core:169 - 号码 918348625149 未注册 Telegram。
2025-01-18 11:03:57.868 | INFO     | __main__:check_phone_numbers:199 - Checking 18 / 1976: 919123184862
2025-01-18 11:03:57.868 | INFO     | __main__:check_core:148 - waiting for 9 seconds before import contacts
2025-01-18 11:04:07.325 | INFO     | __main__:check_core:153 - ImportedContacts(imported=[], popular_invites=[PopularContact(client_id=0, importers=135)], retry_contacts=[], users=[])
2025-01-18 11:04:07.325 | ERROR    | __main__:check_core:169 - 号码 919123184862 未注册 Telegram。
2025-01-18 11:04:07.325 | INFO     | __main__:check_phone_numbers:199 - Checking 19 / 1976: 919073867037
2025-01-18 11:04:07.325 | INFO     | __main__:check_core:148 - waiting for 9 seconds before import contacts
2025-01-18 11:04:16.794 | INFO     | __main__:check_core:153 - ImportedContacts(imported=[ImportedContact(user_id=6787889821, client_id=0)], popular_invites=[], retry_contacts=[], users=[User(id=6787889821, is_self=False, contact=True, mutual_contact=False, deleted=False, bot=False, bot_chat_history=False, bot_nochats=False, verified=False, restricted=False, min=False, bot_inline_geo=False, support=False, scam=False, apply_min_photo=True, fake=False, bot_attach_menu=False, premium=False, attach_menu_enabled=False, bot_can_edit=False, close_friend=False, stories_hidden=False, stories_unavailable=True, contact_require_premium=False, bot_business=False, bot_has_main_app=False, access_hash=-3242083070603194581, first_name='Charlie', last_name='Johnson', username=None, phone='919073867037', photo=None, status=UserStatusOffline(was_online=datetime.datetime(2025, 1, 16, 19, 35, 34, tzinfo=datetime.timezone.utc)), bot_info_version=None, restriction_reason=[], bot_inline_placeholder=None, lang_code=None, emoji_status=None, usernames=[], stories_max_id=None, color=None, profile_color=None, bot_active_users=None)])
2025-01-18 11:04:16.794 | INFO     | __main__:check_core:157 - 号码 919073867037 是有效的 Telegram 用户。
2025-01-18 11:04:16.800 | INFO     | __main__:check_core:161 - waiting for 6 seconds before delete contacts
2025-01-18 11:04:23.139 | INFO     | __main__:check_phone_numbers:199 - Checking 20 / 1976: 917980476580
2025-01-18 11:04:23.139 | INFO     | __main__:check_core:148 - waiting for 9 seconds before import contacts
2025-01-18 11:04:32.466 | INFO     | __main__:check_core:153 - ImportedContacts(imported=[ImportedContact(user_id=5901047197, client_id=0)], popular_invites=[], retry_contacts=[], users=[User(id=5901047197, is_self=False, contact=True, mutual_contact=False, deleted=False, bot=False, bot_chat_history=False, bot_nochats=False, verified=False, restricted=False, min=False, bot_inline_geo=False, support=False, scam=False, apply_min_photo=True, fake=False, bot_attach_menu=False, premium=False, attach_menu_enabled=False, bot_can_edit=False, close_friend=False, stories_hidden=False, stories_unavailable=True, contact_require_premium=False, bot_business=False, bot_has_main_app=False, access_hash=-4593139452100482813, first_name='Eve', last_name='Jones', username=None, phone='917980476580', photo=None, status=UserStatusOffline(was_online=datetime.datetime(2025, 1, 16, 9, 17, 34, tzinfo=datetime.timezone.utc)), bot_info_version=None, restriction_reason=[], bot_inline_placeholder=None, lang_code=None, emoji_status=None, usernames=[], stories_max_id=None, color=None, profile_color=None, bot_active_users=None)])
2025-01-18 11:04:32.466 | INFO     | __main__:check_core:157 - 号码 917980476580 是有效的 Telegram 用户。
2025-01-18 11:04:32.466 | INFO     | __main__:check_core:161 - waiting for 10 seconds before delete contacts
2025-01-18 11:04:43.259 | INFO     | __main__:check_phone_numbers:199 - Checking 21 / 1976: 919330423864
2025-01-18 11:04:43.260 | INFO     | __main__:check_core:148 - waiting for 13 seconds before import contacts
2025-01-18 11:04:56.696 | INFO     | __main__:check_core:153 - ImportedContacts(imported=[ImportedContact(user_id=5509932428, client_id=0)], popular_invites=[], retry_contacts=[], users=[User(id=5509932428, is_self=False, contact=True, mutual_contact=False, deleted=False, bot=False, bot_chat_history=False, bot_nochats=False, verified=False, restricted=False, min=False, bot_inline_geo=False, support=False, scam=False, apply_min_photo=True, fake=False, bot_attach_menu=False, premium=False, attach_menu_enabled=False, bot_can_edit=False, close_friend=False, stories_hidden=False, stories_unavailable=True, contact_require_premium=False, bot_business=False, bot_has_main_app=False, access_hash=-8123532512745292790, first_name='Eve', last_name='Miller', username=None, phone='919330423864', photo=None, status=UserStatusRecently(by_me=False), bot_info_version=None, restriction_reason=[], bot_inline_placeholder=None, lang_code=None, emoji_status=None, usernames=[], stories_max_id=None, color=None, profile_color=None, bot_active_users=None)])
2025-01-18 11:04:56.696 | INFO     | __main__:check_core:157 - 号码 919330423864 是有效的 Telegram 用户。
2025-01-18 11:04:56.696 | INFO     | __main__:check_core:161 - waiting for 10 seconds before delete contacts
2025-01-18 11:05:07.012 | INFO     | __main__:check_core:148 - waiting for 7 seconds before import contacts
2025-01-18 11:05:14.402 | INFO     | __main__:check_core:153 - ImportedContacts(imported=[ImportedContact(user_id=5984358178, client_id=0)], popular_invites=[], retry_contacts=[], users=[User(id=5984358178, is_self=False, contact=True, mutual_contact=False, deleted=False, bot=False, bot_chat_history=False, bot_nochats=False, verified=False, restricted=False, min=False, bot_inline_geo=False, support=False, scam=False, apply_min_photo=True, fake=False, bot_attach_menu=False, premium=False, attach_menu_enabled=False, bot_can_edit=False, close_friend=False, stories_hidden=False, stories_unavailable=True, contact_require_premium=False, bot_business=False, bot_has_main_app=False, access_hash=-5660667274435141869, first_name='Alice', last_name='Johnson', username=None, phone='916290567101', photo=None, status=UserStatusOffline(was_online=datetime.datetime(2023, 11, 24, 4, 9, 44, tzinfo=datetime.timezone.utc)), bot_info_version=None, restriction_reason=[], bot_inline_placeholder=None, lang_code=None, emoji_status=None, usernames=[], stories_max_id=None, color=None, profile_color=None, bot_active_users=None)])
2025-01-18 11:05:14.408 | INFO     | __main__:check_core:157 - 号码 916290567101 是有效的 Telegram 用户。
2025-01-18 11:05:14.408 | INFO     | __main__:check_core:161 - waiting for 6 seconds before delete contacts
2025-01-18 11:05:20.748 | INFO     | __main__:check_phone_numbers:199 - Checking 22 / 1976: 918017326711
2025-01-18 11:05:20.749 | INFO     | __main__:check_core:148 - waiting for 8 seconds before import contacts
2025-01-18 11:05:29.199 | INFO     | __main__:check_core:153 - ImportedContacts(imported=[], popular_invites=[PopularContact(client_id=0, importers=40)], retry_contacts=[], users=[])
2025-01-18 11:05:29.200 | ERROR    | __main__:check_core:169 - 号码 918017326711 未注册 Telegram。
2025-01-18 11:05:29.200 | INFO     | __main__:check_phone_numbers:199 - Checking 23 / 1976: 917980179874
2025-01-18 11:05:29.203 | INFO     | __main__:check_core:148 - waiting for 7 seconds before import contacts
2025-01-18 11:05:36.522 | ERROR    | __main__:check_phone_numbers:216 - 检测失败: The authorization has been invalidated, because of the user terminating all sessions (caused by ImportContactsRequest)
