2025-01-19 08:07:54.811 | INFO     | __main__:check_phone_numbers:218 - Checking 0->100 / 6919
2025-01-19 08:07:54.812 | INFO     | __main__:check_core:145 - waiting for 14.65134291187077 seconds before import contacts
2025-01-19 08:08:09.464 | INFO     | __main__:check_core:147 - importing contacts: [<telethon.tl.types.InputPhoneContact object at 0x75c8a3f29a60>, <telethon.tl.types.InputPhoneContact object at 0x75c8a3f2a240>, <telethon.tl.types.InputPhoneContact object at 0x75c8a3f283e0>, <telethon.tl.types.InputPhoneContact object at 0x75c8a3f2a750>, <telethon.tl.types.InputPhoneContact object at 0x75c8a3f2a000>, <telethon.tl.types.InputPhoneContact object at 0x75c8a3f2a600>, <telethon.tl.types.InputPhoneContact object at 0x75c8a3f2a660>, <telethon.tl.types.InputPhoneContact object at 0x75c8a3f2a360>, <telethon.tl.types.InputPhoneContact object at 0x75c8a3f2ad20>, <telethon.tl.types.InputPhoneContact object at 0x75c8a3f2adb0>, <telethon.tl.types.InputPhoneContact object at 0x75c8a3f2ae40>, <telethon.tl.types.InputPhoneContact object at 0x75c8a3f2aea0>, <telethon.tl.types.InputPhoneContact object at 0x75c8a3f2af30>, <telethon.tl.types.InputPhoneContact object at 0x75c8a3f2af90>, <telethon.tl.types.InputPhoneContact object at 0x75c8a3f2b020>, <telethon.tl.types.InputPhoneContact object at 0x75c8a3f2b0b0>, <telethon.tl.types.InputPhoneContact object at 0x75c8a3f2b140>, <telethon.tl.types.InputPhoneContact object at 0x75c8a3f2b1d0>, <telethon.tl.types.InputPhoneContact object at 0x75c8a3f2b260>, <telethon.tl.types.InputPhoneContact object at 0x75c8a3f2b2f0>, <telethon.tl.types.InputPhoneContact object at 0x75c8a3f2b350>, <telethon.tl.types.InputPhoneContact object at 0x75c8a3f2b3e0>, <telethon.tl.types.InputPhoneContact object at 0x75c8a3f2b470>, <telethon.tl.types.InputPhoneContact object at 0x75c8a3f2b500>, <telethon.tl.types.InputPhoneContact object at 0x75c8a3f2b560>, <telethon.tl.types.InputPhoneContact object at 0x75c8a3f2b5f0>, <telethon.tl.types.InputPhoneContact object at 0x75c8a3f2b6b0>, <telethon.tl.types.InputPhoneContact object at 0x75c8a3f2b740>, <telethon.tl.types.InputPhoneContact object at 0x75c8a3f2b800>, <telethon.tl.types.InputPhoneContact object at 0x75c8a3f2b8c0>, <telethon.tl.types.InputPhoneContact object at 0x75c8a3f2b980>, <telethon.tl.types.InputPhoneContact object at 0x75c8a3f2ba40>, <telethon.tl.types.InputPhoneContact object at 0x75c8a3f2bb00>, <telethon.tl.types.InputPhoneContact object at 0x75c8a3f2bbc0>, <telethon.tl.types.InputPhoneContact object at 0x75c8a3f2bc80>, <telethon.tl.types.InputPhoneContact object at 0x75c8a3f2bd10>, <telethon.tl.types.InputPhoneContact object at 0x75c8a3f2bdd0>, <telethon.tl.types.InputPhoneContact object at 0x75c8a3f2be90>, <telethon.tl.types.InputPhoneContact object at 0x75c8a3f2bf20>, <telethon.tl.types.InputPhoneContact object at 0x75c8a3f2bfe0>, <telethon.tl.types.InputPhoneContact object at 0x75c8a3c9c0e0>, <telethon.tl.types.InputPhoneContact object at 0x75c8a3c9c170>, <telethon.tl.types.InputPhoneContact object at 0x75c8a3c9c230>, <telethon.tl.types.InputPhoneContact object at 0x75c8a3c9c2f0>, <telethon.tl.types.InputPhoneContact object at 0x75c8a3c9c3b0>, <telethon.tl.types.InputPhoneContact object at 0x75c8a3c9c470>, <telethon.tl.types.InputPhoneContact object at 0x75c8a3c9c530>, <telethon.tl.types.InputPhoneContact object at 0x75c8a3c9c5c0>, <telethon.tl.types.InputPhoneContact object at 0x75c8a3c9c680>, <telethon.tl.types.InputPhoneContact object at 0x75c8a3c9c740>, <telethon.tl.types.InputPhoneContact object at 0x75c8a3c9c800>, <telethon.tl.types.InputPhoneContact object at 0x75c8a3c9c8c0>, <telethon.tl.types.InputPhoneContact object at 0x75c8a3c9c980>, <telethon.tl.types.InputPhoneContact object at 0x75c8a3c9ca40>, <telethon.tl.types.InputPhoneContact object at 0x75c8a3c9cb00>, <telethon.tl.types.InputPhoneContact object at 0x75c8a3c9cb90>, <telethon.tl.types.InputPhoneContact object at 0x75c8a3c9cc50>, <telethon.tl.types.InputPhoneContact object at 0x75c8a3c9cd10>, <telethon.tl.types.InputPhoneContact object at 0x75c8a3c9cdd0>, <telethon.tl.types.InputPhoneContact object at 0x75c8a3c9ce60>, <telethon.tl.types.InputPhoneContact object at 0x75c8a3c9cef0>, <telethon.tl.types.InputPhoneContact object at 0x75c8a3c9cfb0>, <telethon.tl.types.InputPhoneContact object at 0x75c8a3c9d070>, <telethon.tl.types.InputPhoneContact object at 0x75c8a3c9d130>, <telethon.tl.types.InputPhoneContact object at 0x75c8a3c9d1c0>, <telethon.tl.types.InputPhoneContact object at 0x75c8a3c9d280>, <telethon.tl.types.InputPhoneContact object at 0x75c8a3c9d340>, <telethon.tl.types.InputPhoneContact object at 0x75c8a3c9d3d0>, <telethon.tl.types.InputPhoneContact object at 0x75c8a3c9d490>, <telethon.tl.types.InputPhoneContact object at 0x75c8a3c9d550>, <telethon.tl.types.InputPhoneContact object at 0x75c8a3c9d610>, <telethon.tl.types.InputPhoneContact object at 0x75c8a3c9d6d0>, <telethon.tl.types.InputPhoneContact object at 0x75c8a3c9d790>, <telethon.tl.types.InputPhoneContact object at 0x75c8a3c9d820>, <telethon.tl.types.InputPhoneContact object at 0x75c8a3c9d8e0>, <telethon.tl.types.InputPhoneContact object at 0x75c8a3c9d970>, <telethon.tl.types.InputPhoneContact object at 0x75c8a3c9da30>, <telethon.tl.types.InputPhoneContact object at 0x75c8a3c9dac0>, <telethon.tl.types.InputPhoneContact object at 0x75c8a3c9db80>, <telethon.tl.types.InputPhoneContact object at 0x75c8a3c9dc40>, <telethon.tl.types.InputPhoneContact object at 0x75c8a3c9dd00>, <telethon.tl.types.InputPhoneContact object at 0x75c8a3c9ddc0>, <telethon.tl.types.InputPhoneContact object at 0x75c8a3c9de50>, <telethon.tl.types.InputPhoneContact object at 0x75c8a3c9dee0>, <telethon.tl.types.InputPhoneContact object at 0x75c8a3c9dfa0>, <telethon.tl.types.InputPhoneContact object at 0x75c8a3c9e060>, <telethon.tl.types.InputPhoneContact object at 0x75c8a3c9e120>, <telethon.tl.types.InputPhoneContact object at 0x75c8a3c9e1e0>, <telethon.tl.types.InputPhoneContact object at 0x75c8a3c9e2a0>, <telethon.tl.types.InputPhoneContact object at 0x75c8a3c9e360>, <telethon.tl.types.InputPhoneContact object at 0x75c8a3c9e420>, <telethon.tl.types.InputPhoneContact object at 0x75c8a3c9e4e0>, <telethon.tl.types.InputPhoneContact object at 0x75c8a3c9e570>, <telethon.tl.types.InputPhoneContact object at 0x75c8a3c9e630>, <telethon.tl.types.InputPhoneContact object at 0x75c8a3c9e6c0>, <telethon.tl.types.InputPhoneContact object at 0x75c8a3c9e780>, <telethon.tl.types.InputPhoneContact object at 0x75c8a3c9e810>, <telethon.tl.types.InputPhoneContact object at 0x75c8a3c9e8d0>, <telethon.tl.types.InputPhoneContact object at 0x75c8a3c9e990>, <telethon.tl.types.InputPhoneContact object at 0x75c8a3c9ea50>]
2025-01-19 08:08:09.914 | INFO     | __main__:check_core:150 - ImportedContacts(imported=[ImportedContact(user_id=6358775300, client_id=75326508)], popular_invites=[], retry_contacts=[75326508, 75326508, 75326508, 75326508, 75326508, 75326508, 75326508, 75326508, 75326508, 75326508, 75326508, 75326508, 75326508, 75326508, 75326508, 75326508, 75326508, 75326508, 75326508, 75326508, 75326508, 75326508, 75326508, 75326508, 75326508, 75326508, 75326508, 75326508, 75326508, 75326508, 75326508, 75326508, 75326508, 75326508, 75326508, 75326508, 75326508, 75326508, 75326508, 75326508, 75326508, 75326508, 75326508, 75326508, 75326508, 75326508, 75326508, 75326508, 75326508, 75326508, 75326508, 75326508, 75326508, 75326508, 75326508, 75326508, 75326508, 75326508, 75326508, 75326508, 75326508, 75326508, 75326508, 75326508, 75326508, 75326508, 75326508, 75326508, 75326508, 75326508, 75326508, 75326508, 75326508, 75326508, 75326508, 75326508, 75326508, 75326508, 75326508, 75326508, 75326508, 75326508, 75326508, 75326508, 75326508, 75326508, 75326508, 75326508, 75326508, 75326508, 75326508, 75326508, 75326508, 75326508, 75326508, 75326508, 75326508, 75326508, 75326508], users=[User(id=6358775300, is_self=False, contact=True, mutual_contact=False, deleted=False, bot=False, bot_chat_history=False, bot_nochats=False, verified=False, restricted=False, min=False, bot_inline_geo=False, support=False, scam=False, apply_min_photo=True, fake=False, bot_attach_menu=False, premium=False, attach_menu_enabled=False, bot_can_edit=False, close_friend=False, stories_hidden=False, stories_unavailable=True, contact_require_premium=False, bot_business=False, bot_has_main_app=False, access_hash=-1670692791755301142, first_name='OSXs', last_name='ilogY', username=None, phone='919073508087', photo=UserProfilePhoto(photo_id=6246705503543607679, dc_id=5, has_video=False, personal=False, stripped_thumb=b'\x01\x08\x08c\xa6\x02\xa8Fd\xcf9\xa2\x8a)\\v?'), status=UserStatusOffline(was_online=datetime.datetime(2024, 12, 14, 15, 31, 10, tzinfo=datetime.timezone.utc)), bot_info_version=None, restriction_reason=[], bot_inline_placeholder=None, lang_code=None, emoji_status=None, usernames=[], stories_max_id=None, color=None, profile_color=None, bot_active_users=None)])
2025-01-19 08:08:09.914 | INFO     | __main__:check_core:153 - waiting for 24.70304665778699 seconds before import contacts
2025-01-19 08:08:34.618 | INFO     | __main__:check_core:161 - 号码 919073508087 已注册 Telegram
2025-01-19 08:08:34.618 | INFO     | __main__:check_core:165 - 号码 919163495380 未注册 Telegram
2025-01-19 08:08:34.618 | INFO     | __main__:check_core:165 - 号码 918617542874 未注册 Telegram
2025-01-19 08:08:34.618 | INFO     | __main__:check_core:165 - 号码 919903642312 未注册 Telegram
2025-01-19 08:08:34.618 | INFO     | __main__:check_core:165 - 号码 917550061570 未注册 Telegram
2025-01-19 08:08:34.618 | INFO     | __main__:check_core:165 - 号码 919330601239 未注册 Telegram
2025-01-19 08:08:34.618 | INFO     | __main__:check_core:165 - 号码 919433573851 未注册 Telegram
2025-01-19 08:08:34.618 | INFO     | __main__:check_core:165 - 号码 918017015152 未注册 Telegram
2025-01-19 08:08:34.618 | INFO     | __main__:check_core:165 - 号码 918910692748 未注册 Telegram
2025-01-19 08:08:34.618 | INFO     | __main__:check_core:165 - 号码 919051552442 未注册 Telegram
2025-01-19 08:08:34.618 | INFO     | __main__:check_core:165 - 号码 917980864168 未注册 Telegram
2025-01-19 08:08:34.619 | INFO     | __main__:check_core:165 - 号码 919433578043 未注册 Telegram
2025-01-19 08:08:34.619 | INFO     | __main__:check_core:165 - 号码 919433421012 未注册 Telegram
2025-01-19 08:08:34.619 | INFO     | __main__:check_core:165 - 号码 919123248937 未注册 Telegram
2025-01-19 08:08:34.619 | INFO     | __main__:check_core:165 - 号码 919123059465 未注册 Telegram
2025-01-19 08:08:34.619 | INFO     | __main__:check_core:165 - 号码 917003105391 未注册 Telegram
2025-01-19 08:08:34.619 | INFO     | __main__:check_core:165 - 号码 919903911857 未注册 Telegram
2025-01-19 08:08:34.619 | INFO     | __main__:check_core:165 - 号码 919831012333 未注册 Telegram
2025-01-19 08:08:34.619 | INFO     | __main__:check_core:165 - 号码 919836465275 未注册 Telegram
2025-01-19 08:08:34.619 | INFO     | __main__:check_core:165 - 号码 919836058533 未注册 Telegram
2025-01-19 08:08:34.619 | INFO     | __main__:check_core:165 - 号码 919007473033 未注册 Telegram
2025-01-19 08:08:34.619 | INFO     | __main__:check_core:165 - 号码 919830148412 未注册 Telegram
2025-01-19 08:08:34.619 | INFO     | __main__:check_core:165 - 号码 917550051694 未注册 Telegram
2025-01-19 08:08:34.619 | INFO     | __main__:check_core:165 - 号码 918617085737 未注册 Telegram
2025-01-19 08:08:34.619 | INFO     | __main__:check_core:165 - 号码 918420038470 未注册 Telegram
2025-01-19 08:08:34.619 | INFO     | __main__:check_core:165 - 号码 919831222095 未注册 Telegram
2025-01-19 08:08:34.620 | INFO     | __main__:check_core:165 - 号码 917980394830 未注册 Telegram
2025-01-19 08:08:34.620 | INFO     | __main__:check_core:165 - 号码 917980762691 未注册 Telegram
2025-01-19 08:08:34.620 | INFO     | __main__:check_core:165 - 号码 917890780196 未注册 Telegram
2025-01-19 08:08:34.620 | INFO     | __main__:check_core:165 - 号码 919433137980 未注册 Telegram
2025-01-19 08:08:34.620 | INFO     | __main__:check_core:165 - 号码 919051031831 未注册 Telegram
2025-01-19 08:08:34.620 | INFO     | __main__:check_core:165 - 号码 917003186230 未注册 Telegram
2025-01-19 08:08:34.620 | INFO     | __main__:check_core:165 - 号码 918910864971 未注册 Telegram
2025-01-19 08:08:34.620 | INFO     | __main__:check_core:165 - 号码 917003604258 未注册 Telegram
2025-01-19 08:08:34.620 | INFO     | __main__:check_core:165 - 号码 919062796965 未注册 Telegram
2025-01-19 08:08:34.620 | INFO     | __main__:check_core:165 - 号码 919748827660 未注册 Telegram
2025-01-19 08:08:34.620 | INFO     | __main__:check_core:165 - 号码 917980082944 未注册 Telegram
2025-01-19 08:08:34.620 | INFO     | __main__:check_core:165 - 号码 919836148666 未注册 Telegram
2025-01-19 08:08:34.620 | INFO     | __main__:check_core:165 - 号码 919123982313 未注册 Telegram
2025-01-19 08:08:34.620 | INFO     | __main__:check_core:165 - 号码 918582915428 未注册 Telegram
2025-01-19 08:08:34.621 | INFO     | __main__:check_core:165 - 号码 919836079444 未注册 Telegram
2025-01-19 08:08:34.621 | INFO     | __main__:check_core:165 - 号码 917044095432 未注册 Telegram
2025-01-19 08:08:34.621 | INFO     | __main__:check_core:165 - 号码 919830693002 未注册 Telegram
2025-01-19 08:08:34.621 | INFO     | __main__:check_core:165 - 号码 919875521241 未注册 Telegram
2025-01-19 08:08:34.621 | INFO     | __main__:check_core:165 - 号码 919831199632 未注册 Telegram
2025-01-19 08:08:34.621 | INFO     | __main__:check_core:165 - 号码 919903933111 未注册 Telegram
2025-01-19 08:08:34.621 | INFO     | __main__:check_core:165 - 号码 918910720226 未注册 Telegram
2025-01-19 08:08:34.621 | INFO     | __main__:check_core:165 - 号码 918910644687 未注册 Telegram
2025-01-19 08:08:34.621 | INFO     | __main__:check_core:165 - 号码 919330817327 未注册 Telegram
2025-01-19 08:08:34.621 | INFO     | __main__:check_core:165 - 号码 918583888134 未注册 Telegram
2025-01-19 08:08:34.621 | INFO     | __main__:check_core:165 - 号码 919163965372 未注册 Telegram
2025-01-19 08:08:34.621 | INFO     | __main__:check_core:165 - 号码 916291641653 未注册 Telegram
2025-01-19 08:08:34.621 | INFO     | __main__:check_core:165 - 号码 919123305722 未注册 Telegram
2025-01-19 08:08:34.621 | INFO     | __main__:check_core:165 - 号码 917550187682 未注册 Telegram
2025-01-19 08:08:34.622 | INFO     | __main__:check_core:165 - 号码 919830055909 未注册 Telegram
2025-01-19 08:08:34.622 | INFO     | __main__:check_core:165 - 号码 918334008956 未注册 Telegram
2025-01-19 08:08:34.622 | INFO     | __main__:check_core:165 - 号码 919163588947 未注册 Telegram
2025-01-19 08:08:34.622 | INFO     | __main__:check_core:165 - 号码 919836679513 未注册 Telegram
2025-01-19 08:08:34.622 | INFO     | __main__:check_core:165 - 号码 918336892432 未注册 Telegram
2025-01-19 08:08:34.622 | INFO     | __main__:check_core:165 - 号码 919163054045 未注册 Telegram
2025-01-19 08:08:34.622 | INFO     | __main__:check_core:165 - 号码 919874982535 未注册 Telegram
2025-01-19 08:08:34.622 | INFO     | __main__:check_core:165 - 号码 919836746280 未注册 Telegram
2025-01-19 08:08:34.622 | INFO     | __main__:check_core:165 - 号码 919831133599 未注册 Telegram
2025-01-19 08:08:34.622 | INFO     | __main__:check_core:165 - 号码 919830616390 未注册 Telegram
2025-01-19 08:08:34.622 | INFO     | __main__:check_core:165 - 号码 919123155178 未注册 Telegram
2025-01-19 08:08:34.622 | INFO     | __main__:check_core:165 - 号码 918240678156 未注册 Telegram
2025-01-19 08:08:34.622 | INFO     | __main__:check_core:165 - 号码 919330849126 未注册 Telegram
2025-01-19 08:08:34.623 | INFO     | __main__:check_core:165 - 号码 918017715057 未注册 Telegram
2025-01-19 08:08:34.623 | INFO     | __main__:check_core:165 - 号码 919831033590 未注册 Telegram
2025-01-19 08:08:34.623 | INFO     | __main__:check_core:165 - 号码 919830570472 未注册 Telegram
2025-01-19 08:08:34.623 | INFO     | __main__:check_core:165 - 号码 919903333146 未注册 Telegram
2025-01-19 08:08:34.623 | INFO     | __main__:check_core:165 - 号码 919073399765 未注册 Telegram
2025-01-19 08:08:34.623 | INFO     | __main__:check_core:165 - 号码 919038841718 未注册 Telegram
2025-01-19 08:08:34.623 | INFO     | __main__:check_core:165 - 号码 919477751235 未注册 Telegram
2025-01-19 08:08:34.623 | INFO     | __main__:check_core:165 - 号码 919163808486 未注册 Telegram
2025-01-19 08:08:34.623 | INFO     | __main__:check_core:165 - 号码 919830429172 未注册 Telegram
2025-01-19 08:08:34.623 | INFO     | __main__:check_core:165 - 号码 916290718056 未注册 Telegram
2025-01-19 08:08:34.623 | INFO     | __main__:check_core:165 - 号码 919433801448 未注册 Telegram
2025-01-19 08:08:34.623 | INFO     | __main__:check_core:165 - 号码 919163902108 未注册 Telegram
2025-01-19 08:08:34.623 | INFO     | __main__:check_core:165 - 号码 918584097225 未注册 Telegram
2025-01-19 08:08:34.623 | INFO     | __main__:check_core:165 - 号码 919062906683 未注册 Telegram
2025-01-19 08:08:34.624 | INFO     | __main__:check_core:165 - 号码 919748178217 未注册 Telegram
2025-01-19 08:08:34.624 | INFO     | __main__:check_core:165 - 号码 917044344610 未注册 Telegram
2025-01-19 08:08:34.624 | INFO     | __main__:check_core:165 - 号码 919748300543 未注册 Telegram
2025-01-19 08:08:34.624 | INFO     | __main__:check_core:165 - 号码 917003763998 未注册 Telegram
2025-01-19 08:08:34.624 | INFO     | __main__:check_core:165 - 号码 919831126665 未注册 Telegram
2025-01-19 08:08:34.624 | INFO     | __main__:check_core:165 - 号码 919836420013 未注册 Telegram
2025-01-19 08:08:34.624 | INFO     | __main__:check_core:165 - 号码 919163892107 未注册 Telegram
2025-01-19 08:08:34.624 | INFO     | __main__:check_core:165 - 号码 916290114204 未注册 Telegram
2025-01-19 08:08:34.624 | INFO     | __main__:check_core:165 - 号码 919748808861 未注册 Telegram
2025-01-19 08:08:34.624 | INFO     | __main__:check_core:165 - 号码 919748787412 未注册 Telegram
2025-01-19 08:08:34.624 | INFO     | __main__:check_core:165 - 号码 919831476064 未注册 Telegram
2025-01-19 08:08:34.624 | INFO     | __main__:check_core:165 - 号码 916291320647 未注册 Telegram
2025-01-19 08:08:34.624 | INFO     | __main__:check_core:165 - 号码 919831449194 未注册 Telegram
2025-01-19 08:08:34.624 | INFO     | __main__:check_core:165 - 号码 918777435525 未注册 Telegram
2025-01-19 08:08:34.625 | INFO     | __main__:check_core:165 - 号码 919830078849 未注册 Telegram
2025-01-19 08:08:34.625 | INFO     | __main__:check_core:165 - 号码 919830572232 未注册 Telegram
2025-01-19 08:08:34.625 | INFO     | __main__:check_core:165 - 号码 919433308402 未注册 Telegram
2025-01-19 08:08:34.625 | INFO     | __main__:check_core:165 - 号码 919051308269 未注册 Telegram
2025-01-19 08:08:34.625 | INFO     | __main__:check_core:165 - 号码 917003676500 未注册 Telegram
2025-01-19 08:08:34.872 | INFO     | __main__:check_core:170 - waiting for 25.650398843014965 seconds before delete contacts
2025-01-19 08:09:00.523 | INFO     | __main__:check_phone_numbers:218 - Checking 100->200 / 6919
2025-01-19 08:09:00.527 | INFO     | __main__:check_core:145 - waiting for 19.86825755795356 seconds before import contacts
