2025-01-18 10:39:54.712 | INFO     | __main__:check_phone_numbers:241 - Checking 1 / 2000: 919073508087
2025-01-18 10:39:54.977 | INFO     | __main__:check_core:196 - ImportedContacts(imported=[ImportedContact(user_id=6358775300, client_id=0)], popular_invites=[], retry_contacts=[], users=[User(id=6358775300, is_self=False, contact=True, mutual_contact=False, deleted=False, bot=False, bot_chat_history=False, bot_nochats=False, verified=False, restricted=False, min=False, bot_inline_geo=False, support=False, scam=False, apply_min_photo=True, fake=False, bot_attach_menu=False, premium=False, attach_menu_enabled=False, bot_can_edit=False, close_friend=False, stories_hidden=False, stories_unavailable=True, contact_require_premium=False, bot_business=False, bot_has_main_app=False, access_hash=8944498507187062168, first_name='Grace', last_name='Smith', username=None, phone='919073508087', photo=UserProfilePhoto(photo_id=6246705503543607679, dc_id=5, has_video=False, personal=False, stripped_thumb=b'\x01\x08\x08c\xa6\x02\xa8Fd\xcf9\xa2\x8a)\\v?'), status=UserStatusOffline(was_online=datetime.datetime(2024, 12, 14, 15, 31, 10, tzinfo=datetime.timezone.utc)), bot_info_version=None, restriction_reason=[], bot_inline_placeholder=None, lang_code=None, emoji_status=None, usernames=[], stories_max_id=None, color=None, profile_color=None, bot_active_users=None)])
2025-01-18 10:39:59.977 | INFO     | __main__:check_core:200 - waiting for 5 seconds
2025-01-18 10:39:59.977 | INFO     | __main__:check_core:202 - 号码 919073508087 是有效的 Telegram 用户。
2025-01-18 10:40:00.487 | INFO     | __main__:check_core:196 - ImportedContacts(imported=[ImportedContact(user_id=6007395067, client_id=0)], popular_invites=[], retry_contacts=[], users=[User(id=6007395067, is_self=False, contact=True, mutual_contact=False, deleted=False, bot=False, bot_chat_history=False, bot_nochats=False, verified=False, restricted=False, min=False, bot_inline_geo=False, support=False, scam=False, apply_min_photo=True, fake=False, bot_attach_menu=False, premium=False, attach_menu_enabled=False, bot_can_edit=False, close_friend=False, stories_hidden=False, stories_unavailable=True, contact_require_premium=False, bot_business=False, bot_has_main_app=False, access_hash=-1512930537407293761, first_name='Alice', last_name='Garcia', username=None, phone='919038216291', photo=UserProfilePhoto(photo_id=6172545248136378041, dc_id=5, has_video=False, personal=False, stripped_thumb=b'\x01\x08\x08\x90B\xa7\x0c[\xa7oJ(\xa2\x90\x9b?'), status=UserStatusOffline(was_online=datetime.datetime(2024, 11, 23, 4, 12, 49, tzinfo=datetime.timezone.utc)), bot_info_version=None, restriction_reason=[], bot_inline_placeholder=None, lang_code=None, emoji_status=None, usernames=[], stories_max_id=None, color=None, profile_color=None, bot_active_users=None)])
2025-01-18 10:40:09.487 | INFO     | __main__:check_core:200 - waiting for 9 seconds
2025-01-18 10:40:09.487 | INFO     | __main__:check_core:202 - 号码 919038216291 是有效的 Telegram 用户。
2025-01-18 10:40:09.737 | INFO     | __main__:check_phone_numbers:241 - Checking 2 / 2000: 919163495380
2025-01-18 10:40:10.091 | INFO     | __main__:check_core:196 - ImportedContacts(imported=[], popular_invites=[PopularContact(client_id=0, importers=77)], retry_contacts=[], users=[])
2025-01-18 10:40:17.091 | INFO     | __main__:check_core:200 - waiting for 7 seconds
2025-01-18 10:40:17.091 | ERROR    | __main__:check_core:211 - 号码 919163495380 未注册 Telegram。
2025-01-18 10:40:17.091 | INFO     | __main__:check_phone_numbers:241 - Checking 3 / 2000: 918617542874
2025-01-18 10:40:17.446 | INFO     | __main__:check_core:196 - ImportedContacts(imported=[], popular_invites=[PopularContact(client_id=0, importers=106)], retry_contacts=[], users=[])
2025-01-18 10:40:24.447 | INFO     | __main__:check_core:200 - waiting for 7 seconds
2025-01-18 10:40:24.447 | ERROR    | __main__:check_core:211 - 号码 918617542874 未注册 Telegram。
2025-01-18 10:40:24.447 | INFO     | __main__:check_phone_numbers:241 - Checking 4 / 2000: 919903642312
2025-01-18 10:40:24.797 | INFO     | __main__:check_core:196 - ImportedContacts(imported=[], popular_invites=[PopularContact(client_id=0, importers=60)], retry_contacts=[], users=[])
2025-01-18 10:40:36.797 | INFO     | __main__:check_core:200 - waiting for 12 seconds
2025-01-18 10:40:36.797 | ERROR    | __main__:check_core:211 - 号码 919903642312 未注册 Telegram。
2025-01-18 10:40:36.798 | INFO     | __main__:check_phone_numbers:241 - Checking 5 / 2000: 917550061570
2025-01-18 10:40:37.049 | INFO     | __main__:check_core:196 - ImportedContacts(imported=[ImportedContact(user_id=6919270548, client_id=0)], popular_invites=[], retry_contacts=[], users=[User(id=6919270548, is_self=False, contact=True, mutual_contact=False, deleted=False, bot=False, bot_chat_history=False, bot_nochats=False, verified=False, restricted=False, min=False, bot_inline_geo=False, support=False, scam=False, apply_min_photo=True, fake=False, bot_attach_menu=False, premium=False, attach_menu_enabled=False, bot_can_edit=False, close_friend=False, stories_hidden=False, stories_unavailable=True, contact_require_premium=False, bot_business=False, bot_has_main_app=False, access_hash=-5999118497311964755, first_name='Eve', last_name='Brown', username=None, phone='917550061570', photo=None, status=UserStatusOffline(was_online=datetime.datetime(2024, 5, 26, 19, 36, 9, tzinfo=datetime.timezone.utc)), bot_info_version=None, restriction_reason=[], bot_inline_placeholder=None, lang_code=None, emoji_status=None, usernames=[], stories_max_id=None, color=None, profile_color=None, bot_active_users=None)])
2025-01-18 10:40:46.050 | INFO     | __main__:check_core:200 - waiting for 9 seconds
2025-01-18 10:40:46.051 | INFO     | __main__:check_core:202 - 号码 917550061570 是有效的 Telegram 用户。
2025-01-18 10:40:46.294 | INFO     | __main__:check_phone_numbers:241 - Checking 6 / 2000: 919330601239
2025-01-18 10:40:46.545 | INFO     | __main__:check_core:196 - ImportedContacts(imported=[ImportedContact(user_id=6340486644, client_id=0)], popular_invites=[], retry_contacts=[], users=[User(id=6340486644, is_self=False, contact=True, mutual_contact=False, deleted=False, bot=False, bot_chat_history=False, bot_nochats=False, verified=False, restricted=False, min=False, bot_inline_geo=False, support=False, scam=False, apply_min_photo=True, fake=False, bot_attach_menu=False, premium=False, attach_menu_enabled=False, bot_can_edit=False, close_friend=False, stories_hidden=False, stories_unavailable=True, contact_require_premium=False, bot_business=False, bot_has_main_app=False, access_hash=5360991453218537243, first_name='Frank', last_name='Garcia', username=None, phone='919330601239', photo=None, status=UserStatusOffline(was_online=datetime.datetime(2024, 10, 22, 13, 29, 12, tzinfo=datetime.timezone.utc)), bot_info_version=None, restriction_reason=[], bot_inline_placeholder=None, lang_code=None, emoji_status=None, usernames=[], stories_max_id=None, color=None, profile_color=None, bot_active_users=None)])
2025-01-18 10:40:57.547 | INFO     | __main__:check_core:200 - waiting for 11 seconds
2025-01-18 10:40:57.550 | INFO     | __main__:check_core:202 - 号码 919330601239 是有效的 Telegram 用户。
2025-01-18 10:40:57.868 | INFO     | __main__:check_phone_numbers:241 - Checking 7 / 2000: 919433573851
2025-01-18 10:40:58.322 | INFO     | __main__:check_core:196 - ImportedContacts(imported=[], popular_invites=[PopularContact(client_id=0, importers=65)], retry_contacts=[], users=[])
2025-01-18 10:41:11.322 | INFO     | __main__:check_core:200 - waiting for 13 seconds
2025-01-18 10:41:11.322 | ERROR    | __main__:check_core:211 - 号码 919433573851 未注册 Telegram。
2025-01-18 10:41:11.323 | INFO     | __main__:check_phone_numbers:241 - Checking 8 / 2000: 918017015152
2025-01-18 10:41:11.578 | INFO     | __main__:check_core:196 - ImportedContacts(imported=[ImportedContact(user_id=6138514222, client_id=0)], popular_invites=[], retry_contacts=[], users=[User(id=6138514222, is_self=False, contact=True, mutual_contact=False, deleted=False, bot=False, bot_chat_history=False, bot_nochats=False, verified=False, restricted=False, min=False, bot_inline_geo=False, support=False, scam=False, apply_min_photo=True, fake=False, bot_attach_menu=False, premium=False, attach_menu_enabled=False, bot_can_edit=False, close_friend=False, stories_hidden=False, stories_unavailable=True, contact_require_premium=False, bot_business=False, bot_has_main_app=False, access_hash=-557821514364495819, first_name='John', last_name='Martinez', username=None, phone='918017015152', photo=None, status=UserStatusOffline(was_online=datetime.datetime(2025, 1, 18, 6, 40, 49, tzinfo=datetime.timezone.utc)), bot_info_version=None, restriction_reason=[], bot_inline_placeholder=None, lang_code=None, emoji_status=None, usernames=[], stories_max_id=None, color=None, profile_color=None, bot_active_users=None)])
2025-01-18 10:41:19.579 | INFO     | __main__:check_core:200 - waiting for 8 seconds
2025-01-18 10:41:19.579 | INFO     | __main__:check_core:202 - 号码 918017015152 是有效的 Telegram 用户。
2025-01-18 10:41:19.825 | INFO     | __main__:check_phone_numbers:241 - Checking 9 / 2000: 918910692748
2025-01-18 10:41:20.076 | INFO     | __main__:check_core:196 - ImportedContacts(imported=[ImportedContact(user_id=788443871, client_id=0)], popular_invites=[], retry_contacts=[], users=[User(id=788443871, is_self=False, contact=True, mutual_contact=False, deleted=False, bot=False, bot_chat_history=False, bot_nochats=False, verified=False, restricted=False, min=False, bot_inline_geo=False, support=False, scam=False, apply_min_photo=True, fake=False, bot_attach_menu=False, premium=False, attach_menu_enabled=False, bot_can_edit=False, close_friend=False, stories_hidden=False, stories_unavailable=True, contact_require_premium=False, bot_business=False, bot_has_main_app=False, access_hash=-5587517010505756544, first_name='Grace', last_name='Miller', username='Sid_Shankar', phone='918910692748', photo=UserProfilePhoto(photo_id=3386340641132881834, dc_id=5, has_video=False, personal=False, stripped_thumb=b'\x01\x08\x08\xa6&\n\xdd\x07=h\xa2\x8a`\x7f'), status=UserStatusOffline(was_online=datetime.datetime(2025, 1, 18, 10, 37, 51, tzinfo=datetime.timezone.utc)), bot_info_version=None, restriction_reason=[], bot_inline_placeholder=None, lang_code=None, emoji_status=None, usernames=[], stories_max_id=None, color=None, profile_color=None, bot_active_users=None)])
2025-01-18 10:41:30.077 | INFO     | __main__:check_core:200 - waiting for 10 seconds
2025-01-18 10:41:30.079 | INFO     | __main__:check_core:202 - 号码 918910692748 是有效的 Telegram 用户。
2025-01-18 10:41:30.345 | ERROR    | __main__:check_phone_numbers:258 - 检测失败: The user has been deleted/deactivated (caused by DeleteContactsRequest)
