2025-01-19 08:09:29.800 | INFO     | __main__:check_phone_numbers:217 - Checking 0->50 / 6919
2025-01-19 08:09:29.801 | INFO     | __main__:check_core:145 - waiting for 13.83660022117693 seconds before import contacts
2025-01-19 08:09:43.638 | INFO     | __main__:check_core:147 - importing contacts: [<telethon.tl.types.InputPhoneContact object at 0x71cf718227b0>, <telethon.tl.types.InputPhoneContact object at 0x71cf71822b40>, <telethon.tl.types.InputPhoneContact object at 0x71cf718220f0>, <telethon.tl.types.InputPhoneContact object at 0x71cf71821dc0>, <telethon.tl.types.InputPhoneContact object at 0x71cf71822420>, <telethon.tl.types.InputPhoneContact object at 0x71cf71822930>, <telethon.tl.types.InputPhoneContact object at 0x71cf71822660>, <telethon.tl.types.InputPhoneContact object at 0x71cf71823020>, <telethon.tl.types.InputPhoneContact object at 0x71cf718230b0>, <telethon.tl.types.InputPhoneContact object at 0x71cf71823140>, <telethon.tl.types.InputPhoneContact object at 0x71cf718231d0>, <telethon.tl.types.InputPhoneContact object at 0x71cf71823260>, <telethon.tl.types.InputPhoneContact object at 0x71cf718232f0>, <telethon.tl.types.InputPhoneContact object at 0x71cf71823380>, <telethon.tl.types.InputPhoneContact object at 0x71cf71823410>, <telethon.tl.types.InputPhoneContact object at 0x71cf718234a0>, <telethon.tl.types.InputPhoneContact object at 0x71cf71823530>, <telethon.tl.types.InputPhoneContact object at 0x71cf718235c0>, <telethon.tl.types.InputPhoneContact object at 0x71cf71823650>, <telethon.tl.types.InputPhoneContact object at 0x71cf718236e0>, <telethon.tl.types.InputPhoneContact object at 0x71cf71823770>, <telethon.tl.types.InputPhoneContact object at 0x71cf71823800>, <telethon.tl.types.InputPhoneContact object at 0x71cf71823890>, <telethon.tl.types.InputPhoneContact object at 0x71cf71823920>, <telethon.tl.types.InputPhoneContact object at 0x71cf718239b0>, <telethon.tl.types.InputPhoneContact object at 0x71cf71823a40>, <telethon.tl.types.InputPhoneContact object at 0x71cf71823ad0>, <telethon.tl.types.InputPhoneContact object at 0x71cf71823b90>, <telethon.tl.types.InputPhoneContact object at 0x71cf71823c20>, <telethon.tl.types.InputPhoneContact object at 0x71cf71823ce0>, <telethon.tl.types.InputPhoneContact object at 0x71cf71823da0>, <telethon.tl.types.InputPhoneContact object at 0x71cf71823e60>, <telethon.tl.types.InputPhoneContact object at 0x71cf71823f20>, <telethon.tl.types.InputPhoneContact object at 0x71cf71823fe0>, <telethon.tl.types.InputPhoneContact object at 0x71cf7159c0e0>, <telethon.tl.types.InputPhoneContact object at 0x71cf7159c1a0>, <telethon.tl.types.InputPhoneContact object at 0x71cf7159c260>, <telethon.tl.types.InputPhoneContact object at 0x71cf7159c320>, <telethon.tl.types.InputPhoneContact object at 0x71cf7159c3e0>, <telethon.tl.types.InputPhoneContact object at 0x71cf7159c4a0>, <telethon.tl.types.InputPhoneContact object at 0x71cf7159c560>, <telethon.tl.types.InputPhoneContact object at 0x71cf7159c5f0>, <telethon.tl.types.InputPhoneContact object at 0x71cf7159c6b0>, <telethon.tl.types.InputPhoneContact object at 0x71cf7159c770>, <telethon.tl.types.InputPhoneContact object at 0x71cf7159c830>, <telethon.tl.types.InputPhoneContact object at 0x71cf7159c8f0>, <telethon.tl.types.InputPhoneContact object at 0x71cf7159c9b0>, <telethon.tl.types.InputPhoneContact object at 0x71cf7159ca40>, <telethon.tl.types.InputPhoneContact object at 0x71cf7159cb00>, <telethon.tl.types.InputPhoneContact object at 0x71cf7159cbc0>]
2025-01-19 08:09:43.886 | INFO     | __main__:check_core:150 - ImportedContacts(imported=[ImportedContact(user_id=6358775300, client_id=95097651)], popular_invites=[], retry_contacts=[15300035, 68548034, 90117598, 85554272, 83965197, 99471444, 20564406, 91765754, 26042044, 46346768, 99940649, 67511548, 22540878, 17518299, 95477154, 65751418, 56915796, 66410252, 81644354, 59603867, 50263813, 26919092, 36252748, 77095821, 42685694, 95084311, 38547604, 34895652, 64548185, 59591909, 27767738, 78361718, 30218573, 72947993, 55786499, 70613702, 82997000, 65789697, 43637497, 16545054, 92335926, 65264589, 91538923, 57013243, 22343195, 99322337, 27955774, 41354719, 17601153], users=[User(id=6358775300, is_self=False, contact=True, mutual_contact=False, deleted=False, bot=False, bot_chat_history=False, bot_nochats=False, verified=False, restricted=False, min=False, bot_inline_geo=False, support=False, scam=False, apply_min_photo=True, fake=False, bot_attach_menu=False, premium=False, attach_menu_enabled=False, bot_can_edit=False, close_friend=False, stories_hidden=False, stories_unavailable=True, contact_require_premium=False, bot_business=False, bot_has_main_app=False, access_hash=-1670692791755301142, first_name='tIieR', last_name='WYPz', username=None, phone='919073508087', photo=UserProfilePhoto(photo_id=6246705503543607679, dc_id=5, has_video=False, personal=False, stripped_thumb=b'\x01\x08\x08c\xa6\x02\xa8Fd\xcf9\xa2\x8a)\\v?'), status=UserStatusOffline(was_online=datetime.datetime(2024, 12, 14, 15, 31, 10, tzinfo=datetime.timezone.utc)), bot_info_version=None, restriction_reason=[], bot_inline_placeholder=None, lang_code=None, emoji_status=None, usernames=[], stories_max_id=None, color=None, profile_color=None, bot_active_users=None)])
2025-01-19 08:09:43.886 | INFO     | __main__:check_core:153 - waiting for 25.819159723825397 seconds before import contacts
2025-01-19 08:10:09.708 | INFO     | __main__:check_core:161 - 号码 919073508087 已注册 Telegram
2025-01-19 08:10:09.708 | INFO     | __main__:check_core:165 - 号码 919163495380 未注册 Telegram
2025-01-19 08:10:09.708 | INFO     | __main__:check_core:165 - 号码 918617542874 未注册 Telegram
2025-01-19 08:10:09.708 | INFO     | __main__:check_core:165 - 号码 919903642312 未注册 Telegram
2025-01-19 08:10:09.708 | INFO     | __main__:check_core:165 - 号码 917550061570 未注册 Telegram
2025-01-19 08:10:09.708 | INFO     | __main__:check_core:165 - 号码 919330601239 未注册 Telegram
2025-01-19 08:10:09.708 | INFO     | __main__:check_core:165 - 号码 919433573851 未注册 Telegram
2025-01-19 08:10:09.708 | INFO     | __main__:check_core:165 - 号码 918017015152 未注册 Telegram
2025-01-19 08:10:09.708 | INFO     | __main__:check_core:165 - 号码 918910692748 未注册 Telegram
2025-01-19 08:10:09.708 | INFO     | __main__:check_core:165 - 号码 919051552442 未注册 Telegram
2025-01-19 08:10:09.708 | INFO     | __main__:check_core:165 - 号码 917980864168 未注册 Telegram
2025-01-19 08:10:09.709 | INFO     | __main__:check_core:165 - 号码 919433578043 未注册 Telegram
2025-01-19 08:10:09.709 | INFO     | __main__:check_core:165 - 号码 919433421012 未注册 Telegram
2025-01-19 08:10:09.709 | INFO     | __main__:check_core:165 - 号码 919123248937 未注册 Telegram
2025-01-19 08:10:09.709 | INFO     | __main__:check_core:165 - 号码 919123059465 未注册 Telegram
2025-01-19 08:10:09.709 | INFO     | __main__:check_core:165 - 号码 917003105391 未注册 Telegram
2025-01-19 08:10:09.709 | INFO     | __main__:check_core:165 - 号码 919903911857 未注册 Telegram
2025-01-19 08:10:09.709 | INFO     | __main__:check_core:165 - 号码 919831012333 未注册 Telegram
2025-01-19 08:10:09.709 | INFO     | __main__:check_core:165 - 号码 919836465275 未注册 Telegram
2025-01-19 08:10:09.709 | INFO     | __main__:check_core:165 - 号码 919836058533 未注册 Telegram
2025-01-19 08:10:09.709 | INFO     | __main__:check_core:165 - 号码 919007473033 未注册 Telegram
2025-01-19 08:10:09.709 | INFO     | __main__:check_core:165 - 号码 919830148412 未注册 Telegram
2025-01-19 08:10:09.709 | INFO     | __main__:check_core:165 - 号码 917550051694 未注册 Telegram
2025-01-19 08:10:09.709 | INFO     | __main__:check_core:165 - 号码 918617085737 未注册 Telegram
2025-01-19 08:10:09.709 | INFO     | __main__:check_core:165 - 号码 918420038470 未注册 Telegram
2025-01-19 08:10:09.710 | INFO     | __main__:check_core:165 - 号码 919831222095 未注册 Telegram
2025-01-19 08:10:09.710 | INFO     | __main__:check_core:165 - 号码 917980394830 未注册 Telegram
2025-01-19 08:10:09.710 | INFO     | __main__:check_core:165 - 号码 917980762691 未注册 Telegram
2025-01-19 08:10:09.711 | INFO     | __main__:check_core:165 - 号码 917890780196 未注册 Telegram
2025-01-19 08:10:09.711 | INFO     | __main__:check_core:165 - 号码 919433137980 未注册 Telegram
2025-01-19 08:10:09.711 | INFO     | __main__:check_core:165 - 号码 919051031831 未注册 Telegram
2025-01-19 08:10:09.711 | INFO     | __main__:check_core:165 - 号码 917003186230 未注册 Telegram
2025-01-19 08:10:09.714 | INFO     | __main__:check_core:165 - 号码 918910864971 未注册 Telegram
2025-01-19 08:10:09.714 | INFO     | __main__:check_core:165 - 号码 917003604258 未注册 Telegram
2025-01-19 08:10:09.714 | INFO     | __main__:check_core:165 - 号码 919062796965 未注册 Telegram
2025-01-19 08:10:09.714 | INFO     | __main__:check_core:165 - 号码 919748827660 未注册 Telegram
2025-01-19 08:10:09.715 | INFO     | __main__:check_core:165 - 号码 917980082944 未注册 Telegram
2025-01-19 08:10:09.715 | INFO     | __main__:check_core:165 - 号码 919836148666 未注册 Telegram
2025-01-19 08:10:09.715 | INFO     | __main__:check_core:165 - 号码 919123982313 未注册 Telegram
2025-01-19 08:10:09.715 | INFO     | __main__:check_core:165 - 号码 918582915428 未注册 Telegram
2025-01-19 08:10:09.716 | INFO     | __main__:check_core:165 - 号码 919836079444 未注册 Telegram
2025-01-19 08:10:09.716 | INFO     | __main__:check_core:165 - 号码 917044095432 未注册 Telegram
2025-01-19 08:10:09.716 | INFO     | __main__:check_core:165 - 号码 919830693002 未注册 Telegram
2025-01-19 08:10:09.716 | INFO     | __main__:check_core:165 - 号码 919875521241 未注册 Telegram
2025-01-19 08:10:09.716 | INFO     | __main__:check_core:165 - 号码 919831199632 未注册 Telegram
2025-01-19 08:10:09.717 | INFO     | __main__:check_core:165 - 号码 919903933111 未注册 Telegram
2025-01-19 08:10:09.717 | INFO     | __main__:check_core:165 - 号码 918910720226 未注册 Telegram
2025-01-19 08:10:09.717 | INFO     | __main__:check_core:165 - 号码 918910644687 未注册 Telegram
2025-01-19 08:10:09.717 | INFO     | __main__:check_core:165 - 号码 919330817327 未注册 Telegram
2025-01-19 08:10:09.717 | INFO     | __main__:check_core:165 - 号码 918583888134 未注册 Telegram
2025-01-19 08:10:09.956 | INFO     | __main__:check_core:170 - waiting for 16.440529868666527 seconds before delete contacts
