2025-01-19 07:13:08.733 | INFO     | __main__:check_phone_numbers:216 - Checking 0->100 / 6919
2025-01-19 07:13:08.734 | INFO     | __main__:check_core:145 - waiting for 167.74700445044945 seconds before import contacts
2025-01-19 07:15:56.950 | INFO     | __main__:check_core:149 - ImportedContacts(imported=[ImportedContact(user_id=6358775300, client_id=81958477)], popular_invites=[], retry_contacts=[11946978, 67314821, 58742892, 64168143, 44289462, 76773473, 32103230, 81523708, 99060683, 84548428, 81141143, 30800204, 53123718, 58907158, 28368676, 19157832, 59590673, 68535171, 50185360, 15479722, 93793315, 66294649, 13200520, 81790740, 66721507, 93831184, 54959802, 11488051, 36310345, 93830461, 29300589, 54585667, 40676673, 86077966, 14504859, 26600373, 53300596, 21633518, 55357458, 95168839, 16054317, 19580701, 14394548, 68529270, 83512540, 41502131, 97057568, 16954062, 48698195, 94889096, 10119021, 71584310, 81577717, 80790869, 80973821, 38066774, 11878256, 53736010, 27974898, 33805314, 73135019, 69995128, 59179485, 29906647, 90778589, 54012344, 21431886, 24330343, 89987679, 29939528, 23332938, 90947359, 34368394, 26820599, 15655289, 31786288, 37265763, 79376478, 30263778, 64931781, 37447690, 59918099, 49827247, 55505527, 80263162, 36563700, 27560788, 13973871, 91792259, 68312277, 70283593, 95244002, 34778042, 88222444, 72739420, 46777060, 96173981, 88433975, 80653724], users=[User(id=6358775300, is_self=False, contact=True, mutual_contact=False, deleted=False, bot=False, bot_chat_history=False, bot_nochats=False, verified=False, restricted=False, min=False, bot_inline_geo=False, support=False, scam=False, apply_min_photo=True, fake=False, bot_attach_menu=False, premium=False, attach_menu_enabled=False, bot_can_edit=False, close_friend=False, stories_hidden=False, stories_unavailable=True, contact_require_premium=False, bot_business=False, bot_has_main_app=False, access_hash=-1670692791755301142, first_name='EDMu', last_name='MNvG', username=None, phone='919073508087', photo=UserProfilePhoto(photo_id=6246705503543607679, dc_id=5, has_video=False, personal=False, stripped_thumb=b'\x01\x08\x08c\xa6\x02\xa8Fd\xcf9\xa2\x8a)\\v?'), status=UserStatusOffline(was_online=datetime.datetime(2024, 12, 14, 15, 31, 10, tzinfo=datetime.timezone.utc)), bot_info_version=None, restriction_reason=[], bot_inline_placeholder=None, lang_code=None, emoji_status=None, usernames=[], stories_max_id=None, color=None, profile_color=None, bot_active_users=None)])
2025-01-19 07:15:56.950 | INFO     | __main__:check_core:152 - waiting for 13.06387985011761 seconds before import contacts
2025-01-19 07:16:10.014 | INFO     | __main__:check_core:160 - 号码 919073508087 已注册 Telegram
2025-01-19 07:16:10.015 | INFO     | __main__:check_core:164 - 号码 919163495380 未注册 Telegram
2025-01-19 07:16:10.015 | INFO     | __main__:check_core:164 - 号码 918617542874 未注册 Telegram
2025-01-19 07:16:10.015 | INFO     | __main__:check_core:164 - 号码 919903642312 未注册 Telegram
2025-01-19 07:16:10.015 | INFO     | __main__:check_core:164 - 号码 917550061570 未注册 Telegram
2025-01-19 07:16:10.015 | INFO     | __main__:check_core:164 - 号码 919330601239 未注册 Telegram
2025-01-19 07:16:10.015 | INFO     | __main__:check_core:164 - 号码 919433573851 未注册 Telegram
2025-01-19 07:16:10.016 | INFO     | __main__:check_core:164 - 号码 918017015152 未注册 Telegram
2025-01-19 07:16:10.016 | INFO     | __main__:check_core:164 - 号码 918910692748 未注册 Telegram
2025-01-19 07:16:10.016 | INFO     | __main__:check_core:164 - 号码 919051552442 未注册 Telegram
2025-01-19 07:16:10.016 | INFO     | __main__:check_core:164 - 号码 917980864168 未注册 Telegram
2025-01-19 07:16:10.016 | INFO     | __main__:check_core:164 - 号码 919433578043 未注册 Telegram
2025-01-19 07:16:10.016 | INFO     | __main__:check_core:164 - 号码 919433421012 未注册 Telegram
2025-01-19 07:16:10.016 | INFO     | __main__:check_core:164 - 号码 919123248937 未注册 Telegram
2025-01-19 07:16:10.016 | INFO     | __main__:check_core:164 - 号码 919123059465 未注册 Telegram
2025-01-19 07:16:10.016 | INFO     | __main__:check_core:164 - 号码 917003105391 未注册 Telegram
2025-01-19 07:16:10.016 | INFO     | __main__:check_core:164 - 号码 919903911857 未注册 Telegram
2025-01-19 07:16:10.016 | INFO     | __main__:check_core:164 - 号码 919831012333 未注册 Telegram
2025-01-19 07:16:10.016 | INFO     | __main__:check_core:164 - 号码 919836465275 未注册 Telegram
2025-01-19 07:16:10.016 | INFO     | __main__:check_core:164 - 号码 919836058533 未注册 Telegram
2025-01-19 07:16:10.017 | INFO     | __main__:check_core:164 - 号码 919007473033 未注册 Telegram
2025-01-19 07:16:10.017 | INFO     | __main__:check_core:164 - 号码 919830148412 未注册 Telegram
2025-01-19 07:16:10.017 | INFO     | __main__:check_core:164 - 号码 917550051694 未注册 Telegram
2025-01-19 07:16:10.017 | INFO     | __main__:check_core:164 - 号码 918617085737 未注册 Telegram
2025-01-19 07:16:10.017 | INFO     | __main__:check_core:164 - 号码 918420038470 未注册 Telegram
2025-01-19 07:16:10.017 | INFO     | __main__:check_core:164 - 号码 919831222095 未注册 Telegram
2025-01-19 07:16:10.017 | INFO     | __main__:check_core:164 - 号码 917980394830 未注册 Telegram
2025-01-19 07:16:10.017 | INFO     | __main__:check_core:164 - 号码 917980762691 未注册 Telegram
2025-01-19 07:16:10.017 | INFO     | __main__:check_core:164 - 号码 917890780196 未注册 Telegram
2025-01-19 07:16:10.017 | INFO     | __main__:check_core:164 - 号码 919433137980 未注册 Telegram
2025-01-19 07:16:10.017 | INFO     | __main__:check_core:164 - 号码 919051031831 未注册 Telegram
2025-01-19 07:16:10.017 | INFO     | __main__:check_core:164 - 号码 917003186230 未注册 Telegram
2025-01-19 07:16:10.017 | INFO     | __main__:check_core:164 - 号码 918910864971 未注册 Telegram
2025-01-19 07:16:10.017 | INFO     | __main__:check_core:164 - 号码 917003604258 未注册 Telegram
2025-01-19 07:16:10.018 | INFO     | __main__:check_core:164 - 号码 919062796965 未注册 Telegram
2025-01-19 07:16:10.018 | INFO     | __main__:check_core:164 - 号码 919748827660 未注册 Telegram
2025-01-19 07:16:10.018 | INFO     | __main__:check_core:164 - 号码 917980082944 未注册 Telegram
2025-01-19 07:16:10.018 | INFO     | __main__:check_core:164 - 号码 919836148666 未注册 Telegram
2025-01-19 07:16:10.018 | INFO     | __main__:check_core:164 - 号码 919123982313 未注册 Telegram
2025-01-19 07:16:10.018 | INFO     | __main__:check_core:164 - 号码 918582915428 未注册 Telegram
2025-01-19 07:16:10.018 | INFO     | __main__:check_core:164 - 号码 919836079444 未注册 Telegram
2025-01-19 07:16:10.018 | INFO     | __main__:check_core:164 - 号码 917044095432 未注册 Telegram
2025-01-19 07:16:10.018 | INFO     | __main__:check_core:164 - 号码 919830693002 未注册 Telegram
2025-01-19 07:16:10.018 | INFO     | __main__:check_core:164 - 号码 919875521241 未注册 Telegram
2025-01-19 07:16:10.018 | INFO     | __main__:check_core:164 - 号码 919831199632 未注册 Telegram
2025-01-19 07:16:10.018 | INFO     | __main__:check_core:164 - 号码 919903933111 未注册 Telegram
2025-01-19 07:16:10.018 | INFO     | __main__:check_core:164 - 号码 918910720226 未注册 Telegram
2025-01-19 07:16:10.018 | INFO     | __main__:check_core:164 - 号码 918910644687 未注册 Telegram
2025-01-19 07:16:10.019 | INFO     | __main__:check_core:164 - 号码 919330817327 未注册 Telegram
2025-01-19 07:16:10.019 | INFO     | __main__:check_core:164 - 号码 918583888134 未注册 Telegram
2025-01-19 07:16:10.019 | INFO     | __main__:check_core:164 - 号码 919163965372 未注册 Telegram
2025-01-19 07:16:10.019 | INFO     | __main__:check_core:164 - 号码 916291641653 未注册 Telegram
2025-01-19 07:16:10.019 | INFO     | __main__:check_core:164 - 号码 919123305722 未注册 Telegram
2025-01-19 07:16:10.019 | INFO     | __main__:check_core:164 - 号码 917550187682 未注册 Telegram
2025-01-19 07:16:10.019 | INFO     | __main__:check_core:164 - 号码 919830055909 未注册 Telegram
2025-01-19 07:16:10.019 | INFO     | __main__:check_core:164 - 号码 918334008956 未注册 Telegram
2025-01-19 07:16:10.019 | INFO     | __main__:check_core:164 - 号码 919163588947 未注册 Telegram
2025-01-19 07:16:10.019 | INFO     | __main__:check_core:164 - 号码 919836679513 未注册 Telegram
2025-01-19 07:16:10.019 | INFO     | __main__:check_core:164 - 号码 918336892432 未注册 Telegram
2025-01-19 07:16:10.019 | INFO     | __main__:check_core:164 - 号码 919163054045 未注册 Telegram
2025-01-19 07:16:10.019 | INFO     | __main__:check_core:164 - 号码 919874982535 未注册 Telegram
2025-01-19 07:16:10.020 | INFO     | __main__:check_core:164 - 号码 919836746280 未注册 Telegram
2025-01-19 07:16:10.020 | INFO     | __main__:check_core:164 - 号码 919831133599 未注册 Telegram
2025-01-19 07:16:10.020 | INFO     | __main__:check_core:164 - 号码 919830616390 未注册 Telegram
2025-01-19 07:16:10.020 | INFO     | __main__:check_core:164 - 号码 919123155178 未注册 Telegram
2025-01-19 07:16:10.020 | INFO     | __main__:check_core:164 - 号码 918240678156 未注册 Telegram
2025-01-19 07:16:10.020 | INFO     | __main__:check_core:164 - 号码 919330849126 未注册 Telegram
2025-01-19 07:16:10.020 | INFO     | __main__:check_core:164 - 号码 918017715057 未注册 Telegram
2025-01-19 07:16:10.020 | INFO     | __main__:check_core:164 - 号码 919831033590 未注册 Telegram
2025-01-19 07:16:10.020 | INFO     | __main__:check_core:164 - 号码 919830570472 未注册 Telegram
2025-01-19 07:16:10.020 | INFO     | __main__:check_core:164 - 号码 919903333146 未注册 Telegram
2025-01-19 07:16:10.020 | INFO     | __main__:check_core:164 - 号码 919073399765 未注册 Telegram
2025-01-19 07:16:10.020 | INFO     | __main__:check_core:164 - 号码 919038841718 未注册 Telegram
2025-01-19 07:16:10.020 | INFO     | __main__:check_core:164 - 号码 919477751235 未注册 Telegram
2025-01-19 07:16:10.020 | INFO     | __main__:check_core:164 - 号码 919163808486 未注册 Telegram
2025-01-19 07:16:10.021 | INFO     | __main__:check_core:164 - 号码 919830429172 未注册 Telegram
2025-01-19 07:16:10.021 | INFO     | __main__:check_core:164 - 号码 916290718056 未注册 Telegram
2025-01-19 07:16:10.021 | INFO     | __main__:check_core:164 - 号码 919433801448 未注册 Telegram
2025-01-19 07:16:10.021 | INFO     | __main__:check_core:164 - 号码 919163902108 未注册 Telegram
2025-01-19 07:16:10.021 | INFO     | __main__:check_core:164 - 号码 918584097225 未注册 Telegram
2025-01-19 07:16:10.021 | INFO     | __main__:check_core:164 - 号码 919062906683 未注册 Telegram
2025-01-19 07:16:10.021 | INFO     | __main__:check_core:164 - 号码 919748178217 未注册 Telegram
2025-01-19 07:16:10.021 | INFO     | __main__:check_core:164 - 号码 917044344610 未注册 Telegram
2025-01-19 07:16:10.021 | INFO     | __main__:check_core:164 - 号码 919748300543 未注册 Telegram
2025-01-19 07:16:10.021 | INFO     | __main__:check_core:164 - 号码 917003763998 未注册 Telegram
2025-01-19 07:16:10.021 | INFO     | __main__:check_core:164 - 号码 919831126665 未注册 Telegram
2025-01-19 07:16:10.021 | INFO     | __main__:check_core:164 - 号码 919836420013 未注册 Telegram
2025-01-19 07:16:10.021 | INFO     | __main__:check_core:164 - 号码 919163892107 未注册 Telegram
2025-01-19 07:16:10.021 | INFO     | __main__:check_core:164 - 号码 916290114204 未注册 Telegram
2025-01-19 07:16:10.022 | INFO     | __main__:check_core:164 - 号码 919748808861 未注册 Telegram
2025-01-19 07:16:10.022 | INFO     | __main__:check_core:164 - 号码 919748787412 未注册 Telegram
2025-01-19 07:16:10.022 | INFO     | __main__:check_core:164 - 号码 919831476064 未注册 Telegram
2025-01-19 07:16:10.022 | INFO     | __main__:check_core:164 - 号码 916291320647 未注册 Telegram
2025-01-19 07:16:10.022 | INFO     | __main__:check_core:164 - 号码 919831449194 未注册 Telegram
2025-01-19 07:16:10.022 | INFO     | __main__:check_core:164 - 号码 918777435525 未注册 Telegram
2025-01-19 07:16:10.022 | INFO     | __main__:check_core:164 - 号码 919830078849 未注册 Telegram
2025-01-19 07:16:10.022 | INFO     | __main__:check_core:164 - 号码 919830572232 未注册 Telegram
2025-01-19 07:16:10.022 | INFO     | __main__:check_core:164 - 号码 919433308402 未注册 Telegram
2025-01-19 07:16:10.022 | INFO     | __main__:check_core:164 - 号码 919051308269 未注册 Telegram
2025-01-19 07:16:10.022 | INFO     | __main__:check_core:164 - 号码 917003676500 未注册 Telegram
2025-01-19 07:16:10.273 | INFO     | __main__:check_core:169 - waiting for 16.33136916086484 seconds before delete contacts
2025-01-19 07:16:26.605 | INFO     | __main__:check_phone_numbers:216 - Checking 100->200 / 6919
2025-01-19 07:16:26.606 | INFO     | __main__:check_core:145 - waiting for 138.67865983178774 seconds before import contacts
