2025-01-18 11:14:33.295 | INFO     | __main__:<module>:57 - using proxy: {'proxy_type': 'http', 'addr': 'zproxy-as.lum-superproxy.com', 'port': 32223, 'username': 'lum-customer-c_7dcc6b25-zone-10018772-dns-remote-country-TR-session-42312248', 'password': '0GD3GjHj9tlLO'}
2025-01-18 11:14:40.831 | INFO     | __main__:check_phone_numbers:188 - Checking 1 / 985: 919903823042
2025-01-18 11:14:40.831 | INFO     | __main__:check_core:137 - waiting for 11 seconds before import contacts
2025-01-18 11:14:52.509 | INFO     | __main__:check_core:142 - ImportedContacts(imported=[], popular_invites=[PopularContact(client_id=30663722, importers=22)], retry_contacts=[], users=[])
2025-01-18 11:14:52.509 | ERROR    | __main__:check_core:158 - 号码 919903823042 未注册 Telegram。
2025-01-18 11:14:52.509 | INFO     | __main__:check_core:137 - waiting for 8 seconds before import contacts
2025-01-18 11:15:01.113 | INFO     | __main__:check_core:142 - ImportedContacts(imported=[ImportedContact(user_id=7350661473, client_id=20333502)], popular_invites=[], retry_contacts=[], users=[User(id=7350661473, is_self=False, contact=True, mutual_contact=False, deleted=False, bot=False, bot_chat_history=False, bot_nochats=False, verified=False, restricted=False, min=False, bot_inline_geo=False, support=False, scam=False, apply_min_photo=True, fake=False, bot_attach_menu=False, premium=False, attach_menu_enabled=False, bot_can_edit=False, close_friend=False, stories_hidden=False, stories_unavailable=True, contact_require_premium=False, bot_business=False, bot_has_main_app=False, access_hash=1049938159410304013, first_name='Jane', last_name='Miller', username=None, phone='919088033199', photo=None, status=UserStatusOffline(was_online=datetime.datetime(2024, 8, 23, 5, 12, 16, tzinfo=datetime.timezone.utc)), bot_info_version=None, restriction_reason=[], bot_inline_placeholder=None, lang_code=None, emoji_status=None, usernames=[], stories_max_id=None, color=None, profile_color=None, bot_active_users=None)])
2025-01-18 11:15:01.114 | INFO     | __main__:check_core:146 - 号码 919088033199 是有效的 Telegram 用户。
2025-01-18 11:15:01.114 | INFO     | __main__:check_core:150 - waiting for 12 seconds before delete contacts
2025-01-18 11:15:13.729 | INFO     | __main__:check_phone_numbers:188 - Checking 2 / 985: 919903239997
2025-01-18 11:15:13.731 | INFO     | __main__:check_core:137 - waiting for 12 seconds before import contacts
2025-01-18 11:15:26.416 | INFO     | __main__:check_core:142 - ImportedContacts(imported=[], popular_invites=[PopularContact(client_id=45810614, importers=120)], retry_contacts=[], users=[])
2025-01-18 11:15:26.417 | ERROR    | __main__:check_core:158 - 号码 919903239997 未注册 Telegram。
2025-01-18 11:15:26.417 | INFO     | __main__:check_phone_numbers:188 - Checking 3 / 985: 919007535121
2025-01-18 11:15:26.417 | INFO     | __main__:check_core:137 - waiting for 11 seconds before import contacts
2025-01-18 11:15:38.105 | INFO     | __main__:check_core:142 - ImportedContacts(imported=[], popular_invites=[PopularContact(client_id=67125507, importers=39)], retry_contacts=[], users=[])
2025-01-18 11:15:38.105 | ERROR    | __main__:check_core:158 - 号码 919007535121 未注册 Telegram。
2025-01-18 11:15:38.105 | INFO     | __main__:check_phone_numbers:188 - Checking 4 / 985: 918617798307
2025-01-18 11:15:38.105 | INFO     | __main__:check_core:137 - waiting for 8 seconds before import contacts
2025-01-18 11:15:46.840 | INFO     | __main__:check_core:142 - ImportedContacts(imported=[], popular_invites=[PopularContact(client_id=60709739, importers=97)], retry_contacts=[], users=[])
2025-01-18 11:15:46.840 | ERROR    | __main__:check_core:158 - 号码 918617798307 未注册 Telegram。
2025-01-18 11:15:46.841 | INFO     | __main__:check_phone_numbers:188 - Checking 5 / 985: 919330404365
2025-01-18 11:15:46.841 | INFO     | __main__:check_core:137 - waiting for 9 seconds before import contacts
2025-01-18 11:15:56.528 | INFO     | __main__:check_core:142 - ImportedContacts(imported=[], popular_invites=[PopularContact(client_id=33370936, importers=49)], retry_contacts=[], users=[])
2025-01-18 11:15:56.528 | ERROR    | __main__:check_core:158 - 号码 919330404365 未注册 Telegram。
2025-01-18 11:15:56.529 | INFO     | __main__:check_phone_numbers:188 - Checking 6 / 985: 919831008567
2025-01-18 11:15:56.529 | INFO     | __main__:check_core:137 - waiting for 13 seconds before import contacts
2025-01-18 11:16:10.225 | INFO     | __main__:check_core:142 - ImportedContacts(imported=[], popular_invites=[PopularContact(client_id=64972754, importers=331)], retry_contacts=[], users=[])
2025-01-18 11:16:10.228 | ERROR    | __main__:check_core:158 - 号码 919831008567 未注册 Telegram。
2025-01-18 11:16:10.231 | INFO     | __main__:check_phone_numbers:188 - Checking 7 / 985: 917044726063
2025-01-18 11:16:10.231 | INFO     | __main__:check_core:137 - waiting for 7 seconds before import contacts
2025-01-18 11:16:17.931 | INFO     | __main__:check_core:142 - ImportedContacts(imported=[], popular_invites=[PopularContact(client_id=27370542, importers=53)], retry_contacts=[], users=[])
2025-01-18 11:16:17.931 | ERROR    | __main__:check_core:158 - 号码 917044726063 未注册 Telegram。
2025-01-18 11:16:17.931 | INFO     | __main__:check_phone_numbers:188 - Checking 8 / 985: 917044282350
2025-01-18 11:16:17.931 | INFO     | __main__:check_core:137 - waiting for 12 seconds before import contacts
2025-01-18 11:16:30.513 | INFO     | __main__:check_core:142 - ImportedContacts(imported=[ImportedContact(user_id=5625321011, client_id=95841227)], popular_invites=[], retry_contacts=[], users=[User(id=5625321011, is_self=False, contact=True, mutual_contact=False, deleted=False, bot=False, bot_chat_history=False, bot_nochats=False, verified=False, restricted=False, min=False, bot_inline_geo=False, support=False, scam=False, apply_min_photo=True, fake=False, bot_attach_menu=False, premium=False, attach_menu_enabled=False, bot_can_edit=False, close_friend=False, stories_hidden=False, stories_unavailable=True, contact_require_premium=False, bot_business=False, bot_has_main_app=False, access_hash=-979537263693592259, first_name='John', last_name='Miller', username=None, phone='917044282350', photo=UserProfilePhoto(photo_id=6142992570310046710, dc_id=5, has_video=False, personal=False, stripped_thumb=b'\x01\x08\x08\xcc>X\xc1=\r\x14Q@\x1f'), status=UserStatusOffline(was_online=datetime.datetime(2025, 1, 6, 17, 9, 15, tzinfo=datetime.timezone.utc)), bot_info_version=None, restriction_reason=[], bot_inline_placeholder=None, lang_code=None, emoji_status=None, usernames=[], stories_max_id=None, color=None, profile_color=None, bot_active_users=None)])
2025-01-18 11:16:30.514 | INFO     | __main__:check_core:146 - 号码 917044282350 是有效的 Telegram 用户。
2025-01-18 11:16:30.514 | INFO     | __main__:check_core:150 - waiting for 5 seconds before delete contacts
2025-01-18 11:16:36.094 | INFO     | __main__:check_phone_numbers:188 - Checking 9 / 985: 919330744508
2025-01-18 11:16:36.094 | INFO     | __main__:check_core:137 - waiting for 11 seconds before import contacts
2025-01-18 11:16:47.783 | INFO     | __main__:check_core:142 - ImportedContacts(imported=[], popular_invites=[PopularContact(client_id=63139969, importers=44)], retry_contacts=[], users=[])
2025-01-18 11:16:47.784 | ERROR    | __main__:check_core:158 - 号码 919330744508 未注册 Telegram。
2025-01-18 11:16:47.784 | INFO     | __main__:check_phone_numbers:188 - Checking 10 / 985: 918617269645
2025-01-18 11:16:47.784 | INFO     | __main__:check_core:137 - waiting for 8 seconds before import contacts
2025-01-18 11:16:56.387 | INFO     | __main__:check_core:142 - ImportedContacts(imported=[ImportedContact(user_id=7643563618, client_id=96912218)], popular_invites=[], retry_contacts=[], users=[User(id=7643563618, is_self=False, contact=True, mutual_contact=False, deleted=False, bot=False, bot_chat_history=False, bot_nochats=False, verified=False, restricted=False, min=False, bot_inline_geo=False, support=False, scam=False, apply_min_photo=True, fake=False, bot_attach_menu=False, premium=False, attach_menu_enabled=False, bot_can_edit=False, close_friend=False, stories_hidden=False, stories_unavailable=True, contact_require_premium=False, bot_business=False, bot_has_main_app=False, access_hash=-5936026356727597011, first_name='Charlie', last_name='Brown', username=None, phone='918617269645', photo=None, status=UserStatusOffline(was_online=datetime.datetime(2025, 1, 16, 19, 24, 27, tzinfo=datetime.timezone.utc)), bot_info_version=None, restriction_reason=[], bot_inline_placeholder=None, lang_code=None, emoji_status=None, usernames=[], stories_max_id=None, color=None, profile_color=None, bot_active_users=None)])
2025-01-18 11:16:56.388 | INFO     | __main__:check_core:146 - 号码 918617269645 是有效的 Telegram 用户。
2025-01-18 11:16:56.388 | INFO     | __main__:check_core:150 - waiting for 12 seconds before delete contacts
2025-01-18 11:17:08.963 | INFO     | __main__:check_phone_numbers:188 - Checking 11 / 985: 917044371988
2025-01-18 11:17:08.963 | INFO     | __main__:check_core:137 - waiting for 10 seconds before import contacts
2025-01-18 11:17:19.655 | INFO     | __main__:check_core:142 - ImportedContacts(imported=[], popular_invites=[PopularContact(client_id=12593334, importers=288)], retry_contacts=[], users=[])
2025-01-18 11:17:19.657 | ERROR    | __main__:check_core:158 - 号码 917044371988 未注册 Telegram。
2025-01-18 11:17:19.657 | INFO     | __main__:check_core:137 - waiting for 6 seconds before import contacts
2025-01-18 11:17:26.248 | INFO     | __main__:check_core:142 - ImportedContacts(imported=[ImportedContact(user_id=5889421107, client_id=45694739)], popular_invites=[], retry_contacts=[], users=[User(id=5889421107, is_self=False, contact=True, mutual_contact=False, deleted=False, bot=False, bot_chat_history=False, bot_nochats=False, verified=False, restricted=False, min=False, bot_inline_geo=False, support=False, scam=False, apply_min_photo=True, fake=False, bot_attach_menu=False, premium=False, attach_menu_enabled=False, bot_can_edit=False, close_friend=False, stories_hidden=False, stories_unavailable=True, contact_require_premium=False, bot_business=False, bot_has_main_app=False, access_hash=4279861244098977276, first_name='Bob', last_name='Brown', username=None, phone='919830648745', photo=UserProfilePhoto(photo_id=6102597805890714297, dc_id=5, has_video=False, personal=False, stripped_thumb=b'\x01\x08\x08K\xa9\xb8\xf9\x86\x18\x9e\x99\xce\x05\x14QRR?'), status=UserStatusOffline(was_online=datetime.datetime(2024, 9, 6, 13, 0, 7, tzinfo=datetime.timezone.utc)), bot_info_version=None, restriction_reason=[], bot_inline_placeholder=None, lang_code=None, emoji_status=None, usernames=[], stories_max_id=None, color=None, profile_color=None, bot_active_users=None)])
2025-01-18 11:17:26.250 | INFO     | __main__:check_core:146 - 号码 919830648745 是有效的 Telegram 用户。
2025-01-18 11:17:26.251 | INFO     | __main__:check_core:150 - waiting for 5 seconds before delete contacts
2025-01-18 11:17:32.049 | INFO     | __main__:check_phone_numbers:188 - Checking 12 / 985: 917980411988
2025-01-18 11:17:32.049 | INFO     | __main__:check_core:137 - waiting for 9 seconds before import contacts
2025-01-18 11:17:41.734 | INFO     | __main__:check_core:142 - ImportedContacts(imported=[], popular_invites=[PopularContact(client_id=70769980, importers=15)], retry_contacts=[], users=[])
2025-01-18 11:17:41.734 | ERROR    | __main__:check_core:158 - 号码 917980411988 未注册 Telegram。
2025-01-18 11:17:41.734 | INFO     | __main__:check_phone_numbers:188 - Checking 13 / 985: 919903592319
2025-01-18 11:17:41.735 | INFO     | __main__:check_core:137 - waiting for 12 seconds before import contacts
2025-01-18 11:17:54.423 | INFO     | __main__:check_core:142 - ImportedContacts(imported=[], popular_invites=[PopularContact(client_id=96419114, importers=157)], retry_contacts=[], users=[])
2025-01-18 11:17:54.423 | ERROR    | __main__:check_core:158 - 号码 919903592319 未注册 Telegram。
2025-01-18 11:17:54.424 | INFO     | __main__:check_phone_numbers:188 - Checking 14 / 985: 916291114672
2025-01-18 11:17:54.424 | INFO     | __main__:check_core:137 - waiting for 12 seconds before import contacts
2025-01-18 11:18:07.123 | INFO     | __main__:check_core:142 - ImportedContacts(imported=[], popular_invites=[PopularContact(client_id=98018838, importers=25)], retry_contacts=[], users=[])
2025-01-18 11:18:07.123 | ERROR    | __main__:check_core:158 - 号码 916291114672 未注册 Telegram。
2025-01-18 11:18:07.123 | INFO     | __main__:check_phone_numbers:188 - Checking 15 / 985: 919874745317
2025-01-18 11:18:07.124 | INFO     | __main__:check_core:137 - waiting for 7 seconds before import contacts
2025-01-18 11:18:14.804 | INFO     | __main__:check_core:142 - ImportedContacts(imported=[], popular_invites=[PopularContact(client_id=98874093, importers=106)], retry_contacts=[], users=[])
2025-01-18 11:18:14.804 | ERROR    | __main__:check_core:158 - 号码 919874745317 未注册 Telegram。
2025-01-18 11:18:14.805 | INFO     | __main__:check_phone_numbers:188 - Checking 16 / 985: 919831138290
2025-01-18 11:18:14.805 | INFO     | __main__:check_core:137 - waiting for 13 seconds before import contacts
2025-01-18 11:18:28.491 | INFO     | __main__:check_core:142 - ImportedContacts(imported=[], popular_invites=[PopularContact(client_id=46232024, importers=453)], retry_contacts=[], users=[])
2025-01-18 11:18:28.491 | ERROR    | __main__:check_core:158 - 号码 919831138290 未注册 Telegram。
2025-01-18 11:18:28.491 | INFO     | __main__:check_phone_numbers:188 - Checking 17 / 985: 919163683230
2025-01-18 11:18:28.491 | INFO     | __main__:check_core:137 - waiting for 13 seconds before import contacts
2025-01-18 11:18:42.084 | INFO     | __main__:check_core:142 - ImportedContacts(imported=[ImportedContact(user_id=6285853803, client_id=52744142)], popular_invites=[], retry_contacts=[], users=[User(id=6285853803, is_self=False, contact=True, mutual_contact=False, deleted=False, bot=False, bot_chat_history=False, bot_nochats=False, verified=False, restricted=False, min=False, bot_inline_geo=False, support=False, scam=False, apply_min_photo=True, fake=False, bot_attach_menu=False, premium=False, attach_menu_enabled=False, bot_can_edit=False, close_friend=False, stories_hidden=False, stories_unavailable=True, contact_require_premium=False, bot_business=False, bot_has_main_app=False, access_hash=6597181304228649910, first_name='Jane', last_name='Martinez', username=None, phone='919163683230', photo=None, status=UserStatusOffline(was_online=datetime.datetime(2025, 1, 17, 18, 31, 37, tzinfo=datetime.timezone.utc)), bot_info_version=None, restriction_reason=[], bot_inline_placeholder=None, lang_code=None, emoji_status=None, usernames=[], stories_max_id=None, color=None, profile_color=None, bot_active_users=None)])
2025-01-18 11:18:42.097 | INFO     | __main__:check_core:146 - 号码 919163683230 是有效的 Telegram 用户。
2025-01-18 11:18:42.097 | INFO     | __main__:check_core:150 - waiting for 7 seconds before delete contacts
2025-01-18 11:18:49.686 | INFO     | __main__:check_phone_numbers:188 - Checking 18 / 985: 919330661705
2025-01-18 11:18:49.686 | INFO     | __main__:check_core:137 - waiting for 13 seconds before import contacts
2025-01-18 11:19:03.373 | INFO     | __main__:check_core:142 - ImportedContacts(imported=[], popular_invites=[PopularContact(client_id=46643952, importers=23)], retry_contacts=[], users=[])
2025-01-18 11:19:03.373 | ERROR    | __main__:check_core:158 - 号码 919330661705 未注册 Telegram。
2025-01-18 11:19:03.373 | INFO     | __main__:check_phone_numbers:188 - Checking 19 / 985: 919674029932
2025-01-18 11:19:03.373 | INFO     | __main__:check_core:137 - waiting for 12 seconds before import contacts
2025-01-18 11:19:16.060 | INFO     | __main__:check_core:142 - ImportedContacts(imported=[], popular_invites=[PopularContact(client_id=79935553, importers=248)], retry_contacts=[], users=[])
2025-01-18 11:19:16.061 | ERROR    | __main__:check_core:158 - 号码 919674029932 未注册 Telegram。
2025-01-18 11:19:16.061 | INFO     | __main__:check_phone_numbers:188 - Checking 20 / 985: 919163568647
2025-01-18 11:19:16.061 | INFO     | __main__:check_core:137 - waiting for 12 seconds before import contacts
2025-01-18 11:19:28.751 | INFO     | __main__:check_core:142 - ImportedContacts(imported=[], popular_invites=[PopularContact(client_id=78172387, importers=22)], retry_contacts=[], users=[])
2025-01-18 11:19:28.751 | ERROR    | __main__:check_core:158 - 号码 919163568647 未注册 Telegram。
2025-01-18 11:19:28.752 | INFO     | __main__:check_phone_numbers:188 - Checking 21 / 985: 918240704262
2025-01-18 11:19:28.752 | INFO     | __main__:check_core:137 - waiting for 12 seconds before import contacts
2025-01-18 11:19:41.465 | INFO     | __main__:check_core:142 - ImportedContacts(imported=[], popular_invites=[PopularContact(client_id=32933170, importers=58)], retry_contacts=[], users=[])
2025-01-18 11:19:41.465 | ERROR    | __main__:check_core:158 - 号码 918240704262 未注册 Telegram。
2025-01-18 11:19:41.466 | INFO     | __main__:check_core:137 - waiting for 13 seconds before import contacts
2025-01-18 11:19:55.057 | INFO     | __main__:check_core:142 - ImportedContacts(imported=[ImportedContact(user_id=6212731171, client_id=38368598)], popular_invites=[], retry_contacts=[], users=[User(id=6212731171, is_self=False, contact=True, mutual_contact=False, deleted=False, bot=False, bot_chat_history=False, bot_nochats=False, verified=False, restricted=False, min=False, bot_inline_geo=False, support=False, scam=False, apply_min_photo=True, fake=False, bot_attach_menu=False, premium=False, attach_menu_enabled=False, bot_can_edit=False, close_friend=False, stories_hidden=False, stories_unavailable=True, contact_require_premium=False, bot_business=False, bot_has_main_app=False, access_hash=-4336176203909014180, first_name='David', last_name='Williams', username=None, phone='919051428079', photo=None, status=UserStatusOffline(was_online=datetime.datetime(2025, 1, 15, 20, 5, 15, tzinfo=datetime.timezone.utc)), bot_info_version=None, restriction_reason=[], bot_inline_placeholder=None, lang_code=None, emoji_status=None, usernames=[], stories_max_id=None, color=None, profile_color=None, bot_active_users=None)])
2025-01-18 11:19:55.057 | INFO     | __main__:check_core:146 - 号码 919051428079 是有效的 Telegram 用户。
2025-01-18 11:19:55.057 | INFO     | __main__:check_core:150 - waiting for 6 seconds before delete contacts
2025-01-18 11:20:01.644 | INFO     | __main__:check_phone_numbers:188 - Checking 22 / 985: 917980291434
2025-01-18 11:20:01.645 | INFO     | __main__:check_core:137 - waiting for 13 seconds before import contacts
2025-01-18 11:20:15.332 | INFO     | __main__:check_core:142 - ImportedContacts(imported=[], popular_invites=[PopularContact(client_id=45872730, importers=13)], retry_contacts=[], users=[])
2025-01-18 11:20:15.332 | ERROR    | __main__:check_core:158 - 号码 917980291434 未注册 Telegram。
2025-01-18 11:20:15.332 | INFO     | __main__:check_phone_numbers:188 - Checking 23 / 985: 916291543087
2025-01-18 11:20:15.332 | INFO     | __main__:check_core:137 - waiting for 12 seconds before import contacts
2025-01-18 11:20:28.092 | INFO     | __main__:check_core:142 - ImportedContacts(imported=[], popular_invites=[PopularContact(client_id=50660615, importers=34)], retry_contacts=[], users=[])
2025-01-18 11:20:28.092 | ERROR    | __main__:check_core:158 - 号码 916291543087 未注册 Telegram。
2025-01-18 11:20:28.092 | INFO     | __main__:check_phone_numbers:188 - Checking 24 / 985: 919007838600
2025-01-18 11:20:28.092 | INFO     | __main__:check_core:137 - waiting for 11 seconds before import contacts
2025-01-18 11:20:39.681 | INFO     | __main__:check_core:142 - ImportedContacts(imported=[ImportedContact(user_id=1363456477, client_id=28260440)], popular_invites=[], retry_contacts=[], users=[User(id=1363456477, is_self=False, contact=True, mutual_contact=False, deleted=False, bot=False, bot_chat_history=False, bot_nochats=False, verified=False, restricted=False, min=False, bot_inline_geo=False, support=False, scam=False, apply_min_photo=True, fake=False, bot_attach_menu=False, premium=False, attach_menu_enabled=False, bot_can_edit=False, close_friend=False, stories_hidden=False, stories_unavailable=True, contact_require_premium=False, bot_business=False, bot_has_main_app=False, access_hash=-5512678317454474142, first_name='Bob', last_name='Davis', username=None, phone='919007838600', photo=None, status=UserStatusOffline(was_online=datetime.datetime(2025, 1, 17, 15, 21, 9, tzinfo=datetime.timezone.utc)), bot_info_version=None, restriction_reason=[], bot_inline_placeholder=None, lang_code=None, emoji_status=None, usernames=[], stories_max_id=None, color=None, profile_color=None, bot_active_users=None)])
2025-01-18 11:20:39.681 | INFO     | __main__:check_core:146 - 号码 919007838600 是有效的 Telegram 用户。
2025-01-18 11:20:39.681 | INFO     | __main__:check_core:150 - waiting for 7 seconds before delete contacts
2025-01-18 11:20:47.259 | INFO     | __main__:check_phone_numbers:188 - Checking 25 / 985: 918582048183
2025-01-18 11:20:47.259 | INFO     | __main__:check_core:137 - waiting for 11 seconds before import contacts
2025-01-18 11:20:58.845 | INFO     | __main__:check_core:142 - ImportedContacts(imported=[ImportedContact(user_id=7034864938, client_id=85291509)], popular_invites=[], retry_contacts=[], users=[User(id=7034864938, is_self=False, contact=True, mutual_contact=False, deleted=False, bot=False, bot_chat_history=False, bot_nochats=False, verified=False, restricted=False, min=False, bot_inline_geo=False, support=False, scam=False, apply_min_photo=True, fake=False, bot_attach_menu=False, premium=False, attach_menu_enabled=False, bot_can_edit=False, close_friend=False, stories_hidden=False, stories_unavailable=True, contact_require_premium=False, bot_business=False, bot_has_main_app=False, access_hash=9085262890734221351, first_name='Eve', last_name='Williams', username=None, phone='918582048183', photo=None, status=UserStatusOffline(was_online=datetime.datetime(2024, 6, 2, 5, 0, 12, tzinfo=datetime.timezone.utc)), bot_info_version=None, restriction_reason=[], bot_inline_placeholder=None, lang_code=None, emoji_status=None, usernames=[], stories_max_id=None, color=None, profile_color=None, bot_active_users=None)])
2025-01-18 11:20:58.846 | INFO     | __main__:check_core:146 - 号码 918582048183 是有效的 Telegram 用户。
2025-01-18 11:20:58.846 | INFO     | __main__:check_core:150 - waiting for 8 seconds before delete contacts
2025-01-18 11:21:07.429 | INFO     | __main__:check_phone_numbers:188 - Checking 26 / 985: 916291126395
2025-01-18 11:21:07.429 | INFO     | __main__:check_core:137 - waiting for 8 seconds before import contacts
2025-01-18 11:21:16.153 | INFO     | __main__:check_core:142 - ImportedContacts(imported=[], popular_invites=[PopularContact(client_id=41549116, importers=75)], retry_contacts=[], users=[])
2025-01-18 11:21:16.153 | ERROR    | __main__:check_core:158 - 号码 916291126395 未注册 Telegram。
2025-01-18 11:21:16.153 | INFO     | __main__:check_phone_numbers:188 - Checking 27 / 985: 919051719623
2025-01-18 11:21:16.154 | INFO     | __main__:check_core:137 - waiting for 7 seconds before import contacts
2025-01-18 11:21:23.845 | INFO     | __main__:check_core:142 - ImportedContacts(imported=[], popular_invites=[PopularContact(client_id=76947277, importers=69)], retry_contacts=[], users=[])
2025-01-18 11:21:23.845 | ERROR    | __main__:check_core:158 - 号码 919051719623 未注册 Telegram。
2025-01-18 11:21:23.845 | INFO     | __main__:check_phone_numbers:188 - Checking 28 / 985: 919330610781
2025-01-18 11:21:23.845 | INFO     | __main__:check_core:137 - waiting for 11 seconds before import contacts
2025-01-18 11:21:35.431 | INFO     | __main__:check_core:142 - ImportedContacts(imported=[ImportedContact(user_id=6783464344, client_id=92296222)], popular_invites=[], retry_contacts=[], users=[User(id=6783464344, is_self=False, contact=True, mutual_contact=False, deleted=False, bot=False, bot_chat_history=False, bot_nochats=False, verified=False, restricted=False, min=False, bot_inline_geo=False, support=False, scam=False, apply_min_photo=True, fake=False, bot_attach_menu=False, premium=False, attach_menu_enabled=False, bot_can_edit=False, close_friend=False, stories_hidden=False, stories_unavailable=True, contact_require_premium=False, bot_business=False, bot_has_main_app=False, access_hash=3668377569350028915, first_name='Alice', last_name='Williams', username=None, phone='919330610781', photo=None, status=UserStatusOffline(was_online=datetime.datetime(2025, 1, 4, 8, 38, 25, tzinfo=datetime.timezone.utc)), bot_info_version=None, restriction_reason=[], bot_inline_placeholder=None, lang_code=None, emoji_status=None, usernames=[], stories_max_id=None, color=None, profile_color=None, bot_active_users=None)])
2025-01-18 11:21:35.431 | INFO     | __main__:check_core:146 - 号码 919330610781 是有效的 Telegram 用户。
2025-01-18 11:21:35.431 | INFO     | __main__:check_core:150 - waiting for 9 seconds before delete contacts
2025-01-18 11:21:45.016 | INFO     | __main__:check_phone_numbers:188 - Checking 29 / 985: 919830036561
2025-01-18 11:21:45.016 | INFO     | __main__:check_core:137 - waiting for 10 seconds before import contacts
2025-01-18 11:21:55.602 | INFO     | __main__:check_core:142 - ImportedContacts(imported=[ImportedContact(user_id=1108257426, client_id=14509452)], popular_invites=[], retry_contacts=[], users=[User(id=1108257426, is_self=False, contact=True, mutual_contact=False, deleted=False, bot=False, bot_chat_history=False, bot_nochats=False, verified=False, restricted=False, min=False, bot_inline_geo=False, support=False, scam=False, apply_min_photo=True, fake=False, bot_attach_menu=False, premium=False, attach_menu_enabled=False, bot_can_edit=False, close_friend=False, stories_hidden=False, stories_unavailable=True, contact_require_premium=False, bot_business=False, bot_has_main_app=False, access_hash=2109397112446822662, first_name='David', last_name='Davis', username=None, phone='919830036561', photo=None, status=UserStatusOffline(was_online=datetime.datetime(2023, 11, 6, 12, 55, 28, tzinfo=datetime.timezone.utc)), bot_info_version=None, restriction_reason=[], bot_inline_placeholder=None, lang_code=None, emoji_status=None, usernames=[], stories_max_id=None, color=None, profile_color=None, bot_active_users=None)])
2025-01-18 11:21:55.602 | INFO     | __main__:check_core:146 - 号码 919830036561 是有效的 Telegram 用户。
2025-01-18 11:21:55.602 | INFO     | __main__:check_core:150 - waiting for 10 seconds before delete contacts
2025-01-18 11:22:06.216 | INFO     | __main__:check_phone_numbers:188 - Checking 30 / 985: 919123001922
2025-01-18 11:22:06.217 | INFO     | __main__:check_core:137 - waiting for 9 seconds before import contacts
2025-01-18 11:22:15.822 | INFO     | __main__:check_core:142 - ImportedContacts(imported=[ImportedContact(user_id=6840476988, client_id=37709674)], popular_invites=[], retry_contacts=[], users=[User(id=6840476988, is_self=False, contact=True, mutual_contact=False, deleted=False, bot=False, bot_chat_history=False, bot_nochats=False, verified=False, restricted=False, min=False, bot_inline_geo=False, support=False, scam=False, apply_min_photo=True, fake=False, bot_attach_menu=False, premium=False, attach_menu_enabled=False, bot_can_edit=False, close_friend=False, stories_hidden=False, stories_unavailable=True, contact_require_premium=False, bot_business=False, bot_has_main_app=False, access_hash=-6726087242144483139, first_name='Alice', last_name='Rodriguez', username=None, phone='919123001922', photo=None, status=UserStatusOffline(was_online=datetime.datetime(2025, 1, 2, 3, 38, 22, tzinfo=datetime.timezone.utc)), bot_info_version=None, restriction_reason=[], bot_inline_placeholder=None, lang_code=None, emoji_status=None, usernames=[], stories_max_id=None, color=None, profile_color=None, bot_active_users=None)])
2025-01-18 11:22:15.824 | INFO     | __main__:check_core:146 - 号码 919123001922 是有效的 Telegram 用户。
2025-01-18 11:22:15.826 | INFO     | __main__:check_core:150 - waiting for 5 seconds before delete contacts
2025-01-18 11:22:21.428 | INFO     | __main__:check_phone_numbers:188 - Checking 31 / 985: 918910301426
2025-01-18 11:22:21.429 | INFO     | __main__:check_core:137 - waiting for 8 seconds before import contacts
2025-01-18 11:22:30.126 | INFO     | __main__:check_core:142 - ImportedContacts(imported=[], popular_invites=[PopularContact(client_id=38635995, importers=29)], retry_contacts=[], users=[])
2025-01-18 11:22:30.126 | ERROR    | __main__:check_core:158 - 号码 918910301426 未注册 Telegram。
2025-01-18 11:22:30.126 | INFO     | __main__:check_core:137 - waiting for 11 seconds before import contacts
2025-01-18 11:22:41.713 | INFO     | __main__:check_core:142 - ImportedContacts(imported=[ImportedContact(user_id=1234770027, client_id=42490096)], popular_invites=[], retry_contacts=[], users=[User(id=1234770027, is_self=False, contact=True, mutual_contact=False, deleted=False, bot=False, bot_chat_history=False, bot_nochats=False, verified=False, restricted=False, min=False, bot_inline_geo=False, support=False, scam=False, apply_min_photo=True, fake=False, bot_attach_menu=False, premium=False, attach_menu_enabled=False, bot_can_edit=False, close_friend=False, stories_hidden=False, stories_unavailable=True, contact_require_premium=False, bot_business=False, bot_has_main_app=False, access_hash=8053218143281740640, first_name='John', last_name='Garcia', username=None, phone='919874472267', photo=UserProfilePhoto(photo_id=6136655504978586501, dc_id=5, has_video=False, personal=False, stripped_thumb=b'\x01\x08\x08`\x99X`\xe7\xa78\xa2\x8a*\r\xac\x8f'), status=UserStatusOffline(was_online=datetime.datetime(2025, 1, 16, 5, 44, 6, tzinfo=datetime.timezone.utc)), bot_info_version=None, restriction_reason=[], bot_inline_placeholder=None, lang_code=None, emoji_status=None, usernames=[], stories_max_id=None, color=None, profile_color=None, bot_active_users=None)])
2025-01-18 11:22:41.714 | INFO     | __main__:check_core:146 - 号码 919874472267 是有效的 Telegram 用户。
2025-01-18 11:22:41.714 | INFO     | __main__:check_core:150 - waiting for 9 seconds before delete contacts
2025-01-18 11:22:51.299 | INFO     | __main__:check_phone_numbers:188 - Checking 32 / 985: 919007765319
2025-01-18 11:22:51.300 | INFO     | __main__:check_core:137 - waiting for 5 seconds before import contacts
2025-01-18 11:22:56.917 | INFO     | __main__:check_core:142 - ImportedContacts(imported=[ImportedContact(user_id=5294936277, client_id=58861763)], popular_invites=[], retry_contacts=[], users=[User(id=5294936277, is_self=False, contact=True, mutual_contact=False, deleted=False, bot=False, bot_chat_history=False, bot_nochats=False, verified=False, restricted=False, min=False, bot_inline_geo=False, support=False, scam=False, apply_min_photo=True, fake=False, bot_attach_menu=False, premium=False, attach_menu_enabled=False, bot_can_edit=False, close_friend=False, stories_hidden=False, stories_unavailable=True, contact_require_premium=False, bot_business=False, bot_has_main_app=False, access_hash=6578789154529645147, first_name='Bob', last_name='Brown', username=None, phone='919007765319', photo=UserProfilePhoto(photo_id=6143093583645882612, dc_id=5, has_video=False, personal=False, stripped_thumb=b'\x01\x08\x08I\x11C\xa8*W#%s\xf7h\xa2\x8a\x969+X'), status=UserStatusOffline(was_online=datetime.datetime(2024, 1, 16, 16, 46, 2, tzinfo=datetime.timezone.utc)), bot_info_version=None, restriction_reason=[], bot_inline_placeholder=None, lang_code=None, emoji_status=None, usernames=[], stories_max_id=None, color=None, profile_color=None, bot_active_users=None)])
2025-01-18 11:22:56.918 | INFO     | __main__:check_core:146 - 号码 919007765319 是有效的 Telegram 用户。
2025-01-18 11:22:56.918 | INFO     | __main__:check_core:150 - waiting for 12 seconds before delete contacts
2025-01-18 11:23:09.523 | INFO     | __main__:check_phone_numbers:188 - Checking 33 / 985: 919748429464
2025-01-18 11:23:09.523 | INFO     | __main__:check_core:137 - waiting for 7 seconds before import contacts
2025-01-18 11:23:17.230 | INFO     | __main__:check_core:142 - ImportedContacts(imported=[], popular_invites=[PopularContact(client_id=26800546, importers=37)], retry_contacts=[], users=[])
2025-01-18 11:23:17.232 | ERROR    | __main__:check_core:158 - 号码 919748429464 未注册 Telegram。
2025-01-18 11:23:17.233 | INFO     | __main__:check_phone_numbers:188 - Checking 34 / 985: 919123713869
2025-01-18 11:23:17.235 | INFO     | __main__:check_core:137 - waiting for 9 seconds before import contacts
2025-01-18 11:23:26.955 | INFO     | __main__:check_core:142 - ImportedContacts(imported=[], popular_invites=[PopularContact(client_id=38479778, importers=23)], retry_contacts=[], users=[])
2025-01-18 11:23:26.955 | ERROR    | __main__:check_core:158 - 号码 919123713869 未注册 Telegram。
2025-01-18 11:23:26.955 | INFO     | __main__:check_phone_numbers:188 - Checking 35 / 985: 918420935563
2025-01-18 11:23:26.955 | INFO     | __main__:check_core:137 - waiting for 13 seconds before import contacts
2025-01-18 11:23:40.792 | INFO     | __main__:check_core:142 - ImportedContacts(imported=[ImportedContact(user_id=6395625725, client_id=92732093)], popular_invites=[], retry_contacts=[], users=[User(id=6395625725, is_self=False, contact=True, mutual_contact=False, deleted=False, bot=False, bot_chat_history=False, bot_nochats=False, verified=False, restricted=False, min=False, bot_inline_geo=False, support=False, scam=False, apply_min_photo=True, fake=False, bot_attach_menu=False, premium=False, attach_menu_enabled=False, bot_can_edit=False, close_friend=False, stories_hidden=False, stories_unavailable=True, contact_require_premium=False, bot_business=False, bot_has_main_app=False, access_hash=-6952237840092635163, first_name='Bob', last_name='Jones', username=None, phone='918420935563', photo=UserProfilePhoto(photo_id=6303182987751178760, dc_id=5, has_video=False, personal=False, stripped_thumb=b'\x01\x08\x08\x98\x93\xfd\xaf\x8c\x0e\xbf\xd2\x8a(\xa4\x8a\x9a\xb5\x8f'), status=UserStatusOffline(was_online=datetime.datetime(2025, 1, 9, 10, 39, 4, tzinfo=datetime.timezone.utc)), bot_info_version=None, restriction_reason=[], bot_inline_placeholder=None, lang_code=None, emoji_status=None, usernames=[], stories_max_id=None, color=None, profile_color=None, bot_active_users=None)])
2025-01-18 11:23:40.796 | INFO     | __main__:check_core:146 - 号码 918420935563 是有效的 Telegram 用户。
2025-01-18 11:23:40.796 | INFO     | __main__:check_core:150 - waiting for 9 seconds before delete contacts
2025-01-18 11:23:50.374 | INFO     | __main__:check_phone_numbers:188 - Checking 36 / 985: 919062066538
2025-01-18 11:23:50.374 | INFO     | __main__:check_core:137 - waiting for 10 seconds before import contacts
2025-01-18 11:24:00.960 | INFO     | __main__:check_core:142 - ImportedContacts(imported=[ImportedContact(user_id=5939903488, client_id=49633426)], popular_invites=[], retry_contacts=[], users=[User(id=5939903488, is_self=False, contact=True, mutual_contact=False, deleted=False, bot=False, bot_chat_history=False, bot_nochats=False, verified=False, restricted=False, min=False, bot_inline_geo=False, support=False, scam=False, apply_min_photo=True, fake=False, bot_attach_menu=False, premium=False, attach_menu_enabled=False, bot_can_edit=False, close_friend=False, stories_hidden=False, stories_unavailable=True, contact_require_premium=False, bot_business=False, bot_has_main_app=False, access_hash=-2277011697731190000, first_name='David', last_name='Miller', username=None, phone='919062066538', photo=None, status=UserStatusOffline(was_online=datetime.datetime(2024, 8, 17, 16, 6, 9, tzinfo=datetime.timezone.utc)), bot_info_version=None, restriction_reason=[], bot_inline_placeholder=None, lang_code=None, emoji_status=None, usernames=[], stories_max_id=None, color=None, profile_color=None, bot_active_users=None)])
2025-01-18 11:24:00.961 | INFO     | __main__:check_core:146 - 号码 919062066538 是有效的 Telegram 用户。
2025-01-18 11:24:00.961 | INFO     | __main__:check_core:150 - waiting for 10 seconds before delete contacts
2025-01-18 11:24:11.535 | INFO     | __main__:check_phone_numbers:188 - Checking 37 / 985: 918348770238
2025-01-18 11:24:11.536 | INFO     | __main__:check_core:137 - waiting for 13 seconds before import contacts
2025-01-18 11:24:25.123 | INFO     | __main__:check_core:142 - ImportedContacts(imported=[ImportedContact(user_id=1946389498, client_id=40406313)], popular_invites=[], retry_contacts=[], users=[User(id=1946389498, is_self=False, contact=True, mutual_contact=False, deleted=False, bot=False, bot_chat_history=False, bot_nochats=False, verified=False, restricted=False, min=False, bot_inline_geo=False, support=False, scam=False, apply_min_photo=True, fake=False, bot_attach_menu=False, premium=False, attach_menu_enabled=False, bot_can_edit=False, close_friend=False, stories_hidden=False, stories_unavailable=True, contact_require_premium=False, bot_business=False, bot_has_main_app=False, access_hash=5153281041803752851, first_name='Frank', last_name='Martinez', username=None, phone='918348770238', photo=None, status=UserStatusOffline(was_online=datetime.datetime(2024, 6, 21, 12, 38, 42, tzinfo=datetime.timezone.utc)), bot_info_version=None, restriction_reason=[], bot_inline_placeholder=None, lang_code=None, emoji_status=None, usernames=[], stories_max_id=None, color=None, profile_color=None, bot_active_users=None)])
2025-01-18 11:24:25.124 | INFO     | __main__:check_core:146 - 号码 918348770238 是有效的 Telegram 用户。
2025-01-18 11:24:25.124 | INFO     | __main__:check_core:150 - waiting for 6 seconds before delete contacts
2025-01-18 11:24:31.705 | INFO     | __main__:check_phone_numbers:188 - Checking 38 / 985: 917980864020
2025-01-18 11:24:31.705 | INFO     | __main__:check_core:137 - waiting for 6 seconds before import contacts
2025-01-18 11:24:38.290 | INFO     | __main__:check_core:142 - ImportedContacts(imported=[ImportedContact(user_id=7248559717, client_id=52515398)], popular_invites=[], retry_contacts=[], users=[User(id=7248559717, is_self=False, contact=True, mutual_contact=False, deleted=False, bot=False, bot_chat_history=False, bot_nochats=False, verified=False, restricted=False, min=False, bot_inline_geo=False, support=False, scam=False, apply_min_photo=True, fake=False, bot_attach_menu=False, premium=False, attach_menu_enabled=False, bot_can_edit=False, close_friend=False, stories_hidden=False, stories_unavailable=True, contact_require_premium=False, bot_business=False, bot_has_main_app=False, access_hash=-6352260409079640078, first_name='Frank', last_name='Garcia', username=None, phone='917980864020', photo=UserProfilePhoto(photo_id=6154415512575130059, dc_id=5, has_video=False, personal=False, stripped_thumb=b"\x01\x08\x08G6\xe6\xf7\x18'\x07\xaey\xcd\x14QS(\x94\x99"), status=UserStatusOffline(was_online=datetime.datetime(2024, 8, 2, 6, 58, 37, tzinfo=datetime.timezone.utc)), bot_info_version=None, restriction_reason=[], bot_inline_placeholder=None, lang_code=None, emoji_status=None, usernames=[], stories_max_id=None, color=None, profile_color=None, bot_active_users=None)])
2025-01-18 11:24:38.291 | INFO     | __main__:check_core:146 - 号码 917980864020 是有效的 Telegram 用户。
2025-01-18 11:24:38.291 | INFO     | __main__:check_core:150 - waiting for 6 seconds before delete contacts
2025-01-18 11:24:44.873 | INFO     | __main__:check_phone_numbers:188 - Checking 39 / 985: 917550942189
2025-01-18 11:24:44.873 | INFO     | __main__:check_core:137 - waiting for 9 seconds before import contacts
2025-01-18 11:24:54.559 | INFO     | __main__:check_core:142 - ImportedContacts(imported=[], popular_invites=[PopularContact(client_id=24060989, importers=76)], retry_contacts=[], users=[])
2025-01-18 11:24:54.560 | ERROR    | __main__:check_core:158 - 号码 917550942189 未注册 Telegram。
2025-01-18 11:24:54.560 | INFO     | __main__:check_phone_numbers:188 - Checking 40 / 985: 919088649980
2025-01-18 11:24:54.560 | INFO     | __main__:check_core:137 - waiting for 5 seconds before import contacts
2025-01-18 11:25:00.145 | INFO     | __main__:check_core:142 - ImportedContacts(imported=[ImportedContact(user_id=6380683653, client_id=97933430)], popular_invites=[], retry_contacts=[], users=[User(id=6380683653, is_self=False, contact=True, mutual_contact=False, deleted=False, bot=False, bot_chat_history=False, bot_nochats=False, verified=False, restricted=False, min=False, bot_inline_geo=False, support=False, scam=False, apply_min_photo=True, fake=False, bot_attach_menu=False, premium=False, attach_menu_enabled=False, bot_can_edit=False, close_friend=False, stories_hidden=False, stories_unavailable=True, contact_require_premium=False, bot_business=False, bot_has_main_app=False, access_hash=1541704461843284843, first_name='Eve', last_name='Brown', username=None, phone='919088649980', photo=UserProfilePhoto(photo_id=6212881218748398137, dc_id=5, has_video=False, personal=False, stripped_thumb=b'\x01\x08\x08\x92"\xa1\xfc\xd2[s\x13\x82{\x8a(\xa2\x92e4\x7f'), status=UserStatusOffline(was_online=datetime.datetime(2024, 3, 3, 6, 19, tzinfo=datetime.timezone.utc)), bot_info_version=None, restriction_reason=[], bot_inline_placeholder=None, lang_code=None, emoji_status=None, usernames=[], stories_max_id=None, color=None, profile_color=None, bot_active_users=None)])
2025-01-18 11:25:00.148 | INFO     | __main__:check_core:146 - 号码 919088649980 是有效的 Telegram 用户。
2025-01-18 11:25:00.148 | INFO     | __main__:check_core:150 - waiting for 5 seconds before delete contacts
2025-01-18 11:25:05.725 | INFO     | __main__:check_phone_numbers:188 - Checking 41 / 985: 918583873972
2025-01-18 11:25:05.725 | INFO     | __main__:check_core:137 - waiting for 7 seconds before import contacts
2025-01-18 11:25:13.313 | INFO     | __main__:check_core:142 - ImportedContacts(imported=[ImportedContact(user_id=7084731226, client_id=60059778)], popular_invites=[], retry_contacts=[], users=[User(id=7084731226, is_self=False, contact=True, mutual_contact=False, deleted=False, bot=False, bot_chat_history=False, bot_nochats=False, verified=False, restricted=False, min=False, bot_inline_geo=False, support=False, scam=False, apply_min_photo=True, fake=False, bot_attach_menu=False, premium=False, attach_menu_enabled=False, bot_can_edit=False, close_friend=False, stories_hidden=False, stories_unavailable=True, contact_require_premium=False, bot_business=False, bot_has_main_app=False, access_hash=5910142110973830957, first_name='Bob', last_name='Johnson', username=None, phone='918583873972', photo=UserProfilePhoto(photo_id=6071203020886098886, dc_id=5, has_video=False, personal=False, stripped_thumb=b'\x01\x08\x08z\xcb\x11a\xb7\x9ey\xf6\xa2\x8a)r\xa0?'), status=UserStatusOffline(was_online=datetime.datetime(2025, 1, 16, 8, 40, 47, tzinfo=datetime.timezone.utc)), bot_info_version=None, restriction_reason=[], bot_inline_placeholder=None, lang_code=None, emoji_status=None, usernames=[], stories_max_id=None, color=None, profile_color=None, bot_active_users=None)])
2025-01-18 11:25:13.316 | INFO     | __main__:check_core:146 - 号码 918583873972 是有效的 Telegram 用户。
2025-01-18 11:25:13.316 | INFO     | __main__:check_core:150 - waiting for 6 seconds before delete contacts
2025-01-18 11:25:19.906 | INFO     | __main__:check_core:137 - waiting for 8 seconds before import contacts
2025-01-18 11:25:28.492 | INFO     | __main__:check_core:142 - ImportedContacts(imported=[ImportedContact(user_id=7350661473, client_id=54662002)], popular_invites=[], retry_contacts=[], users=[User(id=7350661473, is_self=False, contact=True, mutual_contact=False, deleted=False, bot=False, bot_chat_history=False, bot_nochats=False, verified=False, restricted=False, min=False, bot_inline_geo=False, support=False, scam=False, apply_min_photo=True, fake=False, bot_attach_menu=False, premium=False, attach_menu_enabled=False, bot_can_edit=False, close_friend=False, stories_hidden=False, stories_unavailable=True, contact_require_premium=False, bot_business=False, bot_has_main_app=False, access_hash=1049938159410304013, first_name='Hank', last_name='Martinez', username=None, phone='919088033199', photo=None, status=UserStatusOffline(was_online=datetime.datetime(2024, 8, 23, 5, 12, 16, tzinfo=datetime.timezone.utc)), bot_info_version=None, restriction_reason=[], bot_inline_placeholder=None, lang_code=None, emoji_status=None, usernames=[], stories_max_id=None, color=None, profile_color=None, bot_active_users=None)])
2025-01-18 11:25:28.492 | INFO     | __main__:check_core:146 - 号码 919088033199 是有效的 Telegram 用户。
2025-01-18 11:25:28.492 | INFO     | __main__:check_core:150 - waiting for 5 seconds before delete contacts
2025-01-18 11:25:34.070 | INFO     | __main__:check_phone_numbers:188 - Checking 42 / 985: 919038831604
2025-01-18 11:25:34.070 | INFO     | __main__:check_core:137 - waiting for 10 seconds before import contacts
2025-01-18 11:25:44.670 | INFO     | __main__:check_core:142 - ImportedContacts(imported=[ImportedContact(user_id=1599357063, client_id=73849172)], popular_invites=[], retry_contacts=[], users=[User(id=1599357063, is_self=False, contact=True, mutual_contact=False, deleted=False, bot=False, bot_chat_history=False, bot_nochats=False, verified=False, restricted=False, min=False, bot_inline_geo=False, support=False, scam=False, apply_min_photo=True, fake=False, bot_attach_menu=False, premium=False, attach_menu_enabled=False, bot_can_edit=False, close_friend=False, stories_hidden=False, stories_unavailable=True, contact_require_premium=False, bot_business=False, bot_has_main_app=False, access_hash=-1691518860593092860, first_name='Frank', last_name='Smith', username=None, phone='919038831604', photo=None, status=UserStatusOffline(was_online=datetime.datetime(2024, 12, 29, 17, 19, 32, tzinfo=datetime.timezone.utc)), bot_info_version=None, restriction_reason=[], bot_inline_placeholder=None, lang_code=None, emoji_status=None, usernames=[], stories_max_id=None, color=None, profile_color=None, bot_active_users=None)])
2025-01-18 11:25:44.671 | INFO     | __main__:check_core:146 - 号码 919038831604 是有效的 Telegram 用户。
2025-01-18 11:25:44.671 | INFO     | __main__:check_core:150 - waiting for 6 seconds before delete contacts
2025-01-18 11:25:51.246 | INFO     | __main__:check_phone_numbers:188 - Checking 43 / 985: 919007550773
2025-01-18 11:25:51.247 | INFO     | __main__:check_core:137 - waiting for 11 seconds before import contacts
2025-01-18 11:26:02.861 | INFO     | __main__:check_core:142 - ImportedContacts(imported=[ImportedContact(user_id=5708565233, client_id=56506096)], popular_invites=[], retry_contacts=[], users=[User(id=5708565233, is_self=False, contact=True, mutual_contact=False, deleted=False, bot=False, bot_chat_history=False, bot_nochats=False, verified=False, restricted=False, min=False, bot_inline_geo=False, support=False, scam=False, apply_min_photo=True, fake=False, bot_attach_menu=False, premium=False, attach_menu_enabled=False, bot_can_edit=False, close_friend=False, stories_hidden=False, stories_unavailable=True, contact_require_premium=False, bot_business=False, bot_has_main_app=False, access_hash=-4558575370530577535, first_name='Grace', last_name='Garcia', username=None, phone='919007550773', photo=None, status=UserStatusOffline(was_online=datetime.datetime(2025, 1, 12, 8, 28, 16, tzinfo=datetime.timezone.utc)), bot_info_version=None, restriction_reason=[], bot_inline_placeholder=None, lang_code=None, emoji_status=None, usernames=[], stories_max_id=None, color=None, profile_color=None, bot_active_users=None)])
2025-01-18 11:26:02.862 | INFO     | __main__:check_core:146 - 号码 919007550773 是有效的 Telegram 用户。
2025-01-18 11:26:02.866 | INFO     | __main__:check_core:150 - waiting for 13 seconds before delete contacts
2025-01-18 11:26:16.458 | INFO     | __main__:check_phone_numbers:188 - Checking 44 / 985: 917003362452
2025-01-18 11:26:16.458 | INFO     | __main__:check_core:137 - waiting for 13 seconds before import contacts
2025-01-18 11:26:30.185 | INFO     | __main__:check_core:142 - ImportedContacts(imported=[], popular_invites=[PopularContact(client_id=30387602, importers=82)], retry_contacts=[], users=[])
2025-01-18 11:26:30.186 | ERROR    | __main__:check_core:158 - 号码 917003362452 未注册 Telegram。
2025-01-18 11:26:30.186 | INFO     | __main__:check_phone_numbers:188 - Checking 45 / 985: 919330849472
2025-01-18 11:26:30.186 | INFO     | __main__:check_core:137 - waiting for 5 seconds before import contacts
2025-01-18 11:26:35.786 | INFO     | __main__:check_core:142 - ImportedContacts(imported=[], popular_invites=[], retry_contacts=[22397639], users=[])
2025-01-18 11:26:35.786 | ERROR    | __main__:check_core:158 - 号码 919330849472 未注册 Telegram。
2025-01-18 11:26:35.787 | INFO     | __main__:check_phone_numbers:188 - Checking 46 / 985: 918420780449
2025-01-18 11:26:35.787 | INFO     | __main__:check_core:137 - waiting for 5 seconds before import contacts
2025-01-18 11:26:41.360 | INFO     | __main__:check_core:142 - ImportedContacts(imported=[], popular_invites=[], retry_contacts=[81864711], users=[])
2025-01-18 11:26:41.361 | ERROR    | __main__:check_core:158 - 号码 918420780449 未注册 Telegram。
2025-01-18 11:26:41.361 | INFO     | __main__:check_phone_numbers:188 - Checking 47 / 985: 919674637491
2025-01-18 11:26:41.361 | INFO     | __main__:check_core:137 - waiting for 5 seconds before import contacts
2025-01-18 11:26:46.956 | INFO     | __main__:check_core:142 - ImportedContacts(imported=[], popular_invites=[], retry_contacts=[32859795], users=[])
2025-01-18 11:26:46.957 | ERROR    | __main__:check_core:158 - 号码 919674637491 未注册 Telegram。
2025-01-18 11:26:46.957 | INFO     | __main__:check_phone_numbers:188 - Checking 48 / 985: 919123818982
2025-01-18 11:26:46.957 | INFO     | __main__:check_core:137 - waiting for 8 seconds before import contacts
2025-01-18 11:26:55.531 | INFO     | __main__:check_core:142 - ImportedContacts(imported=[], popular_invites=[], retry_contacts=[32108486], users=[])
2025-01-18 11:26:55.531 | ERROR    | __main__:check_core:158 - 号码 919123818982 未注册 Telegram。
2025-01-18 11:26:55.531 | INFO     | __main__:check_phone_numbers:188 - Checking 49 / 985: 919875381727
2025-01-18 11:26:55.532 | INFO     | __main__:check_core:137 - waiting for 12 seconds before import contacts
2025-01-18 11:27:08.107 | INFO     | __main__:check_core:142 - ImportedContacts(imported=[], popular_invites=[], retry_contacts=[25294994], users=[])
2025-01-18 11:27:08.107 | ERROR    | __main__:check_core:158 - 号码 919875381727 未注册 Telegram。
2025-01-18 11:27:08.108 | INFO     | __main__:check_phone_numbers:188 - Checking 50 / 985: 918420434470
2025-01-18 11:27:08.108 | INFO     | __main__:check_core:137 - waiting for 7 seconds before import contacts
2025-01-18 11:27:15.690 | INFO     | __main__:check_core:142 - ImportedContacts(imported=[], popular_invites=[], retry_contacts=[90828928], users=[])
2025-01-18 11:27:15.690 | ERROR    | __main__:check_core:158 - 号码 918420434470 未注册 Telegram。
2025-01-18 11:27:15.690 | INFO     | __main__:check_phone_numbers:188 - Checking 51 / 985: 916291521958
2025-01-18 11:27:15.690 | INFO     | __main__:check_core:137 - waiting for 6 seconds before import contacts
2025-01-18 11:27:22.263 | INFO     | __main__:check_core:142 - ImportedContacts(imported=[], popular_invites=[], retry_contacts=[22537303], users=[])
2025-01-18 11:27:22.263 | ERROR    | __main__:check_core:158 - 号码 916291521958 未注册 Telegram。
2025-01-18 11:27:22.264 | INFO     | __main__:check_core:137 - waiting for 7 seconds before import contacts
2025-01-18 11:27:29.837 | INFO     | __main__:check_core:142 - ImportedContacts(imported=[], popular_invites=[], retry_contacts=[84221773], users=[])
2025-01-18 11:27:29.837 | INFO     | __main__:check_core:155 - stumps 916290567101 未注册 Telegram。
