2025-01-17 03:39:55.322 | INFO     | __main__:check_phone_numbers:217 - Checking 1 / 1000: 919073508087
2025-01-17 03:39:56.045 | INFO     | __main__:check_core:175 - ImportedContacts(imported=[ImportedContact(user_id=6358775300, client_id=0)], popular_invites=[], retry_contacts=[], users=[User(id=6358775300, is_self=False, contact=True, mutual_contact=False, deleted=False, bot=False, bot_chat_history=False, bot_nochats=False, verified=False, restricted=False, min=False, bot_inline_geo=False, support=False, scam=False, apply_min_photo=True, fake=False, bot_attach_menu=False, premium=False, attach_menu_enabled=False, bot_can_edit=False, close_friend=False, stories_hidden=False, stories_unavailable=True, contact_require_premium=False, bot_business=False, bot_has_main_app=False, access_hash=-8045901432482662629, first_name='Frank', last_name='Martinez', username=None, phone='919073508087', photo=UserProfilePhoto(photo_id=6246705503543607679, dc_id=5, has_video=False, personal=False, stripped_thumb=b'\x01\x08\x08c\xa6\x02\xa8Fd\xcf9\xa2\x8a)\\v?'), status=UserStatusOffline(was_online=datetime.datetime(2024, 12, 14, 15, 31, 10, tzinfo=datetime.timezone.utc)), bot_info_version=None, restriction_reason=[], bot_inline_placeholder=None, lang_code=None, emoji_status=None, usernames=[], stories_max_id=None, color=None, profile_color=None, bot_active_users=None)])
2025-01-17 03:39:56.045 | INFO     | __main__:check_core:178 - 号码 919073508087 是有效的 Telegram 用户。
2025-01-17 03:41:52.077 | INFO     | __main__:check_phone_numbers:228 - waiting for 114 seconds
2025-01-17 03:41:54.495 | INFO     | __main__:check_core:175 - ImportedContacts(imported=[ImportedContact(user_id=5889421107, client_id=0)], popular_invites=[], retry_contacts=[], users=[User(id=5889421107, is_self=False, contact=True, mutual_contact=False, deleted=False, bot=False, bot_chat_history=False, bot_nochats=False, verified=False, restricted=False, min=False, bot_inline_geo=False, support=False, scam=False, apply_min_photo=True, fake=False, bot_attach_menu=False, premium=False, attach_menu_enabled=False, bot_can_edit=False, close_friend=False, stories_hidden=False, stories_unavailable=True, contact_require_premium=False, bot_business=False, bot_has_main_app=False, access_hash=5366050564745629069, first_name='David', last_name='Smith', username=None, phone='919830648745', photo=UserProfilePhoto(photo_id=6102597805890714297, dc_id=5, has_video=False, personal=False, stripped_thumb=b'\x01\x08\x08K\xa9\xb8\xf9\x86\x18\x9e\x99\xce\x05\x14QRR?'), status=UserStatusOffline(was_online=datetime.datetime(2024, 9, 6, 13, 0, 7, tzinfo=datetime.timezone.utc)), bot_info_version=None, restriction_reason=[], bot_inline_placeholder=None, lang_code=None, emoji_status=None, usernames=[], stories_max_id=None, color=None, profile_color=None, bot_active_users=None)])
2025-01-17 03:41:54.495 | INFO     | __main__:check_core:178 - 号码 919830648745 是有效的 Telegram 用户。
2025-01-17 03:41:55.252 | INFO     | __main__:check_phone_numbers:217 - Checking 2 / 1000: 919163495380
2025-01-17 03:41:56.030 | INFO     | __main__:check_core:175 - ImportedContacts(imported=[], popular_invites=[PopularContact(client_id=0, importers=73)], retry_contacts=[], users=[])
2025-01-17 03:41:56.030 | ERROR    | __main__:check_core:187 - 号码 919163495380 未注册 Telegram。
2025-01-17 03:43:13.030 | INFO     | __main__:check_phone_numbers:228 - waiting for 77 seconds
2025-01-17 03:43:13.031 | INFO     | __main__:check_phone_numbers:217 - Checking 3 / 1000: 918617542874
2025-01-17 03:43:14.955 | INFO     | __main__:check_core:175 - ImportedContacts(imported=[], popular_invites=[PopularContact(client_id=0, importers=102)], retry_contacts=[], users=[])
2025-01-17 03:43:14.955 | ERROR    | __main__:check_core:187 - 号码 918617542874 未注册 Telegram。
2025-01-17 03:45:45.955 | INFO     | __main__:check_phone_numbers:228 - waiting for 151 seconds
2025-01-17 03:45:45.956 | INFO     | __main__:check_phone_numbers:217 - Checking 4 / 1000: 919903642312
2025-01-17 03:45:48.188 | INFO     | __main__:check_core:175 - ImportedContacts(imported=[], popular_invites=[PopularContact(client_id=0, importers=57)], retry_contacts=[], users=[])
2025-01-17 03:45:48.188 | ERROR    | __main__:check_core:187 - 号码 919903642312 未注册 Telegram。
2025-01-17 03:48:39.188 | INFO     | __main__:check_phone_numbers:228 - waiting for 171 seconds
2025-01-17 03:48:39.189 | INFO     | __main__:check_phone_numbers:217 - Checking 5 / 1000: 917550061570
2025-01-17 03:48:40.972 | INFO     | __main__:check_core:175 - ImportedContacts(imported=[ImportedContact(user_id=6919270548, client_id=0)], popular_invites=[], retry_contacts=[], users=[User(id=6919270548, is_self=False, contact=True, mutual_contact=False, deleted=False, bot=False, bot_chat_history=False, bot_nochats=False, verified=False, restricted=False, min=False, bot_inline_geo=False, support=False, scam=False, apply_min_photo=True, fake=False, bot_attach_menu=False, premium=False, attach_menu_enabled=False, bot_can_edit=False, close_friend=False, stories_hidden=False, stories_unavailable=True, contact_require_premium=False, bot_business=False, bot_has_main_app=False, access_hash=-8792321198572879460, first_name='Charlie', last_name='Brown', username=None, phone='917550061570', photo=None, status=UserStatusOffline(was_online=datetime.datetime(2024, 5, 26, 19, 36, 9, tzinfo=datetime.timezone.utc)), bot_info_version=None, restriction_reason=[], bot_inline_placeholder=None, lang_code=None, emoji_status=None, usernames=[], stories_max_id=None, color=None, profile_color=None, bot_active_users=None)])
2025-01-17 03:48:40.973 | INFO     | __main__:check_core:178 - 号码 917550061570 是有效的 Telegram 用户。
2025-01-17 03:50:44.642 | INFO     | __main__:check_phone_numbers:228 - waiting for 123 seconds
2025-01-17 03:50:44.642 | INFO     | __main__:check_phone_numbers:217 - Checking 6 / 1000: 919330601239
2025-01-17 03:50:46.533 | INFO     | __main__:check_core:175 - ImportedContacts(imported=[ImportedContact(user_id=6340486644, client_id=0)], popular_invites=[], retry_contacts=[], users=[User(id=6340486644, is_self=False, contact=True, mutual_contact=False, deleted=False, bot=False, bot_chat_history=False, bot_nochats=False, verified=False, restricted=False, min=False, bot_inline_geo=False, support=False, scam=False, apply_min_photo=True, fake=False, bot_attach_menu=False, premium=False, attach_menu_enabled=False, bot_can_edit=False, close_friend=False, stories_hidden=False, stories_unavailable=True, contact_require_premium=False, bot_business=False, bot_has_main_app=False, access_hash=5286599782723623196, first_name='John', last_name='Jones', username=None, phone='919330601239', photo=None, status=UserStatusOffline(was_online=datetime.datetime(2024, 10, 22, 13, 29, 12, tzinfo=datetime.timezone.utc)), bot_info_version=None, restriction_reason=[], bot_inline_placeholder=None, lang_code=None, emoji_status=None, usernames=[], stories_max_id=None, color=None, profile_color=None, bot_active_users=None)])
2025-01-17 03:50:46.534 | INFO     | __main__:check_core:178 - 号码 919330601239 是有效的 Telegram 用户。
2025-01-17 03:52:05.193 | INFO     | __main__:check_phone_numbers:228 - waiting for 78 seconds
2025-01-17 03:52:05.194 | INFO     | __main__:check_phone_numbers:217 - Checking 7 / 1000: 919433573851
2025-01-17 03:52:08.560 | INFO     | __main__:check_core:175 - ImportedContacts(imported=[], popular_invites=[PopularContact(client_id=0, importers=62)], retry_contacts=[], users=[])
2025-01-17 03:52:08.562 | ERROR    | __main__:check_core:187 - 号码 919433573851 未注册 Telegram。
2025-01-17 03:53:09.562 | INFO     | __main__:check_phone_numbers:228 - waiting for 61 seconds
2025-01-17 03:53:09.563 | INFO     | __main__:check_phone_numbers:217 - Checking 8 / 1000: 918017015152
2025-01-17 03:53:11.712 | INFO     | __main__:check_core:175 - ImportedContacts(imported=[ImportedContact(user_id=6138514222, client_id=0)], popular_invites=[], retry_contacts=[], users=[User(id=6138514222, is_self=False, contact=True, mutual_contact=False, deleted=False, bot=False, bot_chat_history=False, bot_nochats=False, verified=False, restricted=False, min=False, bot_inline_geo=False, support=False, scam=False, apply_min_photo=True, fake=False, bot_attach_menu=False, premium=False, attach_menu_enabled=False, bot_can_edit=False, close_friend=False, stories_hidden=False, stories_unavailable=True, contact_require_premium=False, bot_business=False, bot_has_main_app=False, access_hash=3568952523530361562, first_name='John', last_name='Davis', username=None, phone='918017015152', photo=None, status=UserStatusOffline(was_online=datetime.datetime(2024, 12, 16, 15, 24, 10, tzinfo=datetime.timezone.utc)), bot_info_version=None, restriction_reason=[], bot_inline_placeholder=None, lang_code=None, emoji_status=None, usernames=[], stories_max_id=None, color=None, profile_color=None, bot_active_users=None)])
2025-01-17 03:53:11.714 | INFO     | __main__:check_core:178 - 号码 918017015152 是有效的 Telegram 用户。
2025-01-17 03:55:07.392 | INFO     | __main__:check_phone_numbers:228 - waiting for 115 seconds
2025-01-17 03:55:07.392 | INFO     | __main__:check_phone_numbers:217 - Checking 9 / 1000: 918910692748
2025-01-17 03:55:10.193 | INFO     | __main__:check_core:175 - ImportedContacts(imported=[ImportedContact(user_id=788443871, client_id=0)], popular_invites=[], retry_contacts=[], users=[User(id=788443871, is_self=False, contact=True, mutual_contact=False, deleted=False, bot=False, bot_chat_history=False, bot_nochats=False, verified=False, restricted=False, min=False, bot_inline_geo=False, support=False, scam=False, apply_min_photo=True, fake=False, bot_attach_menu=False, premium=False, attach_menu_enabled=False, bot_can_edit=False, close_friend=False, stories_hidden=False, stories_unavailable=True, contact_require_premium=False, bot_business=False, bot_has_main_app=False, access_hash=-5640485106489335378, first_name='Charlie', last_name='Jones', username='Sid_Shankar', phone='918910692748', photo=UserProfilePhoto(photo_id=3386340641132881834, dc_id=5, has_video=False, personal=False, stripped_thumb=b'\x01\x08\x08\xa6&\n\xdd\x07=h\xa2\x8a`\x7f'), status=UserStatusOffline(was_online=datetime.datetime(2025, 1, 16, 16, 21, 59, tzinfo=datetime.timezone.utc)), bot_info_version=None, restriction_reason=[], bot_inline_placeholder=None, lang_code=None, emoji_status=None, usernames=[], stories_max_id=None, color=None, profile_color=None, bot_active_users=None)])
2025-01-17 03:55:10.194 | INFO     | __main__:check_core:178 - 号码 918910692748 是有效的 Telegram 用户。
2025-01-17 03:56:12.901 | INFO     | __main__:check_phone_numbers:228 - waiting for 62 seconds
2025-01-17 03:56:12.901 | INFO     | __main__:check_phone_numbers:217 - Checking 10 / 1000: 919051552442
2025-01-17 03:56:14.735 | INFO     | __main__:check_core:175 - ImportedContacts(imported=[ImportedContact(user_id=6047756110, client_id=0)], popular_invites=[], retry_contacts=[], users=[User(id=6047756110, is_self=False, contact=True, mutual_contact=False, deleted=False, bot=False, bot_chat_history=False, bot_nochats=False, verified=False, restricted=False, min=False, bot_inline_geo=False, support=False, scam=False, apply_min_photo=True, fake=False, bot_attach_menu=False, premium=False, attach_menu_enabled=False, bot_can_edit=False, close_friend=False, stories_hidden=False, stories_unavailable=True, contact_require_premium=False, bot_business=False, bot_has_main_app=False, access_hash=-8044807008014703931, first_name='Charlie', last_name='Garcia', username=None, phone='919051552442', photo=UserProfilePhoto(photo_id=6102884297389226537, dc_id=5, has_video=False, personal=False, stripped_thumb=b'\x01\x08\x08\xa8\xcd\x16\x01\x11\x80\x0f\xbd\x14QQb\x8f'), status=UserStatusOffline(was_online=datetime.datetime(2024, 11, 21, 22, 59, 42, tzinfo=datetime.timezone.utc)), bot_info_version=None, restriction_reason=[], bot_inline_placeholder=None, lang_code=None, emoji_status=None, usernames=[], stories_max_id=None, color=None, profile_color=None, bot_active_users=None)])
2025-01-17 03:56:14.738 | INFO     | __main__:check_core:178 - 号码 919051552442 是有效的 Telegram 用户。
2025-01-17 03:58:47.426 | INFO     | __main__:check_phone_numbers:228 - waiting for 152 seconds
2025-01-17 03:58:47.426 | INFO     | __main__:check_phone_numbers:217 - Checking 11 / 1000: 917980864168
2025-01-17 03:58:49.761 | INFO     | __main__:check_core:175 - ImportedContacts(imported=[ImportedContact(user_id=7737132207, client_id=0)], popular_invites=[], retry_contacts=[], users=[User(id=7737132207, is_self=False, contact=True, mutual_contact=False, deleted=False, bot=False, bot_chat_history=False, bot_nochats=False, verified=False, restricted=False, min=False, bot_inline_geo=False, support=False, scam=False, apply_min_photo=True, fake=False, bot_attach_menu=False, premium=False, attach_menu_enabled=False, bot_can_edit=False, close_friend=False, stories_hidden=False, stories_unavailable=True, contact_require_premium=False, bot_business=False, bot_has_main_app=False, access_hash=-3985761363123250030, first_name='David', last_name='Martinez', username=None, phone='917980864168', photo=None, status=UserStatusOffline(was_online=datetime.datetime(2024, 11, 10, 17, 30, 32, tzinfo=datetime.timezone.utc)), bot_info_version=None, restriction_reason=[], bot_inline_placeholder=None, lang_code=None, emoji_status=None, usernames=[], stories_max_id=None, color=None, profile_color=None, bot_active_users=None)])
2025-01-17 03:58:49.764 | INFO     | __main__:check_core:178 - 号码 917980864168 是有效的 Telegram 用户。
2025-01-17 04:00:40.421 | INFO     | __main__:check_phone_numbers:228 - waiting for 110 seconds
2025-01-17 04:00:43.405 | INFO     | __main__:check_core:175 - ImportedContacts(imported=[ImportedContact(user_id=5889421107, client_id=0)], popular_invites=[], retry_contacts=[], users=[User(id=5889421107, is_self=False, contact=True, mutual_contact=False, deleted=False, bot=False, bot_chat_history=False, bot_nochats=False, verified=False, restricted=False, min=False, bot_inline_geo=False, support=False, scam=False, apply_min_photo=True, fake=False, bot_attach_menu=False, premium=False, attach_menu_enabled=False, bot_can_edit=False, close_friend=False, stories_hidden=False, stories_unavailable=True, contact_require_premium=False, bot_business=False, bot_has_main_app=False, access_hash=5366050564745629069, first_name='Frank', last_name='Rodriguez', username=None, phone='919830648745', photo=UserProfilePhoto(photo_id=6102597805890714297, dc_id=5, has_video=False, personal=False, stripped_thumb=b'\x01\x08\x08K\xa9\xb8\xf9\x86\x18\x9e\x99\xce\x05\x14QRR?'), status=UserStatusOffline(was_online=datetime.datetime(2024, 9, 6, 13, 0, 7, tzinfo=datetime.timezone.utc)), bot_info_version=None, restriction_reason=[], bot_inline_placeholder=None, lang_code=None, emoji_status=None, usernames=[], stories_max_id=None, color=None, profile_color=None, bot_active_users=None)])
2025-01-17 04:00:43.405 | INFO     | __main__:check_core:178 - 号码 919830648745 是有效的 Telegram 用户。
2025-01-17 04:00:44.004 | INFO     | __main__:check_phone_numbers:217 - Checking 12 / 1000: 919433578043
2025-01-17 04:00:44.700 | INFO     | __main__:check_core:175 - ImportedContacts(imported=[], popular_invites=[PopularContact(client_id=0, importers=67)], retry_contacts=[], users=[])
2025-01-17 04:00:44.700 | ERROR    | __main__:check_core:187 - 号码 919433578043 未注册 Telegram。
2025-01-17 04:03:26.701 | INFO     | __main__:check_phone_numbers:228 - waiting for 162 seconds
2025-01-17 04:03:26.701 | INFO     | __main__:check_phone_numbers:217 - Checking 13 / 1000: 919433421012
2025-01-17 04:03:28.432 | INFO     | __main__:check_core:175 - ImportedContacts(imported=[ImportedContact(user_id=6809133234, client_id=0)], popular_invites=[], retry_contacts=[], users=[User(id=6809133234, is_self=False, contact=True, mutual_contact=False, deleted=False, bot=False, bot_chat_history=False, bot_nochats=False, verified=False, restricted=False, min=False, bot_inline_geo=False, support=False, scam=False, apply_min_photo=True, fake=False, bot_attach_menu=False, premium=False, attach_menu_enabled=False, bot_can_edit=False, close_friend=False, stories_hidden=False, stories_unavailable=True, contact_require_premium=False, bot_business=False, bot_has_main_app=False, access_hash=-7180648491469019202, first_name='David', last_name='Brown', username=None, phone='919433421012', photo=None, status=UserStatusOffline(was_online=datetime.datetime(2024, 7, 5, 17, 21, 37, tzinfo=datetime.timezone.utc)), bot_info_version=None, restriction_reason=[], bot_inline_placeholder=None, lang_code=None, emoji_status=None, usernames=[], stories_max_id=None, color=None, profile_color=None, bot_active_users=None)])
2025-01-17 04:03:28.432 | INFO     | __main__:check_core:178 - 号码 919433421012 是有效的 Telegram 用户。
2025-01-17 04:04:20.010 | INFO     | __main__:check_phone_numbers:228 - waiting for 51 seconds
2025-01-17 04:04:20.010 | INFO     | __main__:check_phone_numbers:217 - Checking 14 / 1000: 919123248937
2025-01-17 04:04:20.991 | INFO     | __main__:check_core:175 - ImportedContacts(imported=[ImportedContact(user_id=6970696918, client_id=0)], popular_invites=[], retry_contacts=[], users=[User(id=6970696918, is_self=False, contact=True, mutual_contact=False, deleted=False, bot=False, bot_chat_history=False, bot_nochats=False, verified=False, restricted=False, min=False, bot_inline_geo=False, support=False, scam=False, apply_min_photo=True, fake=False, bot_attach_menu=False, premium=False, attach_menu_enabled=False, bot_can_edit=False, close_friend=False, stories_hidden=False, stories_unavailable=True, contact_require_premium=False, bot_business=False, bot_has_main_app=False, access_hash=-218148568992404879, first_name='John', last_name='Brown', username=None, phone='919123248937', photo=None, status=UserStatusOffline(was_online=datetime.datetime(2025, 1, 6, 2, 6, 8, tzinfo=datetime.timezone.utc)), bot_info_version=None, restriction_reason=[], bot_inline_placeholder=None, lang_code=None, emoji_status=None, usernames=[], stories_max_id=None, color=None, profile_color=None, bot_active_users=None)])
2025-01-17 04:04:20.991 | INFO     | __main__:check_core:178 - 号码 919123248937 是有效的 Telegram 用户。
2025-01-17 04:07:13.572 | INFO     | __main__:check_phone_numbers:228 - waiting for 172 seconds
2025-01-17 04:07:13.573 | INFO     | __main__:check_phone_numbers:217 - Checking 15 / 1000: 919123059465
2025-01-17 04:07:15.648 | INFO     | __main__:check_core:175 - ImportedContacts(imported=[], popular_invites=[PopularContact(client_id=0, importers=197)], retry_contacts=[], users=[])
2025-01-17 04:07:15.648 | ERROR    | __main__:check_core:187 - 号码 919123059465 未注册 Telegram。
2025-01-17 04:08:07.650 | INFO     | __main__:check_phone_numbers:228 - waiting for 52 seconds
2025-01-17 04:08:07.650 | INFO     | __main__:check_phone_numbers:217 - Checking 16 / 1000: 917003105391
2025-01-17 04:08:08.477 | INFO     | __main__:check_core:175 - ImportedContacts(imported=[ImportedContact(user_id=1089786397, client_id=0)], popular_invites=[], retry_contacts=[], users=[User(id=1089786397, is_self=False, contact=True, mutual_contact=False, deleted=False, bot=False, bot_chat_history=False, bot_nochats=False, verified=False, restricted=False, min=False, bot_inline_geo=False, support=False, scam=False, apply_min_photo=True, fake=False, bot_attach_menu=False, premium=False, attach_menu_enabled=False, bot_can_edit=False, close_friend=False, stories_hidden=False, stories_unavailable=True, contact_require_premium=False, bot_business=False, bot_has_main_app=False, access_hash=412084204842443, first_name='Bob', last_name='Jones', username='adityagiri23', phone='917003105391', photo=UserProfilePhoto(photo_id=6305347402160258357, dc_id=5, has_video=False, personal=False, stripped_thumb=b'\x01\x08\x08\xa6\xcaLK\xd7hL\xd1E\x15%\\'), status=UserStatusOffline(was_online=datetime.datetime(2024, 7, 4, 15, 11, 50, tzinfo=datetime.timezone.utc)), bot_info_version=None, restriction_reason=[], bot_inline_placeholder=None, lang_code=None, emoji_status=None, usernames=[], stories_max_id=None, color=None, profile_color=None, bot_active_users=None)])
2025-01-17 04:08:08.480 | INFO     | __main__:check_core:178 - 号码 917003105391 是有效的 Telegram 用户。
2025-01-17 04:09:17.056 | INFO     | __main__:check_phone_numbers:228 - waiting for 68 seconds
2025-01-17 04:09:17.057 | INFO     | __main__:check_phone_numbers:217 - Checking 17 / 1000: 919903911857
2025-01-17 04:09:18.124 | INFO     | __main__:check_core:175 - ImportedContacts(imported=[], popular_invites=[PopularContact(client_id=0, importers=252)], retry_contacts=[], users=[])
2025-01-17 04:09:18.125 | ERROR    | __main__:check_core:187 - 号码 919903911857 未注册 Telegram。
2025-01-17 04:11:43.126 | INFO     | __main__:check_phone_numbers:228 - waiting for 145 seconds
2025-01-17 04:11:43.126 | INFO     | __main__:check_phone_numbers:217 - Checking 18 / 1000: 919831012333
2025-01-17 04:11:45.136 | INFO     | __main__:check_core:175 - ImportedContacts(imported=[], popular_invites=[PopularContact(client_id=0, importers=1000)], retry_contacts=[], users=[])
2025-01-17 04:11:45.136 | ERROR    | __main__:check_core:187 - 号码 919831012333 未注册 Telegram。
2025-01-17 04:13:07.137 | INFO     | __main__:check_phone_numbers:228 - waiting for 82 seconds
2025-01-17 04:13:07.138 | INFO     | __main__:check_phone_numbers:217 - Checking 19 / 1000: 919836465275
2025-01-17 04:13:08.144 | INFO     | __main__:check_core:175 - ImportedContacts(imported=[], popular_invites=[PopularContact(client_id=0, importers=1000)], retry_contacts=[], users=[])
2025-01-17 04:13:08.144 | ERROR    | __main__:check_core:187 - 号码 919836465275 未注册 Telegram。
2025-01-17 04:16:04.144 | INFO     | __main__:check_phone_numbers:228 - waiting for 176 seconds
2025-01-17 04:16:04.144 | INFO     | __main__:check_phone_numbers:217 - Checking 20 / 1000: 919836058533
2025-01-17 04:16:06.108 | INFO     | __main__:check_core:175 - ImportedContacts(imported=[], popular_invites=[PopularContact(client_id=0, importers=411)], retry_contacts=[], users=[])
2025-01-17 04:16:06.108 | ERROR    | __main__:check_core:187 - 号码 919836058533 未注册 Telegram。
2025-01-17 04:18:31.109 | INFO     | __main__:check_phone_numbers:228 - waiting for 145 seconds
2025-01-17 04:18:31.109 | INFO     | __main__:check_phone_numbers:217 - Checking 21 / 1000: 919007473033
2025-01-17 04:18:33.389 | INFO     | __main__:check_core:175 - ImportedContacts(imported=[ImportedContact(user_id=6273373135, client_id=0)], popular_invites=[], retry_contacts=[], users=[User(id=6273373135, is_self=False, contact=True, mutual_contact=False, deleted=False, bot=False, bot_chat_history=False, bot_nochats=False, verified=False, restricted=False, min=False, bot_inline_geo=False, support=False, scam=False, apply_min_photo=True, fake=False, bot_attach_menu=False, premium=False, attach_menu_enabled=False, bot_can_edit=False, close_friend=False, stories_hidden=False, stories_unavailable=True, contact_require_premium=False, bot_business=False, bot_has_main_app=False, access_hash=-6646041355413729737, first_name='Hank', last_name='Jones', username=None, phone='919007473033', photo=None, status=UserStatusOffline(was_online=datetime.datetime(2023, 10, 6, 15, 43, 11, tzinfo=datetime.timezone.utc)), bot_info_version=None, restriction_reason=[], bot_inline_placeholder=None, lang_code=None, emoji_status=None, usernames=[], stories_max_id=None, color=None, profile_color=None, bot_active_users=None)])
2025-01-17 04:18:33.389 | INFO     | __main__:check_core:178 - 号码 919007473033 是有效的 Telegram 用户。
2025-01-17 04:20:48.884 | INFO     | __main__:check_phone_numbers:228 - waiting for 135 seconds
2025-01-17 04:20:50.852 | INFO     | __main__:check_core:175 - ImportedContacts(imported=[ImportedContact(user_id=6057689849, client_id=0)], popular_invites=[], retry_contacts=[], users=[User(id=6057689849, is_self=False, contact=True, mutual_contact=False, deleted=False, bot=False, bot_chat_history=False, bot_nochats=False, verified=False, restricted=False, min=False, bot_inline_geo=False, support=False, scam=False, apply_min_photo=True, fake=False, bot_attach_menu=False, premium=False, attach_menu_enabled=False, bot_can_edit=False, close_friend=False, stories_hidden=False, stories_unavailable=True, contact_require_premium=False, bot_business=False, bot_has_main_app=False, access_hash=-4893631245851157080, first_name='Frank', last_name='Brown', username=None, phone='918420747293', photo=None, status=UserStatusOffline(was_online=datetime.datetime(2024, 4, 2, 13, 42, 46, tzinfo=datetime.timezone.utc)), bot_info_version=None, restriction_reason=[], bot_inline_placeholder=None, lang_code=None, emoji_status=None, usernames=[], stories_max_id=None, color=None, profile_color=None, bot_active_users=None)])
2025-01-17 04:20:50.852 | INFO     | __main__:check_core:178 - 号码 918420747293 是有效的 Telegram 用户。
2025-01-17 04:20:51.580 | INFO     | __main__:check_phone_numbers:217 - Checking 22 / 1000: 919830148412
2025-01-17 04:20:52.205 | INFO     | __main__:check_core:175 - ImportedContacts(imported=[], popular_invites=[PopularContact(client_id=0, importers=15)], retry_contacts=[], users=[])
2025-01-17 04:20:52.205 | ERROR    | __main__:check_core:187 - 号码 919830148412 未注册 Telegram。
2025-01-17 04:21:56.206 | INFO     | __main__:check_phone_numbers:228 - waiting for 64 seconds
2025-01-17 04:21:56.206 | INFO     | __main__:check_phone_numbers:217 - Checking 23 / 1000: 917550051694
2025-01-17 04:21:57.018 | INFO     | __main__:check_core:175 - ImportedContacts(imported=[ImportedContact(user_id=1877778357, client_id=0)], popular_invites=[], retry_contacts=[], users=[User(id=1877778357, is_self=False, contact=True, mutual_contact=False, deleted=False, bot=False, bot_chat_history=False, bot_nochats=False, verified=False, restricted=False, min=False, bot_inline_geo=False, support=False, scam=False, apply_min_photo=True, fake=False, bot_attach_menu=False, premium=False, attach_menu_enabled=False, bot_can_edit=False, close_friend=False, stories_hidden=False, stories_unavailable=True, contact_require_premium=False, bot_business=False, bot_has_main_app=False, access_hash=2688666475059066254, first_name='Grace', last_name='Williams', username=None, phone='917550051694', photo=UserProfilePhoto(photo_id=6152443912132865101, dc_id=5, has_video=False, personal=False, stripped_thumb=b'\x01\x08\x08\xa9\xe6\xf3\xbb\x07v}{QE\x15\x06\xce('), status=UserStatusOffline(was_online=datetime.datetime(2025, 1, 14, 0, 10, 52, tzinfo=datetime.timezone.utc)), bot_info_version=None, restriction_reason=[], bot_inline_placeholder=None, lang_code=None, emoji_status=None, usernames=[], stories_max_id=None, color=None, profile_color=None, bot_active_users=None)])
2025-01-17 04:21:57.018 | INFO     | __main__:check_core:178 - 号码 917550051694 是有效的 Telegram 用户。
2025-01-17 04:24:15.544 | INFO     | __main__:check_phone_numbers:228 - waiting for 138 seconds
2025-01-17 04:24:15.544 | INFO     | __main__:check_phone_numbers:217 - Checking 24 / 1000: 918617085737
2025-01-17 04:24:17.849 | INFO     | __main__:check_core:175 - ImportedContacts(imported=[], popular_invites=[PopularContact(client_id=0, importers=452)], retry_contacts=[], users=[])
2025-01-17 04:24:17.850 | ERROR    | __main__:check_core:187 - 号码 918617085737 未注册 Telegram。
2025-01-17 04:26:46.850 | INFO     | __main__:check_phone_numbers:228 - waiting for 149 seconds
2025-01-17 04:26:46.852 | INFO     | __main__:check_phone_numbers:217 - Checking 25 / 1000: 918420038470
2025-01-17 04:26:48.349 | INFO     | __main__:check_core:175 - ImportedContacts(imported=[], popular_invites=[PopularContact(client_id=0, importers=379)], retry_contacts=[], users=[])
2025-01-17 04:26:48.351 | ERROR    | __main__:check_core:187 - 号码 918420038470 未注册 Telegram。
2025-01-17 04:27:45.351 | INFO     | __main__:check_phone_numbers:228 - waiting for 57 seconds
2025-01-17 04:27:45.351 | INFO     | __main__:check_phone_numbers:217 - Checking 26 / 1000: 919831222095
2025-01-17 04:27:46.630 | INFO     | __main__:check_core:175 - ImportedContacts(imported=[], popular_invites=[PopularContact(client_id=0, importers=199)], retry_contacts=[], users=[])
2025-01-17 04:27:46.630 | ERROR    | __main__:check_core:187 - 号码 919831222095 未注册 Telegram。
2025-01-17 04:28:36.630 | INFO     | __main__:check_phone_numbers:228 - waiting for 50 seconds
2025-01-17 04:28:36.630 | INFO     | __main__:check_phone_numbers:217 - Checking 27 / 1000: 917980394830
2025-01-17 04:28:37.466 | INFO     | __main__:check_core:175 - ImportedContacts(imported=[ImportedContact(user_id=6293768835, client_id=0)], popular_invites=[], retry_contacts=[], users=[User(id=6293768835, is_self=False, contact=True, mutual_contact=False, deleted=False, bot=False, bot_chat_history=False, bot_nochats=False, verified=False, restricted=False, min=False, bot_inline_geo=False, support=False, scam=False, apply_min_photo=True, fake=False, bot_attach_menu=False, premium=False, attach_menu_enabled=False, bot_can_edit=False, close_friend=False, stories_hidden=False, stories_unavailable=True, contact_require_premium=False, bot_business=False, bot_has_main_app=False, access_hash=2633218587241572813, first_name='John', last_name='Brown', username=None, phone='917980394830', photo=None, status=UserStatusOffline(was_online=datetime.datetime(2023, 8, 9, 11, 39, 6, tzinfo=datetime.timezone.utc)), bot_info_version=None, restriction_reason=[], bot_inline_placeholder=None, lang_code=None, emoji_status=None, usernames=[], stories_max_id=None, color=None, profile_color=None, bot_active_users=None)])
2025-01-17 04:28:37.467 | INFO     | __main__:check_core:178 - 号码 917980394830 是有效的 Telegram 用户。
2025-01-17 04:30:22.265 | INFO     | __main__:check_phone_numbers:228 - waiting for 104 seconds
2025-01-17 04:30:22.265 | INFO     | __main__:check_phone_numbers:217 - Checking 28 / 1000: 917980762691
2025-01-17 04:30:24.786 | INFO     | __main__:check_core:175 - ImportedContacts(imported=[ImportedContact(user_id=6689327689, client_id=0)], popular_invites=[], retry_contacts=[], users=[User(id=6689327689, is_self=False, contact=True, mutual_contact=False, deleted=False, bot=False, bot_chat_history=False, bot_nochats=False, verified=False, restricted=False, min=False, bot_inline_geo=False, support=False, scam=False, apply_min_photo=True, fake=False, bot_attach_menu=False, premium=False, attach_menu_enabled=False, bot_can_edit=False, close_friend=False, stories_hidden=False, stories_unavailable=True, contact_require_premium=False, bot_business=False, bot_has_main_app=False, access_hash=-1871458822885795013, first_name='Bob', last_name='Davis', username='sniper_monk', phone='917980762691', photo=UserProfilePhoto(photo_id=6327627059676954708, dc_id=5, has_video=False, personal=False, stripped_thumb=b'\x01\x08\x08\xb1\xb9\xc4\xa8\xa5\x86\x18\x1eH\xa2\x8a)\\,\x7f'), status=UserStatusOffline(was_online=datetime.datetime(2025, 1, 16, 4, 31, 32, tzinfo=datetime.timezone.utc)), bot_info_version=None, restriction_reason=[], bot_inline_placeholder=None, lang_code=None, emoji_status=None, usernames=[], stories_max_id=None, color=None, profile_color=None, bot_active_users=None)])
2025-01-17 04:30:24.786 | INFO     | __main__:check_core:178 - 号码 917980762691 是有效的 Telegram 用户。
2025-01-17 04:31:33.095 | INFO     | __main__:check_phone_numbers:228 - waiting for 67 seconds
2025-01-17 04:31:33.098 | INFO     | __main__:check_phone_numbers:217 - Checking 29 / 1000: 917890780196
2025-01-17 04:31:35.784 | INFO     | __main__:check_core:175 - ImportedContacts(imported=[], popular_invites=[PopularContact(client_id=0, importers=138)], retry_contacts=[], users=[])
2025-01-17 04:31:35.785 | ERROR    | __main__:check_core:187 - 号码 917890780196 未注册 Telegram。
2025-01-17 04:32:05.785 | INFO     | __main__:check_phone_numbers:228 - waiting for 30 seconds
2025-01-17 04:32:05.785 | INFO     | __main__:check_phone_numbers:217 - Checking 30 / 1000: 919433137980
2025-01-17 04:32:06.919 | INFO     | __main__:check_core:175 - ImportedContacts(imported=[], popular_invites=[PopularContact(client_id=0, importers=23)], retry_contacts=[], users=[])
2025-01-17 04:32:06.920 | ERROR    | __main__:check_core:187 - 号码 919433137980 未注册 Telegram。
2025-01-17 04:34:14.920 | INFO     | __main__:check_phone_numbers:228 - waiting for 128 seconds
2025-01-17 04:34:14.920 | INFO     | __main__:check_phone_numbers:217 - Checking 31 / 1000: 919051031831
2025-01-17 04:34:17.926 | INFO     | __main__:check_core:175 - ImportedContacts(imported=[], popular_invites=[PopularContact(client_id=0, importers=284)], retry_contacts=[], users=[])
2025-01-17 04:34:17.929 | ERROR    | __main__:check_core:187 - 号码 919051031831 未注册 Telegram。
2025-01-17 04:37:00.929 | INFO     | __main__:check_phone_numbers:228 - waiting for 163 seconds
2025-01-17 04:37:02.541 | INFO     | __main__:check_core:175 - ImportedContacts(imported=[ImportedContact(user_id=7350661473, client_id=0)], popular_invites=[], retry_contacts=[], users=[User(id=7350661473, is_self=False, contact=True, mutual_contact=False, deleted=False, bot=False, bot_chat_history=False, bot_nochats=False, verified=False, restricted=False, min=False, bot_inline_geo=False, support=False, scam=False, apply_min_photo=True, fake=False, bot_attach_menu=False, premium=False, attach_menu_enabled=False, bot_can_edit=False, close_friend=False, stories_hidden=False, stories_unavailable=True, contact_require_premium=False, bot_business=False, bot_has_main_app=False, access_hash=-3480083529921930165, first_name='Charlie', last_name='Williams', username=None, phone='919088033199', photo=None, status=UserStatusOffline(was_online=datetime.datetime(2024, 8, 23, 5, 12, 16, tzinfo=datetime.timezone.utc)), bot_info_version=None, restriction_reason=[], bot_inline_placeholder=None, lang_code=None, emoji_status=None, usernames=[], stories_max_id=None, color=None, profile_color=None, bot_active_users=None)])
2025-01-17 04:37:02.541 | INFO     | __main__:check_core:178 - 号码 919088033199 是有效的 Telegram 用户。
2025-01-17 04:37:03.302 | INFO     | __main__:check_phone_numbers:217 - Checking 32 / 1000: 917003186230
2025-01-17 04:37:04.074 | INFO     | __main__:check_core:175 - ImportedContacts(imported=[ImportedContact(user_id=6102986806, client_id=0)], popular_invites=[], retry_contacts=[], users=[User(id=6102986806, is_self=False, contact=True, mutual_contact=False, deleted=False, bot=False, bot_chat_history=False, bot_nochats=False, verified=False, restricted=False, min=False, bot_inline_geo=False, support=False, scam=False, apply_min_photo=True, fake=False, bot_attach_menu=False, premium=False, attach_menu_enabled=False, bot_can_edit=False, close_friend=False, stories_hidden=False, stories_unavailable=True, contact_require_premium=False, bot_business=False, bot_has_main_app=False, access_hash=4132321809821657667, first_name='David', last_name='Garcia', username=None, phone='917003186230', photo=None, status=UserStatusOffline(was_online=datetime.datetime(2025, 1, 9, 11, 23, 29, tzinfo=datetime.timezone.utc)), bot_info_version=None, restriction_reason=[], bot_inline_placeholder=None, lang_code=None, emoji_status=None, usernames=[], stories_max_id=None, color=None, profile_color=None, bot_active_users=None)])
2025-01-17 04:37:04.074 | INFO     | __main__:check_core:178 - 号码 917003186230 是有效的 Telegram 用户。
2025-01-17 04:38:50.943 | INFO     | __main__:check_phone_numbers:228 - waiting for 106 seconds
2025-01-17 04:38:50.944 | INFO     | __main__:check_phone_numbers:217 - Checking 33 / 1000: 918910864971
2025-01-17 04:38:51.949 | INFO     | __main__:check_core:175 - ImportedContacts(imported=[ImportedContact(user_id=6309106082, client_id=0)], popular_invites=[], retry_contacts=[], users=[User(id=6309106082, is_self=False, contact=True, mutual_contact=False, deleted=False, bot=False, bot_chat_history=False, bot_nochats=False, verified=False, restricted=False, min=False, bot_inline_geo=False, support=False, scam=False, apply_min_photo=True, fake=False, bot_attach_menu=False, premium=False, attach_menu_enabled=False, bot_can_edit=False, close_friend=False, stories_hidden=False, stories_unavailable=True, contact_require_premium=False, bot_business=False, bot_has_main_app=False, access_hash=-7888339583927697668, first_name='David', last_name='Johnson', username=None, phone='918910864971', photo=None, status=UserStatusOffline(was_online=datetime.datetime(2024, 4, 8, 13, 15, 22, tzinfo=datetime.timezone.utc)), bot_info_version=None, restriction_reason=[], bot_inline_placeholder=None, lang_code=None, emoji_status=None, usernames=[], stories_max_id=None, color=None, profile_color=None, bot_active_users=None)])
2025-01-17 04:38:51.950 | INFO     | __main__:check_core:178 - 号码 918910864971 是有效的 Telegram 用户。
2025-01-17 04:41:29.633 | INFO     | __main__:check_phone_numbers:228 - waiting for 157 seconds
2025-01-17 04:41:29.633 | INFO     | __main__:check_phone_numbers:217 - Checking 34 / 1000: 917003604258
2025-01-17 04:41:30.847 | INFO     | __main__:check_core:175 - ImportedContacts(imported=[], popular_invites=[PopularContact(client_id=0, importers=341)], retry_contacts=[], users=[])
2025-01-17 04:41:30.847 | ERROR    | __main__:check_core:187 - 号码 917003604258 未注册 Telegram。
2025-01-17 04:43:04.847 | INFO     | __main__:check_phone_numbers:228 - waiting for 94 seconds
2025-01-17 04:43:04.848 | INFO     | __main__:check_phone_numbers:217 - Checking 35 / 1000: 919062796965
2025-01-17 04:44:06.577 | INFO     | __main__:check_core:175 - ImportedContacts(imported=[], popular_invites=[PopularContact(client_id=0, importers=66)], retry_contacts=[], users=[])
2025-01-17 04:44:06.578 | ERROR    | __main__:check_core:187 - 号码 919062796965 未注册 Telegram。
2025-01-17 04:45:10.578 | INFO     | __main__:check_phone_numbers:228 - waiting for 64 seconds
2025-01-17 04:45:10.578 | INFO     | __main__:check_phone_numbers:217 - Checking 36 / 1000: 919748827660
2025-01-17 04:45:11.539 | INFO     | __main__:check_core:175 - ImportedContacts(imported=[], popular_invites=[PopularContact(client_id=0, importers=167)], retry_contacts=[], users=[])
2025-01-17 04:45:11.539 | ERROR    | __main__:check_core:187 - 号码 919748827660 未注册 Telegram。
2025-01-17 04:46:57.540 | INFO     | __main__:check_phone_numbers:228 - waiting for 106 seconds
2025-01-17 04:46:57.540 | INFO     | __main__:check_phone_numbers:217 - Checking 37 / 1000: 917980082944
2025-01-17 04:46:58.568 | INFO     | __main__:check_core:175 - ImportedContacts(imported=[], popular_invites=[PopularContact(client_id=0, importers=400)], retry_contacts=[], users=[])
2025-01-17 04:46:58.569 | ERROR    | __main__:check_core:187 - 号码 917980082944 未注册 Telegram。
2025-01-17 04:47:48.569 | INFO     | __main__:check_phone_numbers:228 - waiting for 50 seconds
2025-01-17 04:47:48.569 | INFO     | __main__:check_phone_numbers:217 - Checking 38 / 1000: 919836148666
2025-01-17 04:47:49.537 | INFO     | __main__:check_core:175 - ImportedContacts(imported=[], popular_invites=[PopularContact(client_id=0, importers=108)], retry_contacts=[], users=[])
2025-01-17 04:47:49.537 | ERROR    | __main__:check_core:187 - 号码 919836148666 未注册 Telegram。
2025-01-17 04:48:53.537 | INFO     | __main__:check_phone_numbers:228 - waiting for 64 seconds
2025-01-17 04:48:53.537 | INFO     | __main__:check_phone_numbers:217 - Checking 39 / 1000: 919123982313
2025-01-17 04:48:55.032 | INFO     | __main__:check_core:175 - ImportedContacts(imported=[ImportedContact(user_id=6218784840, client_id=0)], popular_invites=[], retry_contacts=[], users=[User(id=6218784840, is_self=False, contact=True, mutual_contact=False, deleted=False, bot=False, bot_chat_history=False, bot_nochats=False, verified=False, restricted=False, min=False, bot_inline_geo=False, support=False, scam=False, apply_min_photo=True, fake=False, bot_attach_menu=False, premium=False, attach_menu_enabled=False, bot_can_edit=False, close_friend=False, stories_hidden=False, stories_unavailable=True, contact_require_premium=False, bot_business=False, bot_has_main_app=False, access_hash=5089453909947688898, first_name='Charlie', last_name='Johnson', username=None, phone='919123982313', photo=UserProfilePhoto(photo_id=6152408719170845354, dc_id=5, has_video=False, personal=False, stripped_thumb=b'\x01\x08\x08\xcd\xb9\x11,\xcc!b\xc9\xd8\x9a(\xa2\x80?'), status=UserStatusOffline(was_online=datetime.datetime(2023, 8, 24, 9, 37, 37, tzinfo=datetime.timezone.utc)), bot_info_version=None, restriction_reason=[], bot_inline_placeholder=None, lang_code=None, emoji_status=None, usernames=[], stories_max_id=None, color=None, profile_color=None, bot_active_users=None)])
2025-01-17 04:48:55.033 | INFO     | __main__:check_core:178 - 号码 919123982313 是有效的 Telegram 用户。
2025-01-17 04:49:36.636 | INFO     | __main__:check_phone_numbers:228 - waiting for 41 seconds
2025-01-17 04:49:36.637 | INFO     | __main__:check_phone_numbers:217 - Checking 40 / 1000: 918582915428
2025-01-17 04:49:37.468 | INFO     | __main__:check_core:175 - ImportedContacts(imported=[ImportedContact(user_id=6904703998, client_id=0)], popular_invites=[], retry_contacts=[], users=[User(id=6904703998, is_self=False, contact=True, mutual_contact=False, deleted=False, bot=False, bot_chat_history=False, bot_nochats=False, verified=False, restricted=False, min=False, bot_inline_geo=False, support=False, scam=False, apply_min_photo=True, fake=False, bot_attach_menu=False, premium=False, attach_menu_enabled=False, bot_can_edit=False, close_friend=False, stories_hidden=False, stories_unavailable=True, contact_require_premium=False, bot_business=False, bot_has_main_app=False, access_hash=-1401740285468692881, first_name='Frank', last_name='Jones', username=None, phone='918582915428', photo=None, status=UserStatusOffline(was_online=datetime.datetime(2024, 6, 12, 6, 12, 18, tzinfo=datetime.timezone.utc)), bot_info_version=None, restriction_reason=[], bot_inline_placeholder=None, lang_code=None, emoji_status=None, usernames=[], stories_max_id=None, color=None, profile_color=None, bot_active_users=None)])
2025-01-17 04:49:37.468 | INFO     | __main__:check_core:178 - 号码 918582915428 是有效的 Telegram 用户。
2025-01-17 04:52:04.066 | INFO     | __main__:check_phone_numbers:228 - waiting for 146 seconds
2025-01-17 04:52:04.066 | INFO     | __main__:check_phone_numbers:217 - Checking 41 / 1000: 919836079444
2025-01-17 04:52:05.332 | INFO     | __main__:check_core:175 - ImportedContacts(imported=[], popular_invites=[PopularContact(client_id=0, importers=349)], retry_contacts=[], users=[])
2025-01-17 04:52:05.332 | ERROR    | __main__:check_core:187 - 号码 919836079444 未注册 Telegram。
2025-01-17 04:52:57.333 | INFO     | __main__:check_phone_numbers:228 - waiting for 52 seconds
2025-01-17 04:52:58.142 | INFO     | __main__:check_core:175 - ImportedContacts(imported=[ImportedContact(user_id=6007395067, client_id=0)], popular_invites=[], retry_contacts=[], users=[User(id=6007395067, is_self=False, contact=True, mutual_contact=False, deleted=False, bot=False, bot_chat_history=False, bot_nochats=False, verified=False, restricted=False, min=False, bot_inline_geo=False, support=False, scam=False, apply_min_photo=True, fake=False, bot_attach_menu=False, premium=False, attach_menu_enabled=False, bot_can_edit=False, close_friend=False, stories_hidden=False, stories_unavailable=True, contact_require_premium=False, bot_business=False, bot_has_main_app=False, access_hash=-6568114138387267441, first_name='Bob', last_name='Miller', username=None, phone='919038216291', photo=UserProfilePhoto(photo_id=6172545248136378041, dc_id=5, has_video=False, personal=False, stripped_thumb=b'\x01\x08\x08\x90B\xa7\x0c[\xa7oJ(\xa2\x90\x9b?'), status=UserStatusOffline(was_online=datetime.datetime(2024, 11, 23, 4, 12, 49, tzinfo=datetime.timezone.utc)), bot_info_version=None, restriction_reason=[], bot_inline_placeholder=None, lang_code=None, emoji_status=None, usernames=[], stories_max_id=None, color=None, profile_color=None, bot_active_users=None)])
2025-01-17 04:52:58.143 | INFO     | __main__:check_core:178 - 号码 919038216291 是有效的 Telegram 用户。
2025-01-17 04:52:58.737 | INFO     | __main__:check_phone_numbers:217 - Checking 42 / 1000: 917044095432
2025-01-17 04:52:59.430 | INFO     | __main__:check_core:175 - ImportedContacts(imported=[], popular_invites=[PopularContact(client_id=0, importers=90)], retry_contacts=[], users=[])
2025-01-17 04:52:59.430 | ERROR    | __main__:check_core:187 - 号码 917044095432 未注册 Telegram。
2025-01-17 04:54:44.432 | INFO     | __main__:check_phone_numbers:228 - waiting for 105 seconds
2025-01-17 04:54:44.432 | INFO     | __main__:check_phone_numbers:217 - Checking 43 / 1000: 919830693002
2025-01-17 04:54:45.486 | INFO     | __main__:check_core:175 - ImportedContacts(imported=[], popular_invites=[PopularContact(client_id=0, importers=447)], retry_contacts=[], users=[])
2025-01-17 04:54:45.486 | ERROR    | __main__:check_core:187 - 号码 919830693002 未注册 Telegram。
2025-01-17 04:56:17.486 | INFO     | __main__:check_phone_numbers:228 - waiting for 92 seconds
2025-01-17 04:56:17.487 | INFO     | __main__:check_phone_numbers:217 - Checking 44 / 1000: 919875521241
2025-01-17 04:56:21.644 | INFO     | __main__:check_core:175 - ImportedContacts(imported=[], popular_invites=[PopularContact(client_id=0, importers=623)], retry_contacts=[], users=[])
2025-01-17 04:56:21.646 | ERROR    | __main__:check_core:187 - 号码 919875521241 未注册 Telegram。
2025-01-17 04:57:58.646 | INFO     | __main__:check_phone_numbers:228 - waiting for 97 seconds
2025-01-17 04:57:58.646 | INFO     | __main__:check_phone_numbers:217 - Checking 45 / 1000: 919831199632
2025-01-17 04:57:59.713 | INFO     | __main__:check_core:175 - ImportedContacts(imported=[], popular_invites=[PopularContact(client_id=0, importers=1000)], retry_contacts=[], users=[])
2025-01-17 04:57:59.713 | ERROR    | __main__:check_core:187 - 号码 919831199632 未注册 Telegram。
2025-01-17 04:59:46.713 | INFO     | __main__:check_phone_numbers:228 - waiting for 107 seconds
2025-01-17 04:59:46.714 | INFO     | __main__:check_phone_numbers:217 - Checking 46 / 1000: 919903933111
2025-01-17 04:59:47.781 | INFO     | __main__:check_core:175 - ImportedContacts(imported=[], popular_invites=[PopularContact(client_id=0, importers=182)], retry_contacts=[], users=[])
2025-01-17 04:59:47.781 | ERROR    | __main__:check_core:187 - 号码 919903933111 未注册 Telegram。
2025-01-17 05:02:33.781 | INFO     | __main__:check_phone_numbers:228 - waiting for 166 seconds
2025-01-17 05:02:33.782 | INFO     | __main__:check_phone_numbers:217 - Checking 47 / 1000: 918910720226
2025-01-17 05:02:34.934 | INFO     | __main__:check_core:175 - ImportedContacts(imported=[], popular_invites=[PopularContact(client_id=0, importers=233)], retry_contacts=[], users=[])
2025-01-17 05:02:34.936 | ERROR    | __main__:check_core:187 - 号码 918910720226 未注册 Telegram。
2025-01-17 05:05:17.936 | INFO     | __main__:check_phone_numbers:228 - waiting for 163 seconds
2025-01-17 05:05:17.936 | INFO     | __main__:check_phone_numbers:217 - Checking 48 / 1000: 918910644687
2025-01-17 05:05:18.980 | INFO     | __main__:check_core:175 - ImportedContacts(imported=[ImportedContact(user_id=6759267922, client_id=0)], popular_invites=[], retry_contacts=[], users=[User(id=6759267922, is_self=False, contact=True, mutual_contact=False, deleted=False, bot=False, bot_chat_history=False, bot_nochats=False, verified=False, restricted=False, min=False, bot_inline_geo=False, support=False, scam=False, apply_min_photo=True, fake=False, bot_attach_menu=False, premium=False, attach_menu_enabled=False, bot_can_edit=False, close_friend=False, stories_hidden=False, stories_unavailable=True, contact_require_premium=False, bot_business=False, bot_has_main_app=False, access_hash=-1395212426593501968, first_name='David', last_name='Brown', username=None, phone='918910644687', photo=None, status=UserStatusOffline(was_online=datetime.datetime(2024, 12, 2, 8, 59, 29, tzinfo=datetime.timezone.utc)), bot_info_version=None, restriction_reason=[], bot_inline_placeholder=None, lang_code=None, emoji_status=None, usernames=[], stories_max_id=None, color=None, profile_color=None, bot_active_users=None)])
2025-01-17 05:05:18.980 | INFO     | __main__:check_core:178 - 号码 918910644687 是有效的 Telegram 用户。
2025-01-17 05:06:31.571 | INFO     | __main__:check_phone_numbers:228 - waiting for 72 seconds
2025-01-17 05:06:31.571 | INFO     | __main__:check_phone_numbers:217 - Checking 49 / 1000: 919330817327
2025-01-17 05:06:32.406 | INFO     | __main__:check_core:175 - ImportedContacts(imported=[ImportedContact(user_id=5085794730, client_id=0)], popular_invites=[], retry_contacts=[], users=[User(id=5085794730, is_self=False, contact=True, mutual_contact=False, deleted=False, bot=False, bot_chat_history=False, bot_nochats=False, verified=False, restricted=False, min=False, bot_inline_geo=False, support=False, scam=False, apply_min_photo=True, fake=False, bot_attach_menu=False, premium=False, attach_menu_enabled=False, bot_can_edit=False, close_friend=False, stories_hidden=False, stories_unavailable=True, contact_require_premium=False, bot_business=False, bot_has_main_app=False, access_hash=1701579698601436345, first_name='John', last_name='Jones', username=None, phone='919330817327', photo=None, status=UserStatusOffline(was_online=datetime.datetime(2024, 4, 1, 13, 57, 48, tzinfo=datetime.timezone.utc)), bot_info_version=None, restriction_reason=[], bot_inline_placeholder=None, lang_code=None, emoji_status=None, usernames=[], stories_max_id=None, color=None, profile_color=None, bot_active_users=None)])
2025-01-17 05:06:32.406 | INFO     | __main__:check_core:178 - 号码 919330817327 是有效的 Telegram 用户。
2025-01-17 05:07:49.013 | INFO     | __main__:check_phone_numbers:228 - waiting for 76 seconds
2025-01-17 05:07:49.014 | INFO     | __main__:check_phone_numbers:217 - Checking 50 / 1000: 918583888134
2025-01-17 05:07:51.420 | INFO     | __main__:check_core:175 - ImportedContacts(imported=[], popular_invites=[PopularContact(client_id=0, importers=18)], retry_contacts=[], users=[])
2025-01-17 05:07:51.422 | ERROR    | __main__:check_core:187 - 号码 918583888134 未注册 Telegram。
2025-01-17 05:10:30.422 | INFO     | __main__:check_phone_numbers:228 - waiting for 159 seconds
2025-01-17 05:10:30.422 | INFO     | __main__:check_phone_numbers:217 - Checking 51 / 1000: 919163965372
2025-01-17 05:10:31.459 | INFO     | __main__:check_core:175 - ImportedContacts(imported=[ImportedContact(user_id=6070791439, client_id=0)], popular_invites=[], retry_contacts=[], users=[User(id=6070791439, is_self=False, contact=True, mutual_contact=False, deleted=False, bot=False, bot_chat_history=False, bot_nochats=False, verified=False, restricted=False, min=False, bot_inline_geo=False, support=False, scam=False, apply_min_photo=True, fake=False, bot_attach_menu=False, premium=False, attach_menu_enabled=False, bot_can_edit=False, close_friend=False, stories_hidden=False, stories_unavailable=True, contact_require_premium=False, bot_business=False, bot_has_main_app=False, access_hash=5980622032327653332, first_name='David', last_name='Smith', username=None, phone='919163965372', photo=UserProfilePhoto(photo_id=6298611016539423366, dc_id=5, has_video=False, personal=False, stripped_thumb=b'\x01\x08\x08\xac\xf0gLY@\x1c\x0c\xe7\xf1\xc5\x14QR\x98\xd9'), status=UserStatusOffline(was_online=datetime.datetime(2024, 12, 26, 17, 43, 41, tzinfo=datetime.timezone.utc)), bot_info_version=None, restriction_reason=[], bot_inline_placeholder=None, lang_code=None, emoji_status=None, usernames=[], stories_max_id=None, color=None, profile_color=None, bot_active_users=None)])
2025-01-17 05:10:31.459 | INFO     | __main__:check_core:178 - 号码 919163965372 是有效的 Telegram 用户。
2025-01-17 05:13:10.052 | INFO     | __main__:check_phone_numbers:228 - waiting for 158 seconds
2025-01-17 05:13:11.456 | INFO     | __main__:check_core:175 - ImportedContacts(imported=[ImportedContact(user_id=5889421107, client_id=0)], popular_invites=[], retry_contacts=[], users=[User(id=5889421107, is_self=False, contact=True, mutual_contact=False, deleted=False, bot=False, bot_chat_history=False, bot_nochats=False, verified=False, restricted=False, min=False, bot_inline_geo=False, support=False, scam=False, apply_min_photo=True, fake=False, bot_attach_menu=False, premium=False, attach_menu_enabled=False, bot_can_edit=False, close_friend=False, stories_hidden=False, stories_unavailable=True, contact_require_premium=False, bot_business=False, bot_has_main_app=False, access_hash=5366050564745629069, first_name='Jane', last_name='Rodriguez', username=None, phone='919830648745', photo=UserProfilePhoto(photo_id=6102597805890714297, dc_id=5, has_video=False, personal=False, stripped_thumb=b'\x01\x08\x08K\xa9\xb8\xf9\x86\x18\x9e\x99\xce\x05\x14QRR?'), status=UserStatusOffline(was_online=datetime.datetime(2024, 9, 6, 13, 0, 7, tzinfo=datetime.timezone.utc)), bot_info_version=None, restriction_reason=[], bot_inline_placeholder=None, lang_code=None, emoji_status=None, usernames=[], stories_max_id=None, color=None, profile_color=None, bot_active_users=None)])
2025-01-17 05:13:11.457 | INFO     | __main__:check_core:178 - 号码 919830648745 是有效的 Telegram 用户。
2025-01-17 05:13:12.054 | INFO     | __main__:check_phone_numbers:217 - Checking 52 / 1000: 916291641653
2025-01-17 05:13:12.661 | INFO     | __main__:check_core:175 - ImportedContacts(imported=[ImportedContact(user_id=6513385732, client_id=0)], popular_invites=[], retry_contacts=[], users=[User(id=6513385732, is_self=False, contact=True, mutual_contact=False, deleted=False, bot=False, bot_chat_history=False, bot_nochats=False, verified=False, restricted=False, min=False, bot_inline_geo=False, support=False, scam=False, apply_min_photo=True, fake=False, bot_attach_menu=False, premium=False, attach_menu_enabled=False, bot_can_edit=False, close_friend=False, stories_hidden=False, stories_unavailable=True, contact_require_premium=False, bot_business=False, bot_has_main_app=False, access_hash=2078791756090674180, first_name='Bob', last_name='Jones', username=None, phone='916291641653', photo=None, status=UserStatusOffline(was_online=datetime.datetime(2023, 9, 12, 2, 21, 33, tzinfo=datetime.timezone.utc)), bot_info_version=None, restriction_reason=[], bot_inline_placeholder=None, lang_code=None, emoji_status=None, usernames=[], stories_max_id=None, color=None, profile_color=None, bot_active_users=None)])
2025-01-17 05:13:12.662 | INFO     | __main__:check_core:178 - 号码 916291641653 是有效的 Telegram 用户。
2025-01-17 05:16:09.369 | INFO     | __main__:check_phone_numbers:228 - waiting for 176 seconds
2025-01-17 05:16:09.370 | INFO     | __main__:check_phone_numbers:217 - Checking 53 / 1000: 919123305722
2025-01-17 05:16:10.407 | INFO     | __main__:check_core:175 - ImportedContacts(imported=[ImportedContact(user_id=6168966160, client_id=0)], popular_invites=[], retry_contacts=[], users=[User(id=6168966160, is_self=False, contact=True, mutual_contact=False, deleted=False, bot=False, bot_chat_history=False, bot_nochats=False, verified=False, restricted=False, min=False, bot_inline_geo=False, support=False, scam=False, apply_min_photo=True, fake=False, bot_attach_menu=False, premium=False, attach_menu_enabled=False, bot_can_edit=False, close_friend=False, stories_hidden=False, stories_unavailable=True, contact_require_premium=False, bot_business=False, bot_has_main_app=False, access_hash=4697089836972317320, first_name='Grace', last_name='Jones', username=None, phone='919123305722', photo=None, status=UserStatusOffline(was_online=datetime.datetime(2025, 1, 13, 9, 17, 6, tzinfo=datetime.timezone.utc)), bot_info_version=None, restriction_reason=[], bot_inline_placeholder=None, lang_code=None, emoji_status=None, usernames=[], stories_max_id=None, color=None, profile_color=None, bot_active_users=None)])
2025-01-17 05:16:10.407 | INFO     | __main__:check_core:178 - 号码 919123305722 是有效的 Telegram 用户。
2025-01-17 05:16:41.003 | INFO     | __main__:check_phone_numbers:228 - waiting for 30 seconds
2025-01-17 05:16:41.003 | INFO     | __main__:check_phone_numbers:217 - Checking 54 / 1000: 917550187682
2025-01-17 05:16:41.792 | INFO     | __main__:check_core:175 - ImportedContacts(imported=[ImportedContact(user_id=7024483513, client_id=0)], popular_invites=[], retry_contacts=[], users=[User(id=7024483513, is_self=False, contact=True, mutual_contact=False, deleted=False, bot=False, bot_chat_history=False, bot_nochats=False, verified=False, restricted=False, min=False, bot_inline_geo=False, support=False, scam=False, apply_min_photo=True, fake=False, bot_attach_menu=False, premium=False, attach_menu_enabled=False, bot_can_edit=False, close_friend=False, stories_hidden=False, stories_unavailable=True, contact_require_premium=False, bot_business=False, bot_has_main_app=False, access_hash=-748499875669862614, first_name='Jane', last_name='Brown', username=None, phone='917550187682', photo=None, status=UserStatusOffline(was_online=datetime.datetime(2024, 6, 7, 10, 42, 44, tzinfo=datetime.timezone.utc)), bot_info_version=None, restriction_reason=[], bot_inline_placeholder=None, lang_code=None, emoji_status=None, usernames=[], stories_max_id=None, color=None, profile_color=None, bot_active_users=None)])
2025-01-17 05:16:41.795 | INFO     | __main__:check_core:178 - 号码 917550187682 是有效的 Telegram 用户。
2025-01-17 05:19:16.386 | INFO     | __main__:check_phone_numbers:228 - waiting for 154 seconds
2025-01-17 05:19:16.387 | INFO     | __main__:check_phone_numbers:217 - Checking 55 / 1000: 919830055909
2025-01-17 05:19:18.728 | INFO     | __main__:check_core:175 - ImportedContacts(imported=[], popular_invites=[PopularContact(client_id=0, importers=1000)], retry_contacts=[], users=[])
2025-01-17 05:19:18.729 | ERROR    | __main__:check_core:187 - 号码 919830055909 未注册 Telegram。
2025-01-17 05:22:03.729 | INFO     | __main__:check_phone_numbers:228 - waiting for 165 seconds
2025-01-17 05:22:03.729 | INFO     | __main__:check_phone_numbers:217 - Checking 56 / 1000: 918334008956
2025-01-17 05:22:04.818 | INFO     | __main__:check_core:175 - ImportedContacts(imported=[ImportedContact(user_id=1106413679, client_id=0)], popular_invites=[], retry_contacts=[], users=[User(id=1106413679, is_self=False, contact=True, mutual_contact=False, deleted=False, bot=False, bot_chat_history=False, bot_nochats=False, verified=False, restricted=False, min=False, bot_inline_geo=False, support=False, scam=False, apply_min_photo=True, fake=False, bot_attach_menu=False, premium=False, attach_menu_enabled=False, bot_can_edit=False, close_friend=False, stories_hidden=False, stories_unavailable=True, contact_require_premium=False, bot_business=False, bot_has_main_app=False, access_hash=142837798419125667, first_name='Jane', last_name='Brown', username=None, phone='918334008956', photo=UserProfilePhoto(photo_id=6098049023207390036, dc_id=5, has_video=False, personal=False, stripped_thumb=b'\x01\x08\x08dn\xc0\x91\x86\xe5\xb9\xe7\x19\x14QE&#'), status=UserStatusOffline(was_online=datetime.datetime(2024, 5, 27, 0, 22, 1, tzinfo=datetime.timezone.utc)), bot_info_version=None, restriction_reason=[], bot_inline_placeholder=None, lang_code=None, emoji_status=None, usernames=[], stories_max_id=None, color=None, profile_color=None, bot_active_users=None)])
2025-01-17 05:22:04.819 | INFO     | __main__:check_core:178 - 号码 918334008956 是有效的 Telegram 用户。
2025-01-17 05:23:13.433 | INFO     | __main__:check_phone_numbers:228 - waiting for 68 seconds
2025-01-17 05:23:13.433 | INFO     | __main__:check_phone_numbers:217 - Checking 57 / 1000: 919163588947
2025-01-17 05:23:14.408 | INFO     | __main__:check_core:175 - ImportedContacts(imported=[ImportedContact(user_id=6788080494, client_id=0)], popular_invites=[], retry_contacts=[], users=[User(id=6788080494, is_self=False, contact=True, mutual_contact=False, deleted=False, bot=False, bot_chat_history=False, bot_nochats=False, verified=False, restricted=False, min=False, bot_inline_geo=False, support=False, scam=False, apply_min_photo=True, fake=False, bot_attach_menu=False, premium=False, attach_menu_enabled=False, bot_can_edit=False, close_friend=False, stories_hidden=False, stories_unavailable=True, contact_require_premium=False, bot_business=False, bot_has_main_app=False, access_hash=7813714975480106650, first_name='Hank', last_name='Jones', username=None, phone='919163588947', photo=None, status=UserStatusOffline(was_online=datetime.datetime(2025, 1, 3, 9, 2, 50, tzinfo=datetime.timezone.utc)), bot_info_version=None, restriction_reason=[], bot_inline_placeholder=None, lang_code=None, emoji_status=None, usernames=[], stories_max_id=None, color=None, profile_color=None, bot_active_users=None)])
2025-01-17 05:23:14.408 | INFO     | __main__:check_core:178 - 号码 919163588947 是有效的 Telegram 用户。
2025-01-17 05:24:22.018 | INFO     | __main__:check_phone_numbers:228 - waiting for 67 seconds
2025-01-17 05:24:22.018 | INFO     | __main__:check_phone_numbers:217 - Checking 58 / 1000: 919836679513
2025-01-17 05:24:23.288 | INFO     | __main__:check_core:175 - ImportedContacts(imported=[], popular_invites=[PopularContact(client_id=0, importers=175)], retry_contacts=[], users=[])
2025-01-17 05:24:23.288 | ERROR    | __main__:check_core:187 - 号码 919836679513 未注册 Telegram。
2025-01-17 05:25:41.290 | INFO     | __main__:check_phone_numbers:228 - waiting for 78 seconds
2025-01-17 05:25:41.290 | INFO     | __main__:check_phone_numbers:217 - Checking 59 / 1000: 918336892432
2025-01-17 05:25:42.372 | INFO     | __main__:check_core:175 - ImportedContacts(imported=[ImportedContact(user_id=6130826982, client_id=0)], popular_invites=[], retry_contacts=[], users=[User(id=6130826982, is_self=False, contact=True, mutual_contact=False, deleted=False, bot=False, bot_chat_history=False, bot_nochats=False, verified=False, restricted=False, min=False, bot_inline_geo=False, support=False, scam=False, apply_min_photo=True, fake=False, bot_attach_menu=False, premium=False, attach_menu_enabled=False, bot_can_edit=False, close_friend=False, stories_hidden=False, stories_unavailable=True, contact_require_premium=False, bot_business=False, bot_has_main_app=False, access_hash=-8636461179141538235, first_name='Hank', last_name='Johnson', username=None, phone='918336892432', photo=UserProfilePhoto(photo_id=6219802459761655274, dc_id=5, has_video=False, personal=False, stripped_thumb=b'\x01\x08\x08ao)\x99\xb1\xbb8\xa2\x8a*YOWs'), status=UserStatusOffline(was_online=datetime.datetime(2024, 12, 6, 5, 47, 19, tzinfo=datetime.timezone.utc)), bot_info_version=None, restriction_reason=[], bot_inline_placeholder=None, lang_code=None, emoji_status=None, usernames=[], stories_max_id=None, color=None, profile_color=None, bot_active_users=None)])
2025-01-17 05:25:42.375 | INFO     | __main__:check_core:178 - 号码 918336892432 是有效的 Telegram 用户。
2025-01-17 05:27:03.986 | INFO     | __main__:check_phone_numbers:228 - waiting for 81 seconds
2025-01-17 05:27:03.986 | INFO     | __main__:check_phone_numbers:217 - Checking 60 / 1000: 919163054045
2025-01-17 05:27:04.981 | INFO     | __main__:check_core:175 - ImportedContacts(imported=[ImportedContact(user_id=557408989, client_id=0)], popular_invites=[], retry_contacts=[], users=[User(id=557408989, is_self=False, contact=True, mutual_contact=False, deleted=False, bot=False, bot_chat_history=False, bot_nochats=False, verified=False, restricted=False, min=False, bot_inline_geo=False, support=False, scam=False, apply_min_photo=True, fake=False, bot_attach_menu=False, premium=False, attach_menu_enabled=False, bot_can_edit=False, close_friend=False, stories_hidden=False, stories_unavailable=True, contact_require_premium=False, bot_business=False, bot_has_main_app=False, access_hash=2394909189039901301, first_name='Bob', last_name='Williams', username=None, phone='919163054045', photo=UserProfilePhoto(photo_id=2394053378707662771, dc_id=5, has_video=False, personal=False, stripped_thumb=b'\x01\x08\x08\xb9"\x0f\xb4\xa9b\x00\x03\xbd\x14QJ\xe3?'), status=UserStatusOffline(was_online=datetime.datetime(2025, 1, 15, 8, 30, 25, tzinfo=datetime.timezone.utc)), bot_info_version=None, restriction_reason=[], bot_inline_placeholder=None, lang_code=None, emoji_status=None, usernames=[], stories_max_id=None, color=None, profile_color=None, bot_active_users=None)])
2025-01-17 05:27:04.982 | INFO     | __main__:check_core:178 - 号码 919163054045 是有效的 Telegram 用户。
2025-01-17 05:28:49.594 | INFO     | __main__:check_phone_numbers:228 - waiting for 104 seconds
2025-01-17 05:28:49.594 | INFO     | __main__:check_phone_numbers:217 - Checking 61 / 1000: 919874982535
2025-01-17 05:28:50.564 | INFO     | __main__:check_core:175 - ImportedContacts(imported=[], popular_invites=[PopularContact(client_id=0, importers=484)], retry_contacts=[], users=[])
2025-01-17 05:28:50.564 | ERROR    | __main__:check_core:187 - 号码 919874982535 未注册 Telegram。
2025-01-17 05:30:52.565 | INFO     | __main__:check_phone_numbers:228 - waiting for 122 seconds
2025-01-17 05:30:53.583 | INFO     | __main__:check_core:175 - ImportedContacts(imported=[ImportedContact(user_id=6757426502, client_id=0)], popular_invites=[], retry_contacts=[], users=[User(id=6757426502, is_self=False, contact=True, mutual_contact=False, deleted=False, bot=False, bot_chat_history=False, bot_nochats=False, verified=False, restricted=False, min=False, bot_inline_geo=False, support=False, scam=False, apply_min_photo=True, fake=False, bot_attach_menu=False, premium=False, attach_menu_enabled=False, bot_can_edit=False, close_friend=False, stories_hidden=False, stories_unavailable=True, contact_require_premium=False, bot_business=False, bot_has_main_app=False, access_hash=-206736391038702562, first_name='John', last_name='Miller', username=None, phone='919330543746', photo=UserProfilePhoto(photo_id=6132085350538002023, dc_id=5, has_video=False, personal=False, stripped_thumb=b'\x01\x08\x08\x8aX\xd16\x1d\xa7%~c\xefE\x14P\x81\x9f'), status=UserStatusOffline(was_online=datetime.datetime(2025, 1, 2, 17, 42, 53, tzinfo=datetime.timezone.utc)), bot_info_version=None, restriction_reason=[], bot_inline_placeholder=None, lang_code=None, emoji_status=None, usernames=[], stories_max_id=None, color=None, profile_color=None, bot_active_users=None)])
2025-01-17 05:30:53.584 | INFO     | __main__:check_core:178 - 号码 919330543746 是有效的 Telegram 用户。
2025-01-17 05:30:54.175 | INFO     | __main__:check_phone_numbers:217 - Checking 62 / 1000: 919836746280
2025-01-17 05:30:54.818 | INFO     | __main__:check_core:175 - ImportedContacts(imported=[ImportedContact(user_id=1486487355, client_id=0)], popular_invites=[], retry_contacts=[], users=[User(id=1486487355, is_self=False, contact=True, mutual_contact=False, deleted=False, bot=False, bot_chat_history=False, bot_nochats=False, verified=False, restricted=False, min=False, bot_inline_geo=False, support=False, scam=False, apply_min_photo=True, fake=False, bot_attach_menu=False, premium=False, attach_menu_enabled=False, bot_can_edit=False, close_friend=False, stories_hidden=False, stories_unavailable=True, contact_require_premium=False, bot_business=False, bot_has_main_app=False, access_hash=2403888076207303621, first_name='Eve', last_name='Johnson', username='mmirano4', phone='919836746280', photo=None, status=UserStatusOffline(was_online=datetime.datetime(2025, 1, 11, 14, 45, 5, tzinfo=datetime.timezone.utc)), bot_info_version=None, restriction_reason=[], bot_inline_placeholder=None, lang_code=None, emoji_status=None, usernames=[], stories_max_id=None, color=None, profile_color=None, bot_active_users=None)])
2025-01-17 05:30:54.818 | INFO     | __main__:check_core:178 - 号码 919836746280 是有效的 Telegram 用户。
2025-01-17 05:32:47.457 | INFO     | __main__:check_phone_numbers:228 - waiting for 112 seconds
2025-01-17 05:32:47.457 | INFO     | __main__:check_phone_numbers:217 - Checking 63 / 1000: 919831133599
2025-01-17 05:32:48.494 | INFO     | __main__:check_core:175 - ImportedContacts(imported=[ImportedContact(user_id=1667070283, client_id=0)], popular_invites=[], retry_contacts=[], users=[User(id=1667070283, is_self=False, contact=True, mutual_contact=False, deleted=False, bot=False, bot_chat_history=False, bot_nochats=False, verified=False, restricted=False, min=False, bot_inline_geo=False, support=False, scam=False, apply_min_photo=True, fake=False, bot_attach_menu=False, premium=False, attach_menu_enabled=False, bot_can_edit=False, close_friend=False, stories_hidden=False, stories_unavailable=True, contact_require_premium=False, bot_business=False, bot_has_main_app=False, access_hash=-7422700800033446490, first_name='Bob', last_name='Brown', username=None, phone='919831133599', photo=None, status=UserStatusOffline(was_online=datetime.datetime(2025, 1, 17, 5, 8, 37, tzinfo=datetime.timezone.utc)), bot_info_version=None, restriction_reason=[], bot_inline_placeholder=None, lang_code=None, emoji_status=None, usernames=[], stories_max_id=None, color=None, profile_color=None, bot_active_users=None)])
2025-01-17 05:32:48.495 | INFO     | __main__:check_core:178 - 号码 919831133599 是有效的 Telegram 用户。
2025-01-17 05:34:27.102 | INFO     | __main__:check_phone_numbers:228 - waiting for 98 seconds
2025-01-17 05:34:27.103 | INFO     | __main__:check_phone_numbers:217 - Checking 64 / 1000: 919830616390
2025-01-17 05:34:30.764 | INFO     | __main__:check_core:175 - ImportedContacts(imported=[], popular_invites=[PopularContact(client_id=0, importers=28)], retry_contacts=[], users=[])
2025-01-17 05:34:30.765 | ERROR    | __main__:check_core:187 - 号码 919830616390 未注册 Telegram。
2025-01-17 05:35:52.765 | INFO     | __main__:check_phone_numbers:228 - waiting for 82 seconds
2025-01-17 05:35:52.766 | INFO     | __main__:check_phone_numbers:217 - Checking 65 / 1000: 919123155178
2025-01-17 05:35:53.729 | INFO     | __main__:check_core:175 - ImportedContacts(imported=[ImportedContact(user_id=5286582027, client_id=0)], popular_invites=[], retry_contacts=[], users=[User(id=5286582027, is_self=False, contact=True, mutual_contact=False, deleted=False, bot=False, bot_chat_history=False, bot_nochats=False, verified=False, restricted=False, min=False, bot_inline_geo=False, support=False, scam=False, apply_min_photo=True, fake=False, bot_attach_menu=False, premium=False, attach_menu_enabled=False, bot_can_edit=False, close_friend=False, stories_hidden=False, stories_unavailable=True, contact_require_premium=False, bot_business=False, bot_has_main_app=False, access_hash=1519474466850999150, first_name='David', last_name='Jones', username=None, phone='919123155178', photo=UserProfilePhoto(photo_id=6337017782331355189, dc_id=5, has_video=False, personal=False, stripped_thumb=b'\x01\x08\x08\x89n\\\x80\x84\x00\x06A \xe34QEU\xd9\xaa\x8a\xb1'), status=UserStatusOffline(was_online=datetime.datetime(2024, 1, 6, 9, 43, 10, tzinfo=datetime.timezone.utc)), bot_info_version=None, restriction_reason=[], bot_inline_placeholder=None, lang_code=None, emoji_status=None, usernames=[], stories_max_id=None, color=None, profile_color=None, bot_active_users=None)])
2025-01-17 05:35:53.730 | INFO     | __main__:check_core:178 - 号码 919123155178 是有效的 Telegram 用户。
2025-01-17 05:36:50.384 | INFO     | __main__:check_phone_numbers:228 - waiting for 56 seconds
2025-01-17 05:36:50.384 | INFO     | __main__:check_phone_numbers:217 - Checking 66 / 1000: 918240678156
2025-01-17 05:36:51.485 | INFO     | __main__:check_core:175 - ImportedContacts(imported=[], popular_invites=[PopularContact(client_id=0, importers=117)], retry_contacts=[], users=[])
2025-01-17 05:36:51.488 | ERROR    | __main__:check_core:187 - 号码 918240678156 未注册 Telegram。
2025-01-17 05:38:23.488 | INFO     | __main__:check_phone_numbers:228 - waiting for 92 seconds
2025-01-17 05:38:23.488 | INFO     | __main__:check_phone_numbers:217 - Checking 67 / 1000: 919330849126
2025-01-17 05:38:24.562 | INFO     | __main__:check_core:175 - ImportedContacts(imported=[ImportedContact(user_id=5754735340, client_id=0)], popular_invites=[], retry_contacts=[], users=[User(id=5754735340, is_self=False, contact=True, mutual_contact=False, deleted=False, bot=False, bot_chat_history=False, bot_nochats=False, verified=False, restricted=False, min=False, bot_inline_geo=False, support=False, scam=False, apply_min_photo=True, fake=False, bot_attach_menu=False, premium=False, attach_menu_enabled=False, bot_can_edit=False, close_friend=False, stories_hidden=False, stories_unavailable=True, contact_require_premium=False, bot_business=False, bot_has_main_app=False, access_hash=6667230411617326353, first_name='Charlie', last_name='Martinez', username=None, phone='919330849126', photo=UserProfilePhoto(photo_id=6287286927241624071, dc_id=5, has_video=False, personal=False, stripped_thumb=b"\x01\x08\x08\xa0\x8c\xb2J\x14\x7f\x1f\x07u\x14QQ'b\x91"), status=UserStatusOffline(was_online=datetime.datetime(2025, 1, 12, 18, 20, 7, tzinfo=datetime.timezone.utc)), bot_info_version=None, restriction_reason=[], bot_inline_placeholder=None, lang_code=None, emoji_status=None, usernames=[], stories_max_id=None, color=None, profile_color=None, bot_active_users=None)])
2025-01-17 05:38:24.563 | INFO     | __main__:check_core:178 - 号码 919330849126 是有效的 Telegram 用户。
2025-01-17 05:39:56.350 | INFO     | __main__:check_phone_numbers:228 - waiting for 91 seconds
2025-01-17 05:39:56.351 | INFO     | __main__:check_phone_numbers:217 - Checking 68 / 1000: 918017715057
2025-01-17 05:39:57.446 | INFO     | __main__:check_core:175 - ImportedContacts(imported=[ImportedContact(user_id=6364044285, client_id=0)], popular_invites=[], retry_contacts=[], users=[User(id=6364044285, is_self=False, contact=True, mutual_contact=False, deleted=False, bot=False, bot_chat_history=False, bot_nochats=False, verified=False, restricted=False, min=False, bot_inline_geo=False, support=False, scam=False, apply_min_photo=True, fake=False, bot_attach_menu=False, premium=False, attach_menu_enabled=False, bot_can_edit=False, close_friend=False, stories_hidden=False, stories_unavailable=True, contact_require_premium=False, bot_business=False, bot_has_main_app=False, access_hash=-5322681781989569157, first_name='John', last_name='Davis', username=None, phone='918017715057', photo=UserProfilePhoto(photo_id=6190348944140254709, dc_id=5, has_video=True, personal=False, stripped_thumb=b'\x01\x08\x08v\xf7\xdd\x8c\r\xbe\xb4QEe\xca\x8e\xd5\x1b\x1f'), status=UserStatusOffline(was_online=datetime.datetime(2024, 11, 24, 9, 18, 6, tzinfo=datetime.timezone.utc)), bot_info_version=None, restriction_reason=[], bot_inline_placeholder=None, lang_code=None, emoji_status=None, usernames=[], stories_max_id=None, color=None, profile_color=None, bot_active_users=None)])
2025-01-17 05:39:57.447 | INFO     | __main__:check_core:178 - 号码 918017715057 是有效的 Telegram 用户。
2025-01-17 05:40:41.059 | INFO     | __main__:check_phone_numbers:228 - waiting for 43 seconds
2025-01-17 05:40:41.059 | INFO     | __main__:check_phone_numbers:217 - Checking 69 / 1000: 919831033590
2025-01-17 05:40:42.147 | INFO     | __main__:check_core:175 - ImportedContacts(imported=[], popular_invites=[PopularContact(client_id=0, importers=444)], retry_contacts=[], users=[])
2025-01-17 05:40:42.148 | ERROR    | __main__:check_core:187 - 号码 919831033590 未注册 Telegram。
2025-01-17 05:41:39.148 | INFO     | __main__:check_phone_numbers:228 - waiting for 57 seconds
2025-01-17 05:41:39.148 | INFO     | __main__:check_phone_numbers:217 - Checking 70 / 1000: 919830570472
2025-01-17 05:41:41.030 | INFO     | __main__:check_core:175 - ImportedContacts(imported=[], popular_invites=[PopularContact(client_id=0, importers=489)], retry_contacts=[], users=[])
2025-01-17 05:41:41.031 | ERROR    | __main__:check_core:187 - 号码 919830570472 未注册 Telegram。
2025-01-17 05:42:55.036 | INFO     | __main__:check_phone_numbers:228 - waiting for 74 seconds
2025-01-17 05:42:55.036 | INFO     | __main__:check_phone_numbers:217 - Checking 71 / 1000: 919903333146
2025-01-17 05:42:56.027 | INFO     | __main__:check_core:175 - ImportedContacts(imported=[], popular_invites=[PopularContact(client_id=0, importers=365)], retry_contacts=[], users=[])
2025-01-17 05:42:56.027 | ERROR    | __main__:check_core:187 - 号码 919903333146 未注册 Telegram。
2025-01-17 05:45:23.028 | INFO     | __main__:check_phone_numbers:228 - waiting for 147 seconds
2025-01-17 05:45:25.059 | INFO     | __main__:check_core:175 - ImportedContacts(imported=[ImportedContact(user_id=6559849451, client_id=0)], popular_invites=[], retry_contacts=[], users=[User(id=6559849451, is_self=False, contact=True, mutual_contact=False, deleted=False, bot=False, bot_chat_history=False, bot_nochats=False, verified=False, restricted=False, min=False, bot_inline_geo=False, support=False, scam=False, apply_min_photo=True, fake=False, bot_attach_menu=False, premium=False, attach_menu_enabled=False, bot_can_edit=False, close_friend=False, stories_hidden=False, stories_unavailable=True, contact_require_premium=False, bot_business=False, bot_has_main_app=False, access_hash=5956312595693550161, first_name='Jane', last_name='Martinez', username=None, phone='919831559633', photo=None, status=UserStatusOffline(was_online=datetime.datetime(2023, 11, 7, 11, 2, 14, tzinfo=datetime.timezone.utc)), bot_info_version=None, restriction_reason=[], bot_inline_placeholder=None, lang_code=None, emoji_status=None, usernames=[], stories_max_id=None, color=None, profile_color=None, bot_active_users=None)])
2025-01-17 05:45:25.059 | INFO     | __main__:check_core:178 - 号码 919831559633 是有效的 Telegram 用户。
2025-01-17 05:45:25.805 | INFO     | __main__:check_phone_numbers:217 - Checking 72 / 1000: 919073399765
2025-01-17 05:45:26.495 | INFO     | __main__:check_core:175 - ImportedContacts(imported=[], popular_invites=[PopularContact(client_id=0, importers=88)], retry_contacts=[], users=[])
2025-01-17 05:45:26.495 | ERROR    | __main__:check_core:187 - 号码 919073399765 未注册 Telegram。
2025-01-17 05:47:30.495 | INFO     | __main__:check_phone_numbers:228 - waiting for 124 seconds
2025-01-17 05:47:30.496 | INFO     | __main__:check_phone_numbers:217 - Checking 73 / 1000: 919038841718
2025-01-17 05:47:31.413 | INFO     | __main__:check_core:175 - ImportedContacts(imported=[ImportedContact(user_id=1953515416, client_id=0)], popular_invites=[], retry_contacts=[], users=[User(id=1953515416, is_self=False, contact=True, mutual_contact=False, deleted=False, bot=False, bot_chat_history=False, bot_nochats=False, verified=False, restricted=False, min=False, bot_inline_geo=False, support=False, scam=False, apply_min_photo=True, fake=False, bot_attach_menu=False, premium=False, attach_menu_enabled=False, bot_can_edit=False, close_friend=False, stories_hidden=False, stories_unavailable=True, contact_require_premium=False, bot_business=False, bot_has_main_app=False, access_hash=-736798518381169441, first_name='David', last_name='Miller', username=None, phone='919038841718', photo=UserProfilePhoto(photo_id=6222224756892086421, dc_id=5, has_video=False, personal=False, stripped_thumb=b'\x01\x08\x08s\xdc\x18\xa7\x11\xb4\x8a\x06?Z(\xa2\x84\x07'), status=UserStatusOffline(was_online=datetime.datetime(2023, 10, 10, 3, 6, 51, tzinfo=datetime.timezone.utc)), bot_info_version=None, restriction_reason=[], bot_inline_placeholder=None, lang_code=None, emoji_status=None, usernames=[], stories_max_id=None, color=None, profile_color=None, bot_active_users=None)])
2025-01-17 05:47:31.413 | INFO     | __main__:check_core:178 - 号码 919038841718 是有效的 Telegram 用户。
2025-01-17 05:48:04.973 | INFO     | __main__:check_phone_numbers:228 - waiting for 33 seconds
2025-01-17 05:48:04.973 | INFO     | __main__:check_phone_numbers:217 - Checking 74 / 1000: 919477751235
2025-01-17 05:48:05.778 | INFO     | __main__:check_core:175 - ImportedContacts(imported=[ImportedContact(user_id=1196415197, client_id=0)], popular_invites=[], retry_contacts=[], users=[User(id=1196415197, is_self=False, contact=True, mutual_contact=False, deleted=False, bot=False, bot_chat_history=False, bot_nochats=False, verified=False, restricted=False, min=False, bot_inline_geo=False, support=False, scam=False, apply_min_photo=True, fake=False, bot_attach_menu=False, premium=False, attach_menu_enabled=False, bot_can_edit=False, close_friend=False, stories_hidden=False, stories_unavailable=True, contact_require_premium=False, bot_business=False, bot_has_main_app=False, access_hash=-8296067840198197101, first_name='David', last_name='Rodriguez', username=None, phone='919477751235', photo=UserProfilePhoto(photo_id=6107172169399249105, dc_id=5, has_video=False, personal=False, stripped_thumb=b'\x01\x08\x08I\x16i\x1c6\xdd\xa3\x19\xebE\x14S\xb8\x1f'), status=UserStatusOffline(was_online=datetime.datetime(2024, 10, 23, 19, 3, 43, tzinfo=datetime.timezone.utc)), bot_info_version=None, restriction_reason=[], bot_inline_placeholder=None, lang_code=None, emoji_status=None, usernames=[], stories_max_id=None, color=None, profile_color=None, bot_active_users=None)])
2025-01-17 05:48:05.779 | INFO     | __main__:check_core:178 - 号码 919477751235 是有效的 Telegram 用户。
2025-01-17 05:49:57.357 | INFO     | __main__:check_phone_numbers:228 - waiting for 111 seconds
2025-01-17 05:49:57.357 | INFO     | __main__:check_phone_numbers:217 - Checking 75 / 1000: 919163808486
2025-01-17 05:49:58.574 | INFO     | __main__:check_core:175 - ImportedContacts(imported=[ImportedContact(user_id=6418177006, client_id=0)], popular_invites=[], retry_contacts=[], users=[User(id=6418177006, is_self=False, contact=True, mutual_contact=False, deleted=False, bot=False, bot_chat_history=False, bot_nochats=False, verified=False, restricted=False, min=False, bot_inline_geo=False, support=False, scam=False, apply_min_photo=True, fake=False, bot_attach_menu=False, premium=False, attach_menu_enabled=False, bot_can_edit=False, close_friend=False, stories_hidden=False, stories_unavailable=True, contact_require_premium=False, bot_business=False, bot_has_main_app=False, access_hash=-3542115816223901278, first_name='Frank', last_name='Brown', username=None, phone='919163808486', photo=UserProfilePhoto(photo_id=6111839926971644491, dc_id=5, has_video=False, personal=False, stripped_thumb=b'\x01\x08\x08\x8b\xedN\xe4\xb4l7g\xb2\xe2\x8a(\xa5a\x9f'), status=UserStatusOffline(was_online=datetime.datetime(2025, 1, 5, 19, 0, 22, tzinfo=datetime.timezone.utc)), bot_info_version=None, restriction_reason=[], bot_inline_placeholder=None, lang_code=None, emoji_status=None, usernames=[], stories_max_id=None, color=None, profile_color=None, bot_active_users=None)])
2025-01-17 05:49:58.575 | INFO     | __main__:check_core:178 - 号码 919163808486 是有效的 Telegram 用户。
2025-01-17 05:52:49.479 | INFO     | __main__:check_phone_numbers:228 - waiting for 170 seconds
2025-01-17 05:52:49.480 | INFO     | __main__:check_phone_numbers:217 - Checking 76 / 1000: 919830429172
2025-01-17 05:53:51.266 | INFO     | __main__:check_core:175 - ImportedContacts(imported=[], popular_invites=[PopularContact(client_id=0, importers=146)], retry_contacts=[], users=[])
2025-01-17 05:53:51.266 | ERROR    | __main__:check_core:187 - 号码 919830429172 未注册 Telegram。
2025-01-17 05:55:00.266 | INFO     | __main__:check_phone_numbers:228 - waiting for 69 seconds
2025-01-17 05:55:00.267 | INFO     | __main__:check_phone_numbers:217 - Checking 77 / 1000: 916290718056
2025-01-17 05:55:01.428 | INFO     | __main__:check_core:175 - ImportedContacts(imported=[ImportedContact(user_id=5466695432, client_id=0)], popular_invites=[], retry_contacts=[], users=[User(id=5466695432, is_self=False, contact=True, mutual_contact=False, deleted=False, bot=False, bot_chat_history=False, bot_nochats=False, verified=False, restricted=False, min=False, bot_inline_geo=False, support=False, scam=False, apply_min_photo=True, fake=False, bot_attach_menu=False, premium=False, attach_menu_enabled=False, bot_can_edit=False, close_friend=False, stories_hidden=False, stories_unavailable=True, contact_require_premium=False, bot_business=False, bot_has_main_app=False, access_hash=6514232947543949994, first_name='Bob', last_name='Miller', username='floaralpenguin', phone='916290718056', photo=UserProfilePhoto(photo_id=6305222448676716845, dc_id=5, has_video=False, personal=False, stripped_thumb=b'\x01\x08\x08\xad!\xf9\x80\x14QE!\\'), status=UserStatusLastMonth(by_me=False), bot_info_version=None, restriction_reason=[], bot_inline_placeholder=None, lang_code=None, emoji_status=None, usernames=[], stories_max_id=None, color=None, profile_color=None, bot_active_users=None)])
2025-01-17 05:55:01.428 | INFO     | __main__:check_core:178 - 号码 916290718056 是有效的 Telegram 用户。
2025-01-17 05:56:12.032 | INFO     | __main__:check_phone_numbers:228 - waiting for 70 seconds
2025-01-17 05:56:12.033 | INFO     | __main__:check_phone_numbers:217 - Checking 78 / 1000: 919433801448
2025-01-17 05:56:13.017 | INFO     | __main__:check_core:175 - ImportedContacts(imported=[], popular_invites=[PopularContact(client_id=0, importers=288)], retry_contacts=[], users=[])
2025-01-17 05:56:13.019 | ERROR    | __main__:check_core:187 - 号码 919433801448 未注册 Telegram。
2025-01-17 05:58:02.019 | INFO     | __main__:check_phone_numbers:228 - waiting for 109 seconds
2025-01-17 05:58:02.019 | INFO     | __main__:check_phone_numbers:217 - Checking 79 / 1000: 919163902108
2025-01-17 05:58:03.153 | INFO     | __main__:check_core:175 - ImportedContacts(imported=[ImportedContact(user_id=6698433676, client_id=0)], popular_invites=[], retry_contacts=[], users=[User(id=6698433676, is_self=False, contact=True, mutual_contact=False, deleted=False, bot=False, bot_chat_history=False, bot_nochats=False, verified=False, restricted=False, min=False, bot_inline_geo=False, support=False, scam=False, apply_min_photo=True, fake=False, bot_attach_menu=False, premium=False, attach_menu_enabled=False, bot_can_edit=False, close_friend=False, stories_hidden=False, stories_unavailable=True, contact_require_premium=False, bot_business=False, bot_has_main_app=False, access_hash=-3922304151705763303, first_name='Charlie', last_name='Miller', username=None, phone='919163902108', photo=None, status=UserStatusLastMonth(by_me=False), bot_info_version=None, restriction_reason=[], bot_inline_placeholder=None, lang_code=None, emoji_status=None, usernames=[], stories_max_id=None, color=None, profile_color=None, bot_active_users=None)])
2025-01-17 05:58:03.154 | INFO     | __main__:check_core:178 - 号码 919163902108 是有效的 Telegram 用户。
2025-01-17 05:58:57.060 | INFO     | __main__:check_phone_numbers:228 - waiting for 53 seconds
2025-01-17 05:58:57.062 | INFO     | __main__:check_phone_numbers:217 - Checking 80 / 1000: 918584097225
2025-01-17 05:58:58.148 | INFO     | __main__:check_core:175 - ImportedContacts(imported=[], popular_invites=[PopularContact(client_id=0, importers=18)], retry_contacts=[], users=[])
2025-01-17 05:58:58.148 | ERROR    | __main__:check_core:187 - 号码 918584097225 未注册 Telegram。
2025-01-17 06:00:28.149 | INFO     | __main__:check_phone_numbers:228 - waiting for 90 seconds
2025-01-17 06:00:28.150 | INFO     | __main__:check_phone_numbers:217 - Checking 81 / 1000: 919062906683
2025-01-17 06:00:29.336 | INFO     | __main__:check_core:175 - ImportedContacts(imported=[ImportedContact(user_id=6368912257, client_id=0)], popular_invites=[], retry_contacts=[], users=[User(id=6368912257, is_self=False, contact=True, mutual_contact=False, deleted=False, bot=False, bot_chat_history=False, bot_nochats=False, verified=False, restricted=False, min=False, bot_inline_geo=False, support=False, scam=False, apply_min_photo=True, fake=False, bot_attach_menu=False, premium=False, attach_menu_enabled=False, bot_can_edit=False, close_friend=False, stories_hidden=False, stories_unavailable=True, contact_require_premium=False, bot_business=False, bot_has_main_app=False, access_hash=3728314578379897014, first_name='John', last_name='Davis', username=None, phone='919062906683', photo=None, status=UserStatusOffline(was_online=datetime.datetime(2024, 7, 17, 20, 37, 25, tzinfo=datetime.timezone.utc)), bot_info_version=None, restriction_reason=[], bot_inline_placeholder=None, lang_code=None, emoji_status=None, usernames=[], stories_max_id=None, color=None, profile_color=None, bot_active_users=None)])
2025-01-17 06:00:29.337 | INFO     | __main__:check_core:178 - 号码 919062906683 是有效的 Telegram 用户。
2025-01-17 06:02:02.271 | INFO     | __main__:check_phone_numbers:228 - waiting for 92 seconds
2025-01-17 06:02:03.284 | INFO     | __main__:check_core:175 - ImportedContacts(imported=[ImportedContact(user_id=5984358178, client_id=0)], popular_invites=[], retry_contacts=[], users=[User(id=5984358178, is_self=False, contact=True, mutual_contact=False, deleted=False, bot=False, bot_chat_history=False, bot_nochats=False, verified=False, restricted=False, min=False, bot_inline_geo=False, support=False, scam=False, apply_min_photo=True, fake=False, bot_attach_menu=False, premium=False, attach_menu_enabled=False, bot_can_edit=False, close_friend=False, stories_hidden=False, stories_unavailable=True, contact_require_premium=False, bot_business=False, bot_has_main_app=False, access_hash=-4051459246036339747, first_name='Grace', last_name='Miller', username=None, phone='916290567101', photo=None, status=UserStatusOffline(was_online=datetime.datetime(2023, 11, 24, 4, 9, 44, tzinfo=datetime.timezone.utc)), bot_info_version=None, restriction_reason=[], bot_inline_placeholder=None, lang_code=None, emoji_status=None, usernames=[], stories_max_id=None, color=None, profile_color=None, bot_active_users=None)])
2025-01-17 06:02:03.284 | INFO     | __main__:check_core:178 - 号码 916290567101 是有效的 Telegram 用户。
2025-01-17 06:02:04.026 | INFO     | __main__:check_phone_numbers:217 - Checking 82 / 1000: 919748178217
2025-01-17 06:02:04.992 | INFO     | __main__:check_core:175 - ImportedContacts(imported=[ImportedContact(user_id=6778634103, client_id=0)], popular_invites=[], retry_contacts=[], users=[User(id=6778634103, is_self=False, contact=True, mutual_contact=False, deleted=False, bot=False, bot_chat_history=False, bot_nochats=False, verified=False, restricted=False, min=False, bot_inline_geo=False, support=False, scam=False, apply_min_photo=True, fake=False, bot_attach_menu=False, premium=False, attach_menu_enabled=False, bot_can_edit=False, close_friend=False, stories_hidden=False, stories_unavailable=True, contact_require_premium=False, bot_business=False, bot_has_main_app=False, access_hash=-6542657944575831397, first_name='Eve', last_name='Davis', username=None, phone='919748178217', photo=None, status=UserStatusOffline(was_online=datetime.datetime(2024, 5, 17, 7, 21, 50, tzinfo=datetime.timezone.utc)), bot_info_version=None, restriction_reason=[], bot_inline_placeholder=None, lang_code=None, emoji_status=None, usernames=[], stories_max_id=None, color=None, profile_color=None, bot_active_users=None)])
2025-01-17 06:02:04.993 | INFO     | __main__:check_core:178 - 号码 919748178217 是有效的 Telegram 用户。
2025-01-17 06:03:49.604 | INFO     | __main__:check_phone_numbers:228 - waiting for 104 seconds
2025-01-17 06:03:49.605 | INFO     | __main__:check_phone_numbers:217 - Checking 83 / 1000: 917044344610
2025-01-17 06:03:50.646 | INFO     | __main__:check_core:175 - ImportedContacts(imported=[ImportedContact(user_id=1875563416, client_id=0)], popular_invites=[], retry_contacts=[], users=[User(id=1875563416, is_self=False, contact=True, mutual_contact=False, deleted=False, bot=False, bot_chat_history=False, bot_nochats=False, verified=False, restricted=False, min=False, bot_inline_geo=False, support=False, scam=False, apply_min_photo=True, fake=False, bot_attach_menu=False, premium=False, attach_menu_enabled=False, bot_can_edit=False, close_friend=False, stories_hidden=False, stories_unavailable=True, contact_require_premium=False, bot_business=False, bot_has_main_app=False, access_hash=5178659017497571073, first_name='Jane', last_name='Miller', username=None, phone='917044344610', photo=None, status=UserStatusOffline(was_online=datetime.datetime(2025, 1, 16, 15, 59, 42, tzinfo=datetime.timezone.utc)), bot_info_version=None, restriction_reason=[], bot_inline_placeholder=None, lang_code=None, emoji_status=None, usernames=[], stories_max_id=None, color=None, profile_color=None, bot_active_users=None)])
2025-01-17 06:03:50.646 | INFO     | __main__:check_core:178 - 号码 917044344610 是有效的 Telegram 用户。
2025-01-17 06:06:07.293 | INFO     | __main__:check_phone_numbers:228 - waiting for 136 seconds
2025-01-17 06:06:07.293 | INFO     | __main__:check_phone_numbers:217 - Checking 84 / 1000: 919748300543
2025-01-17 06:07:08.824 | INFO     | __main__:check_core:175 - ImportedContacts(imported=[], popular_invites=[], retry_contacts=[0], users=[])
2025-01-17 06:07:08.825 | ERROR    | __main__:check_core:187 - 号码 919748300543 未注册 Telegram。
2025-01-17 06:09:08.825 | INFO     | __main__:check_phone_numbers:228 - waiting for 120 seconds
2025-01-17 06:09:08.825 | INFO     | __main__:check_phone_numbers:217 - Checking 85 / 1000: 917003763998
2025-01-17 06:09:09.921 | INFO     | __main__:check_core:175 - ImportedContacts(imported=[], popular_invites=[], retry_contacts=[0], users=[])
2025-01-17 06:09:09.921 | ERROR    | __main__:check_core:187 - 号码 917003763998 未注册 Telegram。
2025-01-17 06:11:09.922 | INFO     | __main__:check_phone_numbers:228 - waiting for 120 seconds
2025-01-17 06:11:09.922 | INFO     | __main__:check_phone_numbers:217 - Checking 86 / 1000: 919831126665
2025-01-17 06:11:10.949 | INFO     | __main__:check_core:175 - ImportedContacts(imported=[], popular_invites=[], retry_contacts=[0], users=[])
2025-01-17 06:11:10.950 | ERROR    | __main__:check_core:187 - 号码 919831126665 未注册 Telegram。
2025-01-17 06:12:49.950 | INFO     | __main__:check_phone_numbers:228 - waiting for 99 seconds
2025-01-17 06:12:49.950 | INFO     | __main__:check_phone_numbers:217 - Checking 87 / 1000: 919836420013
2025-01-17 06:12:51.141 | INFO     | __main__:check_core:175 - ImportedContacts(imported=[], popular_invites=[], retry_contacts=[0], users=[])
2025-01-17 06:12:51.141 | ERROR    | __main__:check_core:187 - 号码 919836420013 未注册 Telegram。
2025-01-17 06:14:54.141 | INFO     | __main__:check_phone_numbers:228 - waiting for 123 seconds
2025-01-17 06:14:54.142 | INFO     | __main__:check_phone_numbers:217 - Checking 88 / 1000: 919163892107
2025-01-17 06:14:55.208 | INFO     | __main__:check_core:175 - ImportedContacts(imported=[], popular_invites=[], retry_contacts=[0], users=[])
2025-01-17 06:14:55.208 | ERROR    | __main__:check_core:187 - 号码 919163892107 未注册 Telegram。
2025-01-17 06:17:41.208 | INFO     | __main__:check_phone_numbers:228 - waiting for 166 seconds
2025-01-17 06:17:41.208 | INFO     | __main__:check_phone_numbers:217 - Checking 89 / 1000: 916290114204
2025-01-17 06:18:42.538 | INFO     | __main__:check_core:175 - ImportedContacts(imported=[], popular_invites=[], retry_contacts=[0], users=[])
2025-01-17 06:18:42.538 | ERROR    | __main__:check_core:187 - 号码 916290114204 未注册 Telegram。
2025-01-17 06:19:13.539 | INFO     | __main__:check_phone_numbers:228 - waiting for 31 seconds
2025-01-17 06:19:13.539 | INFO     | __main__:check_phone_numbers:217 - Checking 90 / 1000: 919748808861
2025-01-17 06:19:14.265 | INFO     | __main__:check_core:175 - ImportedContacts(imported=[], popular_invites=[], retry_contacts=[0], users=[])
2025-01-17 06:19:14.265 | ERROR    | __main__:check_core:187 - 号码 919748808861 未注册 Telegram。
2025-01-17 06:22:03.265 | INFO     | __main__:check_phone_numbers:228 - waiting for 169 seconds
2025-01-17 06:22:03.268 | INFO     | __main__:check_phone_numbers:217 - Checking 91 / 1000: 919748787412
2025-01-17 06:22:04.564 | INFO     | __main__:check_core:175 - ImportedContacts(imported=[], popular_invites=[], retry_contacts=[0], users=[])
2025-01-17 06:22:04.565 | ERROR    | __main__:check_core:187 - 号码 919748787412 未注册 Telegram。
2025-01-17 06:24:29.565 | INFO     | __main__:check_phone_numbers:228 - waiting for 145 seconds
2025-01-17 06:24:30.595 | INFO     | __main__:check_core:175 - ImportedContacts(imported=[], popular_invites=[], retry_contacts=[0], users=[])
2025-01-17 06:24:30.595 | INFO     | __main__:check_core:184 - stumps 919903308121 未注册 Telegram。
