2025-01-14 03:23:32.848 | INFO     | __main__:check_phone_numbers:164 - Checking 1 / 19988: 66910020012
2025-01-14 03:23:32.850 | INFO     | __main__:mock_send_message:120 - Sending message to +15413006705
2025-01-14 03:23:33.772 | INFO     | __main__:check_phone_numbers:176 - ImportedContacts(imported=[], popular_invites=[PopularContact(client_id=0, importers=25)], retry_contacts=[], users=[])
2025-01-14 03:23:33.772 | INFO     | __main__:check_phone_numbers:184 - 号码 66910020012 未注册 Telegram。
2025-01-14 03:23:43.772 | INFO     | __main__:check_phone_numbers:189 - waiting for 10 seconds
2025-01-14 03:23:43.773 | INFO     | __main__:check_phone_numbers:164 - Checking 2 / 19988: 66910020013
2025-01-14 03:23:43.773 | INFO     | __main__:mock_send_message:120 - Sending message to +15413006705
2025-01-14 03:23:44.433 | INFO     | __main__:check_phone_numbers:176 - ImportedContacts(imported=[], popular_invites=[PopularContact(client_id=0, importers=10)], retry_contacts=[], users=[])
2025-01-14 03:23:44.434 | INFO     | __main__:check_phone_numbers:184 - 号码 66910020013 未注册 Telegram。
2025-01-14 03:23:54.435 | INFO     | __main__:check_phone_numbers:189 - waiting for 10 seconds
2025-01-14 03:23:54.435 | INFO     | __main__:check_phone_numbers:164 - Checking 3 / 19988: 66910020014
2025-01-14 03:23:54.435 | INFO     | __main__:mock_send_message:120 - Sending message to +447743695156
2025-01-14 03:23:54.703 | ERROR    | __main__:mock_send_message:137 - 发送消息失败: Too many requests (caused by SendMessageRequest)
2025-01-14 03:23:55.089 | INFO     | __main__:check_phone_numbers:176 - ImportedContacts(imported=[], popular_invites=[PopularContact(client_id=0, importers=15)], retry_contacts=[], users=[])
2025-01-14 03:23:55.092 | INFO     | __main__:check_phone_numbers:184 - 号码 66910020014 未注册 Telegram。
2025-01-14 03:24:20.096 | INFO     | __main__:check_phone_numbers:189 - waiting for 25 seconds
2025-01-14 03:24:20.096 | INFO     | __main__:check_phone_numbers:164 - Checking 4 / 19988: 66910020015
2025-01-14 03:24:20.096 | INFO     | __main__:mock_send_message:120 - Sending message to +15413006705
2025-01-14 03:24:20.751 | INFO     | __main__:check_phone_numbers:176 - ImportedContacts(imported=[], popular_invites=[PopularContact(client_id=0, importers=3)], retry_contacts=[], users=[])
2025-01-14 03:24:20.752 | INFO     | __main__:check_phone_numbers:184 - 号码 66910020015 未注册 Telegram。
2025-01-14 03:24:33.752 | INFO     | __main__:check_phone_numbers:189 - waiting for 13 seconds
2025-01-14 03:24:33.752 | INFO     | __main__:check_phone_numbers:164 - Checking 5 / 19988: 66910020016
2025-01-14 03:24:33.752 | INFO     | __main__:mock_send_message:120 - Sending message to +15413006705
2025-01-14 03:24:34.302 | INFO     | __main__:check_phone_numbers:176 - ImportedContacts(imported=[ImportedContact(user_id=6970839252, client_id=0)], popular_invites=[], retry_contacts=[], users=[User(id=6970839252, is_self=False, contact=True, mutual_contact=False, deleted=False, bot=False, bot_chat_history=False, bot_nochats=False, verified=False, restricted=False, min=False, bot_inline_geo=False, support=False, scam=False, apply_min_photo=True, fake=False, bot_attach_menu=False, premium=False, attach_menu_enabled=False, bot_can_edit=False, close_friend=False, stories_hidden=False, stories_unavailable=True, contact_require_premium=False, bot_business=False, bot_has_main_app=False, access_hash=-6221742415164443019, first_name='Test', last_name=None, username='Inwzaaa', phone='66910020016', photo=UserProfilePhoto(photo_id=6073243065927186862, dc_id=5, has_video=False, personal=False, stripped_thumb=b'\x01\x08\x08n\x9e\x9eL\x83x!\x9b84QEJ\xd5\x08'), status=UserStatusOffline(was_online=datetime.datetime(2025, 1, 13, 4, 24, 18, tzinfo=datetime.timezone.utc)), bot_info_version=None, restriction_reason=[], bot_inline_placeholder=None, lang_code=None, emoji_status=None, usernames=[], stories_max_id=None, color=None, profile_color=None, bot_active_users=None)])
2025-01-14 03:24:34.302 | INFO     | __main__:check_phone_numbers:179 - 号码 66910020016 是有效的 Telegram 用户。
2025-01-14 03:25:00.578 | INFO     | __main__:check_phone_numbers:189 - waiting for 26 seconds
2025-01-14 03:25:00.580 | INFO     | __main__:check_phone_numbers:164 - Checking 6 / 19988: 66910020017
2025-01-14 03:25:00.580 | INFO     | __main__:mock_send_message:120 - Sending message to +447743695156
2025-01-14 03:25:00.844 | ERROR    | __main__:mock_send_message:137 - 发送消息失败: Too many requests (caused by SendMessageRequest)
2025-01-14 03:25:01.247 | INFO     | __main__:check_phone_numbers:176 - ImportedContacts(imported=[], popular_invites=[PopularContact(client_id=0, importers=6)], retry_contacts=[], users=[])
2025-01-14 03:25:01.247 | INFO     | __main__:check_phone_numbers:184 - 号码 66910020017 未注册 Telegram。
2025-01-14 03:25:22.248 | INFO     | __main__:check_phone_numbers:189 - waiting for 21 seconds
2025-01-14 03:25:22.248 | INFO     | __main__:check_phone_numbers:164 - Checking 7 / 19988: 66910020018
2025-01-14 03:25:22.248 | INFO     | __main__:mock_send_message:120 - Sending message to +447743695156
2025-01-14 03:25:22.512 | ERROR    | __main__:mock_send_message:137 - 发送消息失败: Too many requests (caused by SendMessageRequest)
2025-01-14 03:25:22.903 | INFO     | __main__:check_phone_numbers:176 - ImportedContacts(imported=[], popular_invites=[PopularContact(client_id=0, importers=8)], retry_contacts=[], users=[])
2025-01-14 03:25:22.904 | INFO     | __main__:check_phone_numbers:184 - 号码 66910020018 未注册 Telegram。
2025-01-14 03:25:38.904 | INFO     | __main__:check_phone_numbers:189 - waiting for 16 seconds
2025-01-14 03:25:38.905 | INFO     | __main__:check_phone_numbers:164 - Checking 8 / 19988: 66910020019
2025-01-14 03:25:38.905 | INFO     | __main__:mock_send_message:120 - Sending message to +447743695156
2025-01-14 03:25:39.172 | ERROR    | __main__:mock_send_message:137 - 发送消息失败: Too many requests (caused by SendMessageRequest)
2025-01-14 03:25:39.552 | INFO     | __main__:check_phone_numbers:176 - ImportedContacts(imported=[], popular_invites=[PopularContact(client_id=0, importers=18)], retry_contacts=[], users=[])
2025-01-14 03:25:39.552 | INFO     | __main__:check_phone_numbers:184 - 号码 66910020019 未注册 Telegram。
2025-01-14 03:25:58.554 | INFO     | __main__:check_phone_numbers:189 - waiting for 19 seconds
2025-01-14 03:25:58.554 | INFO     | __main__:check_phone_numbers:164 - Checking 9 / 19988: 66910020020
2025-01-14 03:25:58.554 | INFO     | __main__:mock_send_message:120 - Sending message to +447743695156
2025-01-14 03:25:58.819 | ERROR    | __main__:mock_send_message:137 - 发送消息失败: Too many requests (caused by SendMessageRequest)
2025-01-14 03:25:59.239 | INFO     | __main__:check_phone_numbers:176 - ImportedContacts(imported=[], popular_invites=[PopularContact(client_id=0, importers=3)], retry_contacts=[], users=[])
2025-01-14 03:25:59.239 | INFO     | __main__:check_phone_numbers:184 - 号码 66910020020 未注册 Telegram。
2025-01-14 03:26:10.239 | INFO     | __main__:check_phone_numbers:189 - waiting for 11 seconds
2025-01-14 03:26:10.240 | INFO     | __main__:check_phone_numbers:164 - Checking 10 / 19988: 66910020021
2025-01-14 03:26:10.240 | INFO     | __main__:mock_send_message:120 - Sending message to +15413006705
2025-01-14 03:26:10.903 | INFO     | __main__:check_phone_numbers:176 - ImportedContacts(imported=[], popular_invites=[PopularContact(client_id=0, importers=4)], retry_contacts=[], users=[])
2025-01-14 03:26:10.903 | INFO     | __main__:check_phone_numbers:184 - 号码 66910020021 未注册 Telegram。
2025-01-14 03:26:32.904 | INFO     | __main__:check_phone_numbers:189 - waiting for 22 seconds
2025-01-14 03:26:32.904 | INFO     | __main__:check_phone_numbers:164 - Checking 11 / 19988: 66910020022
2025-01-14 03:26:32.904 | INFO     | __main__:mock_send_message:120 - Sending message to +15413006705
2025-01-14 03:26:33.559 | INFO     | __main__:check_phone_numbers:176 - ImportedContacts(imported=[], popular_invites=[PopularContact(client_id=0, importers=14)], retry_contacts=[], users=[])
2025-01-14 03:26:33.560 | INFO     | __main__:check_phone_numbers:184 - 号码 66910020022 未注册 Telegram。
2025-01-14 03:26:52.560 | INFO     | __main__:check_phone_numbers:189 - waiting for 19 seconds
2025-01-14 03:26:52.561 | INFO     | __main__:check_phone_numbers:164 - Checking 12 / 19988: 66910020023
2025-01-14 03:26:52.561 | INFO     | __main__:mock_send_message:120 - Sending message to +447743695156
2025-01-14 03:26:52.830 | ERROR    | __main__:mock_send_message:137 - 发送消息失败: Too many requests (caused by SendMessageRequest)
2025-01-14 03:26:53.218 | INFO     | __main__:check_phone_numbers:176 - ImportedContacts(imported=[], popular_invites=[PopularContact(client_id=0, importers=5)], retry_contacts=[], users=[])
2025-01-14 03:26:53.219 | INFO     | __main__:check_phone_numbers:184 - 号码 66910020023 未注册 Telegram。
2025-01-14 03:27:05.219 | INFO     | __main__:check_phone_numbers:189 - waiting for 12 seconds
2025-01-14 03:27:05.220 | INFO     | __main__:check_phone_numbers:164 - Checking 13 / 19988: 66910020024
2025-01-14 03:27:05.220 | INFO     | __main__:mock_send_message:120 - Sending message to +15413006705
2025-01-14 03:27:05.883 | INFO     | __main__:check_phone_numbers:176 - ImportedContacts(imported=[], popular_invites=[PopularContact(client_id=0, importers=17)], retry_contacts=[], users=[])
2025-01-14 03:27:05.884 | INFO     | __main__:check_phone_numbers:184 - 号码 66910020024 未注册 Telegram。
2025-01-14 03:27:29.884 | INFO     | __main__:check_phone_numbers:189 - waiting for 24 seconds
2025-01-14 03:27:29.884 | INFO     | __main__:check_phone_numbers:164 - Checking 14 / 19988: 66910020025
2025-01-14 03:27:29.885 | INFO     | __main__:mock_send_message:120 - Sending message to +447743695156
2025-01-14 03:27:30.156 | ERROR    | __main__:mock_send_message:137 - 发送消息失败: Too many requests (caused by SendMessageRequest)
2025-01-14 03:27:30.547 | INFO     | __main__:check_phone_numbers:176 - ImportedContacts(imported=[], popular_invites=[PopularContact(client_id=0, importers=15)], retry_contacts=[], users=[])
2025-01-14 03:27:30.548 | INFO     | __main__:check_phone_numbers:184 - 号码 66910020025 未注册 Telegram。
2025-01-14 03:27:53.548 | INFO     | __main__:check_phone_numbers:189 - waiting for 23 seconds
2025-01-14 03:27:53.548 | INFO     | __main__:check_phone_numbers:164 - Checking 15 / 19988: 66910020026
2025-01-14 03:27:53.548 | INFO     | __main__:mock_send_message:120 - Sending message to +15413006705
2025-01-14 03:27:54.215 | INFO     | __main__:check_phone_numbers:176 - ImportedContacts(imported=[], popular_invites=[PopularContact(client_id=0, importers=9)], retry_contacts=[], users=[])
2025-01-14 03:27:54.216 | INFO     | __main__:check_phone_numbers:184 - 号码 66910020026 未注册 Telegram。
2025-01-14 03:28:16.216 | INFO     | __main__:check_phone_numbers:189 - waiting for 22 seconds
2025-01-14 03:28:16.216 | INFO     | __main__:check_phone_numbers:164 - Checking 16 / 19988: 66910020027
2025-01-14 03:28:16.217 | INFO     | __main__:mock_send_message:120 - Sending message to +447743695156
2025-01-14 03:28:16.473 | ERROR    | __main__:mock_send_message:137 - 发送消息失败: Too many requests (caused by SendMessageRequest)
2025-01-14 03:28:16.856 | INFO     | __main__:check_phone_numbers:176 - ImportedContacts(imported=[], popular_invites=[PopularContact(client_id=0, importers=3)], retry_contacts=[], users=[])
2025-01-14 03:28:16.857 | INFO     | __main__:check_phone_numbers:184 - 号码 66910020027 未注册 Telegram。
2025-01-14 03:28:43.858 | INFO     | __main__:check_phone_numbers:189 - waiting for 27 seconds
2025-01-14 03:28:43.858 | INFO     | __main__:check_phone_numbers:164 - Checking 17 / 19988: 66910020028
2025-01-14 03:28:43.858 | INFO     | __main__:mock_send_message:120 - Sending message to +15413006705
2025-01-14 03:28:44.499 | INFO     | __main__:check_phone_numbers:176 - ImportedContacts(imported=[], popular_invites=[PopularContact(client_id=0, importers=11)], retry_contacts=[], users=[])
2025-01-14 03:28:44.500 | INFO     | __main__:check_phone_numbers:184 - 号码 66910020028 未注册 Telegram。
2025-01-14 03:28:56.500 | INFO     | __main__:check_phone_numbers:189 - waiting for 12 seconds
2025-01-14 03:28:56.500 | INFO     | __main__:check_phone_numbers:164 - Checking 18 / 19988: 66910020029
2025-01-14 03:28:56.500 | INFO     | __main__:mock_send_message:120 - Sending message to +15413006705
2025-01-14 03:28:57.142 | INFO     | __main__:check_phone_numbers:176 - ImportedContacts(imported=[], popular_invites=[PopularContact(client_id=0, importers=2)], retry_contacts=[], users=[])
2025-01-14 03:28:57.142 | INFO     | __main__:check_phone_numbers:184 - 号码 66910020029 未注册 Telegram。
2025-01-14 03:29:16.145 | INFO     | __main__:check_phone_numbers:189 - waiting for 19 seconds
2025-01-14 03:29:16.145 | INFO     | __main__:check_phone_numbers:164 - Checking 19 / 19988: 66910020030
2025-01-14 03:29:16.145 | INFO     | __main__:mock_send_message:120 - Sending message to +15413006705
2025-01-14 03:29:16.777 | INFO     | __main__:check_phone_numbers:176 - ImportedContacts(imported=[], popular_invites=[PopularContact(client_id=0, importers=21)], retry_contacts=[], users=[])
2025-01-14 03:29:16.778 | INFO     | __main__:check_phone_numbers:184 - 号码 66910020030 未注册 Telegram。
2025-01-14 03:29:43.780 | INFO     | __main__:check_phone_numbers:189 - waiting for 27 seconds
2025-01-14 03:29:43.780 | INFO     | __main__:check_phone_numbers:164 - Checking 20 / 19988: 66910020031
2025-01-14 03:29:43.780 | INFO     | __main__:mock_send_message:120 - Sending message to +447743695156
2025-01-14 03:29:44.036 | ERROR    | __main__:mock_send_message:137 - 发送消息失败: Too many requests (caused by SendMessageRequest)
2025-01-14 03:29:44.412 | INFO     | __main__:check_phone_numbers:176 - ImportedContacts(imported=[], popular_invites=[PopularContact(client_id=0, importers=4)], retry_contacts=[], users=[])
2025-01-14 03:29:44.412 | INFO     | __main__:check_phone_numbers:184 - 号码 66910020031 未注册 Telegram。
2025-01-14 03:30:09.413 | INFO     | __main__:check_phone_numbers:189 - waiting for 25 seconds
2025-01-14 03:30:09.416 | INFO     | __main__:check_phone_numbers:164 - Checking 21 / 19988: 66910020032
2025-01-14 03:30:09.416 | INFO     | __main__:mock_send_message:120 - Sending message to +15413006705
2025-01-14 03:30:10.068 | INFO     | __main__:check_phone_numbers:176 - ImportedContacts(imported=[], popular_invites=[PopularContact(client_id=0, importers=11)], retry_contacts=[], users=[])
2025-01-14 03:30:10.070 | INFO     | __main__:check_phone_numbers:184 - 号码 66910020032 未注册 Telegram。
2025-01-14 03:30:21.070 | INFO     | __main__:check_phone_numbers:189 - waiting for 11 seconds
2025-01-14 03:30:21.073 | INFO     | __main__:check_phone_numbers:164 - Checking 22 / 19988: 66910020033
2025-01-14 03:30:21.074 | INFO     | __main__:mock_send_message:120 - Sending message to +447743695156
2025-01-14 03:30:21.336 | ERROR    | __main__:mock_send_message:137 - 发送消息失败: Too many requests (caused by SendMessageRequest)
2025-01-14 03:30:21.710 | INFO     | __main__:check_phone_numbers:176 - ImportedContacts(imported=[], popular_invites=[PopularContact(client_id=0, importers=12)], retry_contacts=[], users=[])
2025-01-14 03:30:21.713 | INFO     | __main__:check_phone_numbers:184 - 号码 66910020033 未注册 Telegram。
2025-01-14 03:30:41.715 | INFO     | __main__:check_phone_numbers:189 - waiting for 20 seconds
2025-01-14 03:30:41.715 | INFO     | __main__:check_phone_numbers:164 - Checking 23 / 19988: 66910020034
2025-01-14 03:30:41.715 | INFO     | __main__:mock_send_message:120 - Sending message to +15413006705
2025-01-14 03:30:42.350 | INFO     | __main__:check_phone_numbers:176 - ImportedContacts(imported=[], popular_invites=[PopularContact(client_id=0, importers=14)], retry_contacts=[], users=[])
2025-01-14 03:30:42.350 | INFO     | __main__:check_phone_numbers:184 - 号码 66910020034 未注册 Telegram。
2025-01-14 03:30:55.352 | INFO     | __main__:check_phone_numbers:189 - waiting for 13 seconds
2025-01-14 03:30:55.352 | INFO     | __main__:check_phone_numbers:164 - Checking 24 / 19988: 66910020035
2025-01-14 03:30:55.352 | INFO     | __main__:mock_send_message:120 - Sending message to +15413006705
2025-01-14 03:30:56.017 | INFO     | __main__:check_phone_numbers:176 - ImportedContacts(imported=[], popular_invites=[PopularContact(client_id=0, importers=3)], retry_contacts=[], users=[])
2025-01-14 03:30:56.017 | INFO     | __main__:check_phone_numbers:184 - 号码 66910020035 未注册 Telegram。
2025-01-14 03:31:08.018 | INFO     | __main__:check_phone_numbers:189 - waiting for 12 seconds
2025-01-14 03:31:08.018 | INFO     | __main__:check_phone_numbers:164 - Checking 25 / 19988: 66910020036
2025-01-14 03:31:08.023 | INFO     | __main__:mock_send_message:120 - Sending message to +447743695156
2025-01-14 03:31:08.279 | ERROR    | __main__:mock_send_message:137 - 发送消息失败: Too many requests (caused by SendMessageRequest)
2025-01-14 03:31:08.671 | INFO     | __main__:check_phone_numbers:176 - ImportedContacts(imported=[], popular_invites=[PopularContact(client_id=0, importers=15)], retry_contacts=[], users=[])
2025-01-14 03:31:08.674 | INFO     | __main__:check_phone_numbers:184 - 号码 66910020036 未注册 Telegram。
2025-01-14 03:31:18.674 | INFO     | __main__:check_phone_numbers:189 - waiting for 10 seconds
2025-01-14 03:31:18.678 | INFO     | __main__:check_phone_numbers:164 - Checking 26 / 19988: 66910020037
2025-01-14 03:31:18.678 | INFO     | __main__:mock_send_message:120 - Sending message to +447743695156
2025-01-14 03:31:18.934 | ERROR    | __main__:mock_send_message:137 - 发送消息失败: Too many requests (caused by SendMessageRequest)
2025-01-14 03:31:19.420 | INFO     | __main__:check_phone_numbers:176 - ImportedContacts(imported=[], popular_invites=[PopularContact(client_id=0, importers=2)], retry_contacts=[], users=[])
2025-01-14 03:31:19.421 | INFO     | __main__:check_phone_numbers:184 - 号码 66910020037 未注册 Telegram。
2025-01-14 03:31:45.421 | INFO     | __main__:check_phone_numbers:189 - waiting for 26 seconds
2025-01-14 03:31:45.422 | INFO     | __main__:check_phone_numbers:164 - Checking 27 / 19988: 66910020038
2025-01-14 03:31:45.422 | INFO     | __main__:mock_send_message:120 - Sending message to +15413006705
2025-01-14 03:31:46.073 | INFO     | __main__:check_phone_numbers:176 - ImportedContacts(imported=[], popular_invites=[PopularContact(client_id=0, importers=13)], retry_contacts=[], users=[])
2025-01-14 03:31:46.073 | INFO     | __main__:check_phone_numbers:184 - 号码 66910020038 未注册 Telegram。
2025-01-14 03:32:15.083 | INFO     | __main__:check_phone_numbers:189 - waiting for 29 seconds
2025-01-14 03:32:15.084 | INFO     | __main__:check_phone_numbers:164 - Checking 28 / 19988: 66910020039
2025-01-14 03:32:15.091 | INFO     | __main__:mock_send_message:120 - Sending message to +447743695156
2025-01-14 03:32:15.357 | ERROR    | __main__:mock_send_message:137 - 发送消息失败: Too many requests (caused by SendMessageRequest)
2025-01-14 03:32:15.777 | INFO     | __main__:check_phone_numbers:176 - ImportedContacts(imported=[], popular_invites=[PopularContact(client_id=0, importers=13)], retry_contacts=[], users=[])
2025-01-14 03:32:15.778 | INFO     | __main__:check_phone_numbers:184 - 号码 66910020039 未注册 Telegram。
2025-01-14 03:32:45.778 | INFO     | __main__:check_phone_numbers:189 - waiting for 30 seconds
2025-01-14 03:32:45.778 | INFO     | __main__:check_phone_numbers:164 - Checking 29 / 19988: 66910020040
2025-01-14 03:32:45.778 | INFO     | __main__:mock_send_message:120 - Sending message to +447743695156
2025-01-14 03:32:46.037 | ERROR    | __main__:mock_send_message:137 - 发送消息失败: Too many requests (caused by SendMessageRequest)
2025-01-14 03:32:46.410 | INFO     | __main__:check_phone_numbers:176 - ImportedContacts(imported=[], popular_invites=[PopularContact(client_id=0, importers=19)], retry_contacts=[], users=[])
2025-01-14 03:32:46.411 | INFO     | __main__:check_phone_numbers:184 - 号码 66910020040 未注册 Telegram。
2025-01-14 03:33:03.411 | INFO     | __main__:check_phone_numbers:189 - waiting for 17 seconds
2025-01-14 03:33:03.411 | INFO     | __main__:check_phone_numbers:164 - Checking 30 / 19988: 66910020041
2025-01-14 03:33:03.411 | INFO     | __main__:mock_send_message:120 - Sending message to +447743695156
2025-01-14 03:33:03.678 | ERROR    | __main__:mock_send_message:137 - 发送消息失败: Too many requests (caused by SendMessageRequest)
2025-01-14 03:33:04.055 | INFO     | __main__:check_phone_numbers:176 - ImportedContacts(imported=[], popular_invites=[PopularContact(client_id=0, importers=3)], retry_contacts=[], users=[])
2025-01-14 03:33:04.055 | INFO     | __main__:check_phone_numbers:184 - 号码 66910020041 未注册 Telegram。
2025-01-14 03:33:24.056 | INFO     | __main__:check_phone_numbers:189 - waiting for 20 seconds
2025-01-14 03:33:24.056 | INFO     | __main__:check_phone_numbers:164 - Checking 31 / 19988: 66910020042
2025-01-14 03:33:24.056 | INFO     | __main__:mock_send_message:120 - Sending message to +447743695156
2025-01-14 03:33:24.320 | ERROR    | __main__:mock_send_message:137 - 发送消息失败: Too many requests (caused by SendMessageRequest)
2025-01-14 03:33:24.695 | INFO     | __main__:check_phone_numbers:176 - ImportedContacts(imported=[], popular_invites=[PopularContact(client_id=0, importers=3)], retry_contacts=[], users=[])
2025-01-14 03:33:24.696 | INFO     | __main__:check_phone_numbers:184 - 号码 66910020042 未注册 Telegram。
2025-01-14 03:33:45.696 | INFO     | __main__:check_phone_numbers:189 - waiting for 21 seconds
2025-01-14 03:33:45.696 | INFO     | __main__:check_phone_numbers:164 - Checking 32 / 19988: 66910020043
2025-01-14 03:33:45.696 | INFO     | __main__:mock_send_message:120 - Sending message to +15413006705
2025-01-14 03:33:46.346 | INFO     | __main__:check_phone_numbers:176 - ImportedContacts(imported=[], popular_invites=[PopularContact(client_id=0, importers=3)], retry_contacts=[], users=[])
2025-01-14 03:33:46.347 | INFO     | __main__:check_phone_numbers:184 - 号码 66910020043 未注册 Telegram。
2025-01-14 03:34:10.349 | INFO     | __main__:check_phone_numbers:189 - waiting for 24 seconds
2025-01-14 03:34:10.349 | INFO     | __main__:check_phone_numbers:164 - Checking 33 / 19988: 66910020044
2025-01-14 03:34:10.349 | INFO     | __main__:mock_send_message:120 - Sending message to +15413006705
2025-01-14 03:34:10.987 | INFO     | __main__:check_phone_numbers:176 - ImportedContacts(imported=[], popular_invites=[PopularContact(client_id=0, importers=8)], retry_contacts=[], users=[])
2025-01-14 03:34:10.987 | INFO     | __main__:check_phone_numbers:184 - 号码 66910020044 未注册 Telegram。
2025-01-14 03:34:39.989 | INFO     | __main__:check_phone_numbers:189 - waiting for 29 seconds
2025-01-14 03:34:39.989 | INFO     | __main__:check_phone_numbers:164 - Checking 34 / 19988: 66910020045
2025-01-14 03:34:39.989 | INFO     | __main__:mock_send_message:120 - Sending message to +447743695156
2025-01-14 03:34:40.246 | ERROR    | __main__:mock_send_message:137 - 发送消息失败: Too many requests (caused by SendMessageRequest)
2025-01-14 03:34:40.621 | INFO     | __main__:check_phone_numbers:176 - ImportedContacts(imported=[], popular_invites=[PopularContact(client_id=0, importers=17)], retry_contacts=[], users=[])
2025-01-14 03:34:40.622 | INFO     | __main__:check_phone_numbers:184 - 号码 66910020045 未注册 Telegram。
2025-01-14 03:34:59.630 | INFO     | __main__:check_phone_numbers:189 - waiting for 19 seconds
2025-01-14 03:34:59.631 | INFO     | __main__:check_phone_numbers:164 - Checking 35 / 19988: 66910020046
2025-01-14 03:34:59.631 | INFO     | __main__:mock_send_message:120 - Sending message to +447743695156
2025-01-14 03:34:59.887 | ERROR    | __main__:mock_send_message:137 - 发送消息失败: Too many requests (caused by SendMessageRequest)
2025-01-14 03:35:00.269 | INFO     | __main__:check_phone_numbers:176 - ImportedContacts(imported=[], popular_invites=[PopularContact(client_id=0, importers=15)], retry_contacts=[], users=[])
2025-01-14 03:35:00.269 | INFO     | __main__:check_phone_numbers:184 - 号码 66910020046 未注册 Telegram。
2025-01-14 03:35:13.272 | INFO     | __main__:check_phone_numbers:189 - waiting for 13 seconds
2025-01-14 03:35:13.272 | INFO     | __main__:check_phone_numbers:164 - Checking 36 / 19988: 66910020047
2025-01-14 03:35:13.272 | INFO     | __main__:mock_send_message:120 - Sending message to +15413006705
2025-01-14 03:35:13.939 | INFO     | __main__:check_phone_numbers:176 - ImportedContacts(imported=[], popular_invites=[PopularContact(client_id=0, importers=16)], retry_contacts=[], users=[])
2025-01-14 03:35:13.939 | INFO     | __main__:check_phone_numbers:184 - 号码 66910020047 未注册 Telegram。
2025-01-14 03:35:24.940 | INFO     | __main__:check_phone_numbers:189 - waiting for 11 seconds
2025-01-14 03:35:24.940 | INFO     | __main__:check_phone_numbers:164 - Checking 37 / 19988: 66910020048
2025-01-14 03:35:24.941 | INFO     | __main__:mock_send_message:120 - Sending message to +15413006705
2025-01-14 03:35:25.596 | INFO     | __main__:check_phone_numbers:176 - ImportedContacts(imported=[], popular_invites=[PopularContact(client_id=0, importers=8)], retry_contacts=[], users=[])
2025-01-14 03:35:25.596 | INFO     | __main__:check_phone_numbers:184 - 号码 66910020048 未注册 Telegram。
2025-01-14 03:35:45.598 | INFO     | __main__:check_phone_numbers:189 - waiting for 20 seconds
2025-01-14 03:35:45.598 | INFO     | __main__:check_phone_numbers:164 - Checking 38 / 19988: 66910020049
2025-01-14 03:35:45.599 | INFO     | __main__:mock_send_message:120 - Sending message to +447743695156
2025-01-14 03:35:45.864 | ERROR    | __main__:mock_send_message:137 - 发送消息失败: Too many requests (caused by SendMessageRequest)
2025-01-14 03:35:46.249 | INFO     | __main__:check_phone_numbers:176 - ImportedContacts(imported=[], popular_invites=[PopularContact(client_id=0, importers=15)], retry_contacts=[], users=[])
2025-01-14 03:35:46.249 | INFO     | __main__:check_phone_numbers:184 - 号码 66910020049 未注册 Telegram。
