2025-01-15 04:06:04.322 | INFO     | __main__:check_phone_numbers:198 - Checking 1 / 1000: 918348310341
2025-01-15 04:06:04.681 | INFO     | __main__:check_core:158 - ImportedContacts(imported=[], popular_invites=[PopularContact(client_id=0, importers=246)], retry_contacts=[], users=[])
2025-01-15 04:06:04.681 | ERROR    | __main__:check_core:170 - 号码 918348310341 未注册 Telegram。
2025-01-15 04:06:31.682 | INFO     | __main__:check_phone_numbers:206 - waiting for 27 seconds
2025-01-15 04:06:31.940 | INFO     | __main__:check_core:158 - ImportedContacts(imported=[ImportedContact(user_id=7086896669, client_id=0)], popular_invites=[], retry_contacts=[], users=[User(id=7086896669, is_self=False, contact=True, mutual_contact=False, deleted=False, bot=False, bot_chat_history=False, bot_nochats=False, verified=False, restricted=False, min=False, bot_inline_geo=False, support=False, scam=False, apply_min_photo=True, fake=False, bot_attach_menu=False, premium=False, attach_menu_enabled=False, bot_can_edit=False, close_friend=False, stories_hidden=False, stories_unavailable=True, contact_require_premium=False, bot_business=False, bot_has_main_app=False, access_hash=8464705416102569609, first_name='Eve', last_name='Williams', username='gpulostuk', phone='447743695156', photo=UserProfilePhoto(photo_id=5778668688071838108, dc_id=4, has_video=False, personal=False, stripped_thumb=b'\x01\x08\x08\xb1\xbby%\x89$}\xdc\xd1E\x14\xc4\x7f'), status=UserStatusOffline(was_online=datetime.datetime(2025, 1, 14, 8, 57, 27, tzinfo=datetime.timezone.utc)), bot_info_version=None, restriction_reason=[], bot_inline_placeholder=None, lang_code=None, emoji_status=None, usernames=[], stories_max_id=None, color=None, profile_color=None, bot_active_users=None)])
2025-01-15 04:06:31.943 | INFO     | __main__:check_core:161 - 号码 +447743695156 是有效的 Telegram 用户。
2025-01-15 04:06:32.193 | INFO     | __main__:check_phone_numbers:198 - Checking 2 / 1000: 919051460030
2025-01-15 04:06:32.451 | INFO     | __main__:check_core:158 - ImportedContacts(imported=[ImportedContact(user_id=7912819529, client_id=0)], popular_invites=[], retry_contacts=[], users=[User(id=7912819529, is_self=False, contact=True, mutual_contact=False, deleted=False, bot=False, bot_chat_history=False, bot_nochats=False, verified=False, restricted=False, min=False, bot_inline_geo=False, support=False, scam=False, apply_min_photo=True, fake=False, bot_attach_menu=False, premium=False, attach_menu_enabled=False, bot_can_edit=False, close_friend=False, stories_hidden=False, stories_unavailable=True, contact_require_premium=False, bot_business=False, bot_has_main_app=False, access_hash=5322181173103451508, first_name='Charlie', last_name='Williams', username=None, phone='919051460030', photo=None, status=UserStatusOffline(was_online=datetime.datetime(2025, 1, 13, 11, 14, 14, tzinfo=datetime.timezone.utc)), bot_info_version=None, restriction_reason=[], bot_inline_placeholder=None, lang_code=None, emoji_status=None, usernames=[], stories_max_id=None, color=None, profile_color=None, bot_active_users=None)])
2025-01-15 04:06:32.451 | INFO     | __main__:check_core:161 - 号码 919051460030 是有效的 Telegram 用户。
2025-01-15 04:06:49.702 | INFO     | __main__:check_phone_numbers:206 - waiting for 17 seconds
2025-01-15 04:06:49.702 | INFO     | __main__:check_phone_numbers:198 - Checking 3 / 1000: 919007474133
2025-01-15 04:06:50.060 | INFO     | __main__:check_core:158 - ImportedContacts(imported=[], popular_invites=[PopularContact(client_id=0, importers=215)], retry_contacts=[], users=[])
2025-01-15 04:06:50.061 | ERROR    | __main__:check_core:170 - 号码 919007474133 未注册 Telegram。
2025-01-15 04:07:08.063 | INFO     | __main__:check_phone_numbers:206 - waiting for 18 seconds
2025-01-15 04:07:08.063 | INFO     | __main__:check_phone_numbers:198 - Checking 4 / 1000: 918420159795
2025-01-15 04:07:08.444 | INFO     | __main__:check_core:158 - ImportedContacts(imported=[], popular_invites=[PopularContact(client_id=0, importers=74)], retry_contacts=[], users=[])
2025-01-15 04:07:08.445 | ERROR    | __main__:check_core:170 - 号码 918420159795 未注册 Telegram。
2025-01-15 04:07:38.445 | INFO     | __main__:check_phone_numbers:206 - waiting for 30 seconds
2025-01-15 04:07:38.445 | INFO     | __main__:check_phone_numbers:198 - Checking 5 / 1000: 919007844289
2025-01-15 04:07:38.809 | INFO     | __main__:check_core:158 - ImportedContacts(imported=[], popular_invites=[PopularContact(client_id=0, importers=369)], retry_contacts=[], users=[])
2025-01-15 04:07:38.810 | ERROR    | __main__:check_core:170 - 号码 919007844289 未注册 Telegram。
2025-01-15 04:08:02.810 | INFO     | __main__:check_phone_numbers:206 - waiting for 24 seconds
2025-01-15 04:08:02.810 | INFO     | __main__:check_phone_numbers:198 - Checking 6 / 1000: 919123757462
2025-01-15 04:08:03.193 | INFO     | __main__:check_core:158 - ImportedContacts(imported=[], popular_invites=[PopularContact(client_id=0, importers=59)], retry_contacts=[], users=[])
2025-01-15 04:08:03.194 | ERROR    | __main__:check_core:170 - 号码 919123757462 未注册 Telegram。
2025-01-15 04:08:27.194 | INFO     | __main__:check_phone_numbers:206 - waiting for 24 seconds
2025-01-15 04:08:27.194 | INFO     | __main__:check_phone_numbers:198 - Checking 7 / 1000: 919433499584
2025-01-15 04:08:27.451 | INFO     | __main__:check_core:158 - ImportedContacts(imported=[ImportedContact(user_id=6436700535, client_id=0)], popular_invites=[], retry_contacts=[], users=[User(id=6436700535, is_self=False, contact=True, mutual_contact=False, deleted=False, bot=False, bot_chat_history=False, bot_nochats=False, verified=False, restricted=False, min=False, bot_inline_geo=False, support=False, scam=False, apply_min_photo=True, fake=False, bot_attach_menu=False, premium=False, attach_menu_enabled=False, bot_can_edit=False, close_friend=False, stories_hidden=False, stories_unavailable=True, contact_require_premium=False, bot_business=False, bot_has_main_app=False, access_hash=1357835303326274057, first_name='Bob', last_name='Garcia', username=None, phone='919433499584', photo=None, status=UserStatusOffline(was_online=datetime.datetime(2024, 9, 26, 12, 40, 27, tzinfo=datetime.timezone.utc)), bot_info_version=None, restriction_reason=[], bot_inline_placeholder=None, lang_code=None, emoji_status=None, usernames=[], stories_max_id=None, color=None, profile_color=None, bot_active_users=None)])
2025-01-15 04:08:27.451 | INFO     | __main__:check_core:161 - 号码 919433499584 是有效的 Telegram 用户。
2025-01-15 04:08:37.702 | INFO     | __main__:check_phone_numbers:206 - waiting for 10 seconds
2025-01-15 04:08:37.702 | INFO     | __main__:check_phone_numbers:198 - Checking 8 / 1000: 919830210531
2025-01-15 04:08:38.064 | INFO     | __main__:check_core:158 - ImportedContacts(imported=[], popular_invites=[PopularContact(client_id=0, importers=293)], retry_contacts=[], users=[])
2025-01-15 04:08:38.066 | ERROR    | __main__:check_core:170 - 号码 919830210531 未注册 Telegram。
2025-01-15 04:08:53.066 | INFO     | __main__:check_phone_numbers:206 - waiting for 15 seconds
2025-01-15 04:08:53.068 | INFO     | __main__:check_phone_numbers:198 - Checking 9 / 1000: 918910626506
2025-01-15 04:08:53.430 | INFO     | __main__:check_core:158 - ImportedContacts(imported=[], popular_invites=[PopularContact(client_id=0, importers=87)], retry_contacts=[], users=[])
2025-01-15 04:08:53.430 | ERROR    | __main__:check_core:170 - 号码 918910626506 未注册 Telegram。
2025-01-15 04:09:21.430 | INFO     | __main__:check_phone_numbers:206 - waiting for 28 seconds
2025-01-15 04:09:21.431 | INFO     | __main__:check_phone_numbers:198 - Checking 10 / 1000: 916290584041
2025-01-15 04:09:21.675 | ERROR    | __main__:check_phone_numbers:212 - 检测失败: The user has been deleted/deactivated (caused by ImportContactsRequest)
