2025-01-14 02:36:05.435 | INFO     | __main__:check_phone_numbers:158 - Checking 1 / 20000: 66910020000
2025-01-14 02:36:06.184 | ERROR    | __main__:mock_send_message:131 - 发送消息失败: Too many requests (caused by SendMessageRequest)
2025-01-14 02:36:06.546 | INFO     | __main__:check_phone_numbers:170 - ImportedContacts(imported=[], popular_invites=[PopularContact(client_id=0, importers=11)], retry_contacts=[], users=[])
2025-01-14 02:36:06.548 | INFO     | __main__:check_phone_numbers:178 - 号码 66910020000 未注册 Telegram。
2025-01-14 02:36:22.551 | INFO     | __main__:check_phone_numbers:183 - waiting for 16 seconds
2025-01-14 02:36:22.551 | INFO     | __main__:check_phone_numbers:158 - Checking 2 / 20000: 66910020001
2025-01-14 02:36:23.186 | INFO     | __main__:check_phone_numbers:170 - ImportedContacts(imported=[], popular_invites=[PopularContact(client_id=0, importers=4)], retry_contacts=[], users=[])
2025-01-14 02:36:23.188 | INFO     | __main__:check_phone_numbers:178 - 号码 66910020001 未注册 Telegram。
2025-01-14 02:36:36.190 | INFO     | __main__:check_phone_numbers:183 - waiting for 13 seconds
2025-01-14 02:36:36.190 | INFO     | __main__:check_phone_numbers:158 - Checking 3 / 20000: 66910020002
2025-01-14 02:36:36.805 | INFO     | __main__:check_phone_numbers:170 - ImportedContacts(imported=[], popular_invites=[PopularContact(client_id=0, importers=4)], retry_contacts=[], users=[])
2025-01-14 02:36:36.806 | INFO     | __main__:check_phone_numbers:178 - 号码 66910020002 未注册 Telegram。
2025-01-14 02:36:52.808 | INFO     | __main__:check_phone_numbers:183 - waiting for 16 seconds
2025-01-14 02:36:52.808 | INFO     | __main__:check_phone_numbers:158 - Checking 4 / 20000: 66910020003
2025-01-14 02:36:53.511 | INFO     | __main__:check_phone_numbers:170 - ImportedContacts(imported=[], popular_invites=[PopularContact(client_id=0, importers=2)], retry_contacts=[], users=[])
2025-01-14 02:36:53.511 | INFO     | __main__:check_phone_numbers:178 - 号码 66910020003 未注册 Telegram。
2025-01-14 02:37:04.514 | INFO     | __main__:check_phone_numbers:183 - waiting for 11 seconds
2025-01-14 02:37:04.514 | INFO     | __main__:check_phone_numbers:158 - Checking 5 / 20000: 66910020004
2025-01-14 02:37:04.757 | ERROR    | __main__:mock_send_message:131 - 发送消息失败: Too many requests (caused by SendMessageRequest)
2025-01-14 02:37:05.122 | INFO     | __main__:check_phone_numbers:170 - ImportedContacts(imported=[], popular_invites=[PopularContact(client_id=0, importers=3)], retry_contacts=[], users=[])
2025-01-14 02:37:05.122 | INFO     | __main__:check_phone_numbers:178 - 号码 66910020004 未注册 Telegram。
2025-01-14 02:37:17.123 | INFO     | __main__:check_phone_numbers:183 - waiting for 12 seconds
2025-01-14 02:37:17.123 | INFO     | __main__:check_phone_numbers:158 - Checking 6 / 20000: 66910020005
2025-01-14 02:37:17.917 | INFO     | __main__:check_phone_numbers:170 - ImportedContacts(imported=[], popular_invites=[PopularContact(client_id=0, importers=15)], retry_contacts=[], users=[])
2025-01-14 02:37:17.917 | INFO     | __main__:check_phone_numbers:178 - 号码 66910020005 未注册 Telegram。
2025-01-14 02:37:30.920 | INFO     | __main__:check_phone_numbers:183 - waiting for 13 seconds
2025-01-14 02:37:30.920 | INFO     | __main__:check_phone_numbers:158 - Checking 7 / 20000: 66910020006
2025-01-14 02:37:31.541 | INFO     | __main__:check_phone_numbers:170 - ImportedContacts(imported=[], popular_invites=[PopularContact(client_id=0, importers=21)], retry_contacts=[], users=[])
2025-01-14 02:37:31.544 | INFO     | __main__:check_phone_numbers:178 - 号码 66910020006 未注册 Telegram。
2025-01-14 02:37:52.544 | INFO     | __main__:check_phone_numbers:183 - waiting for 21 seconds
2025-01-14 02:37:52.545 | INFO     | __main__:check_phone_numbers:158 - Checking 8 / 20000: 66910020007
2025-01-14 02:37:52.789 | ERROR    | __main__:mock_send_message:131 - 发送消息失败: Too many requests (caused by SendMessageRequest)
2025-01-14 02:37:53.164 | INFO     | __main__:check_phone_numbers:170 - ImportedContacts(imported=[], popular_invites=[PopularContact(client_id=0, importers=15)], retry_contacts=[], users=[])
2025-01-14 02:37:53.164 | INFO     | __main__:check_phone_numbers:178 - 号码 66910020007 未注册 Telegram。
2025-01-14 02:38:04.164 | INFO     | __main__:check_phone_numbers:183 - waiting for 11 seconds
2025-01-14 02:38:04.165 | INFO     | __main__:check_phone_numbers:158 - Checking 9 / 20000: 66910020008
2025-01-14 02:38:04.796 | INFO     | __main__:check_phone_numbers:170 - ImportedContacts(imported=[], popular_invites=[PopularContact(client_id=0, importers=4)], retry_contacts=[], users=[])
2025-01-14 02:38:04.796 | INFO     | __main__:check_phone_numbers:178 - 号码 66910020008 未注册 Telegram。
2025-01-14 02:38:23.796 | INFO     | __main__:check_phone_numbers:183 - waiting for 19 seconds
2025-01-14 02:38:23.797 | INFO     | __main__:check_phone_numbers:158 - Checking 10 / 20000: 66910020009
2025-01-14 02:38:24.041 | ERROR    | __main__:mock_send_message:131 - 发送消息失败: Too many requests (caused by SendMessageRequest)
2025-01-14 02:38:24.399 | INFO     | __main__:check_phone_numbers:170 - ImportedContacts(imported=[], popular_invites=[PopularContact(client_id=0, importers=3)], retry_contacts=[], users=[])
2025-01-14 02:38:24.400 | INFO     | __main__:check_phone_numbers:178 - 号码 66910020009 未注册 Telegram。
2025-01-14 02:38:47.400 | INFO     | __main__:check_phone_numbers:183 - waiting for 23 seconds
2025-01-14 02:38:47.400 | INFO     | __main__:check_phone_numbers:158 - Checking 11 / 20000: 66910020010
2025-01-14 02:38:47.643 | ERROR    | __main__:mock_send_message:131 - 发送消息失败: Too many requests (caused by SendMessageRequest)
2025-01-14 02:38:48.004 | INFO     | __main__:check_phone_numbers:170 - ImportedContacts(imported=[], popular_invites=[PopularContact(client_id=0, importers=14)], retry_contacts=[], users=[])
2025-01-14 02:38:48.005 | INFO     | __main__:check_phone_numbers:178 - 号码 66910020010 未注册 Telegram。
2025-01-14 02:39:17.005 | INFO     | __main__:check_phone_numbers:183 - waiting for 29 seconds
2025-01-14 02:39:17.005 | INFO     | __main__:check_phone_numbers:158 - Checking 12 / 20000: 66910020011
2025-01-14 02:39:17.626 | INFO     | __main__:check_phone_numbers:170 - ImportedContacts(imported=[], popular_invites=[PopularContact(client_id=0, importers=7)], retry_contacts=[], users=[])
2025-01-14 02:39:17.628 | INFO     | __main__:check_phone_numbers:178 - 号码 66910020011 未注册 Telegram。
2025-01-14 02:39:33.628 | INFO     | __main__:check_phone_numbers:183 - waiting for 16 seconds
2025-01-14 02:39:33.629 | INFO     | __main__:check_phone_numbers:158 - Checking 13 / 20000: 66910020012
2025-01-14 02:39:33.877 | ERROR    | __main__:mock_send_message:131 - 发送消息失败: Too many requests (caused by SendMessageRequest)
2025-01-14 02:39:34.270 | INFO     | __main__:check_phone_numbers:170 - ImportedContacts(imported=[], popular_invites=[PopularContact(client_id=0, importers=25)], retry_contacts=[], users=[])
2025-01-14 02:39:34.270 | INFO     | __main__:check_phone_numbers:178 - 号码 66910020012 未注册 Telegram。
2025-01-14 02:39:50.270 | INFO     | __main__:check_phone_numbers:183 - waiting for 16 seconds
2025-01-14 02:39:50.270 | INFO     | __main__:check_phone_numbers:158 - Checking 14 / 20000: 66910020013
2025-01-14 02:39:50.513 | ERROR    | __main__:mock_send_message:131 - 发送消息失败: Too many requests (caused by SendMessageRequest)
2025-01-14 02:39:50.876 | INFO     | __main__:check_phone_numbers:170 - ImportedContacts(imported=[], popular_invites=[PopularContact(client_id=0, importers=10)], retry_contacts=[], users=[])
2025-01-14 02:39:50.876 | INFO     | __main__:check_phone_numbers:178 - 号码 66910020013 未注册 Telegram。
