2025-01-15 04:01:13.068 | INFO     | __main__:check_phone_numbers:198 - Checking 1 / 3919: 916291126150
2025-01-15 04:01:13.427 | INFO     | __main__:check_core:158 - ImportedContacts(imported=[], popular_invites=[PopularContact(client_id=0, importers=193)], retry_contacts=[], users=[])
2025-01-15 04:01:13.428 | ERROR    | __main__:check_core:170 - 号码 916291126150 未注册 Telegram。
2025-01-15 04:01:25.428 | INFO     | __main__:check_phone_numbers:206 - waiting for 12 seconds
2025-01-15 04:01:25.679 | INFO     | __main__:check_core:158 - ImportedContacts(imported=[ImportedContact(user_id=7086896669, client_id=0)], popular_invites=[], retry_contacts=[], users=[User(id=7086896669, is_self=False, contact=True, mutual_contact=False, deleted=False, bot=False, bot_chat_history=False, bot_nochats=False, verified=False, restricted=False, min=False, bot_inline_geo=False, support=False, scam=False, apply_min_photo=True, fake=False, bot_attach_menu=False, premium=False, attach_menu_enabled=False, bot_can_edit=False, close_friend=False, stories_hidden=False, stories_unavailable=True, contact_require_premium=False, bot_business=False, bot_has_main_app=False, access_hash=-6391417355987217906, first_name='Eve', last_name='Brown', username='gpulostuk', phone='447743695156', photo=UserProfilePhoto(photo_id=5778668688071838108, dc_id=4, has_video=False, personal=False, stripped_thumb=b'\x01\x08\x08\xb1\xbby%\x89$}\xdc\xd1E\x14\xc4\x7f'), status=UserStatusOffline(was_online=datetime.datetime(2025, 1, 14, 8, 57, 27, tzinfo=datetime.timezone.utc)), bot_info_version=None, restriction_reason=[], bot_inline_placeholder=None, lang_code=None, emoji_status=None, usernames=[], stories_max_id=None, color=None, profile_color=None, bot_active_users=None)])
2025-01-15 04:01:25.682 | INFO     | __main__:check_core:161 - 号码 +447743695156 是有效的 Telegram 用户。
2025-01-15 04:01:25.921 | INFO     | __main__:check_phone_numbers:198 - Checking 2 / 3919: 916290153788
2025-01-15 04:01:26.274 | INFO     | __main__:check_core:158 - ImportedContacts(imported=[], popular_invites=[PopularContact(client_id=0, importers=24)], retry_contacts=[], users=[])
2025-01-15 04:01:26.275 | ERROR    | __main__:check_core:170 - 号码 916290153788 未注册 Telegram。
2025-01-15 04:01:55.276 | INFO     | __main__:check_phone_numbers:206 - waiting for 29 seconds
2025-01-15 04:01:55.276 | INFO     | __main__:check_phone_numbers:198 - Checking 3 / 3919: 918583099593
2025-01-15 04:01:55.642 | INFO     | __main__:check_core:158 - ImportedContacts(imported=[], popular_invites=[PopularContact(client_id=0, importers=41)], retry_contacts=[], users=[])
2025-01-15 04:01:55.642 | ERROR    | __main__:check_core:170 - 号码 918583099593 未注册 Telegram。
2025-01-15 04:02:06.642 | INFO     | __main__:check_phone_numbers:206 - waiting for 11 seconds
2025-01-15 04:02:06.643 | INFO     | __main__:check_phone_numbers:198 - Checking 4 / 3919: 918910046075
2025-01-15 04:02:06.889 | INFO     | __main__:check_core:158 - ImportedContacts(imported=[ImportedContact(user_id=6550776117, client_id=0)], popular_invites=[], retry_contacts=[], users=[User(id=6550776117, is_self=False, contact=True, mutual_contact=False, deleted=False, bot=False, bot_chat_history=False, bot_nochats=False, verified=False, restricted=False, min=False, bot_inline_geo=False, support=False, scam=False, apply_min_photo=True, fake=False, bot_attach_menu=False, premium=False, attach_menu_enabled=False, bot_can_edit=False, close_friend=False, stories_hidden=False, stories_unavailable=True, contact_require_premium=False, bot_business=False, bot_has_main_app=False, access_hash=-5856233620420619367, first_name='Eve', last_name='Brown', username=None, phone='918910046075', photo=None, status=UserStatusOffline(was_online=datetime.datetime(2024, 4, 12, 3, 32, 11, tzinfo=datetime.timezone.utc)), bot_info_version=None, restriction_reason=[], bot_inline_placeholder=None, lang_code=None, emoji_status=None, usernames=[], stories_max_id=None, color=None, profile_color=None, bot_active_users=None)])
2025-01-15 04:02:06.890 | INFO     | __main__:check_core:161 - 号码 918910046075 是有效的 Telegram 用户。
2025-01-15 04:02:32.134 | INFO     | __main__:check_phone_numbers:206 - waiting for 25 seconds
2025-01-15 04:02:32.134 | INFO     | __main__:check_phone_numbers:198 - Checking 5 / 3919: 918697809422
2025-01-15 04:02:32.487 | INFO     | __main__:check_core:158 - ImportedContacts(imported=[], popular_invites=[PopularContact(client_id=0, importers=88)], retry_contacts=[], users=[])
2025-01-15 04:02:32.488 | ERROR    | __main__:check_core:170 - 号码 918697809422 未注册 Telegram。
2025-01-15 04:03:02.489 | INFO     | __main__:check_phone_numbers:206 - waiting for 30 seconds
2025-01-15 04:03:02.490 | INFO     | __main__:check_phone_numbers:198 - Checking 6 / 3919: 916291712347
2025-01-15 04:03:02.846 | INFO     | __main__:check_core:158 - ImportedContacts(imported=[], popular_invites=[PopularContact(client_id=0, importers=23)], retry_contacts=[], users=[])
2025-01-15 04:03:02.847 | ERROR    | __main__:check_core:170 - 号码 916291712347 未注册 Telegram。
2025-01-15 04:03:16.847 | INFO     | __main__:check_phone_numbers:206 - waiting for 14 seconds
2025-01-15 04:03:16.847 | INFO     | __main__:check_phone_numbers:198 - Checking 7 / 3919: 919836169933
2025-01-15 04:03:17.201 | INFO     | __main__:check_core:158 - ImportedContacts(imported=[], popular_invites=[PopularContact(client_id=0, importers=93)], retry_contacts=[], users=[])
2025-01-15 04:03:17.201 | ERROR    | __main__:check_core:170 - 号码 919836169933 未注册 Telegram。
2025-01-15 04:03:28.201 | INFO     | __main__:check_phone_numbers:206 - waiting for 11 seconds
2025-01-15 04:03:28.204 | INFO     | __main__:check_phone_numbers:198 - Checking 8 / 3919: 919831703593
2025-01-15 04:03:28.560 | INFO     | __main__:check_core:158 - ImportedContacts(imported=[], popular_invites=[PopularContact(client_id=0, importers=158)], retry_contacts=[], users=[])
2025-01-15 04:03:28.561 | ERROR    | __main__:check_core:170 - 号码 919831703593 未注册 Telegram。
2025-01-15 04:03:40.563 | INFO     | __main__:check_phone_numbers:206 - waiting for 12 seconds
2025-01-15 04:03:40.571 | INFO     | __main__:check_phone_numbers:198 - Checking 9 / 3919: 919875251492
2025-01-15 04:03:40.823 | INFO     | __main__:check_core:158 - ImportedContacts(imported=[ImportedContact(user_id=1867098860, client_id=0)], popular_invites=[], retry_contacts=[], users=[User(id=1867098860, is_self=False, contact=True, mutual_contact=False, deleted=False, bot=False, bot_chat_history=False, bot_nochats=False, verified=False, restricted=False, min=False, bot_inline_geo=False, support=False, scam=False, apply_min_photo=True, fake=False, bot_attach_menu=False, premium=False, attach_menu_enabled=False, bot_can_edit=False, close_friend=False, stories_hidden=False, stories_unavailable=True, contact_require_premium=False, bot_business=False, bot_has_main_app=False, access_hash=6652552030407010156, first_name='Charlie', last_name='Miller', username=None, phone='919875251492', photo=None, status=UserStatusOffline(was_online=datetime.datetime(2024, 12, 28, 14, 21, tzinfo=datetime.timezone.utc)), bot_info_version=None, restriction_reason=[], bot_inline_placeholder=None, lang_code=None, emoji_status=None, usernames=[], stories_max_id=None, color=None, profile_color=None, bot_active_users=None)])
2025-01-15 04:03:40.823 | INFO     | __main__:check_core:161 - 号码 919875251492 是有效的 Telegram 用户。
2025-01-15 04:03:56.068 | INFO     | __main__:check_phone_numbers:206 - waiting for 15 seconds
2025-01-15 04:03:56.069 | INFO     | __main__:check_phone_numbers:198 - Checking 10 / 3919: 919874686556
2025-01-15 04:03:56.418 | INFO     | __main__:check_core:158 - ImportedContacts(imported=[], popular_invites=[PopularContact(client_id=0, importers=386)], retry_contacts=[], users=[])
2025-01-15 04:03:56.418 | ERROR    | __main__:check_core:170 - 号码 919874686556 未注册 Telegram。
2025-01-15 04:04:16.418 | INFO     | __main__:check_phone_numbers:206 - waiting for 20 seconds
2025-01-15 04:04:16.419 | INFO     | __main__:check_phone_numbers:198 - Checking 11 / 3919: 919836596281
2025-01-15 04:04:16.768 | INFO     | __main__:check_core:158 - ImportedContacts(imported=[], popular_invites=[PopularContact(client_id=0, importers=23)], retry_contacts=[], users=[])
2025-01-15 04:04:16.768 | ERROR    | __main__:check_core:170 - 号码 919836596281 未注册 Telegram。
2025-01-15 04:04:33.769 | INFO     | __main__:check_phone_numbers:206 - waiting for 17 seconds
2025-01-15 04:04:34.041 | INFO     | __main__:check_core:158 - ImportedContacts(imported=[ImportedContact(user_id=7086896669, client_id=0)], popular_invites=[], retry_contacts=[], users=[User(id=7086896669, is_self=False, contact=True, mutual_contact=False, deleted=False, bot=False, bot_chat_history=False, bot_nochats=False, verified=False, restricted=False, min=False, bot_inline_geo=False, support=False, scam=False, apply_min_photo=True, fake=False, bot_attach_menu=False, premium=False, attach_menu_enabled=False, bot_can_edit=False, close_friend=False, stories_hidden=False, stories_unavailable=True, contact_require_premium=False, bot_business=False, bot_has_main_app=False, access_hash=-6391417355987217906, first_name='David', last_name='Jones', username='gpulostuk', phone='447743695156', photo=UserProfilePhoto(photo_id=5778668688071838108, dc_id=4, has_video=False, personal=False, stripped_thumb=b'\x01\x08\x08\xb1\xbby%\x89$}\xdc\xd1E\x14\xc4\x7f'), status=UserStatusOffline(was_online=datetime.datetime(2025, 1, 14, 8, 57, 27, tzinfo=datetime.timezone.utc)), bot_info_version=None, restriction_reason=[], bot_inline_placeholder=None, lang_code=None, emoji_status=None, usernames=[], stories_max_id=None, color=None, profile_color=None, bot_active_users=None)])
2025-01-15 04:04:34.042 | INFO     | __main__:check_core:161 - 号码 +447743695156 是有效的 Telegram 用户。
2025-01-15 04:04:34.280 | INFO     | __main__:check_phone_numbers:198 - Checking 12 / 3919: 917003858682
2025-01-15 04:04:34.528 | INFO     | __main__:check_core:158 - ImportedContacts(imported=[ImportedContact(user_id=752878281, client_id=0)], popular_invites=[], retry_contacts=[], users=[User(id=752878281, is_self=False, contact=True, mutual_contact=False, deleted=False, bot=False, bot_chat_history=False, bot_nochats=False, verified=False, restricted=False, min=False, bot_inline_geo=False, support=False, scam=False, apply_min_photo=True, fake=False, bot_attach_menu=False, premium=False, attach_menu_enabled=False, bot_can_edit=False, close_friend=False, stories_hidden=False, stories_unavailable=True, contact_require_premium=False, bot_business=False, bot_has_main_app=False, access_hash=-2644242524531146277, first_name='Grace', last_name='Miller', username=None, phone='917003858682', photo=None, status=UserStatusOffline(was_online=datetime.datetime(2025, 1, 14, 13, 50, 38, tzinfo=datetime.timezone.utc)), bot_info_version=None, restriction_reason=[], bot_inline_placeholder=None, lang_code=None, emoji_status=None, usernames=[], stories_max_id=None, color=None, profile_color=None, bot_active_users=None)])
2025-01-15 04:04:34.528 | INFO     | __main__:check_core:161 - 号码 917003858682 是有效的 Telegram 用户。
2025-01-15 04:04:48.772 | INFO     | __main__:check_phone_numbers:206 - waiting for 14 seconds
2025-01-15 04:04:48.772 | INFO     | __main__:check_phone_numbers:198 - Checking 13 / 3919: 919123637540
2025-01-15 04:04:49.152 | INFO     | __main__:check_core:158 - ImportedContacts(imported=[], popular_invites=[PopularContact(client_id=0, importers=60)], retry_contacts=[], users=[])
2025-01-15 04:04:49.152 | ERROR    | __main__:check_core:170 - 号码 919123637540 未注册 Telegram。
2025-01-15 04:05:08.153 | INFO     | __main__:check_phone_numbers:206 - waiting for 19 seconds
2025-01-15 04:05:08.153 | INFO     | __main__:check_phone_numbers:198 - Checking 14 / 3919: 918348613450
2025-01-15 04:05:08.403 | INFO     | __main__:check_core:158 - ImportedContacts(imported=[ImportedContact(user_id=939647344, client_id=0)], popular_invites=[], retry_contacts=[], users=[User(id=939647344, is_self=False, contact=True, mutual_contact=False, deleted=False, bot=False, bot_chat_history=False, bot_nochats=False, verified=False, restricted=False, min=False, bot_inline_geo=False, support=False, scam=False, apply_min_photo=True, fake=False, bot_attach_menu=False, premium=False, attach_menu_enabled=False, bot_can_edit=False, close_friend=False, stories_hidden=False, stories_unavailable=True, contact_require_premium=False, bot_business=False, bot_has_main_app=False, access_hash=4828460601637572307, first_name='Alice', last_name='Williams', username=None, phone='918348613450', photo=UserProfilePhoto(photo_id=4035754612709500842, dc_id=5, has_video=False, personal=False, stripped_thumb=b'\x01\x08\x08\x9a\x18\x8c\xc8\x1b8\xe7\x83\xd6\x8a(\xa9l\xbb\x1f'), status=UserStatusOffline(was_online=datetime.datetime(2024, 12, 25, 7, 18, 33, tzinfo=datetime.timezone.utc)), bot_info_version=None, restriction_reason=[], bot_inline_placeholder=None, lang_code=None, emoji_status=None, usernames=[], stories_max_id=None, color=None, profile_color=None, bot_active_users=None)])
2025-01-15 04:05:08.403 | INFO     | __main__:check_core:161 - 号码 918348613450 是有效的 Telegram 用户。
2025-01-15 04:05:35.644 | INFO     | __main__:check_phone_numbers:206 - waiting for 27 seconds
2025-01-15 04:05:35.645 | INFO     | __main__:check_phone_numbers:198 - Checking 15 / 3919: 919123725677
2025-01-15 04:05:36.006 | INFO     | __main__:check_core:158 - ImportedContacts(imported=[], popular_invites=[PopularContact(client_id=0, importers=297)], retry_contacts=[], users=[])
2025-01-15 04:05:36.007 | ERROR    | __main__:check_core:170 - 号码 919123725677 未注册 Telegram。
2025-01-15 04:05:47.007 | INFO     | __main__:check_phone_numbers:206 - waiting for 11 seconds
2025-01-15 04:05:47.007 | INFO     | __main__:check_phone_numbers:198 - Checking 16 / 3919: 917003082133
2025-01-15 04:05:47.261 | INFO     | __main__:check_core:158 - ImportedContacts(imported=[ImportedContact(user_id=6545677475, client_id=0)], popular_invites=[], retry_contacts=[], users=[User(id=6545677475, is_self=False, contact=True, mutual_contact=False, deleted=False, bot=False, bot_chat_history=False, bot_nochats=False, verified=False, restricted=False, min=False, bot_inline_geo=False, support=False, scam=False, apply_min_photo=True, fake=False, bot_attach_menu=False, premium=False, attach_menu_enabled=False, bot_can_edit=False, close_friend=False, stories_hidden=False, stories_unavailable=True, contact_require_premium=False, bot_business=False, bot_has_main_app=False, access_hash=8378243323473135120, first_name='Grace', last_name='Davis', username=None, phone='917003082133', photo=None, status=UserStatusOffline(was_online=datetime.datetime(2025, 1, 13, 14, 27, 5, tzinfo=datetime.timezone.utc)), bot_info_version=None, restriction_reason=[], bot_inline_placeholder=None, lang_code=None, emoji_status=None, usernames=[], stories_max_id=None, color=None, profile_color=None, bot_active_users=None)])
2025-01-15 04:05:47.262 | INFO     | __main__:check_core:161 - 号码 917003082133 是有效的 Telegram 用户。
2025-01-15 04:05:59.502 | INFO     | __main__:check_phone_numbers:206 - waiting for 12 seconds
2025-01-15 04:05:59.502 | INFO     | __main__:check_phone_numbers:198 - Checking 17 / 3919: 919674571833
2025-01-15 04:05:59.850 | INFO     | __main__:check_core:158 - ImportedContacts(imported=[], popular_invites=[PopularContact(client_id=0, importers=22)], retry_contacts=[], users=[])
2025-01-15 04:05:59.850 | ERROR    | __main__:check_core:170 - 号码 919674571833 未注册 Telegram。
2025-01-15 04:06:23.850 | INFO     | __main__:check_phone_numbers:206 - waiting for 24 seconds
2025-01-15 04:06:23.851 | INFO     | __main__:check_phone_numbers:198 - Checking 18 / 3919: 918617581309
2025-01-15 04:06:24.205 | INFO     | __main__:check_core:158 - ImportedContacts(imported=[], popular_invites=[PopularContact(client_id=0, importers=7)], retry_contacts=[], users=[])
2025-01-15 04:06:24.205 | ERROR    | __main__:check_core:170 - 号码 918617581309 未注册 Telegram。
2025-01-15 04:06:47.206 | INFO     | __main__:check_phone_numbers:206 - waiting for 23 seconds
2025-01-15 04:06:47.206 | INFO     | __main__:check_phone_numbers:198 - Checking 19 / 3919: 919038674576
2025-01-15 04:06:47.559 | INFO     | __main__:check_core:158 - ImportedContacts(imported=[], popular_invites=[PopularContact(client_id=0, importers=28)], retry_contacts=[], users=[])
2025-01-15 04:06:47.559 | ERROR    | __main__:check_core:170 - 号码 919038674576 未注册 Telegram。
2025-01-15 04:07:03.561 | INFO     | __main__:check_phone_numbers:206 - waiting for 16 seconds
2025-01-15 04:07:03.561 | INFO     | __main__:check_phone_numbers:198 - Checking 20 / 3919: 916290307872
2025-01-15 04:07:03.913 | INFO     | __main__:check_core:158 - ImportedContacts(imported=[], popular_invites=[PopularContact(client_id=0, importers=47)], retry_contacts=[], users=[])
2025-01-15 04:07:03.913 | ERROR    | __main__:check_core:170 - 号码 916290307872 未注册 Telegram。
2025-01-15 04:07:15.914 | INFO     | __main__:check_phone_numbers:206 - waiting for 12 seconds
2025-01-15 04:07:15.914 | INFO     | __main__:check_phone_numbers:198 - Checking 21 / 3919: 918617375342
2025-01-15 04:07:16.422 | INFO     | __main__:check_core:158 - ImportedContacts(imported=[], popular_invites=[PopularContact(client_id=0, importers=20)], retry_contacts=[], users=[])
2025-01-15 04:07:16.423 | ERROR    | __main__:check_core:170 - 号码 918617375342 未注册 Telegram。
2025-01-15 04:07:44.424 | INFO     | __main__:check_phone_numbers:206 - waiting for 28 seconds
2025-01-15 04:07:44.673 | INFO     | __main__:check_core:158 - ImportedContacts(imported=[ImportedContact(user_id=7086896669, client_id=0)], popular_invites=[], retry_contacts=[], users=[User(id=7086896669, is_self=False, contact=True, mutual_contact=False, deleted=False, bot=False, bot_chat_history=False, bot_nochats=False, verified=False, restricted=False, min=False, bot_inline_geo=False, support=False, scam=False, apply_min_photo=True, fake=False, bot_attach_menu=False, premium=False, attach_menu_enabled=False, bot_can_edit=False, close_friend=False, stories_hidden=False, stories_unavailable=True, contact_require_premium=False, bot_business=False, bot_has_main_app=False, access_hash=-6391417355987217906, first_name='Alice', last_name='Smith', username='gpulostuk', phone='447743695156', photo=UserProfilePhoto(photo_id=5778668688071838108, dc_id=4, has_video=False, personal=False, stripped_thumb=b'\x01\x08\x08\xb1\xbby%\x89$}\xdc\xd1E\x14\xc4\x7f'), status=UserStatusOffline(was_online=datetime.datetime(2025, 1, 14, 8, 57, 27, tzinfo=datetime.timezone.utc)), bot_info_version=None, restriction_reason=[], bot_inline_placeholder=None, lang_code=None, emoji_status=None, usernames=[], stories_max_id=None, color=None, profile_color=None, bot_active_users=None)])
2025-01-15 04:07:44.674 | INFO     | __main__:check_core:161 - 号码 +447743695156 是有效的 Telegram 用户。
2025-01-15 04:07:44.923 | INFO     | __main__:check_phone_numbers:198 - Checking 22 / 3919: 919433811413
2025-01-15 04:07:45.322 | INFO     | __main__:check_core:158 - ImportedContacts(imported=[], popular_invites=[PopularContact(client_id=0, importers=33)], retry_contacts=[], users=[])
2025-01-15 04:07:45.323 | ERROR    | __main__:check_core:170 - 号码 919433811413 未注册 Telegram。
2025-01-15 04:08:13.323 | INFO     | __main__:check_phone_numbers:206 - waiting for 28 seconds
2025-01-15 04:08:13.324 | INFO     | __main__:check_phone_numbers:198 - Checking 23 / 3919: 918910384630
2025-01-15 04:08:13.573 | INFO     | __main__:check_core:158 - ImportedContacts(imported=[ImportedContact(user_id=7616240925, client_id=0)], popular_invites=[], retry_contacts=[], users=[User(id=7616240925, is_self=False, contact=True, mutual_contact=False, deleted=False, bot=False, bot_chat_history=False, bot_nochats=False, verified=False, restricted=False, min=False, bot_inline_geo=False, support=False, scam=False, apply_min_photo=True, fake=False, bot_attach_menu=False, premium=False, attach_menu_enabled=False, bot_can_edit=False, close_friend=False, stories_hidden=False, stories_unavailable=True, contact_require_premium=False, bot_business=False, bot_has_main_app=False, access_hash=1962885391687127770, first_name='Alice', last_name='Martinez', username=None, phone='918910384630', photo=None, status=UserStatusOffline(was_online=datetime.datetime(2025, 1, 14, 10, 23, 20, tzinfo=datetime.timezone.utc)), bot_info_version=None, restriction_reason=[], bot_inline_placeholder=None, lang_code=None, emoji_status=None, usernames=[], stories_max_id=None, color=None, profile_color=None, bot_active_users=None)])
2025-01-15 04:08:13.573 | INFO     | __main__:check_core:161 - 号码 918910384630 是有效的 Telegram 用户。
2025-01-15 04:08:33.816 | INFO     | __main__:check_phone_numbers:206 - waiting for 20 seconds
2025-01-15 04:08:33.817 | INFO     | __main__:check_phone_numbers:198 - Checking 24 / 3919: 918910294752
2025-01-15 04:08:34.065 | INFO     | __main__:check_core:158 - ImportedContacts(imported=[ImportedContact(user_id=1197576134, client_id=0)], popular_invites=[], retry_contacts=[], users=[User(id=1197576134, is_self=False, contact=True, mutual_contact=False, deleted=False, bot=False, bot_chat_history=False, bot_nochats=False, verified=False, restricted=False, min=False, bot_inline_geo=False, support=False, scam=False, apply_min_photo=True, fake=False, bot_attach_menu=False, premium=False, attach_menu_enabled=False, bot_can_edit=False, close_friend=False, stories_hidden=False, stories_unavailable=True, contact_require_premium=False, bot_business=False, bot_has_main_app=False, access_hash=-548464396542586413, first_name='Eve', last_name='Smith', username=None, phone='918910294752', photo=UserProfilePhoto(photo_id=6107193566926319954, dc_id=5, has_video=False, personal=False, stripped_thumb=b'\x01\x08\x08\xd6 \xef\x04\x13\x8a(\xa2\x80?'), status=UserStatusOffline(was_online=datetime.datetime(2025, 1, 14, 3, 30, 55, tzinfo=datetime.timezone.utc)), bot_info_version=None, restriction_reason=[], bot_inline_placeholder=None, lang_code=None, emoji_status=None, usernames=[], stories_max_id=None, color=None, profile_color=None, bot_active_users=None)])
2025-01-15 04:08:34.065 | INFO     | __main__:check_core:161 - 号码 918910294752 是有效的 Telegram 用户。
2025-01-15 04:08:50.304 | INFO     | __main__:check_phone_numbers:206 - waiting for 16 seconds
2025-01-15 04:08:50.305 | INFO     | __main__:check_phone_numbers:198 - Checking 25 / 3919: 918902557232
2025-01-15 04:08:50.660 | INFO     | __main__:check_core:158 - ImportedContacts(imported=[], popular_invites=[PopularContact(client_id=0, importers=71)], retry_contacts=[], users=[])
2025-01-15 04:08:50.660 | ERROR    | __main__:check_core:170 - 号码 918902557232 未注册 Telegram。
2025-01-15 04:09:17.661 | INFO     | __main__:check_phone_numbers:206 - waiting for 27 seconds
2025-01-15 04:09:17.661 | INFO     | __main__:check_phone_numbers:198 - Checking 26 / 3919: 916290346913
2025-01-15 04:09:17.945 | INFO     | __main__:check_core:158 - ImportedContacts(imported=[ImportedContact(user_id=6348349429, client_id=0)], popular_invites=[], retry_contacts=[], users=[User(id=6348349429, is_self=False, contact=True, mutual_contact=False, deleted=False, bot=False, bot_chat_history=False, bot_nochats=False, verified=False, restricted=False, min=False, bot_inline_geo=False, support=False, scam=False, apply_min_photo=True, fake=False, bot_attach_menu=False, premium=False, attach_menu_enabled=False, bot_can_edit=False, close_friend=False, stories_hidden=False, stories_unavailable=True, contact_require_premium=False, bot_business=False, bot_has_main_app=False, access_hash=4869855367333141985, first_name='Charlie', last_name='Miller', username=None, phone='916290346913', photo=None, status=UserStatusOffline(was_online=datetime.datetime(2024, 12, 21, 18, 34, 15, tzinfo=datetime.timezone.utc)), bot_info_version=None, restriction_reason=[], bot_inline_placeholder=None, lang_code=None, emoji_status=None, usernames=[], stories_max_id=None, color=None, profile_color=None, bot_active_users=None)])
2025-01-15 04:09:17.945 | INFO     | __main__:check_core:161 - 号码 916290346913 是有效的 Telegram 用户。
2025-01-15 04:09:41.188 | INFO     | __main__:check_phone_numbers:206 - waiting for 23 seconds
2025-01-15 04:09:41.188 | INFO     | __main__:check_phone_numbers:198 - Checking 27 / 3919: 918017226388
2025-01-15 04:09:41.546 | INFO     | __main__:check_core:158 - ImportedContacts(imported=[], popular_invites=[PopularContact(client_id=0, importers=21)], retry_contacts=[], users=[])
2025-01-15 04:09:41.546 | ERROR    | __main__:check_core:170 - 号码 918017226388 未注册 Telegram。
2025-01-15 04:10:02.547 | INFO     | __main__:check_phone_numbers:206 - waiting for 21 seconds
2025-01-15 04:10:02.547 | INFO     | __main__:check_phone_numbers:198 - Checking 28 / 3919: 919836241730
2025-01-15 04:10:02.946 | INFO     | __main__:check_core:158 - ImportedContacts(imported=[], popular_invites=[PopularContact(client_id=0, importers=109)], retry_contacts=[], users=[])
2025-01-15 04:10:02.946 | ERROR    | __main__:check_core:170 - 号码 919836241730 未注册 Telegram。
2025-01-15 04:10:13.948 | INFO     | __main__:check_phone_numbers:206 - waiting for 11 seconds
2025-01-15 04:10:13.948 | INFO     | __main__:check_phone_numbers:198 - Checking 29 / 3919: 918910940098
2025-01-15 04:10:14.202 | INFO     | __main__:check_core:158 - ImportedContacts(imported=[ImportedContact(user_id=7695777590, client_id=0)], popular_invites=[], retry_contacts=[], users=[User(id=7695777590, is_self=False, contact=True, mutual_contact=False, deleted=False, bot=False, bot_chat_history=False, bot_nochats=False, verified=False, restricted=False, min=False, bot_inline_geo=False, support=False, scam=False, apply_min_photo=True, fake=False, bot_attach_menu=False, premium=False, attach_menu_enabled=False, bot_can_edit=False, close_friend=False, stories_hidden=False, stories_unavailable=True, contact_require_premium=False, bot_business=False, bot_has_main_app=False, access_hash=8191204041154842348, first_name='Grace', last_name='Smith', username=None, phone='918910940098', photo=None, status=UserStatusOffline(was_online=datetime.datetime(2025, 1, 10, 17, 39, 52, tzinfo=datetime.timezone.utc)), bot_info_version=None, restriction_reason=[], bot_inline_placeholder=None, lang_code=None, emoji_status=None, usernames=[], stories_max_id=None, color=None, profile_color=None, bot_active_users=None)])
2025-01-15 04:10:14.202 | INFO     | __main__:check_core:161 - 号码 918910940098 是有效的 Telegram 用户。
2025-01-15 04:10:39.445 | INFO     | __main__:check_phone_numbers:206 - waiting for 25 seconds
2025-01-15 04:10:39.446 | INFO     | __main__:check_phone_numbers:198 - Checking 30 / 3919: 919433587862
2025-01-15 04:10:39.800 | INFO     | __main__:check_core:158 - ImportedContacts(imported=[], popular_invites=[PopularContact(client_id=0, importers=52)], retry_contacts=[], users=[])
2025-01-15 04:10:39.800 | ERROR    | __main__:check_core:170 - 号码 919433587862 未注册 Telegram。
2025-01-15 04:11:03.800 | INFO     | __main__:check_phone_numbers:206 - waiting for 24 seconds
2025-01-15 04:11:03.800 | INFO     | __main__:check_phone_numbers:198 - Checking 31 / 3919: 919836777110
2025-01-15 04:11:04.163 | INFO     | __main__:check_core:158 - ImportedContacts(imported=[], popular_invites=[PopularContact(client_id=0, importers=18)], retry_contacts=[], users=[])
2025-01-15 04:11:04.163 | ERROR    | __main__:check_core:170 - 号码 919836777110 未注册 Telegram。
2025-01-15 04:11:34.165 | INFO     | __main__:check_phone_numbers:206 - waiting for 30 seconds
2025-01-15 04:11:34.411 | INFO     | __main__:check_core:158 - ImportedContacts(imported=[ImportedContact(user_id=7086896669, client_id=0)], popular_invites=[], retry_contacts=[], users=[User(id=7086896669, is_self=False, contact=True, mutual_contact=False, deleted=False, bot=False, bot_chat_history=False, bot_nochats=False, verified=False, restricted=False, min=False, bot_inline_geo=False, support=False, scam=False, apply_min_photo=True, fake=False, bot_attach_menu=False, premium=False, attach_menu_enabled=False, bot_can_edit=False, close_friend=False, stories_hidden=False, stories_unavailable=True, contact_require_premium=False, bot_business=False, bot_has_main_app=False, access_hash=-6391417355987217906, first_name='Charlie', last_name='Garcia', username='gpulostuk', phone='447743695156', photo=UserProfilePhoto(photo_id=5778668688071838108, dc_id=4, has_video=False, personal=False, stripped_thumb=b'\x01\x08\x08\xb1\xbby%\x89$}\xdc\xd1E\x14\xc4\x7f'), status=UserStatusOffline(was_online=datetime.datetime(2025, 1, 14, 8, 57, 27, tzinfo=datetime.timezone.utc)), bot_info_version=None, restriction_reason=[], bot_inline_placeholder=None, lang_code=None, emoji_status=None, usernames=[], stories_max_id=None, color=None, profile_color=None, bot_active_users=None)])
2025-01-15 04:11:34.412 | INFO     | __main__:check_core:161 - 号码 +447743695156 是有效的 Telegram 用户。
2025-01-15 04:11:34.654 | INFO     | __main__:check_phone_numbers:198 - Checking 32 / 3919: 919831082536
2025-01-15 04:11:35.006 | INFO     | __main__:check_core:158 - ImportedContacts(imported=[], popular_invites=[PopularContact(client_id=0, importers=118)], retry_contacts=[], users=[])
2025-01-15 04:11:35.006 | ERROR    | __main__:check_core:170 - 号码 919831082536 未注册 Telegram。
2025-01-15 04:11:50.008 | INFO     | __main__:check_phone_numbers:206 - waiting for 15 seconds
2025-01-15 04:11:50.008 | INFO     | __main__:check_phone_numbers:198 - Checking 33 / 3919: 919007293256
2025-01-15 04:11:50.254 | INFO     | __main__:check_core:158 - ImportedContacts(imported=[ImportedContact(user_id=6912721066, client_id=0)], popular_invites=[], retry_contacts=[], users=[User(id=6912721066, is_self=False, contact=True, mutual_contact=False, deleted=False, bot=False, bot_chat_history=False, bot_nochats=False, verified=False, restricted=False, min=False, bot_inline_geo=False, support=False, scam=False, apply_min_photo=True, fake=False, bot_attach_menu=False, premium=False, attach_menu_enabled=False, bot_can_edit=False, close_friend=False, stories_hidden=False, stories_unavailable=True, contact_require_premium=False, bot_business=False, bot_has_main_app=False, access_hash=-6996980830653578853, first_name='Bob', last_name='Smith', username=None, phone='919007293256', photo=UserProfilePhoto(photo_id=6316423792104159550, dc_id=5, has_video=False, personal=False, stripped_thumb=b'\x01\x08\x08\xbe\x1c}\xa3v\xe1\xf6s\x17\x07\xf8z\xd1E\x14\x01'), status=UserStatusOffline(was_online=datetime.datetime(2024, 10, 15, 11, 18, 4, tzinfo=datetime.timezone.utc)), bot_info_version=None, restriction_reason=[], bot_inline_placeholder=None, lang_code=None, emoji_status=None, usernames=[], stories_max_id=None, color=None, profile_color=None, bot_active_users=None)])
2025-01-15 04:11:50.255 | INFO     | __main__:check_core:161 - 号码 919007293256 是有效的 Telegram 用户。
2025-01-15 04:12:16.497 | INFO     | __main__:check_phone_numbers:206 - waiting for 26 seconds
2025-01-15 04:12:16.497 | INFO     | __main__:check_phone_numbers:198 - Checking 34 / 3919: 918017186926
2025-01-15 04:12:16.744 | INFO     | __main__:check_core:158 - ImportedContacts(imported=[ImportedContact(user_id=1012903256, client_id=0)], popular_invites=[], retry_contacts=[], users=[User(id=1012903256, is_self=False, contact=True, mutual_contact=False, deleted=False, bot=False, bot_chat_history=False, bot_nochats=False, verified=False, restricted=False, min=False, bot_inline_geo=False, support=False, scam=False, apply_min_photo=True, fake=False, bot_attach_menu=False, premium=False, attach_menu_enabled=False, bot_can_edit=False, close_friend=False, stories_hidden=False, stories_unavailable=True, contact_require_premium=False, bot_business=False, bot_has_main_app=False, access_hash=-2657842566044102350, first_name='Grace', last_name='Davis', username=None, phone='918017186926', photo=None, status=UserStatusLastMonth(by_me=False), bot_info_version=None, restriction_reason=[], bot_inline_placeholder=None, lang_code=None, emoji_status=None, usernames=[], stories_max_id=None, color=None, profile_color=None, bot_active_users=None)])
2025-01-15 04:12:16.745 | INFO     | __main__:check_core:161 - 号码 918017186926 是有效的 Telegram 用户。
2025-01-15 04:12:34.982 | INFO     | __main__:check_phone_numbers:206 - waiting for 18 seconds
2025-01-15 04:12:34.982 | INFO     | __main__:check_phone_numbers:198 - Checking 35 / 3919: 919038118542
2025-01-15 04:12:35.228 | INFO     | __main__:check_core:158 - ImportedContacts(imported=[ImportedContact(user_id=6006010046, client_id=0)], popular_invites=[], retry_contacts=[], users=[User(id=6006010046, is_self=False, contact=True, mutual_contact=False, deleted=False, bot=False, bot_chat_history=False, bot_nochats=False, verified=False, restricted=False, min=False, bot_inline_geo=False, support=False, scam=False, apply_min_photo=True, fake=False, bot_attach_menu=False, premium=False, attach_menu_enabled=False, bot_can_edit=False, close_friend=False, stories_hidden=False, stories_unavailable=True, contact_require_premium=False, bot_business=False, bot_has_main_app=False, access_hash=-4289417951985814884, first_name='Bob', last_name='Martinez', username=None, phone='919038118542', photo=None, status=UserStatusOffline(was_online=datetime.datetime(2024, 6, 22, 10, 40, 47, tzinfo=datetime.timezone.utc)), bot_info_version=None, restriction_reason=[], bot_inline_placeholder=None, lang_code=None, emoji_status=None, usernames=[], stories_max_id=None, color=None, profile_color=None, bot_active_users=None)])
2025-01-15 04:12:35.229 | INFO     | __main__:check_core:161 - 号码 919038118542 是有效的 Telegram 用户。
2025-01-15 04:13:01.469 | INFO     | __main__:check_phone_numbers:206 - waiting for 26 seconds
2025-01-15 04:13:01.469 | INFO     | __main__:check_phone_numbers:198 - Checking 36 / 3919: 919748045687
2025-01-15 04:13:01.836 | INFO     | __main__:check_core:158 - ImportedContacts(imported=[], popular_invites=[PopularContact(client_id=0, importers=13)], retry_contacts=[], users=[])
2025-01-15 04:13:01.837 | ERROR    | __main__:check_core:170 - 号码 919748045687 未注册 Telegram。
2025-01-15 04:13:24.837 | INFO     | __main__:check_phone_numbers:206 - waiting for 23 seconds
2025-01-15 04:13:24.838 | INFO     | __main__:check_phone_numbers:198 - Checking 37 / 3919: 918017410955
2025-01-15 04:13:25.198 | INFO     | __main__:check_core:158 - ImportedContacts(imported=[], popular_invites=[PopularContact(client_id=0, importers=74)], retry_contacts=[], users=[])
2025-01-15 04:13:25.199 | ERROR    | __main__:check_core:170 - 号码 918017410955 未注册 Telegram。
2025-01-15 04:13:55.199 | INFO     | __main__:check_phone_numbers:206 - waiting for 30 seconds
2025-01-15 04:13:55.199 | INFO     | __main__:check_phone_numbers:198 - Checking 38 / 3919: 917003991710
2025-01-15 04:13:55.446 | INFO     | __main__:check_core:158 - ImportedContacts(imported=[ImportedContact(user_id=7267876584, client_id=0)], popular_invites=[], retry_contacts=[], users=[User(id=7267876584, is_self=False, contact=True, mutual_contact=False, deleted=False, bot=False, bot_chat_history=False, bot_nochats=False, verified=False, restricted=False, min=False, bot_inline_geo=False, support=False, scam=False, apply_min_photo=True, fake=False, bot_attach_menu=False, premium=False, attach_menu_enabled=False, bot_can_edit=False, close_friend=False, stories_hidden=False, stories_unavailable=True, contact_require_premium=False, bot_business=False, bot_has_main_app=False, access_hash=3098917188997615683, first_name='Jane', last_name='Rodriguez', username=None, phone='917003991710', photo=None, status=UserStatusOffline(was_online=datetime.datetime(2025, 1, 11, 6, 42, 1, tzinfo=datetime.timezone.utc)), bot_info_version=None, restriction_reason=[], bot_inline_placeholder=None, lang_code=None, emoji_status=None, usernames=[], stories_max_id=None, color=None, profile_color=None, bot_active_users=None)])
2025-01-15 04:13:55.450 | INFO     | __main__:check_core:161 - 号码 917003991710 是有效的 Telegram 用户。
2025-01-15 04:14:17.689 | INFO     | __main__:check_phone_numbers:206 - waiting for 22 seconds
2025-01-15 04:14:17.689 | INFO     | __main__:check_phone_numbers:198 - Checking 39 / 3919: 919038848934
2025-01-15 04:14:17.925 | ERROR    | __main__:check_phone_numbers:212 - 检测失败: The user has been deleted/deactivated (caused by ImportContactsRequest)
