2025-01-15 07:31:56.113 | INFO     | __main__:check_phone_numbers:206 - Checking 1 / 1000: 916291126150
2025-01-15 07:31:56.610 | INFO     | __main__:check_core:166 - ImportedContacts(imported=[], popular_invites=[], retry_contacts=[0], users=[])
2025-01-15 07:31:56.611 | ERROR    | __main__:check_core:178 - 号码 916291126150 未注册 Telegram。
2025-01-15 07:32:14.614 | INFO     | __main__:check_phone_numbers:214 - waiting for 18 seconds
2025-01-15 07:32:15.967 | INFO     | __main__:check_core:166 - ImportedContacts(imported=[ImportedContact(user_id=5517651995, client_id=0)], popular_invites=[], retry_contacts=[], users=[User(id=5517651995, is_self=False, contact=True, mutual_contact=True, deleted=False, bot=False, bot_chat_history=False, bot_nochats=False, verified=False, restricted=False, min=False, bot_inline_geo=False, support=False, scam=False, apply_min_photo=True, fake=False, bot_attach_menu=False, premium=False, attach_menu_enabled=False, bot_can_edit=False, close_friend=False, stories_hidden=False, stories_unavailable=True, contact_require_premium=False, bot_business=False, bot_has_main_app=False, access_hash=-3554855156664365542, first_name='Jane', last_name='Jones', username='gpulost', phone='15413006705', photo=UserProfilePhoto(photo_id=6208394240644465148, dc_id=5, has_video=False, personal=False, stripped_thumb=b'\x01\x08\x08g\x9d\x83\xcb\x1e\xdbh\xa2\x8a\x00'), status=UserStatusOffline(was_online=datetime.datetime(2025, 1, 15, 7, 31, 47, tzinfo=datetime.timezone.utc)), bot_info_version=None, restriction_reason=[], bot_inline_placeholder=None, lang_code=None, emoji_status=None, usernames=[], stories_max_id=None, color=None, profile_color=None, bot_active_users=None)])
2025-01-15 07:32:15.970 | INFO     | __main__:check_core:169 - 号码 +15413006705 是有效的 Telegram 用户。
2025-01-15 07:32:16.400 | INFO     | __main__:check_phone_numbers:206 - Checking 2 / 1000: 916290153788
2025-01-15 07:32:16.982 | INFO     | __main__:check_core:166 - ImportedContacts(imported=[], popular_invites=[], retry_contacts=[0], users=[])
2025-01-15 07:32:16.985 | ERROR    | __main__:check_core:178 - 号码 916290153788 未注册 Telegram。
2025-01-15 07:32:33.985 | INFO     | __main__:check_phone_numbers:214 - waiting for 17 seconds
2025-01-15 07:32:33.986 | INFO     | __main__:check_phone_numbers:206 - Checking 3 / 1000: 918583099593
2025-01-15 07:32:35.397 | INFO     | __main__:check_core:166 - ImportedContacts(imported=[], popular_invites=[], retry_contacts=[0], users=[])
2025-01-15 07:32:35.397 | ERROR    | __main__:check_core:178 - 号码 918583099593 未注册 Telegram。
2025-01-15 07:32:49.398 | INFO     | __main__:check_phone_numbers:214 - waiting for 14 seconds
2025-01-15 07:32:49.398 | INFO     | __main__:check_phone_numbers:206 - Checking 4 / 1000: 918910046075
2025-01-15 07:32:50.778 | INFO     | __main__:check_core:166 - ImportedContacts(imported=[], popular_invites=[], retry_contacts=[0], users=[])
2025-01-15 07:32:50.781 | ERROR    | __main__:check_core:178 - 号码 918910046075 未注册 Telegram。
2025-01-15 07:33:11.781 | INFO     | __main__:check_phone_numbers:214 - waiting for 21 seconds
2025-01-15 07:33:11.783 | INFO     | __main__:check_phone_numbers:206 - Checking 5 / 1000: 918697809422
2025-01-15 07:33:13.932 | INFO     | __main__:check_core:166 - ImportedContacts(imported=[], popular_invites=[], retry_contacts=[0], users=[])
2025-01-15 07:33:13.932 | ERROR    | __main__:check_core:178 - 号码 918697809422 未注册 Telegram。
