2025-01-15 07:26:12.846 | INFO     | __main__:check_phone_numbers:206 - Checking 1 / 1000: 918348310341
2025-01-15 07:26:14.516 | INFO     | __main__:check_core:166 - ImportedContacts(imported=[], popular_invites=[], retry_contacts=[0], users=[])
2025-01-15 07:26:14.516 | ERROR    | __main__:check_core:178 - 号码 918348310341 未注册 Telegram。
2025-01-15 07:26:41.516 | INFO     | __main__:check_phone_numbers:214 - waiting for 27 seconds
2025-01-15 07:26:43.804 | INFO     | __main__:check_core:166 - ImportedContacts(imported=[ImportedContact(user_id=5517651995, client_id=0)], popular_invites=[], retry_contacts=[], users=[User(id=5517651995, is_self=False, contact=True, mutual_contact=True, deleted=False, bot=False, bot_chat_history=False, bot_nochats=False, verified=False, restricted=False, min=False, bot_inline_geo=False, support=False, scam=False, apply_min_photo=True, fake=False, bot_attach_menu=False, premium=False, attach_menu_enabled=False, bot_can_edit=False, close_friend=False, stories_hidden=False, stories_unavailable=True, contact_require_premium=False, bot_business=False, bot_has_main_app=False, access_hash=-3554855156664365542, first_name='Charlie', last_name='Johnson', username='gpulost', phone='15413006705', photo=UserProfilePhoto(photo_id=6208394240644465148, dc_id=5, has_video=False, personal=False, stripped_thumb=b'\x01\x08\x08g\x9d\x83\xcb\x1e\xdbh\xa2\x8a\x00'), status=UserStatusOffline(was_online=datetime.datetime(2025, 1, 15, 7, 22, 25, tzinfo=datetime.timezone.utc)), bot_info_version=None, restriction_reason=[], bot_inline_placeholder=None, lang_code=None, emoji_status=None, usernames=[], stories_max_id=None, color=None, profile_color=None, bot_active_users=None)])
2025-01-15 07:26:43.804 | INFO     | __main__:check_core:169 - 号码 +15413006705 是有效的 Telegram 用户。
2025-01-15 07:26:49.462 | INFO     | __main__:check_phone_numbers:206 - Checking 2 / 1000: 919051460030
2025-01-15 07:26:52.167 | INFO     | __main__:check_core:166 - ImportedContacts(imported=[], popular_invites=[], retry_contacts=[0], users=[])
2025-01-15 07:26:52.167 | ERROR    | __main__:check_core:178 - 号码 919051460030 未注册 Telegram。
2025-01-15 07:27:22.168 | INFO     | __main__:check_phone_numbers:214 - waiting for 30 seconds
2025-01-15 07:27:22.168 | INFO     | __main__:check_phone_numbers:206 - Checking 3 / 1000: 919007474133
2025-01-15 07:27:24.722 | INFO     | __main__:check_core:166 - ImportedContacts(imported=[], popular_invites=[], retry_contacts=[0], users=[])
2025-01-15 07:27:24.723 | ERROR    | __main__:check_core:178 - 号码 919007474133 未注册 Telegram。
2025-01-15 07:27:35.723 | INFO     | __main__:check_phone_numbers:214 - waiting for 11 seconds
2025-01-15 07:27:35.723 | INFO     | __main__:check_phone_numbers:206 - Checking 4 / 1000: 918420159795
2025-01-15 07:27:39.185 | INFO     | __main__:check_core:166 - ImportedContacts(imported=[], popular_invites=[], retry_contacts=[0], users=[])
2025-01-15 07:27:39.185 | ERROR    | __main__:check_core:178 - 号码 918420159795 未注册 Telegram。
2025-01-15 07:28:05.185 | INFO     | __main__:check_phone_numbers:214 - waiting for 26 seconds
2025-01-15 07:28:05.186 | INFO     | __main__:check_phone_numbers:206 - Checking 5 / 1000: 919007844289
2025-01-15 07:28:08.472 | INFO     | __main__:check_core:166 - ImportedContacts(imported=[], popular_invites=[], retry_contacts=[0], users=[])
2025-01-15 07:28:08.472 | ERROR    | __main__:check_core:178 - 号码 919007844289 未注册 Telegram。
2025-01-15 07:28:35.474 | INFO     | __main__:check_phone_numbers:214 - waiting for 27 seconds
2025-01-15 07:28:35.474 | INFO     | __main__:check_phone_numbers:206 - Checking 6 / 1000: 919123757462
2025-01-15 07:28:37.054 | INFO     | __main__:check_core:166 - ImportedContacts(imported=[], popular_invites=[], retry_contacts=[0], users=[])
2025-01-15 07:28:37.054 | ERROR    | __main__:check_core:178 - 号码 919123757462 未注册 Telegram。
2025-01-15 07:28:47.054 | INFO     | __main__:check_phone_numbers:214 - waiting for 10 seconds
2025-01-15 07:28:47.057 | INFO     | __main__:check_phone_numbers:206 - Checking 7 / 1000: 919433499584
2025-01-15 07:28:48.666 | INFO     | __main__:check_core:166 - ImportedContacts(imported=[], popular_invites=[], retry_contacts=[0], users=[])
2025-01-15 07:28:48.666 | ERROR    | __main__:check_core:178 - 号码 919433499584 未注册 Telegram。
2025-01-15 07:29:12.666 | INFO     | __main__:check_phone_numbers:214 - waiting for 24 seconds
2025-01-15 07:29:12.667 | INFO     | __main__:check_phone_numbers:206 - Checking 8 / 1000: 919830210531
2025-01-15 07:29:15.687 | INFO     | __main__:check_core:166 - ImportedContacts(imported=[], popular_invites=[], retry_contacts=[0], users=[])
2025-01-15 07:29:15.687 | ERROR    | __main__:check_core:178 - 号码 919830210531 未注册 Telegram。
2025-01-15 07:29:43.689 | INFO     | __main__:check_phone_numbers:214 - waiting for 28 seconds
2025-01-15 07:29:43.690 | INFO     | __main__:check_phone_numbers:206 - Checking 9 / 1000: 918910626506
2025-01-15 07:29:45.361 | INFO     | __main__:check_core:166 - ImportedContacts(imported=[], popular_invites=[], retry_contacts=[0], users=[])
2025-01-15 07:29:45.361 | ERROR    | __main__:check_core:178 - 号码 918910626506 未注册 Telegram。
2025-01-15 07:29:56.363 | INFO     | __main__:check_phone_numbers:214 - waiting for 11 seconds
2025-01-15 07:29:56.363 | INFO     | __main__:check_phone_numbers:206 - Checking 10 / 1000: 916290584041
2025-01-15 07:29:59.269 | INFO     | __main__:check_core:166 - ImportedContacts(imported=[], popular_invites=[], retry_contacts=[0], users=[])
2025-01-15 07:29:59.269 | ERROR    | __main__:check_core:178 - 号码 916290584041 未注册 Telegram。
2025-01-15 07:30:28.270 | INFO     | __main__:check_phone_numbers:214 - waiting for 29 seconds
2025-01-15 07:30:28.270 | INFO     | __main__:check_phone_numbers:206 - Checking 11 / 1000: 919038495118
2025-01-15 07:30:29.958 | INFO     | __main__:check_core:166 - ImportedContacts(imported=[], popular_invites=[], retry_contacts=[0], users=[])
2025-01-15 07:30:29.958 | ERROR    | __main__:check_core:178 - 号码 919038495118 未注册 Telegram。
2025-01-15 07:30:52.959 | INFO     | __main__:check_phone_numbers:214 - waiting for 23 seconds
2025-01-15 07:30:54.657 | INFO     | __main__:check_core:166 - ImportedContacts(imported=[ImportedContact(user_id=7086896669, client_id=0)], popular_invites=[], retry_contacts=[], users=[User(id=7086896669, is_self=False, contact=True, mutual_contact=False, deleted=False, bot=False, bot_chat_history=False, bot_nochats=False, verified=False, restricted=False, min=False, bot_inline_geo=False, support=False, scam=False, apply_min_photo=True, fake=False, bot_attach_menu=False, premium=False, attach_menu_enabled=False, bot_can_edit=False, close_friend=False, stories_hidden=False, stories_unavailable=True, contact_require_premium=False, bot_business=False, bot_has_main_app=False, access_hash=3076577553028840582, first_name='John', last_name='Johnson', username='gpulostuk', phone='447743695156', photo=UserProfilePhoto(photo_id=5778668688071838108, dc_id=4, has_video=False, personal=False, stripped_thumb=b'\x01\x08\x08\xb1\xbby%\x89$}\xdc\xd1E\x14\xc4\x7f'), status=UserStatusOnline(expires=datetime.datetime(2025, 1, 15, 7, 35, 4, tzinfo=datetime.timezone.utc)), bot_info_version=None, restriction_reason=[], bot_inline_placeholder=None, lang_code=None, emoji_status=None, usernames=[], stories_max_id=None, color=None, profile_color=None, bot_active_users=None)])
2025-01-15 07:30:54.659 | INFO     | __main__:check_core:169 - 号码 +447743695156 是有效的 Telegram 用户。
2025-01-15 07:30:56.648 | INFO     | __main__:check_phone_numbers:206 - Checking 12 / 1000: 917980713889
2025-01-15 07:30:58.178 | INFO     | __main__:check_core:166 - ImportedContacts(imported=[], popular_invites=[], retry_contacts=[0], users=[])
2025-01-15 07:30:58.179 | ERROR    | __main__:check_core:178 - 号码 917980713889 未注册 Telegram。
2025-01-15 07:31:18.182 | INFO     | __main__:check_phone_numbers:214 - waiting for 20 seconds
2025-01-15 07:31:18.182 | INFO     | __main__:check_phone_numbers:206 - Checking 13 / 1000: 918348550010
2025-01-15 07:31:19.878 | INFO     | __main__:check_core:166 - ImportedContacts(imported=[], popular_invites=[], retry_contacts=[0], users=[])
2025-01-15 07:31:19.881 | ERROR    | __main__:check_core:178 - 号码 918348550010 未注册 Telegram。
