2025-01-15 07:45:18.001 | INFO     | __main__:check_phone_numbers:206 - Checking 1 / 2919: 919038989872
2025-01-15 07:45:18.724 | INFO     | __main__:check_core:166 - ImportedContacts(imported=[], popular_invites=[PopularContact(client_id=0, importers=6)], retry_contacts=[], users=[])
2025-01-15 07:45:18.724 | ERROR    | __main__:check_core:178 - 号码 919038989872 未注册 Telegram。
2025-01-15 07:45:29.725 | INFO     | __main__:check_phone_numbers:217 - waiting for 11 seconds
2025-01-15 07:45:31.330 | INFO     | __main__:check_core:166 - ImportedContacts(imported=[ImportedContact(user_id=7086896669, client_id=0)], popular_invites=[], retry_contacts=[], users=[User(id=7086896669, is_self=False, contact=True, mutual_contact=False, deleted=False, bot=False, bot_chat_history=False, bot_nochats=False, verified=False, restricted=False, min=False, bot_inline_geo=False, support=False, scam=False, apply_min_photo=True, fake=False, bot_attach_menu=False, premium=False, attach_menu_enabled=False, bot_can_edit=False, close_friend=False, stories_hidden=False, stories_unavailable=True, contact_require_premium=False, bot_business=False, bot_has_main_app=False, access_hash=-942221836455295684, first_name='David', last_name='Jones', username='gpulostuk', phone='447743695156', photo=UserProfilePhoto(photo_id=5778668688071838108, dc_id=4, has_video=False, personal=False, stripped_thumb=b'\x01\x08\x08\xb1\xbby%\x89$}\xdc\xd1E\x14\xc4\x7f'), status=UserStatusOffline(was_online=datetime.datetime(2025, 1, 15, 7, 33, 4, tzinfo=datetime.timezone.utc)), bot_info_version=None, restriction_reason=[], bot_inline_placeholder=None, lang_code=None, emoji_status=None, usernames=[], stories_max_id=None, color=None, profile_color=None, bot_active_users=None)])
2025-01-15 07:45:31.331 | INFO     | __main__:check_core:169 - 号码 +447743695156 是有效的 Telegram 用户。
2025-01-15 07:45:31.881 | INFO     | __main__:check_phone_numbers:206 - Checking 2 / 2919: 919163328711
2025-01-15 07:45:32.462 | INFO     | __main__:check_core:166 - ImportedContacts(imported=[], popular_invites=[PopularContact(client_id=0, importers=78)], retry_contacts=[], users=[])
2025-01-15 07:45:32.462 | ERROR    | __main__:check_core:178 - 号码 919163328711 未注册 Telegram。
2025-01-15 07:45:55.462 | INFO     | __main__:check_phone_numbers:217 - waiting for 23 seconds
2025-01-15 07:45:55.463 | INFO     | __main__:check_phone_numbers:206 - Checking 3 / 2919: 917980708304
2025-01-15 07:45:56.810 | INFO     | __main__:check_core:166 - ImportedContacts(imported=[], popular_invites=[PopularContact(client_id=0, importers=96)], retry_contacts=[], users=[])
2025-01-15 07:45:56.810 | ERROR    | __main__:check_core:178 - 号码 917980708304 未注册 Telegram。
2025-01-15 07:46:20.811 | INFO     | __main__:check_phone_numbers:217 - waiting for 24 seconds
2025-01-15 07:46:20.812 | INFO     | __main__:check_phone_numbers:206 - Checking 4 / 2919: 919088680232
2025-01-15 07:46:22.813 | INFO     | __main__:check_core:166 - ImportedContacts(imported=[], popular_invites=[PopularContact(client_id=0, importers=48)], retry_contacts=[], users=[])
2025-01-15 07:46:22.814 | ERROR    | __main__:check_core:178 - 号码 919088680232 未注册 Telegram。
2025-01-15 07:46:50.816 | INFO     | __main__:check_phone_numbers:217 - waiting for 28 seconds
2025-01-15 07:46:50.816 | INFO     | __main__:check_phone_numbers:206 - Checking 5 / 2919: 919875236434
2025-01-15 07:46:52.739 | INFO     | __main__:check_core:166 - ImportedContacts(imported=[], popular_invites=[PopularContact(client_id=0, importers=254)], retry_contacts=[], users=[])
2025-01-15 07:46:52.740 | ERROR    | __main__:check_core:178 - 号码 919875236434 未注册 Telegram。
2025-01-15 07:47:20.740 | INFO     | __main__:check_phone_numbers:217 - waiting for 28 seconds
2025-01-15 07:47:20.740 | INFO     | __main__:check_phone_numbers:206 - Checking 6 / 2919: 919830988410
2025-01-15 07:47:21.985 | INFO     | __main__:check_core:166 - ImportedContacts(imported=[], popular_invites=[PopularContact(client_id=0, importers=287)], retry_contacts=[], users=[])
2025-01-15 07:47:21.986 | ERROR    | __main__:check_core:178 - 号码 919830988410 未注册 Telegram。
2025-01-15 07:47:35.986 | INFO     | __main__:check_phone_numbers:217 - waiting for 14 seconds
2025-01-15 07:47:35.986 | INFO     | __main__:check_phone_numbers:206 - Checking 7 / 2919: 918583905845
2025-01-15 07:47:37.867 | INFO     | __main__:check_core:166 - ImportedContacts(imported=[], popular_invites=[PopularContact(client_id=0, importers=73)], retry_contacts=[], users=[])
2025-01-15 07:47:37.867 | ERROR    | __main__:check_core:178 - 号码 918583905845 未注册 Telegram。
2025-01-15 07:48:04.868 | INFO     | __main__:check_phone_numbers:217 - waiting for 27 seconds
2025-01-15 07:48:04.868 | INFO     | __main__:check_phone_numbers:206 - Checking 8 / 2919: 919123060281
2025-01-15 07:48:06.673 | INFO     | __main__:check_core:166 - ImportedContacts(imported=[], popular_invites=[PopularContact(client_id=0, importers=34)], retry_contacts=[], users=[])
2025-01-15 07:48:06.674 | ERROR    | __main__:check_core:178 - 号码 919123060281 未注册 Telegram。
2025-01-15 07:48:31.674 | INFO     | __main__:check_phone_numbers:217 - waiting for 25 seconds
2025-01-15 07:48:31.674 | INFO     | __main__:check_phone_numbers:206 - Checking 9 / 2919: 916291330264
2025-01-15 07:48:33.503 | ERROR    | __main__:check_phone_numbers:223 - 检测失败: The user has been deleted/deactivated (caused by ImportContactsRequest)
